#
# A fatal error has been detected by the Java Runtime Environment:
#
#  SIGSEGV (0xb) at pc=0x00007f6e750697ba, pid=25952, tid=0x00007f6e6415e700
#
# JRE version: OpenJDK Runtime Environment (8.0_151-b12) (build 1.8.0_151-8u151-b12-0ubuntu0.17.10.2-b12)
# Java VM: OpenJDK 64-Bit Server VM (25.151-b12 mixed mode linux-amd64 compressed oops)
# Problematic frame:
# v  ~BufferBlob::jni_fast_GetLongField
#
# Failed to write core dump. Core dumps have been disabled. To enable core dumping, try "ulimit -c unlimited" before starting Java again
#
# If you would like to submit a bug report, please visit:
#   http://bugreport.java.com/bugreport/crash.jsp
# The crash happened outside the Java Virtual Machine in native code.
# See problematic frame for where to report the bug.
#

---------------  T H R E A D  ---------------

Current thread (0x00007f6e8426e000):  JavaThread "AWT-XAWT" daemon [_thread_in_native, id=25973, stack(0x00007f6e6405e000,0x00007f6e6415f000)]

siginfo: si_signo: 11 (SIGSEGV), si_code: 1 (SEGV_MAPERR), si_addr: 0x0000000000000000

Registers:
RAX=0x00007f6e8b3c1f40, RBX=0x00007f6e8426e1e0, RCX=0x0000000000000000, RDX=0x0000000000000042
RSP=0x00007f6e6415d7d8, RBP=0x00007f6e6415d800, RSI=0x0000000000000000, RDI=0x00007f6e8426e1e0
R8 =0x00000000d6d76ef0, R9 =0x0000000000000000, R10=0x0000000000000030, R11=0x00007f6e75380018
R12=0x00007f6e200278a0, R13=0x0000000000000000, R14=0x00007f6e65fcdae0, R15=0x00007f6e8426e000
RIP=0x00007f6e750697ba, EFLAGS=0x0000000000010246, CSGSFS=0x002b000000000033, ERR=0x0000000000000004
  TRAPNO=0x000000000000000e

Top of Stack: (sp=0x00007f6e6415d7d8)
0x00007f6e6415d7d8:   00007f6e65dabb94 00007f6e7444ef78
0x00007f6e6415d7e8:   00007f6e200278a0 00007f6e6415d8b0
0x00007f6e6415d7f8:   00007f6e6415d880 0000000000000000
0x00007f6e6415d808:   00007f6e65879300 00007f6e7444ef78
0x00007f6e6415d818:   00007f6e6415d840 0000000000000000
0x00007f6e6415d828:   00007f6e65870e23 00007f6e6415d8b0
0x00007f6e6415d838:   00007f6e65da3b3f 00007f6e6415d890
0x00007f6e6415d848:   00007f6e753800b6 0000000000000000
0x00007f6e6415d858:   00007f6e751e7636 00007f6e6415d8b0
0x00007f6e6415d868:   00007f6e75157aac 00007f6e6415d910
0x00007f6e6415d878:   00000000d6fe7200 00000000d6fa0c78
0x00007f6e6415d888:   0000000000000001 00007f6e6415d910
0x00007f6e6415d898:   00007f6e750077d0 00007f6e6415d910
0x00007f6e6415d8a8:   00007f6e750077d0 0000000000000000
0x00007f6e6415d8b8:   00007f6e75007b10 00007f6e2c001110
0x00007f6e6415d8c8:   00000000d7019b80 00007f6e6415d8d0
0x00007f6e6415d8d8:   00007f6e7454bfbc 00007f6e6415d958
0x00007f6e6415d8e8:   00007f6e74555428 0000000000000000
0x00007f6e6415d8f8:   00007f6e7454c0f8 00007f6e6415d8b0
0x00007f6e6415d908:   00007f6e6415d950 00007f6e6415d9a0
0x00007f6e6415d918:   00007f6e75007ffd 0000000000000000
0x00007f6e6415d928:   00000000d7b32f68 0000000000000000
0x00007f6e6415d938:   0000000000000000 0000000000000000
0x00007f6e6415d948:   00000000d7019b80 0000000000000000
0x00007f6e6415d958:   00000000d6fe7da0 00007f6e6415d960
0x00007f6e6415d968:   00007f6e7454bdfd 00007f6e6415d9b0
0x00007f6e6415d978:   00007f6e74555428 0000000000000000
0x00007f6e6415d988:   00007f6e7454be08 00007f6e6415d950
0x00007f6e6415d998:   00007f6e6415d9b0 00007f6e6415d9f8
0x00007f6e6415d9a8:   00007f6e75008042 00000000d6fe7da0
0x00007f6e6415d9b8:   00007f6e6415d9b8 00007f6e7404c99b
0x00007f6e6415d9c8:   00007f6e6415da08 00007f6e740d4138 

Instructions: (pc=0x00007f6e750697ba)
0x00007f6e7506979a:   00 00 00 00 00 00 44 8b 15 4d 52 38 16 4c 8b ce
0x00007f6e750697aa:   41 f6 c2 01 0f 85 2e 00 00 00 4d 33 ca 4d 33 ca
0x00007f6e750697ba:   4d 8b 09 4c 8b da 49 c1 eb 02 4b 8b 04 19 49 bb
0x00007f6e750697ca:   f4 e9 3e 8b 6e 7f 00 00 4c 33 d8 4c 33 d8 45 3b 

Register to memory mapping:

RAX=0x00007f6e8b3c1f40: <offset 0xf2cf40> in /usr/lib/jvm/java-8-openjdk-amd64/jre/lib/amd64/server/libjvm.so at 0x00007f6e8a495000
RBX=0x00007f6e8426e1e0 is an unknown value
RCX=0x0000000000000000 is an unknown value
RDX=0x0000000000000042 is an unknown value
RSP=0x00007f6e6415d7d8 is pointing into the stack for thread: 0x00007f6e8426e000
RBP=0x00007f6e6415d800 is pointing into the stack for thread: 0x00007f6e8426e000
RSI=0x0000000000000000 is an unknown value
RDI=0x00007f6e8426e1e0 is an unknown value
R8 =0x00000000d6d76ef0 is an oop
sun.util.logging.PlatformLogger$Level 
 - klass: 'sun/util/logging/PlatformLogger$Level'
R9 =0x0000000000000000 is an unknown value
R10=0x0000000000000030 is an unknown value
R11=0x00007f6e75380018 is at entry_point+24 in (nmethod*)0x00007f6e7537fe90
R12=0x00007f6e200278a0 is an unknown value
R13=0x0000000000000000 is an unknown value
R14=0x00007f6e65fcdae0: <offset 0x257ae0> in /usr/lib/jvm/java-8-openjdk-amd64/jre/lib/amd64/libawt_xawt.so at 0x00007f6e65d76000
R15=0x00007f6e8426e000 is a thread


Stack: [0x00007f6e6405e000,0x00007f6e6415f000],  sp=0x00007f6e6415d7d8,  free space=1021k
Native frames: (J=compiled Java code, j=interpreted, Vv=VM code, C=native code)
v  ~BufferBlob::jni_fast_GetLongField
C  [libX11.so.6+0x64300]  _XimServerDestroy+0x70

Java frames: (J=compiled Java code, j=interpreted, Vv=VM code)
J 1061  sun.awt.X11.XlibWrapper.XFilterEvent(JJ)Z (0 bytes) @ 0x00007f6e75380044 [0x00007f6e75380000+0x44]
j  sun.awt.X11.XToolkit.run(Z)V+300
j  sun.awt.X11.XToolkit.run()V+5
j  java.lang.Thread.run()V+11
v  ~StubRoutines::call_stub

---------------  P R O C E S S  ---------------

Java Threads: ( => current thread )
  0x00007f6e2018f800 JavaThread "Abandoned connection cleanup thread" daemon [_thread_blocked, id=25985, stack(0x00007f6e346f2000,0x00007f6e347f3000)]
  0x00007f6e200e2000 JavaThread "TimerQueue" daemon [_thread_blocked, id=25981, stack(0x00007f6e347f3000,0x00007f6e348f4000)]
  0x00007f6e28003800 JavaThread "Thread-0" daemon [_thread_in_native, id=25976, stack(0x00007f6e35321000,0x00007f6e35b22000)]
  0x00007f6e8400a800 JavaThread "DestroyJavaVM" [_thread_blocked, id=25957, stack(0x00007f6e8c146000,0x00007f6e8c247000)]
  0x00007f6e842e7000 JavaThread "AWT-EventQueue-1" [_thread_blocked, id=25978, stack(0x00007f6e3511f000,0x00007f6e35220000)]
  0x00007f6e842e6000 JavaThread "AWT-Shutdown" [_thread_blocked, id=25977, stack(0x00007f6e35220000,0x00007f6e35321000)]
=>0x00007f6e8426e000 JavaThread "AWT-XAWT" daemon [_thread_in_native, id=25973, stack(0x00007f6e6405e000,0x00007f6e6415f000)]
  0x00007f6e8424d000 JavaThread "Java2D Disposer" daemon [_thread_blocked, id=25972, stack(0x00007f6e6415f000,0x00007f6e64260000)]
  0x00007f6e840b9800 JavaThread "Service Thread" daemon [_thread_blocked, id=25969, stack(0x00007f6e663ba000,0x00007f6e664bb000)]
  0x00007f6e840b2000 JavaThread "C1 CompilerThread2" daemon [_thread_blocked, id=25968, stack(0x00007f6e664bb000,0x00007f6e665bc000)]
  0x00007f6e840b0800 JavaThread "C2 CompilerThread1" daemon [_thread_blocked, id=25967, stack(0x00007f6e665bc000,0x00007f6e666bd000)]
  0x00007f6e840ad800 JavaThread "C2 CompilerThread0" daemon [_thread_blocked, id=25966, stack(0x00007f6e666bd000,0x00007f6e667be000)]
  0x00007f6e840ab800 JavaThread "Signal Dispatcher" daemon [_thread_blocked, id=25965, stack(0x00007f6e667be000,0x00007f6e668bf000)]
  0x00007f6e84084800 JavaThread "Finalizer" daemon [_thread_blocked, id=25964, stack(0x00007f6e66b9b000,0x00007f6e66c9c000)]
  0x00007f6e84080000 JavaThread "Reference Handler" daemon [_thread_blocked, id=25963, stack(0x00007f6e66c9c000,0x00007f6e66d9d000)]

Other Threads:
  0x00007f6e84078000 VMThread [stack: 0x00007f6e66d9d000,0x00007f6e66e9e000] [id=25962]
  0x00007f6e840bc000 WatcherThread [stack: 0x00007f6e662b9000,0x00007f6e663ba000] [id=25970]

VM state:not at safepoint (normal execution)

VM Mutex/Monitor currently owned by a thread: None

Heap:
 PSYoungGen      total 36864K, used 23087K [0x00000000d6d00000, 0x00000000d9600000, 0x0000000100000000)
  eden space 31744K, 72% used [0x00000000d6d00000,0x00000000d838bcf0,0x00000000d8c00000)
  from space 5120K, 0% used [0x00000000d9100000,0x00000000d9100000,0x00000000d9600000)
  to   space 5120K, 0% used [0x00000000d8c00000,0x00000000d8c00000,0x00000000d9100000)
 ParOldGen       total 84992K, used 0K [0x0000000084600000, 0x0000000089900000, 0x00000000d6d00000)
  object space 84992K, 0% used [0x0000000084600000,0x0000000084600000,0x0000000089900000)
 Metaspace       used 17360K, capacity 17610K, committed 17792K, reserved 1064960K
  class space    used 1994K, capacity 2107K, committed 2176K, reserved 1048576K

Card table byte_map: [0x00007f6e88370000,0x00007f6e8874e000] byte_map_base: 0x00007f6e87f4d000

Marking Bits: (ParMarkBitMap*) 0x00007f6e8b3ee0e0
 Begin Bits: [0x00007f6e5c230000, 0x00007f6e5e118000)
 End Bits:   [0x00007f6e5e118000, 0x00007f6e60000000)

Polling page: 0x00007f6e8c25e000

CodeCache: size=245760Kb used=5467Kb max_used=5479Kb free=240292Kb
 bounds [0x00007f6e75000000, 0x00007f6e75560000, 0x00007f6e84000000]
 total_blobs=2298 nmethods=1660 adapters=552
 compilation: enabled

Compilation events (10 events):
Event: 272.098 Thread 0x00007f6e840b0800 1656       4       java.lang.ref.ReferenceQueue::reallyPoll (66 bytes)
Event: 272.099 Thread 0x00007f6e840b0800 nmethod 1656 0x00007f6e75558c50 code [0x00007f6e75558da0, 0x00007f6e75558e18]
Event: 468.862 Thread 0x00007f6e840b2000 1657       3       java.util.Vector$Itr::hasNext (20 bytes)
Event: 468.862 Thread 0x00007f6e840b2000 nmethod 1657 0x00007f6e75558890 code [0x00007f6e75558a00, 0x00007f6e75558bb0]
Event: 529.647 Thread 0x00007f6e840b2000 1658   !   3       java.util.Vector$Itr::next (63 bytes)
Event: 529.648 Thread 0x00007f6e840b2000 nmethod 1658 0x00007f6e75557ad0 code [0x00007f6e75557ca0, 0x00007f6e75558358]
Event: 529.648 Thread 0x00007f6e840b2000 1659       3       java.util.Vector$Itr::checkForComodification (23 bytes)
Event: 529.648 Thread 0x00007f6e840b2000 nmethod 1659 0x00007f6e75559f10 code [0x00007f6e7555a080, 0x00007f6e7555a2a8]
Event: 553.788 Thread 0x00007f6e840ad800 1660   !   4       java.lang.ref.ReferenceQueue::remove (125 bytes)
Event: 553.793 Thread 0x00007f6e840ad800 nmethod 1660 0x00007f6e75559610 code [0x00007f6e75559780, 0x00007f6e75559c68]

GC Heap History (0 events):
No events

Deoptimization events (10 events):
Event: 3.952 Thread 0x00007f6e842e7000 Uncommon trap: reason=class_check action=maybe_recompile pc=0x00007f6e7515a770 method=java.lang.String.equals(Ljava/lang/Object;)Z @ 8
Event: 3.952 Thread 0x00007f6e842e7000 Uncommon trap: reason=class_check action=maybe_recompile pc=0x00007f6e7515a770 method=java.lang.String.equals(Ljava/lang/Object;)Z @ 8
Event: 4.068 Thread 0x00007f6e842e7000 Uncommon trap: reason=class_check action=maybe_recompile pc=0x00007f6e7515a770 method=java.lang.String.equals(Ljava/lang/Object;)Z @ 8
Event: 4.068 Thread 0x00007f6e842e7000 Uncommon trap: reason=class_check action=maybe_recompile pc=0x00007f6e7515a770 method=java.lang.String.equals(Ljava/lang/Object;)Z @ 8
Event: 8.069 Thread 0x00007f6e842e7000 Uncommon trap: reason=unstable_if action=reinterpret pc=0x00007f6e752a7920 method=sun.java2d.pisces.PiscesTileGenerator.getAlpha([BII)V @ 167
Event: 8.070 Thread 0x00007f6e842e7000 Uncommon trap: reason=unstable_if action=reinterpret pc=0x00007f6e75291f1c method=sun.java2d.pisces.PiscesTileGenerator.getAlpha([BII)V @ 167
Event: 15.795 Thread 0x00007f6e842e7000 Uncommon trap: reason=class_check action=maybe_recompile pc=0x00007f6e751d2574 method=java.util.Properties$LineReader.readLine()I @ 62
Event: 15.795 Thread 0x00007f6e842e7000 Uncommon trap: reason=unstable_if action=reinterpret pc=0x00007f6e751d22bc method=java.util.Properties$LineReader.readLine()I @ 206
Event: 15.796 Thread 0x00007f6e842e7000 Uncommon trap: reason=unstable_if action=reinterpret pc=0x00007f6e751cf128 method=java.util.Properties.loadConvert([CII[C)Ljava/lang/String; @ 57
Event: 15.908 Thread 0x00007f6e842e7000 Uncommon trap: reason=unstable_if action=reinterpret pc=0x00007f6e75253cdc method=java.lang.String.indexOf([CII[CIII)I @ 3

Internal exceptions (10 events):
Event: 10.472 Thread 0x00007f6e842e7000 Exception <a 'java/lang/ClassNotFoundException': ToggleButton> (0x00000000d7a6b380) thrown at [/build/openjdk-8-bnv6fG/openjdk-8-8u151-b12/src/hotspot/src/share/vm/classfile/systemDictionary.cpp, line 210]
Event: 10.472 Thread 0x00007f6e842e7000 Exception <a 'java/lang/ClassNotFoundException': javax/swing/JToolBarSeparator> (0x00000000d7a6bbb0) thrown at [/build/openjdk-8-bnv6fG/openjdk-8-8u151-b12/src/hotspot/src/share/vm/classfile/systemDictionary.cpp, line 210]
Event: 10.472 Thread 0x00007f6e842e7000 Exception <a 'java/lang/ClassNotFoundException': ToolBarSeparator> (0x00000000d7a6c418) thrown at [/build/openjdk-8-bnv6fG/openjdk-8-8u151-b12/src/hotspot/src/share/vm/classfile/systemDictionary.cpp, line 210]
Event: 10.472 Thread 0x00007f6e842e7000 Exception <a 'java/lang/ClassNotFoundException': ToolTip> (0x00000000d7a6ce80) thrown at [/build/openjdk-8-bnv6fG/openjdk-8-8u151-b12/src/hotspot/src/share/vm/classfile/systemDictionary.cpp, line 210]
Event: 10.472 Thread 0x00007f6e842e7000 Exception <a 'java/lang/ClassNotFoundException': Tree> (0x00000000d7a6d8e0) thrown at [/build/openjdk-8-bnv6fG/openjdk-8-8u151-b12/src/hotspot/src/share/vm/classfile/systemDictionary.cpp, line 210]
Event: 10.472 Thread 0x00007f6e842e7000 Exception <a 'java/lang/ClassNotFoundException': Tree> (0x00000000d7a6e3a8) thrown at [/build/openjdk-8-bnv6fG/openjdk-8-8u151-b12/src/hotspot/src/share/vm/classfile/systemDictionary.cpp, line 210]
Event: 10.472 Thread 0x00007f6e842e7000 Exception <a 'java/lang/ClassNotFoundException': javax/swing/JTreeCell> (0x00000000d7a6eaf8) thrown at [/build/openjdk-8-bnv6fG/openjdk-8-8u151-b12/src/hotspot/src/share/vm/classfile/systemDictionary.cpp, line 210]
Event: 10.472 Thread 0x00007f6e842e7000 Exception <a 'java/lang/ClassNotFoundException': TreeCell> (0x00000000d7a6f350) thrown at [/build/openjdk-8-bnv6fG/openjdk-8-8u151-b12/src/hotspot/src/share/vm/classfile/systemDictionary.cpp, line 210]
Event: 10.472 Thread 0x00007f6e842e7000 Exception <a 'java/lang/ClassNotFoundException': RootPane> (0x00000000d7a6ff40) thrown at [/build/openjdk-8-bnv6fG/openjdk-8-8u151-b12/src/hotspot/src/share/vm/classfile/systemDictionary.cpp, line 210]
Event: 10.643 Thread 0x00007f6e842e7000 Exception <a 'java/lang/UnsupportedOperationException': > (0x00000000d7bc84e0) thrown at [/build/openjdk-8-bnv6fG/openjdk-8-8u151-b12/src/hotspot/src/share/vm/prims/jni.cpp, line 735]

Events (10 events):
Event: 16.025 loading class java/text/SimpleDateFormat done
Event: 16.026 loading class java/util/Collections$UnmodifiableMap$UnmodifiableEntrySet
Event: 16.026 loading class java/util/Collections$UnmodifiableMap$UnmodifiableEntrySet done
Event: 16.026 loading class java/util/Collections$UnmodifiableMap$UnmodifiableEntrySet$1
Event: 16.026 loading class java/util/Collections$UnmodifiableMap$UnmodifiableEntrySet$1 done
Event: 16.026 loading class java/util/Collections$UnmodifiableMap$UnmodifiableEntrySet$UnmodifiableEntry
Event: 16.026 loading class java/util/Collections$UnmodifiableMap$UnmodifiableEntrySet$UnmodifiableEntry done
Event: 16.086 loading class com/mysql/jdbc/ProfilerEventHandlerFactory
Event: 16.086 loading class com/mysql/jdbc/ProfilerEventHandlerFactory done
Event: 60.290 Thread 0x00007f6e84281000 Thread exited: 0x00007f6e84281000


Dynamic libraries:
84600000-89900000 rw-p 00000000 00:00 0 
89900000-d6d00000 ---p 00000000 00:00 0 
d6d00000-d9600000 rw-p 00000000 00:00 0 
d9600000-100000000 ---p 00000000 00:00 0 
100000000-100220000 rw-p 00000000 00:00 0 
100220000-140000000 ---p 00000000 00:00 0 
55c05de78000-55c05de79000 r-xp 00000000 08:07 1466914                    /usr/lib/jvm/java-8-openjdk-amd64/jre/bin/java
55c05e078000-55c05e079000 r--p 00000000 08:07 1466914                    /usr/lib/jvm/java-8-openjdk-amd64/jre/bin/java
55c05e079000-55c05e07a000 rw-p 00001000 08:07 1466914                    /usr/lib/jvm/java-8-openjdk-amd64/jre/bin/java
55c05e583000-55c05e5a4000 rw-p 00000000 00:00 0                          [heap]
7f6e0c000000-7f6e0c021000 rw-p 00000000 00:00 0 
7f6e0c021000-7f6e10000000 ---p 00000000 00:00 0 
7f6e14000000-7f6e14021000 rw-p 00000000 00:00 0 
7f6e14021000-7f6e18000000 ---p 00000000 00:00 0 
7f6e18fff000-7f6e1c000000 rw-p 00000000 00:00 0 
7f6e1c000000-7f6e1c021000 rw-p 00000000 00:00 0 
7f6e1c021000-7f6e20000000 ---p 00000000 00:00 0 
7f6e20000000-7f6e202f9000 rw-p 00000000 00:00 0 
7f6e202f9000-7f6e24000000 ---p 00000000 00:00 0 
7f6e24000000-7f6e24021000 rw-p 00000000 00:00 0 
7f6e24021000-7f6e28000000 ---p 00000000 00:00 0 
7f6e28000000-7f6e28021000 rw-p 00000000 00:00 0 
7f6e28021000-7f6e2c000000 ---p 00000000 00:00 0 
7f6e2c000000-7f6e2c021000 rw-p 00000000 00:00 0 
7f6e2c021000-7f6e30000000 ---p 00000000 00:00 0 
7f6e30000000-7f6e30021000 rw-p 00000000 00:00 0 
7f6e30021000-7f6e34000000 ---p 00000000 00:00 0 
7f6e34254000-7f6e34394000 rw-p 00000000 00:00 0 
7f6e34394000-7f6e34454000 ---p 00000000 00:00 0 
7f6e34454000-7f6e34654000 rw-p 00000000 00:00 0 
7f6e34654000-7f6e3465f000 r--s 00000000 08:07 1589659                    /var/cache/fontconfig/945677eb7aeaf62f1d50efc3fb3ec7d8-le64.cache-6
7f6e3465f000-7f6e34665000 r--s 00000000 08:07 1589628                    /var/cache/fontconfig/2cd17615ca594fa2959ae173292e504c-le64.cache-6
7f6e34665000-7f6e34666000 r--s 00000000 08:07 1589621                    /var/cache/fontconfig/0d8c3b2ac0904cb8a57a757ad11a4a08-le64.cache-6
7f6e34666000-7f6e3467b000 r--s 00000000 08:07 1589617                    /var/cache/fontconfig/04aabc0a78ac019cf9454389977116d2-le64.cache-6
7f6e3467b000-7f6e3467c000 r--s 00000000 08:07 1589625                    /var/cache/fontconfig/1ac9eb803944fde146138c791f5cc56a-le64.cache-6
7f6e3467c000-7f6e34680000 r--s 00000000 08:07 1589634                    /var/cache/fontconfig/385c0604a188198f04d133e54aba7fe7-le64.cache-6
7f6e34680000-7f6e34681000 r--s 00000000 08:07 1589678                    /var/cache/fontconfig/dc05db6664285cc2f12bf69c139ae4c3-le64.cache-6
7f6e34681000-7f6e34683000 r--s 00000000 08:07 1589622                    /var/cache/fontconfig/14a5e22175779b556eaa434240950366-le64.cache-6
7f6e34683000-7f6e34684000 r--s 00000000 08:07 1589651                    /var/cache/fontconfig/660208299946a285a940457d1287da33-le64.cache-6
7f6e34684000-7f6e34686000 r--s 00000000 08:07 1589642                    /var/cache/fontconfig/4f3e3037c9980c83b53a9351efadef62-le64.cache-6
7f6e346ed000-7f6e346f2000 r--s 0009a000 08:07 1466997                    /usr/lib/jvm/java-8-openjdk-amd64/jre/lib/jsse.jar
7f6e346f2000-7f6e346f5000 ---p 00000000 00:00 0 
7f6e346f5000-7f6e347f3000 rw-p 00000000 00:00 0 
7f6e347f3000-7f6e347f6000 ---p 00000000 00:00 0 
7f6e347f6000-7f6e34af4000 rw-p 00000000 00:00 0 
7f6e34af4000-7f6e34b05000 r-xp 00000000 08:07 1466953                    /usr/lib/jvm/java-8-openjdk-amd64/jre/lib/amd64/libnio.so
7f6e34b05000-7f6e34d05000 ---p 00011000 08:07 1466953                    /usr/lib/jvm/java-8-openjdk-amd64/jre/lib/amd64/libnio.so
7f6e34d05000-7f6e34d06000 r--p 00011000 08:07 1466953                    /usr/lib/jvm/java-8-openjdk-amd64/jre/lib/amd64/libnio.so
7f6e34d06000-7f6e34d07000 rw-p 00012000 08:07 1466953                    /usr/lib/jvm/java-8-openjdk-amd64/jre/lib/amd64/libnio.so
7f6e34d07000-7f6e34d1e000 r-xp 00000000 08:07 1466952                    /usr/lib/jvm/java-8-openjdk-amd64/jre/lib/amd64/libnet.so
7f6e34d1e000-7f6e34f1d000 ---p 00017000 08:07 1466952                    /usr/lib/jvm/java-8-openjdk-amd64/jre/lib/amd64/libnet.so
7f6e34f1d000-7f6e34f1e000 r--p 00016000 08:07 1466952                    /usr/lib/jvm/java-8-openjdk-amd64/jre/lib/amd64/libnet.so
7f6e34f1e000-7f6e34f1f000 rw-p 00017000 08:07 1466952                    /usr/lib/jvm/java-8-openjdk-amd64/jre/lib/amd64/libnet.so
7f6e34f1f000-7f6e3511f000 rw-p 00000000 00:00 0 
7f6e3511f000-7f6e35122000 ---p 00000000 00:00 0 
7f6e35122000-7f6e35220000 rw-p 00000000 00:00 0 
7f6e35220000-7f6e35223000 ---p 00000000 00:00 0 
7f6e35223000-7f6e35321000 rw-p 00000000 00:00 0 
7f6e35321000-7f6e35324000 ---p 00000000 00:00 0 
7f6e35324000-7f6e35b22000 rw-p 00000000 00:00 0 
7f6e35b22000-7f6e35b36000 r-xp 00000000 08:07 793596                     /lib/x86_64-linux-gnu/libgpg-error.so.0.22.0
7f6e35b36000-7f6e35d35000 ---p 00014000 08:07 793596                     /lib/x86_64-linux-gnu/libgpg-error.so.0.22.0
7f6e35d35000-7f6e35d36000 r--p 00013000 08:07 793596                     /lib/x86_64-linux-gnu/libgpg-error.so.0.22.0
7f6e35d36000-7f6e35d37000 rw-p 00014000 08:07 793596                     /lib/x86_64-linux-gnu/libgpg-error.so.0.22.0
7f6e35d37000-7f6e35d5c000 r-xp 00000000 08:07 793703                     /lib/x86_64-linux-gnu/libselinux.so.1
7f6e35d5c000-7f6e35f5b000 ---p 00025000 08:07 793703                     /lib/x86_64-linux-gnu/libselinux.so.1
7f6e35f5b000-7f6e35f5c000 r--p 00024000 08:07 793703                     /lib/x86_64-linux-gnu/libselinux.so.1
7f6e35f5c000-7f6e35f5d000 rw-p 00025000 08:07 793703                     /lib/x86_64-linux-gnu/libselinux.so.1
7f6e35f5d000-7f6e35f5f000 rw-p 00000000 00:00 0 
7f6e35f5f000-7f6e35f76000 r-xp 00000000 08:07 1455825                    /usr/lib/x86_64-linux-gnu/liblz4.so.1.7.1
7f6e35f76000-7f6e36175000 ---p 00017000 08:07 1455825                    /usr/lib/x86_64-linux-gnu/liblz4.so.1.7.1
7f6e36175000-7f6e36176000 r--p 00016000 08:07 1455825                    /usr/lib/x86_64-linux-gnu/liblz4.so.1.7.1
7f6e36176000-7f6e36177000 rw-p 00017000 08:07 1455825                    /usr/lib/x86_64-linux-gnu/liblz4.so.1.7.1
7f6e36177000-7f6e3619b000 r-xp 00000000 08:07 793615                     /lib/x86_64-linux-gnu/liblzma.so.5.2.2
7f6e3619b000-7f6e3639b000 ---p 00024000 08:07 793615                     /lib/x86_64-linux-gnu/liblzma.so.5.2.2
7f6e3639b000-7f6e3639c000 r--p 00024000 08:07 793615                     /lib/x86_64-linux-gnu/liblzma.so.5.2.2
7f6e3639c000-7f6e3639d000 rw-p 00025000 08:07 793615                     /lib/x86_64-linux-gnu/liblzma.so.5.2.2
7f6e3639d000-7f6e364a3000 r-xp 00000000 08:07 793592                     /lib/x86_64-linux-gnu/libgcrypt.so.20.1.8
7f6e364a3000-7f6e366a2000 ---p 00106000 08:07 793592                     /lib/x86_64-linux-gnu/libgcrypt.so.20.1.8
7f6e366a2000-7f6e366a4000 r--p 00105000 08:07 793592                     /lib/x86_64-linux-gnu/libgcrypt.so.20.1.8
7f6e366a4000-7f6e366aa000 rw-p 00107000 08:07 793592                     /lib/x86_64-linux-gnu/libgcrypt.so.20.1.8
7f6e366aa000-7f6e366ab000 rw-p 00000000 00:00 0 
7f6e366ab000-7f6e3672c000 r-xp 00000000 08:07 793713                     /lib/x86_64-linux-gnu/libsystemd.so.0.19.0
7f6e3672c000-7f6e3692b000 ---p 00081000 08:07 793713                     /lib/x86_64-linux-gnu/libsystemd.so.0.19.0
7f6e3692b000-7f6e3692e000 r--p 00080000 08:07 793713                     /lib/x86_64-linux-gnu/libsystemd.so.0.19.0
7f6e3692e000-7f6e3692f000 rw-p 00083000 08:07 793713                     /lib/x86_64-linux-gnu/libsystemd.so.0.19.0
7f6e3692f000-7f6e36930000 rw-p 00000000 00:00 0 
7f6e36930000-7f6e369a0000 r-xp 00000000 08:07 793676                     /lib/x86_64-linux-gnu/libpcre.so.3.13.3
7f6e369a0000-7f6e36ba0000 ---p 00070000 08:07 793676                     /lib/x86_64-linux-gnu/libpcre.so.3.13.3
7f6e36ba0000-7f6e36ba1000 r--p 00070000 08:07 793676                     /lib/x86_64-linux-gnu/libpcre.so.3.13.3
7f6e36ba1000-7f6e36ba2000 rw-p 00071000 08:07 793676                     /lib/x86_64-linux-gnu/libpcre.so.3.13.3
7f6e36ba2000-7f6e36ba9000 r-xp 00000000 08:07 1455433                    /usr/lib/x86_64-linux-gnu/libffi.so.6.0.4
7f6e36ba9000-7f6e36da8000 ---p 00007000 08:07 1455433                    /usr/lib/x86_64-linux-gnu/libffi.so.6.0.4
7f6e36da8000-7f6e36da9000 r--p 00006000 08:07 1455433                    /usr/lib/x86_64-linux-gnu/libffi.so.6.0.4
7f6e36da9000-7f6e36daa000 rw-p 00007000 08:07 1455433                    /usr/lib/x86_64-linux-gnu/libffi.so.6.0.4
7f6e36daa000-7f6e36df4000 r-xp 00000000 08:07 793568                     /lib/x86_64-linux-gnu/libdbus-1.so.3.14.13
7f6e36df4000-7f6e36ff4000 ---p 0004a000 08:07 793568                     /lib/x86_64-linux-gnu/libdbus-1.so.3.14.13
7f6e36ff4000-7f6e36ff5000 r--p 0004a000 08:07 793568                     /lib/x86_64-linux-gnu/libdbus-1.so.3.14.13
7f6e36ff5000-7f6e36ff6000 rw-p 0004b000 08:07 793568                     /lib/x86_64-linux-gnu/libdbus-1.so.3.14.13
7f6e36ff6000-7f6e37022000 r-xp 00000000 08:07 1455191                    /usr/lib/x86_64-linux-gnu/libatspi.so.0.0.1
7f6e37022000-7f6e37222000 ---p 0002c000 08:07 1455191                    /usr/lib/x86_64-linux-gnu/libatspi.so.0.0.1
7f6e37222000-7f6e37225000 r--p 0002c000 08:07 1455191                    /usr/lib/x86_64-linux-gnu/libatspi.so.0.0.1
7f6e37225000-7f6e37226000 rw-p 0002f000 08:07 1455191                    /usr/lib/x86_64-linux-gnu/libatspi.so.0.0.1
7f6e37226000-7f6e37337000 r-xp 00000000 08:07 793594                     /lib/x86_64-linux-gnu/libglib-2.0.so.0.5400.1
7f6e37337000-7f6e37537000 ---p 00111000 08:07 793594                     /lib/x86_64-linux-gnu/libglib-2.0.so.0.5400.1
7f6e37537000-7f6e37538000 r--p 00111000 08:07 793594                     /lib/x86_64-linux-gnu/libglib-2.0.so.0.5400.1
7f6e37538000-7f6e37539000 rw-p 00112000 08:07 793594                     /lib/x86_64-linux-gnu/libglib-2.0.so.0.5400.1
7f6e37539000-7f6e3753a000 rw-p 00000000 00:00 0 
7f6e3753a000-7f6e3758c000 r-xp 00000000 08:07 1455579                    /usr/lib/x86_64-linux-gnu/libgobject-2.0.so.0.5400.1
7f6e3758c000-7f6e3778c000 ---p 00052000 08:07 1455579                    /usr/lib/x86_64-linux-gnu/libgobject-2.0.so.0.5400.1
7f6e3778c000-7f6e3778d000 r--p 00052000 08:07 1455579                    /usr/lib/x86_64-linux-gnu/libgobject-2.0.so.0.5400.1
7f6e3778d000-7f6e3778e000 rw-p 00053000 08:07 1455579                    /usr/lib/x86_64-linux-gnu/libgobject-2.0.so.0.5400.1
7f6e3778e000-7f6e377bb000 r-xp 00000000 08:07 1455187                    /usr/lib/x86_64-linux-gnu/libatk-bridge-2.0.so.0.0.0
7f6e377bb000-7f6e379ba000 ---p 0002d000 08:07 1455187                    /usr/lib/x86_64-linux-gnu/libatk-bridge-2.0.so.0.0.0
7f6e379ba000-7f6e379bb000 r--p 0002c000 08:07 1455187                    /usr/lib/x86_64-linux-gnu/libatk-bridge-2.0.so.0.0.0
7f6e379bb000-7f6e379bd000 rw-p 0002d000 08:07 1455187                    /usr/lib/x86_64-linux-gnu/libatk-bridge-2.0.so.0.0.0
7f6e379bd000-7f6e379e0000 r-xp 00000000 08:07 1455185                    /usr/lib/x86_64-linux-gnu/libatk-1.0.so.0.22609.1
7f6e379e0000-7f6e37bdf000 ---p 00023000 08:07 1455185                    /usr/lib/x86_64-linux-gnu/libatk-1.0.so.0.22609.1
7f6e37bdf000-7f6e37be2000 r--p 00022000 08:07 1455185                    /usr/lib/x86_64-linux-gnu/libatk-1.0.so.0.22609.1
7f6e37be2000-7f6e37be3000 rw-p 00025000 08:07 1455185                    /usr/lib/x86_64-linux-gnu/libatk-1.0.so.0.22609.1
7f6e37be3000-7f6e37bf9000 r-xp 00000000 08:07 1596898                    /usr/lib/x86_64-linux-gnu/jni/libatk-wrapper.so.6.0.0
7f6e37bf9000-7f6e37df8000 ---p 00016000 08:07 1596898                    /usr/lib/x86_64-linux-gnu/jni/libatk-wrapper.so.6.0.0
7f6e37df8000-7f6e37df9000 r--p 00015000 08:07 1596898                    /usr/lib/x86_64-linux-gnu/jni/libatk-wrapper.so.6.0.0
7f6e37df9000-7f6e37dfa000 rw-p 00016000 08:07 1596898                    /usr/lib/x86_64-linux-gnu/jni/libatk-wrapper.so.6.0.0
7f6e37dfa000-7f6e37dff000 r-xp 00000000 08:07 1455113                    /usr/lib/x86_64-linux-gnu/libXfixes.so.3.1.0
7f6e37dff000-7f6e37ffe000 ---p 00005000 08:07 1455113                    /usr/lib/x86_64-linux-gnu/libXfixes.so.3.1.0
7f6e37ffe000-7f6e37fff000 r--p 00004000 08:07 1455113                    /usr/lib/x86_64-linux-gnu/libXfixes.so.3.1.0
7f6e37fff000-7f6e38000000 rw-p 00005000 08:07 1455113                    /usr/lib/x86_64-linux-gnu/libXfixes.so.3.1.0
7f6e38000000-7f6e38021000 rw-p 00000000 00:00 0 
7f6e38021000-7f6e3c000000 ---p 00000000 00:00 0 
7f6e3c000000-7f6e3c021000 rw-p 00000000 00:00 0 
7f6e3c021000-7f6e40000000 ---p 00000000 00:00 0 
7f6e40000000-7f6e40144000 rw-p 00000000 00:00 0 
7f6e40144000-7f6e44000000 ---p 00000000 00:00 0 
7f6e44000000-7f6e44686000 rw-p 00000000 00:00 0 
7f6e44686000-7f6e48000000 ---p 00000000 00:00 0 
7f6e48000000-7f6e48021000 rw-p 00000000 00:00 0 
7f6e48021000-7f6e4c000000 ---p 00000000 00:00 0 
7f6e4c000000-7f6e4c1ca000 rw-p 00000000 00:00 0 
7f6e4c1ca000-7f6e50000000 ---p 00000000 00:00 0 
7f6e50000000-7f6e50021000 rw-p 00000000 00:00 0 
7f6e50021000-7f6e54000000 ---p 00000000 00:00 0 
7f6e54000000-7f6e54021000 rw-p 00000000 00:00 0 
7f6e54021000-7f6e58000000 ---p 00000000 00:00 0 
7f6e58000000-7f6e58021000 rw-p 00000000 00:00 0 
7f6e58021000-7f6e5c000000 ---p 00000000 00:00 0 
7f6e5c000000-7f6e5c003000 r--s 00000000 08:07 1589655                    /var/cache/fontconfig/767a8244fc0220cfb567a839d0392e0b-le64.cache-6
7f6e5c003000-7f6e5c004000 r--s 00000000 08:07 1576417                    /var/cache/fontconfig/4794a0821666d79190d59a36cb4f44b5-le64.cache-6
7f6e5c004000-7f6e5c005000 r--s 00000000 08:07 1589619                    /var/cache/fontconfig/0bd3dc0958fa2205aaaa8ebb13e2872b-le64.cache-6
7f6e5c005000-7f6e5c00b000 r--s 00000000 08:07 1589658                    /var/cache/fontconfig/8801497958630a81b71ace7c5f9b32a8-le64.cache-6
7f6e5c00b000-7f6e5c00e000 r--s 00000000 08:07 1589663                    /var/cache/fontconfig/a015930274ffcd967d2ca1b57da47cc7-le64.cache-6
7f6e5c00e000-7f6e5c00f000 r--s 00000000 08:07 1589667                    /var/cache/fontconfig/b872e6e592da6075ffa4ab0a1fcc0c75-le64.cache-6
7f6e5c00f000-7f6e5c010000 r--s 00000000 08:07 1589683                    /var/cache/fontconfig/f6d4eedfaab2589bde49f7a3ff831d22-le64.cache-6
7f6e5c010000-7f6e5c011000 r--s 00000000 08:07 1589649                    /var/cache/fontconfig/589f83ef4c36d296ce6e1c846f468f08-le64.cache-6
7f6e5c011000-7f6e5c012000 r--s 00000000 08:07 1589669                    /var/cache/fontconfig/bab58bb527bb656aaa9f116d68a48d89-le64.cache-6
7f6e5c012000-7f6e5c013000 r--s 00000000 08:07 1589626                    /var/cache/fontconfig/2171a34dccabdb6bcbbc728186263178-le64.cache-6
7f6e5c013000-7f6e5c026000 r--s 00000000 08:07 1589675                    /var/cache/fontconfig/d52a8644073d54c13679302ca1180695-le64.cache-6
7f6e5c026000-7f6e5c02f000 r-xp 00000000 08:07 1455105                    /usr/lib/x86_64-linux-gnu/libXcursor.so.1.0.2
7f6e5c02f000-7f6e5c22e000 ---p 00009000 08:07 1455105                    /usr/lib/x86_64-linux-gnu/libXcursor.so.1.0.2
7f6e5c22e000-7f6e5c22f000 r--p 00008000 08:07 1455105                    /usr/lib/x86_64-linux-gnu/libXcursor.so.1.0.2
7f6e5c22f000-7f6e5c230000 rw-p 00009000 08:07 1455105                    /usr/lib/x86_64-linux-gnu/libXcursor.so.1.0.2
7f6e5c230000-7f6e60000000 rw-p 00000000 00:00 0 
7f6e60000000-7f6e60021000 rw-p 00000000 00:00 0 
7f6e60021000-7f6e64000000 ---p 00000000 00:00 0 
7f6e64000000-7f6e64001000 r--s 00000000 08:07 1589670                    /var/cache/fontconfig/c5c45a61289222e0d30b1a26ef4effbe-le64.cache-6
7f6e64001000-7f6e64002000 r--s 00000000 08:07 1589665                    /var/cache/fontconfig/aec30016f93e1b46d1a973dce0d74068-le64.cache-6
7f6e64002000-7f6e64003000 r--s 00000000 08:07 1589635                    /var/cache/fontconfig/3f589640d34b7dc9042c8d453f7c8b9c-le64.cache-6
7f6e64003000-7f6e64004000 r--s 00000000 08:07 1589623                    /var/cache/fontconfig/16c2fda60d1b4b719f4b3d06fd951d25-le64.cache-6
7f6e64004000-7f6e64005000 r--s 00000000 08:07 1589664                    /var/cache/fontconfig/a48eab177a16e4f3713381162db2f3e9-le64.cache-6
7f6e64005000-7f6e6400b000 r--s 00000000 08:07 1589629                    /var/cache/fontconfig/3047814df9a2f067bd2d96a2b9c36e5a-le64.cache-6
7f6e6400b000-7f6e64017000 r--s 00000000 08:07 1597056                    /var/cache/fontconfig/d589a48862398ed80a3d6066f4f56f4c-le64.cache-6
7f6e64017000-7f6e64025000 r--s 00000000 08:07 1589661                    /var/cache/fontconfig/9b89f8e3dae116d678bbf48e5f21f69b-le64.cache-6
7f6e64025000-7f6e64028000 ---p 00000000 00:00 0 
7f6e64028000-7f6e6405e000 rw-p 00000000 00:00 0 
7f6e6405e000-7f6e64061000 ---p 00000000 00:00 0 
7f6e64061000-7f6e6415f000 rw-p 00000000 00:00 0 
7f6e6415f000-7f6e64162000 ---p 00000000 00:00 0 
7f6e64162000-7f6e64260000 rw-p 00000000 00:00 0 
7f6e64260000-7f6e64291000 r-xp 00000000 08:07 1455984                    /usr/lib/x86_64-linux-gnu/libpng16.so.16.34.0
7f6e64291000-7f6e64490000 ---p 00031000 08:07 1455984                    /usr/lib/x86_64-linux-gnu/libpng16.so.16.34.0
7f6e64490000-7f6e64491000 r--p 00030000 08:07 1455984                    /usr/lib/x86_64-linux-gnu/libpng16.so.16.34.0
7f6e64491000-7f6e64492000 rw-p 00031000 08:07 1455984                    /usr/lib/x86_64-linux-gnu/libpng16.so.16.34.0
7f6e64492000-7f6e6453e000 r-xp 00000000 08:07 1446974                    /usr/lib/x86_64-linux-gnu/libfreetype.so.6.14.0
7f6e6453e000-7f6e6473d000 ---p 000ac000 08:07 1446974                    /usr/lib/x86_64-linux-gnu/libfreetype.so.6.14.0
7f6e6473d000-7f6e64744000 r--p 000ab000 08:07 1446974                    /usr/lib/x86_64-linux-gnu/libfreetype.so.6.14.0
7f6e64744000-7f6e64745000 rw-p 000b2000 08:07 1446974                    /usr/lib/x86_64-linux-gnu/libfreetype.so.6.14.0
7f6e64745000-7f6e64746000 r--s 00000000 08:07 1589645                    /var/cache/fontconfig/564b2e68ac9bc4e36a6f7f6d6125ec1c-le64.cache-6
7f6e64746000-7f6e64747000 r--s 00000000 08:07 1589646                    /var/cache/fontconfig/56cf4f4769d0f4abc89a4895d7bd3ae1-le64.cache-6
7f6e64747000-7f6e64748000 r--s 00000000 08:07 1589668                    /var/cache/fontconfig/b9d506c9ac06c20b433354fa67a72993-le64.cache-6
7f6e64748000-7f6e6474e000 r--s 00000000 08:07 1589666                    /var/cache/fontconfig/b47c4e1ecd0709278f4910c18777a504-le64.cache-6
7f6e6474e000-7f6e6475b000 r--s 00000000 08:07 1596747                    /var/cache/fontconfig/e13b20fdb08344e0e664864cc2ede53d-le64.cache-6
7f6e6475b000-7f6e647ac000 r-xp 00000000 08:07 1466934                    /usr/lib/jvm/java-8-openjdk-amd64/jre/lib/amd64/libfontmanager.so
7f6e647ac000-7f6e649ac000 ---p 00051000 08:07 1466934                    /usr/lib/jvm/java-8-openjdk-amd64/jre/lib/amd64/libfontmanager.so
7f6e649ac000-7f6e649ae000 r--p 00051000 08:07 1466934                    /usr/lib/jvm/java-8-openjdk-amd64/jre/lib/amd64/libfontmanager.so
7f6e649ae000-7f6e649af000 rw-p 00053000 08:07 1466934                    /usr/lib/jvm/java-8-openjdk-amd64/jre/lib/amd64/libfontmanager.so
7f6e649af000-7f6e649c2000 r-xp 00000000 08:07 793548                     /lib/x86_64-linux-gnu/libbsd.so.0.8.6
7f6e649c2000-7f6e64bc1000 ---p 00013000 08:07 793548                     /lib/x86_64-linux-gnu/libbsd.so.0.8.6
7f6e64bc1000-7f6e64bc2000 r--p 00012000 08:07 793548                     /lib/x86_64-linux-gnu/libbsd.so.0.8.6
7f6e64bc2000-7f6e64bc3000 rw-p 00013000 08:07 793548                     /lib/x86_64-linux-gnu/libbsd.so.0.8.6
7f6e64bc3000-7f6e64bc4000 rw-p 00000000 00:00 0 
7f6e64bc4000-7f6e64bc9000 r-xp 00000000 08:07 1455109                    /usr/lib/x86_64-linux-gnu/libXdmcp.so.6.0.0
7f6e64bc9000-7f6e64dc8000 ---p 00005000 08:07 1455109                    /usr/lib/x86_64-linux-gnu/libXdmcp.so.6.0.0
7f6e64dc8000-7f6e64dc9000 r--p 00004000 08:07 1455109                    /usr/lib/x86_64-linux-gnu/libXdmcp.so.6.0.0
7f6e64dc9000-7f6e64dca000 rw-p 00005000 08:07 1455109                    /usr/lib/x86_64-linux-gnu/libXdmcp.so.6.0.0
7f6e64dca000-7f6e64dcc000 r-xp 00000000 08:07 1455098                    /usr/lib/x86_64-linux-gnu/libXau.so.6.0.0
7f6e64dcc000-7f6e64fcc000 ---p 00002000 08:07 1455098                    /usr/lib/x86_64-linux-gnu/libXau.so.6.0.0
7f6e64fcc000-7f6e64fcd000 r--p 00002000 08:07 1455098                    /usr/lib/x86_64-linux-gnu/libXau.so.6.0.0
7f6e64fcd000-7f6e64fce000 rw-p 00003000 08:07 1455098                    /usr/lib/x86_64-linux-gnu/libXau.so.6.0.0
7f6e64fce000-7f6e64ff4000 r-xp 00000000 08:07 1456345                    /usr/lib/x86_64-linux-gnu/libxcb.so.1.1.0
7f6e64ff4000-7f6e651f3000 ---p 00026000 08:07 1456345                    /usr/lib/x86_64-linux-gnu/libxcb.so.1.1.0
7f6e651f3000-7f6e651f4000 r--p 00025000 08:07 1456345                    /usr/lib/x86_64-linux-gnu/libxcb.so.1.1.0
7f6e651f4000-7f6e651f5000 rw-p 00026000 08:07 1456345                    /usr/lib/x86_64-linux-gnu/libxcb.so.1.1.0
7f6e651f5000-7f6e65204000 r-xp 00000000 08:07 1455121                    /usr/lib/x86_64-linux-gnu/libXi.so.6.1.0
7f6e65204000-7f6e65403000 ---p 0000f000 08:07 1455121                    /usr/lib/x86_64-linux-gnu/libXi.so.6.1.0
7f6e65403000-7f6e65404000 r--p 0000e000 08:07 1455121                    /usr/lib/x86_64-linux-gnu/libXi.so.6.1.0
7f6e65404000-7f6e65405000 rw-p 0000f000 08:07 1455121                    /usr/lib/x86_64-linux-gnu/libXi.so.6.1.0
7f6e65405000-7f6e6540a000 r-xp 00000000 08:07 1455139                    /usr/lib/x86_64-linux-gnu/libXtst.so.6.1.0
7f6e6540a000-7f6e65609000 ---p 00005000 08:07 1455139                    /usr/lib/x86_64-linux-gnu/libXtst.so.6.1.0
7f6e65609000-7f6e6560a000 r--p 00004000 08:07 1455139                    /usr/lib/x86_64-linux-gnu/libXtst.so.6.1.0
7f6e6560a000-7f6e6560b000 rw-p 00005000 08:07 1455139                    /usr/lib/x86_64-linux-gnu/libXtst.so.6.1.0
7f6e6560b000-7f6e65614000 r-xp 00000000 08:07 1455133                    /usr/lib/x86_64-linux-gnu/libXrender.so.1.3.0
7f6e65614000-7f6e65813000 ---p 00009000 08:07 1455133                    /usr/lib/x86_64-linux-gnu/libXrender.so.1.3.0
7f6e65813000-7f6e65814000 r--p 00008000 08:07 1455133                    /usr/lib/x86_64-linux-gnu/libXrender.so.1.3.0
7f6e65814000-7f6e65815000 rw-p 00009000 08:07 1455133                    /usr/lib/x86_64-linux-gnu/libXrender.so.1.3.0
7f6e65815000-7f6e65949000 r-xp 00000000 08:07 1455094                    /usr/lib/x86_64-linux-gnu/libX11.so.6.3.0
7f6e65949000-7f6e65b49000 ---p 00134000 08:07 1455094                    /usr/lib/x86_64-linux-gnu/libX11.so.6.3.0
7f6e65b49000-7f6e65b4a000 r--p 00134000 08:07 1455094                    /usr/lib/x86_64-linux-gnu/libX11.so.6.3.0
7f6e65b4a000-7f6e65b4e000 rw-p 00135000 08:07 1455094                    /usr/lib/x86_64-linux-gnu/libX11.so.6.3.0
7f6e65b4e000-7f6e65b5f000 r-xp 00000000 08:07 1455111                    /usr/lib/x86_64-linux-gnu/libXext.so.6.4.0
7f6e65b5f000-7f6e65d5e000 ---p 00011000 08:07 1455111                    /usr/lib/x86_64-linux-gnu/libXext.so.6.4.0
7f6e65d5e000-7f6e65d5f000 r--p 00010000 08:07 1455111                    /usr/lib/x86_64-linux-gnu/libXext.so.6.4.0
7f6e65d5f000-7f6e65d60000 rw-p 00011000 08:07 1455111                    /usr/lib/x86_64-linux-gnu/libXext.so.6.4.0
7f6e65d60000-7f6e65d61000 r--s 00000000 08:07 1589632                    /var/cache/fontconfig/370e5b74bf5dafc30834de68e24a87a4-le64.cache-6
7f6e65d61000-7f6e65d62000 r--s 00000000 08:07 1589653                    /var/cache/fontconfig/6b2c5944714ca7831b25bed9e85cb5c8-le64.cache-6
7f6e65d62000-7f6e65d63000 r--s 00000000 08:07 1589674                    /var/cache/fontconfig/d5178ab6d91b49bf20a416737dcea9e8-le64.cache-6
7f6e65d63000-7f6e65d76000 r--s 00346000 08:07 1467002                    /usr/lib/jvm/java-8-openjdk-amd64/jre/lib/resources.jar
7f6e65d76000-7f6e65dca000 r-xp 00000000 08:07 1466932                    /usr/lib/jvm/java-8-openjdk-amd64/jre/lib/amd64/libawt_xawt.so
7f6e65dca000-7f6e65fc9000 ---p 00054000 08:07 1466932                    /usr/lib/jvm/java-8-openjdk-amd64/jre/lib/amd64/libawt_xawt.so
7f6e65fc9000-7f6e65fca000 r--p 00053000 08:07 1466932                    /usr/lib/jvm/java-8-openjdk-amd64/jre/lib/amd64/libawt_xawt.so
7f6e65fca000-7f6e65fcd000 rw-p 00054000 08:07 1466932                    /usr/lib/jvm/java-8-openjdk-amd64/jre/lib/amd64/libawt_xawt.so
7f6e65fcd000-7f6e65fce000 rw-p 00000000 00:00 0 
7f6e65fce000-7f6e6606e000 r-xp 00000000 08:07 1466930                    /usr/lib/jvm/java-8-openjdk-amd64/jre/lib/amd64/libawt.so
7f6e6606e000-7f6e6626d000 ---p 000a0000 08:07 1466930                    /usr/lib/jvm/java-8-openjdk-amd64/jre/lib/amd64/libawt.so
7f6e6626d000-7f6e6626e000 r--p 0009f000 08:07 1466930                    /usr/lib/jvm/java-8-openjdk-amd64/jre/lib/amd64/libawt.so
7f6e6626e000-7f6e66279000 rw-p 000a0000 08:07 1466930                    /usr/lib/jvm/java-8-openjdk-amd64/jre/lib/amd64/libawt.so
7f6e66279000-7f6e6629e000 rw-p 00000000 00:00 0 
7f6e6629e000-7f6e662b9000 r--s 00394000 08:07 1466974                    /usr/lib/jvm/java-8-openjdk-amd64/jre/lib/ext/cldrdata.jar
7f6e662b9000-7f6e662ba000 ---p 00000000 00:00 0 
7f6e662ba000-7f6e663ba000 rw-p 00000000 00:00 0 
7f6e663ba000-7f6e663bd000 ---p 00000000 00:00 0 
7f6e663bd000-7f6e664bb000 rw-p 00000000 00:00 0 
7f6e664bb000-7f6e664be000 ---p 00000000 00:00 0 
7f6e664be000-7f6e665bc000 rw-p 00000000 00:00 0 
7f6e665bc000-7f6e665bf000 ---p 00000000 00:00 0 
7f6e665bf000-7f6e666bd000 rw-p 00000000 00:00 0 
7f6e666bd000-7f6e666c0000 ---p 00000000 00:00 0 
7f6e666c0000-7f6e667be000 rw-p 00000000 00:00 0 
7f6e667be000-7f6e667c1000 ---p 00000000 00:00 0 
7f6e667c1000-7f6e668bf000 rw-p 00000000 00:00 0 
7f6e668bf000-7f6e66b9b000 r--p 00000000 08:07 1445975                    /usr/lib/locale/locale-archive
7f6e66b9b000-7f6e66b9e000 ---p 00000000 00:00 0 
7f6e66b9e000-7f6e66c9c000 rw-p 00000000 00:00 0 
7f6e66c9c000-7f6e66c9f000 ---p 00000000 00:00 0 
7f6e66c9f000-7f6e66d9d000 rw-p 00000000 00:00 0 
7f6e66d9d000-7f6e66d9e000 ---p 00000000 00:00 0 
7f6e66d9e000-7f6e67e31000 rw-p 00000000 00:00 0 
7f6e67e31000-7f6e68000000 r--s 03c21000 08:07 1467003                    /usr/lib/jvm/java-8-openjdk-amd64/jre/lib/rt.jar
7f6e68000000-7f6e68021000 rw-p 00000000 00:00 0 
7f6e68021000-7f6e6c000000 ---p 00000000 00:00 0 
7f6e6c000000-7f6e6c021000 rw-p 00000000 00:00 0 
7f6e6c021000-7f6e70000000 ---p 00000000 00:00 0 
7f6e70000000-7f6e70021000 rw-p 00000000 00:00 0 
7f6e70021000-7f6e74000000 ---p 00000000 00:00 0 
7f6e74000000-7f6e74001000 r--s 00000000 08:07 1589644                    /var/cache/fontconfig/551ecf3b0e8b0bca0f25c0944f561853-le64.cache-6
7f6e74001000-7f6e74004000 r--s 00000000 08:07 1589682                    /var/cache/fontconfig/f259c2cffa685e28062317905db73c4a-le64.cache-6
7f6e74004000-7f6e7401f000 r--s 001d6000 08:07 1466979                    /usr/lib/jvm/java-8-openjdk-amd64/jre/lib/ext/nashorn.jar
7f6e7401f000-7f6e74bfc000 rw-p 00000000 00:00 0 
7f6e74bfc000-7f6e74bfd000 ---p 00000000 00:00 0 
7f6e74bfd000-7f6e74cfd000 rw-p 00000000 00:00 0 
7f6e74cfd000-7f6e74cfe000 ---p 00000000 00:00 0 
7f6e74cfe000-7f6e74dfe000 rw-p 00000000 00:00 0 
7f6e74dfe000-7f6e74dff000 ---p 00000000 00:00 0 
7f6e74dff000-7f6e74eff000 rw-p 00000000 00:00 0 
7f6e74eff000-7f6e74f00000 ---p 00000000 00:00 0 
7f6e74f00000-7f6e75000000 rw-p 00000000 00:00 0 
7f6e75000000-7f6e75560000 rwxp 00000000 00:00 0 
7f6e75560000-7f6e84000000 ---p 00000000 00:00 0 
7f6e84000000-7f6e8432a000 rw-p 00000000 00:00 0 
7f6e8432a000-7f6e88000000 ---p 00000000 00:00 0 
7f6e88000000-7f6e88002000 r--s 00000000 08:07 1589643                    /var/cache/fontconfig/550f3886151c940c12a5ed35f6a00586-le64.cache-6
7f6e88002000-7f6e88005000 r--s 00000000 08:07 1589652                    /var/cache/fontconfig/674d1711f2d1d2a09646eb0bdcadee49-le64.cache-6
7f6e88005000-7f6e88006000 r--s 00000000 08:07 1589636                    /var/cache/fontconfig/3f7329c5293ffd510edef78f73874cfd-le64.cache-6
7f6e88006000-7f6e88007000 r--s 00000000 08:07 1589630                    /var/cache/fontconfig/30829fa25452a46451e813d634d7f916-le64.cache-6
7f6e88007000-7f6e88008000 r--s 00000000 08:07 1589620                    /var/cache/fontconfig/0c9eb80ebd1c36541ebe2852d3bb0c49-le64.cache-6
7f6e88008000-7f6e88009000 r--s 00000000 08:07 1589627                    /var/cache/fontconfig/22368d551a680bfe5a62c02760edf4ea-le64.cache-6
7f6e88009000-7f6e8800a000 r--s 00000000 08:07 1589641                    /var/cache/fontconfig/4d9c95eba1cb85bbcf2878543262124a-le64.cache-6
7f6e8800a000-7f6e8800b000 r--s 00000000 08:07 1589657                    /var/cache/fontconfig/85e0a52ce643a7ba2ae53e5d6949cead-le64.cache-6
7f6e8800b000-7f6e8800c000 r--s 00000000 08:07 1589638                    /var/cache/fontconfig/49f0de54bdd920fe4f0dfd4cbac43e6b-le64.cache-6
7f6e8800c000-7f6e88010000 r--s 00000000 08:07 1580007                    /var/cache/fontconfig/7ef2298fde41cc6eeb7af42e48b7d293-le64.cache-6
7f6e88010000-7f6e88018000 r--s 000c4000 08:07 933000                     /home/sbaba2220/netbeans-8.2/ide/modules/ext/mysql-connector-java-5.1.23-bin.jar
7f6e88018000-7f6e88106000 rw-p 00000000 00:00 0 
7f6e88106000-7f6e88370000 ---p 00000000 00:00 0 
7f6e88370000-7f6e8839a000 rw-p 00000000 00:00 0 
7f6e8839a000-7f6e88603000 ---p 00000000 00:00 0 
7f6e88603000-7f6e88618000 rw-p 00000000 00:00 0 
7f6e88618000-7f6e8874d000 ---p 00000000 00:00 0 
7f6e8874d000-7f6e88764000 rw-p 00000000 00:00 0 
7f6e88764000-7f6e88b0e000 ---p 00000000 00:00 0 
7f6e88b0e000-7f6e88b16000 r-xp 00000000 08:07 1466960                    /usr/lib/jvm/java-8-openjdk-amd64/jre/lib/amd64/libzip.so
7f6e88b16000-7f6e88d15000 ---p 00008000 08:07 1466960                    /usr/lib/jvm/java-8-openjdk-amd64/jre/lib/amd64/libzip.so
7f6e88d15000-7f6e88d16000 r--p 00007000 08:07 1466960                    /usr/lib/jvm/java-8-openjdk-amd64/jre/lib/amd64/libzip.so
7f6e88d16000-7f6e88d17000 rw-p 00008000 08:07 1466960                    /usr/lib/jvm/java-8-openjdk-amd64/jre/lib/amd64/libzip.so
7f6e88d17000-7f6e88d22000 r-xp 00000000 08:07 788061                     /lib/x86_64-linux-gnu/libnss_files-2.26.so
7f6e88d22000-7f6e88f21000 ---p 0000b000 08:07 788061                     /lib/x86_64-linux-gnu/libnss_files-2.26.so
7f6e88f21000-7f6e88f22000 r--p 0000a000 08:07 788061                     /lib/x86_64-linux-gnu/libnss_files-2.26.so
7f6e88f22000-7f6e88f23000 rw-p 0000b000 08:07 788061                     /lib/x86_64-linux-gnu/libnss_files-2.26.so
7f6e88f23000-7f6e88f29000 rw-p 00000000 00:00 0 
7f6e88f29000-7f6e88f34000 r-xp 00000000 08:07 788063                     /lib/x86_64-linux-gnu/libnss_nis-2.26.so
7f6e88f34000-7f6e89133000 ---p 0000b000 08:07 788063                     /lib/x86_64-linux-gnu/libnss_nis-2.26.so
7f6e89133000-7f6e89134000 r--p 0000a000 08:07 788063                     /lib/x86_64-linux-gnu/libnss_nis-2.26.so
7f6e89134000-7f6e89135000 rw-p 0000b000 08:07 788063                     /lib/x86_64-linux-gnu/libnss_nis-2.26.so
7f6e89135000-7f6e8914c000 r-xp 00000000 08:07 788058                     /lib/x86_64-linux-gnu/libnsl-2.26.so
7f6e8914c000-7f6e8934b000 ---p 00017000 08:07 788058                     /lib/x86_64-linux-gnu/libnsl-2.26.so
7f6e8934b000-7f6e8934c000 r--p 00016000 08:07 788058                     /lib/x86_64-linux-gnu/libnsl-2.26.so
7f6e8934c000-7f6e8934d000 rw-p 00017000 08:07 788058                     /lib/x86_64-linux-gnu/libnsl-2.26.so
7f6e8934d000-7f6e8934f000 rw-p 00000000 00:00 0 
7f6e8934f000-7f6e89357000 r-xp 00000000 08:07 788059                     /lib/x86_64-linux-gnu/libnss_compat-2.26.so
7f6e89357000-7f6e89556000 ---p 00008000 08:07 788059                     /lib/x86_64-linux-gnu/libnss_compat-2.26.so
7f6e89556000-7f6e89557000 r--p 00007000 08:07 788059                     /lib/x86_64-linux-gnu/libnss_compat-2.26.so
7f6e89557000-7f6e89558000 rw-p 00008000 08:07 788059                     /lib/x86_64-linux-gnu/libnss_compat-2.26.so
7f6e89558000-7f6e89585000 r-xp 00000000 08:07 1466941                    /usr/lib/jvm/java-8-openjdk-amd64/jre/lib/amd64/libjava.so
7f6e89585000-7f6e89785000 ---p 0002d000 08:07 1466941                    /usr/lib/jvm/java-8-openjdk-amd64/jre/lib/amd64/libjava.so
7f6e89785000-7f6e89786000 r--p 0002d000 08:07 1466941                    /usr/lib/jvm/java-8-openjdk-amd64/jre/lib/amd64/libjava.so
7f6e89786000-7f6e89788000 rw-p 0002e000 08:07 1466941                    /usr/lib/jvm/java-8-openjdk-amd64/jre/lib/amd64/libjava.so
7f6e89788000-7f6e89798000 r-xp 00000000 08:07 1466959                    /usr/lib/jvm/java-8-openjdk-amd64/jre/lib/amd64/libverify.so
7f6e89798000-7f6e89997000 ---p 00010000 08:07 1466959                    /usr/lib/jvm/java-8-openjdk-amd64/jre/lib/amd64/libverify.so
7f6e89997000-7f6e89999000 r--p 0000f000 08:07 1466959                    /usr/lib/jvm/java-8-openjdk-amd64/jre/lib/amd64/libverify.so
7f6e89999000-7f6e8999a000 rw-p 00011000 08:07 1466959                    /usr/lib/jvm/java-8-openjdk-amd64/jre/lib/amd64/libverify.so
7f6e8999a000-7f6e899a1000 r-xp 00000000 08:07 793105                     /lib/x86_64-linux-gnu/librt-2.26.so
7f6e899a1000-7f6e89ba0000 ---p 00007000 08:07 793105                     /lib/x86_64-linux-gnu/librt-2.26.so
7f6e89ba0000-7f6e89ba1000 r--p 00006000 08:07 793105                     /lib/x86_64-linux-gnu/librt-2.26.so
7f6e89ba1000-7f6e89ba2000 rw-p 00007000 08:07 793105                     /lib/x86_64-linux-gnu/librt-2.26.so
7f6e89ba2000-7f6e89bb8000 r-xp 00000000 08:07 803803                     /lib/x86_64-linux-gnu/libgcc_s.so.1
7f6e89bb8000-7f6e89db7000 ---p 00016000 08:07 803803                     /lib/x86_64-linux-gnu/libgcc_s.so.1
7f6e89db7000-7f6e89db8000 r--p 00015000 08:07 803803                     /lib/x86_64-linux-gnu/libgcc_s.so.1
7f6e89db8000-7f6e89db9000 rw-p 00016000 08:07 803803                     /lib/x86_64-linux-gnu/libgcc_s.so.1
7f6e89db9000-7f6e89f0e000 r-xp 00000000 08:07 788055                     /lib/x86_64-linux-gnu/libm-2.26.so
7f6e89f0e000-7f6e8a10d000 ---p 00155000 08:07 788055                     /lib/x86_64-linux-gnu/libm-2.26.so
7f6e8a10d000-7f6e8a10e000 r--p 00154000 08:07 788055                     /lib/x86_64-linux-gnu/libm-2.26.so
7f6e8a10e000-7f6e8a10f000 rw-p 00155000 08:07 788055                     /lib/x86_64-linux-gnu/libm-2.26.so
7f6e8a10f000-7f6e8a287000 r-xp 00000000 08:07 1448012                    /usr/lib/x86_64-linux-gnu/libstdc++.so.6.0.24
7f6e8a287000-7f6e8a486000 ---p 00178000 08:07 1448012                    /usr/lib/x86_64-linux-gnu/libstdc++.so.6.0.24
7f6e8a486000-7f6e8a490000 r--p 00177000 08:07 1448012                    /usr/lib/x86_64-linux-gnu/libstdc++.so.6.0.24
7f6e8a490000-7f6e8a492000 rw-p 00181000 08:07 1448012                    /usr/lib/x86_64-linux-gnu/libstdc++.so.6.0.24
7f6e8a492000-7f6e8a495000 rw-p 00000000 00:00 0 
7f6e8a495000-7f6e8b11f000 r-xp 00000000 08:07 1466963                    /usr/lib/jvm/java-8-openjdk-amd64/jre/lib/amd64/server/libjvm.so
7f6e8b11f000-7f6e8b31f000 ---p 00c8a000 08:07 1466963                    /usr/lib/jvm/java-8-openjdk-amd64/jre/lib/amd64/server/libjvm.so
7f6e8b31f000-7f6e8b3b2000 r--p 00c8a000 08:07 1466963                    /usr/lib/jvm/java-8-openjdk-amd64/jre/lib/amd64/server/libjvm.so
7f6e8b3b2000-7f6e8b3da000 rw-p 00d1d000 08:07 1466963                    /usr/lib/jvm/java-8-openjdk-amd64/jre/lib/amd64/server/libjvm.so
7f6e8b3da000-7f6e8b40b000 rw-p 00000000 00:00 0 
7f6e8b40b000-7f6e8b425000 r-xp 00000000 08:07 788066                     /lib/x86_64-linux-gnu/libpthread-2.26.so
7f6e8b425000-7f6e8b624000 ---p 0001a000 08:07 788066                     /lib/x86_64-linux-gnu/libpthread-2.26.so
7f6e8b624000-7f6e8b625000 r--p 00019000 08:07 788066                     /lib/x86_64-linux-gnu/libpthread-2.26.so
7f6e8b625000-7f6e8b626000 rw-p 0001a000 08:07 788066                     /lib/x86_64-linux-gnu/libpthread-2.26.so
7f6e8b626000-7f6e8b62a000 rw-p 00000000 00:00 0 
7f6e8b62a000-7f6e8b62d000 r-xp 00000000 08:07 788054                     /lib/x86_64-linux-gnu/libdl-2.26.so
7f6e8b62d000-7f6e8b82c000 ---p 00003000 08:07 788054                     /lib/x86_64-linux-gnu/libdl-2.26.so
7f6e8b82c000-7f6e8b82d000 r--p 00002000 08:07 788054                     /lib/x86_64-linux-gnu/libdl-2.26.so
7f6e8b82d000-7f6e8b82e000 rw-p 00003000 08:07 788054                     /lib/x86_64-linux-gnu/libdl-2.26.so
7f6e8b82e000-7f6e8b84a000 r-xp 00000000 08:07 793731                     /lib/x86_64-linux-gnu/libz.so.1.2.11
7f6e8b84a000-7f6e8ba49000 ---p 0001c000 08:07 793731                     /lib/x86_64-linux-gnu/libz.so.1.2.11
7f6e8ba49000-7f6e8ba4a000 r--p 0001b000 08:07 793731                     /lib/x86_64-linux-gnu/libz.so.1.2.11
7f6e8ba4a000-7f6e8ba4b000 rw-p 0001c000 08:07 793731                     /lib/x86_64-linux-gnu/libz.so.1.2.11
7f6e8ba4b000-7f6e8bc21000 r-xp 00000000 08:07 788051                     /lib/x86_64-linux-gnu/libc-2.26.so
7f6e8bc21000-7f6e8be21000 ---p 001d6000 08:07 788051                     /lib/x86_64-linux-gnu/libc-2.26.so
7f6e8be21000-7f6e8be25000 r--p 001d6000 08:07 788051                     /lib/x86_64-linux-gnu/libc-2.26.so
7f6e8be25000-7f6e8be27000 rw-p 001da000 08:07 788051                     /lib/x86_64-linux-gnu/libc-2.26.so
7f6e8be27000-7f6e8be2b000 rw-p 00000000 00:00 0 
7f6e8be2b000-7f6e8be39000 r-xp 00000000 08:07 1466927                    /usr/lib/jvm/java-8-openjdk-amd64/jre/lib/amd64/jli/libjli.so
7f6e8be39000-7f6e8c038000 ---p 0000e000 08:07 1466927                    /usr/lib/jvm/java-8-openjdk-amd64/jre/lib/amd64/jli/libjli.so
7f6e8c038000-7f6e8c039000 r--p 0000d000 08:07 1466927                    /usr/lib/jvm/java-8-openjdk-amd64/jre/lib/amd64/jli/libjli.so
7f6e8c039000-7f6e8c03a000 rw-p 0000e000 08:07 1466927                    /usr/lib/jvm/java-8-openjdk-amd64/jre/lib/amd64/jli/libjli.so
7f6e8c03a000-7f6e8c061000 r-xp 00000000 08:07 787974                     /lib/x86_64-linux-gnu/ld-2.26.so
7f6e8c061000-7f6e8c062000 r--s 00000000 08:07 1589684                    /var/cache/fontconfig/f6e6e0a5c3d2f6ae0c0c2e0ecd42a997-le64.cache-6
7f6e8c062000-7f6e8c063000 r--s 00000000 08:07 1589639                    /var/cache/fontconfig/4b2eda6bb976bda485cb2176619421d5-le64.cache-6
7f6e8c063000-7f6e8c068000 r--s 002f9000 08:07 1466964                    /usr/lib/jvm/java-8-openjdk-amd64/jre/lib/charsets.jar
7f6e8c068000-7f6e8c06e000 r--s 0003a000 08:07 1466981                    /usr/lib/jvm/java-8-openjdk-amd64/jre/lib/ext/sunjce_provider.jar
7f6e8c06e000-7f6e8c070000 r--s 00008000 08:07 1466980                    /usr/lib/jvm/java-8-openjdk-amd64/jre/lib/ext/sunec.jar
7f6e8c070000-7f6e8c072000 r--s 00001000 08:07 1466975                    /usr/lib/jvm/java-8-openjdk-amd64/jre/lib/ext/dnsns.jar
7f6e8c072000-7f6e8c074000 r--s 00007000 08:07 1722770                    /usr/share/java/java-atk-wrapper.jar
7f6e8c074000-7f6e8c078000 r--s 00037000 08:07 1466982                    /usr/lib/jvm/java-8-openjdk-amd64/jre/lib/ext/sunpkcs11.jar
7f6e8c078000-7f6e8c07b000 r--s 0000f000 08:07 1466976                    /usr/lib/jvm/java-8-openjdk-amd64/jre/lib/ext/icedtea-sound.jar
7f6e8c07b000-7f6e8c146000 rw-p 00000000 00:00 0 
7f6e8c146000-7f6e8c149000 ---p 00000000 00:00 0 
7f6e8c149000-7f6e8c249000 rw-p 00000000 00:00 0 
7f6e8c249000-7f6e8c24a000 r--s 00010000 08:07 1466983                    /usr/lib/jvm/java-8-openjdk-amd64/jre/lib/ext/zipfs.jar
7f6e8c24a000-7f6e8c24b000 r--s 0000a000 08:07 1466977                    /usr/lib/jvm/java-8-openjdk-amd64/jre/lib/ext/jaccess.jar
7f6e8c24b000-7f6e8c255000 r--s 00116000 08:07 1466978                    /usr/lib/jvm/java-8-openjdk-amd64/jre/lib/ext/localedata.jar
7f6e8c255000-7f6e8c25d000 rw-s 00000000 08:07 285505                     /tmp/hsperfdata_sbaba2220/25952
7f6e8c25d000-7f6e8c25e000 rw-p 00000000 00:00 0 
7f6e8c25e000-7f6e8c25f000 r--p 00000000 00:00 0 
7f6e8c25f000-7f6e8c261000 rw-p 00000000 00:00 0 
7f6e8c261000-7f6e8c262000 r--p 00027000 08:07 787974                     /lib/x86_64-linux-gnu/ld-2.26.so
7f6e8c262000-7f6e8c263000 rw-p 00028000 08:07 787974                     /lib/x86_64-linux-gnu/ld-2.26.so
7f6e8c263000-7f6e8c264000 rw-p 00000000 00:00 0 
7ffed31f4000-7ffed3215000 rw-p 00000000 00:00 0                          [stack]
7ffed3312000-7ffed3315000 r--p 00000000 00:00 0                          [vvar]
7ffed3315000-7ffed3317000 r-xp 00000000 00:00 0                          [vdso]
ffffffffff600000-ffffffffff601000 r-xp 00000000 00:00 0                  [vsyscall]

VM Arguments:
jvm_args: -Dfile.encoding=UTF-8 
java_command: javaapplication1.JavaApplication1
java_class_path (initial): /home/sbaba2220/netbeans-8.2/ide/modules/ext/mysql-connector-java-5.1.23-bin.jar:/home/sbaba2220/NetBeansProjects/JavaApplication1/build/classes
Launcher Type: SUN_STANDARD

Environment Variables:
PATH=/usr/local/sbin:/usr/local/bin:/usr/sbin:/usr/bin:/sbin:/bin:/usr/games:/usr/local/games:/snap/bin
USERNAME=sbaba2220
LD_LIBRARY_PATH=/usr/lib/jvm/java-1.8.0-openjdk-amd64/jre/lib/amd64:/usr/lib/jvm/java-1.8.0-openjdk-amd64/jre/lib/i386:
SHELL=/bin/bash
DISPLAY=:0

Signal Handlers:
SIGSEGV: [libjvm.so+0xaa6ae0], sa_mask[0]=11111111011111111101111111111110, sa_flags=SA_RESTART|SA_SIGINFO
SIGBUS: [libjvm.so+0xaa6ae0], sa_mask[0]=11111111011111111101111111111110, sa_flags=SA_RESTART|SA_SIGINFO
SIGFPE: [libjvm.so+0x8ddf00], sa_mask[0]=11111111011111111101111111111110, sa_flags=SA_RESTART|SA_SIGINFO
SIGPIPE: [libjvm.so+0x8ddf00], sa_mask[0]=11111111011111111101111111111110, sa_flags=SA_RESTART|SA_SIGINFO
SIGXFSZ: [libjvm.so+0x8ddf00], sa_mask[0]=11111111011111111101111111111110, sa_flags=SA_RESTART|SA_SIGINFO
SIGILL: [libjvm.so+0x8ddf00], sa_mask[0]=11111111011111111101111111111110, sa_flags=SA_RESTART|SA_SIGINFO
SIGUSR1: SIG_DFL, sa_mask[0]=00000000000000000000000000000000, sa_flags=none
SIGUSR2: [libjvm.so+0x8dddb0], sa_mask[0]=00100000000000000000000000000000, sa_flags=SA_RESTART|SA_SIGINFO
SIGHUP: [libjvm.so+0x8de260], sa_mask[0]=11111111011111111101111111111110, sa_flags=SA_RESTART|SA_SIGINFO
SIGINT: SIG_IGN, sa_mask[0]=00000000000000000000000000000000, sa_flags=none
SIGTERM: [libjvm.so+0x8de260], sa_mask[0]=11111111011111111101111111111110, sa_flags=SA_RESTART|SA_SIGINFO
SIGQUIT: [libjvm.so+0x8de260], sa_mask[0]=11111111011111111101111111111110, sa_flags=SA_RESTART|SA_SIGINFO


---------------  S Y S T E M  ---------------

OS:DISTRIB_ID=Ubuntu
DISTRIB_RELEASE=17.10
DISTRIB_CODENAME=artful
DISTRIB_DESCRIPTION="Ubuntu 17.10"

uname:Linux 4.13.0-37-generic #42-Ubuntu SMP Wed Mar 7 14:13:23 UTC 2018 x86_64
libc:glibc 2.26 NPTL 2.26 
rlimit: STACK 8192k, CORE 0k, NPROC 31203, NOFILE 1048576, AS infinity
load average:80.79 39.97 15.96

/proc/meminfo:
MemTotal:        8098500 kB
MemFree:          608712 kB
MemAvailable:    3411464 kB
Buffers:          226856 kB
Cached:          2862304 kB
SwapCached:            0 kB
Active:          4793320 kB
Inactive:        2298476 kB
Active(anon):    3566032 kB
Inactive(anon):   617028 kB
Active(file):    1227288 kB
Inactive(file):  1681448 kB
Unevictable:          32 kB
Mlocked:              32 kB
SwapTotal:       1520880 kB
SwapFree:        1520880 kB
Dirty:              4376 kB
Writeback:           256 kB
AnonPages:       3966944 kB
Mapped:           623952 kB
Shmem:            609020 kB
Slab:             264324 kB
SReclaimable:     201904 kB
SUnreclaim:        62420 kB
KernelStack:       12708 kB
PageTables:        55176 kB
NFS_Unstable:          0 kB
Bounce:                0 kB
WritebackTmp:          0 kB
CommitLimit:     5570128 kB
Committed_AS:   10511464 kB
VmallocTotal:   34359738367 kB
VmallocUsed:           0 kB
VmallocChunk:          0 kB
HardwareCorrupted:     0 kB
AnonHugePages:      2048 kB
ShmemHugePages:        0 kB
ShmemPmdMapped:        0 kB
CmaTotal:              0 kB
CmaFree:               0 kB
HugePages_Total:       0
HugePages_Free:        0
HugePages_Rsvd:        0
HugePages_Surp:        0
Hugepagesize:       2048 kB
DirectMap4k:      164160 kB
DirectMap2M:     7106560 kB
DirectMap1G:     2097152 kB


CPU:total 4 (initial active 4) (2 cores per cpu, 2 threads per core) family 6 model 69 stepping 1, cmov, cx8, fxsr, mmx, sse, sse2, sse3, ssse3, sse4.1, sse4.2, popcnt, avx, avx2, aes, clmul, erms, lzcnt, ht, tsc, tscinvbit, bmi1, bmi2

/proc/cpuinfo:
processor	: 0
vendor_id	: GenuineIntel
cpu family	: 6
model		: 69
model name	: Intel(R) Core(TM) i5-4210U CPU @ 1.70GHz
stepping	: 1
microcode	: 0x17
cpu MHz		: 2394.396
cache size	: 3072 KB
physical id	: 0
siblings	: 4
core id		: 0
cpu cores	: 2
apicid		: 0
initial apicid	: 0
fpu		: yes
fpu_exception	: yes
cpuid level	: 13
wp		: yes
flags		: fpu vme de pse tsc msr pae mce cx8 apic sep mtrr pge mca cmov pat pse36 clflush dts acpi mmx fxsr sse sse2 ss ht tm pbe syscall nx pdpe1gb rdtscp lm constant_tsc arch_perfmon pebs bts rep_good nopl xtopology nonstop_tsc cpuid aperfmperf pni pclmulqdq dtes64 monitor ds_cpl vmx est tm2 ssse3 sdbg fma cx16 xtpr pdcm pcid sse4_1 sse4_2 movbe popcnt aes xsave avx f16c rdrand lahf_lm abm cpuid_fault epb invpcid_single pti retpoline tpr_shadow vnmi flexpriority ept vpid fsgsbase tsc_adjust bmi1 avx2 smep bmi2 erms invpcid xsaveopt dtherm ida arat pln pts
bugs		: cpu_meltdown spectre_v1 spectre_v2
bogomips	: 4788.79
clflush size	: 64
cache_alignment	: 64
address sizes	: 39 bits physical, 48 bits virtual
power management:

processor	: 1
vendor_id	: GenuineIntel
cpu family	: 6
model		: 69
model name	: Intel(R) Core(TM) i5-4210U CPU @ 1.70GHz
stepping	: 1
microcode	: 0x17
cpu MHz		: 2394.396
cache size	: 3072 KB
physical id	: 0
siblings	: 4
core id		: 0
cpu cores	: 2
apicid		: 1
initial apicid	: 1
fpu		: yes
fpu_exception	: yes
cpuid level	: 13
wp		: yes
flags		: fpu vme de pse tsc msr pae mce cx8 apic sep mtrr pge mca cmov pat pse36 clflush dts acpi mmx fxsr sse sse2 ss ht tm pbe syscall nx pdpe1gb rdtscp lm constant_tsc arch_perfmon pebs bts rep_good nopl xtopology nonstop_tsc cpuid aperfmperf pni pclmulqdq dtes64 monitor ds_cpl vmx est tm2 ssse3 sdbg fma cx16 xtpr pdcm pcid sse4_1 sse4_2 movbe popcnt aes xsave avx f16c rdrand lahf_lm abm cpuid_fault epb invpcid_single pti retpoline tpr_shadow vnmi flexpriority ept vpid fsgsbase tsc_adjust bmi1 avx2 smep bmi2 erms invpcid xsaveopt dtherm ida arat pln pts
bugs		: cpu_meltdown spectre_v1 spectre_v2
bogomips	: 4788.79
clflush size	: 64
cache_alignment	: 64
address sizes	: 39 bits physical, 48 bits virtual
power management:

processor	: 2
vendor_id	: GenuineIntel
cpu family	: 6
model		: 69
model name	: Intel(R) Core(TM) i5-4210U CPU @ 1.70GHz
stepping	: 1
microcode	: 0x17
cpu MHz		: 2394.396
cache size	: 3072 KB
physical id	: 0
siblings	: 4
core id		: 1
cpu cores	: 2
apicid		: 2
initial apicid	: 2
fpu		: yes
fpu_exception	: yes
cpuid level	: 13
wp		: yes
flags		: fpu vme de pse tsc msr pae mce cx8 apic sep mtrr pge mca cmov pat pse36 clflush dts acpi mmx fxsr sse sse2 ss ht tm pbe syscall nx pdpe1gb rdtscp lm constant_tsc arch_perfmon pebs bts rep_good nopl xtopology nonstop_tsc cpuid aperfmperf pni pclmulqdq dtes64 monitor ds_cpl vmx est tm2 ssse3 sdbg fma cx16 xtpr pdcm pcid sse4_1 sse4_2 movbe popcnt aes xsave avx f16c rdrand lahf_lm abm cpuid_fault epb invpcid_single pti retpoline tpr_shadow vnmi flexpriority ept vpid fsgsbase tsc_adjust bmi1 avx2 smep bmi2 erms invpcid xsaveopt dtherm ida arat pln pts
bugs		: cpu_meltdown spectre_v1 spectre_v2
bogomips	: 4788.79
clflush size	: 64
cache_alignment	: 64
address sizes	: 39 bits physical, 48 bits virtual
power management:

processor	: 3
vendor_id	: GenuineIntel
cpu family	: 6
model		: 69
model name	: Intel(R) Core(TM) i5-4210U CPU @ 1.70GHz
stepping	: 1
microcode	: 0x17
cpu MHz		: 2394.396
cache size	: 3072 KB
physical id	: 0
siblings	: 4
core id		: 1
cpu cores	: 2
apicid		: 3
initial apicid	: 3
fpu		: yes
fpu_exception	: yes
cpuid level	: 13
wp		: yes
flags		: fpu vme de pse tsc msr pae mce cx8 apic sep mtrr pge mca cmov pat pse36 clflush dts acpi mmx fxsr sse sse2 ss ht tm pbe syscall nx pdpe1gb rdtscp lm constant_tsc arch_perfmon pebs bts rep_good nopl xtopology nonstop_tsc cpuid aperfmperf pni pclmulqdq dtes64 monitor ds_cpl vmx est tm2 ssse3 sdbg fma cx16 xtpr pdcm pcid sse4_1 sse4_2 movbe popcnt aes xsave avx f16c rdrand lahf_lm abm cpuid_fault epb invpcid_single pti retpoline tpr_shadow vnmi flexpriority ept vpid fsgsbase tsc_adjust bmi1 avx2 smep bmi2 erms invpcid xsaveopt dtherm ida arat pln pts
bugs		: cpu_meltdown spectre_v1 spectre_v2
bogomips	: 4788.79
clflush size	: 64
cache_alignment	: 64
address sizes	: 39 bits physical, 48 bits virtual
power management:



Memory: 4k page, physical 8098500k(611292k free), swap 1520880k(1520880k free)

vm_info: OpenJDK 64-Bit Server VM (25.151-b12) for linux-amd64 JRE (1.8.0_151-8u151-b12-0ubuntu0.17.10.2-b12), built on Oct 23 2017 22:43:02 by "buildd" with gcc 7.2.0

time: Mon Mar 26 19:32:21 2018
elapsed time: 568 seconds (0d 0h 9m 28s)

