#
# A fatal error has been detected by the Java Runtime Environment:
#
#  SIGSEGV (0xb) at pc=0x00007f846d0697ba, pid=23473, tid=0x00007f8454cf5700
#
# JRE version: OpenJDK Runtime Environment (8.0_151-b12) (build 1.8.0_151-8u151-b12-0ubuntu0.17.10.2-b12)
# Java VM: OpenJDK 64-Bit Server VM (25.151-b12 mixed mode linux-amd64 compressed oops)
# Problematic frame:
# v  ~BufferBlob::jni_fast_GetLongField
#
# Failed to write core dump. Core dumps have been disabled. To enable core dumping, try "ulimit -c unlimited" before starting Java again
#
# If you would like to submit a bug report, please visit:
#   http://bugreport.java.com/bugreport/crash.jsp
# The crash happened outside the Java Virtual Machine in native code.
# See problematic frame for where to report the bug.
#

---------------  T H R E A D  ---------------

Current thread (0x00007f847c26e000):  JavaThread "AWT-XAWT" daemon [_thread_in_native, id=23494, stack(0x00007f8454bf5000,0x00007f8454cf6000)]

siginfo: si_signo: 11 (SIGSEGV), si_code: 1 (SEGV_MAPERR), si_addr: 0x0000000000000000

Registers:
RAX=0x00007f8484175f40, RBX=0x00007f847c26e1e0, RCX=0x0000000000000000, RDX=0x0000000000000042
RSP=0x00007f8454cf47d8, RBP=0x00007f8454cf4800, RSI=0x0000000000000000, RDI=0x00007f847c26e1e0
R8 =0x00000000d6d76ef0, R9 =0x0000000000000000, R10=0x0000000000000028, R11=0x00007f846d243a58
R12=0x00007f8418027e90, R13=0x0000000000000000, R14=0x00007f8456f48ae0, R15=0x00007f847c26e000
RIP=0x00007f846d0697ba, EFLAGS=0x0000000000010246, CSGSFS=0x002b000000000033, ERR=0x0000000000000004
  TRAPNO=0x000000000000000e

Top of Stack: (sp=0x00007f8454cf47d8)
0x00007f8454cf47d8:   00007f8456d26b94 00007f846cc30940
0x00007f8454cf47e8:   00007f8418027e90 00007f8454cf48b0
0x00007f8454cf47f8:   00007f8454cf4880 0000000000000000
0x00007f8454cf4808:   00007f845680a300 00007f846cc30940
0x00007f8454cf4818:   00007f8454cf4840 0000000000000000
0x00007f8454cf4828:   00007f8456801e23 00007f8454cf48b0
0x00007f8454cf4838:   00007f8456d1eb3f 00007f8454cf4890
0x00007f8454cf4848:   00007f846d243af6 0000000000000000
0x00007f8454cf4858:   00007f846d1e7ff6 00007f8454cf48b0
0x00007f8454cf4868:   00007f846d1600ec 00007f8454cf4910
0x00007f8454cf4878:   00000000d6fe7200 00000000d6fa0c78
0x00007f8454cf4888:   0000000000000001 00007f8454cf4910
0x00007f8454cf4898:   00007f846d0077d0 00007f8454cf4910
0x00007f8454cf48a8:   00007f846d0077d0 0000000000000000
0x00007f8454cf48b8:   00007f846d007b10 00007f842c001110
0x00007f8454cf48c8:   00000000d7019b80 00007f8454cf48d0
0x00007f8454cf48d8:   00007f846cd2dfbc 00007f8454cf4958
0x00007f8454cf48e8:   00007f846cd37428 0000000000000000
0x00007f8454cf48f8:   00007f846cd2e0f8 00007f8454cf48b0
0x00007f8454cf4908:   00007f8454cf4950 00007f8454cf49a0
0x00007f8454cf4918:   00007f846d007ffd 0000000000000000
0x00007f8454cf4928:   00000000d7b1d500 0000000000000000
0x00007f8454cf4938:   0000000000000000 0000000000000000
0x00007f8454cf4948:   00000000d7019b80 0000000000000000
0x00007f8454cf4958:   00000000d6fe7da0 00007f8454cf4960
0x00007f8454cf4968:   00007f846cd2ddfd 00007f8454cf49b0
0x00007f8454cf4978:   00007f846cd37428 0000000000000000
0x00007f8454cf4988:   00007f846cd2de08 00007f8454cf4950
0x00007f8454cf4998:   00007f8454cf49b0 00007f8454cf49f8
0x00007f8454cf49a8:   00007f846d008042 00000000d6fe7da0
0x00007f8454cf49b8:   00007f8454cf49b8 00007f846c82d99b
0x00007f8454cf49c8:   00007f8454cf4a08 00007f846c8b5138 

Instructions: (pc=0x00007f846d0697ba)
0x00007f846d06979a:   00 00 00 00 00 00 44 8b 15 4d 92 13 17 4c 8b ce
0x00007f846d0697aa:   41 f6 c2 01 0f 85 2e 00 00 00 4d 33 ca 4d 33 ca
0x00007f846d0697ba:   4d 8b 09 4c 8b da 49 c1 eb 02 4b 8b 04 19 49 bb
0x00007f846d0697ca:   f4 29 1a 84 84 7f 00 00 4c 33 d8 4c 33 d8 45 3b 

Register to memory mapping:

RAX=0x00007f8484175f40: <offset 0xf2cf40> in /usr/lib/jvm/java-8-openjdk-amd64/jre/lib/amd64/server/libjvm.so at 0x00007f8483249000
RBX=0x00007f847c26e1e0 is an unknown value
RCX=0x0000000000000000 is an unknown value
RDX=0x0000000000000042 is an unknown value
RSP=0x00007f8454cf47d8 is pointing into the stack for thread: 0x00007f847c26e000
RBP=0x00007f8454cf4800 is pointing into the stack for thread: 0x00007f847c26e000
RSI=0x0000000000000000 is an unknown value
RDI=0x00007f847c26e1e0 is an unknown value
R8 =0x00000000d6d76ef0 is an oop
sun.util.logging.PlatformLogger$Level 
 - klass: 'sun/util/logging/PlatformLogger$Level'
R9 =0x0000000000000000 is an unknown value
R10=0x0000000000000028 is an unknown value
R11=0x00007f846d243a58 is at entry_point+24 in (nmethod*)0x00007f846d2438d0
R12=0x00007f8418027e90 is an unknown value
R13=0x0000000000000000 is an unknown value
R14=0x00007f8456f48ae0: <offset 0x257ae0> in /usr/lib/jvm/java-8-openjdk-amd64/jre/lib/amd64/libawt_xawt.so at 0x00007f8456cf1000
R15=0x00007f847c26e000 is a thread


Stack: [0x00007f8454bf5000,0x00007f8454cf6000],  sp=0x00007f8454cf47d8,  free space=1021k
Native frames: (J=compiled Java code, j=interpreted, Vv=VM code, C=native code)
v  ~BufferBlob::jni_fast_GetLongField
C  [libX11.so.6+0x64300]  _XimServerDestroy+0x70

Java frames: (J=compiled Java code, j=interpreted, Vv=VM code)
J 603  sun.awt.X11.XlibWrapper.XFilterEvent(JJ)Z (0 bytes) @ 0x00007f846d243a84 [0x00007f846d243a40+0x44]
j  sun.awt.X11.XToolkit.run(Z)V+300
j  sun.awt.X11.XToolkit.run()V+5
j  java.lang.Thread.run()V+11
v  ~StubRoutines::call_stub

---------------  P R O C E S S  ---------------

Java Threads: ( => current thread )
  0x00007f841811c000 JavaThread "Abandoned connection cleanup thread" daemon [_thread_blocked, id=23501, stack(0x00007f84251e8000,0x00007f84252e9000)]
  0x00007f84180ea000 JavaThread "TimerQueue" daemon [_thread_blocked, id=23500, stack(0x00007f84254e9000,0x00007f84255ea000)]
  0x00007f841c003800 JavaThread "Thread-0" daemon [_thread_in_native, id=23497, stack(0x00007f8426017000,0x00007f8426818000)]
  0x00007f847c00a800 JavaThread "DestroyJavaVM" [_thread_blocked, id=23477, stack(0x00007f8484efa000,0x00007f8484ffb000)]
  0x00007f847c2e7000 JavaThread "AWT-EventQueue-1" [_thread_blocked, id=23499, stack(0x00007f8425e15000,0x00007f8425f16000)]
  0x00007f847c2e6000 JavaThread "AWT-Shutdown" [_thread_blocked, id=23498, stack(0x00007f8425f16000,0x00007f8426017000)]
=>0x00007f847c26e000 JavaThread "AWT-XAWT" daemon [_thread_in_native, id=23494, stack(0x00007f8454bf5000,0x00007f8454cf6000)]
  0x00007f847c24d800 JavaThread "Java2D Disposer" daemon [_thread_blocked, id=23493, stack(0x00007f8455106000,0x00007f8455207000)]
  0x00007f847c0c1800 JavaThread "Service Thread" daemon [_thread_blocked, id=23490, stack(0x00007f845731a000,0x00007f845741b000)]
  0x00007f847c0b2000 JavaThread "C1 CompilerThread2" daemon [_thread_blocked, id=23489, stack(0x00007f845741b000,0x00007f845751c000)]
  0x00007f847c0b0800 JavaThread "C2 CompilerThread1" daemon [_thread_blocked, id=23488, stack(0x00007f845751c000,0x00007f845761d000)]
  0x00007f847c0ad800 JavaThread "C2 CompilerThread0" daemon [_thread_blocked, id=23487, stack(0x00007f845761d000,0x00007f845771e000)]
  0x00007f847c0ab800 JavaThread "Signal Dispatcher" daemon [_thread_blocked, id=23486, stack(0x00007f845771e000,0x00007f845781f000)]
  0x00007f847c084800 JavaThread "Finalizer" daemon [_thread_blocked, id=23485, stack(0x00007f8457afb000,0x00007f8457bfc000)]
  0x00007f847c080000 JavaThread "Reference Handler" daemon [_thread_blocked, id=23484, stack(0x00007f8457bfc000,0x00007f8457cfd000)]

Other Threads:
  0x00007f847c078000 VMThread [stack: 0x00007f8457cfd000,0x00007f8457dfe000] [id=23483]
  0x00007f847c0c4800 WatcherThread [stack: 0x00007f8457219000,0x00007f845731a000] [id=23491]

VM state:not at safepoint (normal execution)

VM Mutex/Monitor currently owned by a thread: None

Heap:
 PSYoungGen      total 36864K, used 21665K [0x00000000d6d00000, 0x00000000d9600000, 0x0000000100000000)
  eden space 31744K, 68% used [0x00000000d6d00000,0x00000000d8228618,0x00000000d8c00000)
  from space 5120K, 0% used [0x00000000d9100000,0x00000000d9100000,0x00000000d9600000)
  to   space 5120K, 0% used [0x00000000d8c00000,0x00000000d8c00000,0x00000000d9100000)
 ParOldGen       total 84992K, used 0K [0x0000000084600000, 0x0000000089900000, 0x00000000d6d00000)
  object space 84992K, 0% used [0x0000000084600000,0x0000000084600000,0x0000000089900000)
 Metaspace       used 17279K, capacity 17582K, committed 17792K, reserved 1064960K
  class space    used 1996K, capacity 2139K, committed 2176K, reserved 1048576K

Card table byte_map: [0x00007f8481124000,0x00007f8481502000] byte_map_base: 0x00007f8480d01000

Marking Bits: (ParMarkBitMap*) 0x00007f84841a20e0
 Begin Bits: [0x00007f8464230000, 0x00007f8466118000)
 End Bits:   [0x00007f8466118000, 0x00007f8468000000)

Polling page: 0x00007f8485012000

CodeCache: size=245760Kb used=5102Kb max_used=5113Kb free=240657Kb
 bounds [0x00007f846d000000, 0x00007f846d510000, 0x00007f847c000000]
 total_blobs=2226 nmethods=1588 adapters=552
 compilation: enabled

Compilation events (10 events):
Event: 11480.983 Thread 0x00007f847c0b2000 1585       3       java.util.Vector::<init> (53 bytes)
Event: 11480.984 Thread 0x00007f847c0b2000 nmethod 1585 0x00007f846d4f74d0 code [0x00007f846d4f7680, 0x00007f846d4f7b38]
Event: 11490.575 Thread 0x00007f847c0b0800 1586       4       sun.awt.X11.XEvent::get_type (18 bytes)
Event: 11490.577 Thread 0x00007f847c0b0800 nmethod 1586 0x00007f846d5003d0 code [0x00007f846d500540, 0x00007f846d5006d8]
Event: 11768.692 Thread 0x00007f847c0b2000 1587       3       sun.awt.X11.XMSelection$1::dispatchEvent (10 bytes)
Event: 11768.693 Thread 0x00007f847c0b2000 nmethod 1587 0x00007f846d4ffad0 code [0x00007f846d4ffc80, 0x00007f846d5000d8]
Event: 11768.693 Thread 0x00007f847c0b2000 1588       3       sun.awt.X11.XMSelection::processRootEvent (32 bytes)
Event: 11768.693 Thread 0x00007f847c0b2000 nmethod 1588 0x00007f846d4ff2d0 code [0x00007f846d4ff480, 0x00007f846d4ff858]
Event: 12563.830 Thread 0x00007f847c0ad800 1589       4       java.util.TreeMap::getEntry (84 bytes)
Event: 12563.835 Thread 0x00007f847c0ad800 nmethod 1589 0x00007f846d4fd650 code [0x00007f846d4fd7e0, 0x00007f846d4fdb68]

GC Heap History (0 events):
No events

Deoptimization events (10 events):
Event: 2.863 Thread 0x00007f847c2e7000 Uncommon trap: reason=class_check action=maybe_recompile pc=0x00007f846d146870 method=java.lang.String.equals(Ljava/lang/Object;)Z @ 8
Event: 2.863 Thread 0x00007f847c2e7000 Uncommon trap: reason=class_check action=maybe_recompile pc=0x00007f846d146870 method=java.lang.String.equals(Ljava/lang/Object;)Z @ 8
Event: 3.122 Thread 0x00007f847c2e7000 Uncommon trap: reason=class_check action=maybe_recompile pc=0x00007f846d146870 method=java.lang.String.equals(Ljava/lang/Object;)Z @ 8
Event: 3.122 Thread 0x00007f847c2e7000 Uncommon trap: reason=class_check action=maybe_recompile pc=0x00007f846d146870 method=java.lang.String.equals(Ljava/lang/Object;)Z @ 8
Event: 6.286 Thread 0x00007f847c2e7000 Uncommon trap: reason=unstable_if action=reinterpret pc=0x00007f846d2a3c60 method=sun.java2d.pisces.PiscesTileGenerator.getAlpha([BII)V @ 167
Event: 6.286 Thread 0x00007f847c2e7000 Uncommon trap: reason=unstable_if action=reinterpret pc=0x00007f846d299e9c method=sun.java2d.pisces.PiscesTileGenerator.getAlpha([BII)V @ 167
Event: 10.745 Thread 0x00007f847c2e7000 Uncommon trap: reason=class_check action=maybe_recompile pc=0x00007f846d1cf098 method=java.util.Properties$LineReader.readLine()I @ 62
Event: 10.745 Thread 0x00007f847c2e7000 Uncommon trap: reason=unstable_if action=reinterpret pc=0x00007f846d1cee58 method=java.util.Properties$LineReader.readLine()I @ 206
Event: 10.746 Thread 0x00007f847c2e7000 Uncommon trap: reason=unstable_if action=reinterpret pc=0x00007f846d1cd728 method=java.util.Properties.loadConvert([CII[C)Ljava/lang/String; @ 57
Event: 10.856 Thread 0x00007f847c2e7000 Uncommon trap: reason=unstable_if action=reinterpret pc=0x00007f846d24459c method=java.lang.String.indexOf([CII[CIII)I @ 3

Internal exceptions (10 events):
Event: 8.667 Thread 0x00007f847c2e7000 Exception <a 'java/lang/ClassNotFoundException': ToggleButton> (0x00000000d7a55940) thrown at [/build/openjdk-8-bnv6fG/openjdk-8-8u151-b12/src/hotspot/src/share/vm/classfile/systemDictionary.cpp, line 210]
Event: 8.667 Thread 0x00007f847c2e7000 Exception <a 'java/lang/ClassNotFoundException': javax/swing/JToolBarSeparator> (0x00000000d7a56170) thrown at [/build/openjdk-8-bnv6fG/openjdk-8-8u151-b12/src/hotspot/src/share/vm/classfile/systemDictionary.cpp, line 210]
Event: 8.667 Thread 0x00007f847c2e7000 Exception <a 'java/lang/ClassNotFoundException': ToolBarSeparator> (0x00000000d7a569d8) thrown at [/build/openjdk-8-bnv6fG/openjdk-8-8u151-b12/src/hotspot/src/share/vm/classfile/systemDictionary.cpp, line 210]
Event: 8.667 Thread 0x00007f847c2e7000 Exception <a 'java/lang/ClassNotFoundException': ToolTip> (0x00000000d7a57440) thrown at [/build/openjdk-8-bnv6fG/openjdk-8-8u151-b12/src/hotspot/src/share/vm/classfile/systemDictionary.cpp, line 210]
Event: 8.667 Thread 0x00007f847c2e7000 Exception <a 'java/lang/ClassNotFoundException': Tree> (0x00000000d7a57ea0) thrown at [/build/openjdk-8-bnv6fG/openjdk-8-8u151-b12/src/hotspot/src/share/vm/classfile/systemDictionary.cpp, line 210]
Event: 8.667 Thread 0x00007f847c2e7000 Exception <a 'java/lang/ClassNotFoundException': Tree> (0x00000000d7a58968) thrown at [/build/openjdk-8-bnv6fG/openjdk-8-8u151-b12/src/hotspot/src/share/vm/classfile/systemDictionary.cpp, line 210]
Event: 8.667 Thread 0x00007f847c2e7000 Exception <a 'java/lang/ClassNotFoundException': javax/swing/JTreeCell> (0x00000000d7a590b8) thrown at [/build/openjdk-8-bnv6fG/openjdk-8-8u151-b12/src/hotspot/src/share/vm/classfile/systemDictionary.cpp, line 210]
Event: 8.667 Thread 0x00007f847c2e7000 Exception <a 'java/lang/ClassNotFoundException': TreeCell> (0x00000000d7a59910) thrown at [/build/openjdk-8-bnv6fG/openjdk-8-8u151-b12/src/hotspot/src/share/vm/classfile/systemDictionary.cpp, line 210]
Event: 8.667 Thread 0x00007f847c2e7000 Exception <a 'java/lang/ClassNotFoundException': RootPane> (0x00000000d7a5a500) thrown at [/build/openjdk-8-bnv6fG/openjdk-8-8u151-b12/src/hotspot/src/share/vm/classfile/systemDictionary.cpp, line 210]
Event: 8.824 Thread 0x00007f847c2e7000 Exception <a 'java/lang/UnsupportedOperationException': > (0x00000000d7bb2818) thrown at [/build/openjdk-8-bnv6fG/openjdk-8-8u151-b12/src/hotspot/src/share/vm/prims/jni.cpp, line 735]

Events (10 events):
Event: 10.980 loading class java/util/Collections$UnmodifiableMap$UnmodifiableEntrySet$UnmodifiableEntry done
Event: 10.981 loading class com/mysql/jdbc/ProfilerEventHandlerFactory
Event: 10.981 loading class com/mysql/jdbc/ProfilerEventHandlerFactory done
Event: 60.283 Thread 0x00007f847c281000 Thread exited: 0x00007f847c281000
Event: 1335.237 loading class sun/awt/X11/XkbEvent
Event: 1335.237 loading class sun/awt/X11/XkbEvent done
Event: 1335.237 loading class sun/awt/X11/XkbAnyEvent
Event: 1335.237 loading class sun/awt/X11/XkbAnyEvent done
Event: 10991.289 Thread 0x00007f841811c000 DEOPT PACKING pc=0x00007f846d4f9a96 sp=0x00007f84252e7920
Event: 10991.289 Thread 0x00007f841811c000 DEOPT UNPACKING pc=0x00007f846d047373 sp=0x00007f84252e7700 mode 0


Dynamic libraries:
84600000-89900000 rw-p 00000000 00:00 0 
89900000-d6d00000 ---p 00000000 00:00 0 
d6d00000-d9600000 rw-p 00000000 00:00 0 
d9600000-100000000 ---p 00000000 00:00 0 
100000000-100220000 rw-p 00000000 00:00 0 
100220000-140000000 ---p 00000000 00:00 0 
55b122890000-55b122891000 r-xp 00000000 08:07 1466914                    /usr/lib/jvm/java-8-openjdk-amd64/jre/bin/java
55b122a90000-55b122a91000 r--p 00000000 08:07 1466914                    /usr/lib/jvm/java-8-openjdk-amd64/jre/bin/java
55b122a91000-55b122a92000 rw-p 00001000 08:07 1466914                    /usr/lib/jvm/java-8-openjdk-amd64/jre/bin/java
55b1237c4000-55b1237e5000 rw-p 00000000 00:00 0                          [heap]
7f8404000000-7f8404021000 rw-p 00000000 00:00 0 
7f8404021000-7f8408000000 ---p 00000000 00:00 0 
7f840c000000-7f840c021000 rw-p 00000000 00:00 0 
7f840c021000-7f8410000000 ---p 00000000 00:00 0 
7f8410fff000-7f8414000000 rw-p 00000000 00:00 0 
7f8414000000-7f8414021000 rw-p 00000000 00:00 0 
7f8414021000-7f8418000000 ---p 00000000 00:00 0 
7f8418000000-7f841830b000 rw-p 00000000 00:00 0 
7f841830b000-7f841c000000 ---p 00000000 00:00 0 
7f841c000000-7f841c021000 rw-p 00000000 00:00 0 
7f841c021000-7f8420000000 ---p 00000000 00:00 0 
7f8420000000-7f8420021000 rw-p 00000000 00:00 0 
7f8420021000-7f8424000000 ---p 00000000 00:00 0 
7f8424fe8000-7f8425128000 rw-p 00000000 00:00 0 
7f8425128000-7f84251e8000 ---p 00000000 00:00 0 
7f84251e8000-7f84251eb000 ---p 00000000 00:00 0 
7f84251eb000-7f84254e9000 rw-p 00000000 00:00 0 
7f84254e9000-7f84254ec000 ---p 00000000 00:00 0 
7f84254ec000-7f84257ea000 rw-p 00000000 00:00 0 
7f84257ea000-7f84257fb000 r-xp 00000000 08:07 1466953                    /usr/lib/jvm/java-8-openjdk-amd64/jre/lib/amd64/libnio.so
7f84257fb000-7f84259fb000 ---p 00011000 08:07 1466953                    /usr/lib/jvm/java-8-openjdk-amd64/jre/lib/amd64/libnio.so
7f84259fb000-7f84259fc000 r--p 00011000 08:07 1466953                    /usr/lib/jvm/java-8-openjdk-amd64/jre/lib/amd64/libnio.so
7f84259fc000-7f84259fd000 rw-p 00012000 08:07 1466953                    /usr/lib/jvm/java-8-openjdk-amd64/jre/lib/amd64/libnio.so
7f84259fd000-7f8425a14000 r-xp 00000000 08:07 1466952                    /usr/lib/jvm/java-8-openjdk-amd64/jre/lib/amd64/libnet.so
7f8425a14000-7f8425c13000 ---p 00017000 08:07 1466952                    /usr/lib/jvm/java-8-openjdk-amd64/jre/lib/amd64/libnet.so
7f8425c13000-7f8425c14000 r--p 00016000 08:07 1466952                    /usr/lib/jvm/java-8-openjdk-amd64/jre/lib/amd64/libnet.so
7f8425c14000-7f8425c15000 rw-p 00017000 08:07 1466952                    /usr/lib/jvm/java-8-openjdk-amd64/jre/lib/amd64/libnet.so
7f8425c15000-7f8425e15000 rw-p 00000000 00:00 0 
7f8425e15000-7f8425e18000 ---p 00000000 00:00 0 
7f8425e18000-7f8425f16000 rw-p 00000000 00:00 0 
7f8425f16000-7f8425f19000 ---p 00000000 00:00 0 
7f8425f19000-7f8426017000 rw-p 00000000 00:00 0 
7f8426017000-7f842601a000 ---p 00000000 00:00 0 
7f842601a000-7f8426818000 rw-p 00000000 00:00 0 
7f8426818000-7f842682c000 r-xp 00000000 08:07 793596                     /lib/x86_64-linux-gnu/libgpg-error.so.0.22.0
7f842682c000-7f8426a2b000 ---p 00014000 08:07 793596                     /lib/x86_64-linux-gnu/libgpg-error.so.0.22.0
7f8426a2b000-7f8426a2c000 r--p 00013000 08:07 793596                     /lib/x86_64-linux-gnu/libgpg-error.so.0.22.0
7f8426a2c000-7f8426a2d000 rw-p 00014000 08:07 793596                     /lib/x86_64-linux-gnu/libgpg-error.so.0.22.0
7f8426a2d000-7f8426a52000 r-xp 00000000 08:07 793703                     /lib/x86_64-linux-gnu/libselinux.so.1
7f8426a52000-7f8426c51000 ---p 00025000 08:07 793703                     /lib/x86_64-linux-gnu/libselinux.so.1
7f8426c51000-7f8426c52000 r--p 00024000 08:07 793703                     /lib/x86_64-linux-gnu/libselinux.so.1
7f8426c52000-7f8426c53000 rw-p 00025000 08:07 793703                     /lib/x86_64-linux-gnu/libselinux.so.1
7f8426c53000-7f8426c55000 rw-p 00000000 00:00 0 
7f8426c55000-7f8426c6c000 r-xp 00000000 08:07 1455825                    /usr/lib/x86_64-linux-gnu/liblz4.so.1.7.1
7f8426c6c000-7f8426e6b000 ---p 00017000 08:07 1455825                    /usr/lib/x86_64-linux-gnu/liblz4.so.1.7.1
7f8426e6b000-7f8426e6c000 r--p 00016000 08:07 1455825                    /usr/lib/x86_64-linux-gnu/liblz4.so.1.7.1
7f8426e6c000-7f8426e6d000 rw-p 00017000 08:07 1455825                    /usr/lib/x86_64-linux-gnu/liblz4.so.1.7.1
7f8426e6d000-7f8426e91000 r-xp 00000000 08:07 793615                     /lib/x86_64-linux-gnu/liblzma.so.5.2.2
7f8426e91000-7f8427091000 ---p 00024000 08:07 793615                     /lib/x86_64-linux-gnu/liblzma.so.5.2.2
7f8427091000-7f8427092000 r--p 00024000 08:07 793615                     /lib/x86_64-linux-gnu/liblzma.so.5.2.2
7f8427092000-7f8427093000 rw-p 00025000 08:07 793615                     /lib/x86_64-linux-gnu/liblzma.so.5.2.2
7f8427093000-7f8427199000 r-xp 00000000 08:07 793592                     /lib/x86_64-linux-gnu/libgcrypt.so.20.1.8
7f8427199000-7f8427398000 ---p 00106000 08:07 793592                     /lib/x86_64-linux-gnu/libgcrypt.so.20.1.8
7f8427398000-7f842739a000 r--p 00105000 08:07 793592                     /lib/x86_64-linux-gnu/libgcrypt.so.20.1.8
7f842739a000-7f84273a0000 rw-p 00107000 08:07 793592                     /lib/x86_64-linux-gnu/libgcrypt.so.20.1.8
7f84273a0000-7f84273a1000 rw-p 00000000 00:00 0 
7f84273a1000-7f8427422000 r-xp 00000000 08:07 793713                     /lib/x86_64-linux-gnu/libsystemd.so.0.19.0
7f8427422000-7f8427621000 ---p 00081000 08:07 793713                     /lib/x86_64-linux-gnu/libsystemd.so.0.19.0
7f8427621000-7f8427624000 r--p 00080000 08:07 793713                     /lib/x86_64-linux-gnu/libsystemd.so.0.19.0
7f8427624000-7f8427625000 rw-p 00083000 08:07 793713                     /lib/x86_64-linux-gnu/libsystemd.so.0.19.0
7f8427625000-7f8427626000 rw-p 00000000 00:00 0 
7f8427626000-7f8427696000 r-xp 00000000 08:07 793676                     /lib/x86_64-linux-gnu/libpcre.so.3.13.3
7f8427696000-7f8427896000 ---p 00070000 08:07 793676                     /lib/x86_64-linux-gnu/libpcre.so.3.13.3
7f8427896000-7f8427897000 r--p 00070000 08:07 793676                     /lib/x86_64-linux-gnu/libpcre.so.3.13.3
7f8427897000-7f8427898000 rw-p 00071000 08:07 793676                     /lib/x86_64-linux-gnu/libpcre.so.3.13.3
7f8427898000-7f842789f000 r-xp 00000000 08:07 1455433                    /usr/lib/x86_64-linux-gnu/libffi.so.6.0.4
7f842789f000-7f8427a9e000 ---p 00007000 08:07 1455433                    /usr/lib/x86_64-linux-gnu/libffi.so.6.0.4
7f8427a9e000-7f8427a9f000 r--p 00006000 08:07 1455433                    /usr/lib/x86_64-linux-gnu/libffi.so.6.0.4
7f8427a9f000-7f8427aa0000 rw-p 00007000 08:07 1455433                    /usr/lib/x86_64-linux-gnu/libffi.so.6.0.4
7f8427aa0000-7f8427aea000 r-xp 00000000 08:07 793568                     /lib/x86_64-linux-gnu/libdbus-1.so.3.14.13
7f8427aea000-7f8427cea000 ---p 0004a000 08:07 793568                     /lib/x86_64-linux-gnu/libdbus-1.so.3.14.13
7f8427cea000-7f8427ceb000 r--p 0004a000 08:07 793568                     /lib/x86_64-linux-gnu/libdbus-1.so.3.14.13
7f8427ceb000-7f8427cec000 rw-p 0004b000 08:07 793568                     /lib/x86_64-linux-gnu/libdbus-1.so.3.14.13
7f8427cec000-7f8427dfd000 r-xp 00000000 08:07 793594                     /lib/x86_64-linux-gnu/libglib-2.0.so.0.5400.1
7f8427dfd000-7f8427ffd000 ---p 00111000 08:07 793594                     /lib/x86_64-linux-gnu/libglib-2.0.so.0.5400.1
7f8427ffd000-7f8427ffe000 r--p 00111000 08:07 793594                     /lib/x86_64-linux-gnu/libglib-2.0.so.0.5400.1
7f8427ffe000-7f8427fff000 rw-p 00112000 08:07 793594                     /lib/x86_64-linux-gnu/libglib-2.0.so.0.5400.1
7f8427fff000-7f8428000000 rw-p 00000000 00:00 0 
7f8428000000-7f8428021000 rw-p 00000000 00:00 0 
7f8428021000-7f842c000000 ---p 00000000 00:00 0 
7f842c000000-7f842c021000 rw-p 00000000 00:00 0 
7f842c021000-7f8430000000 ---p 00000000 00:00 0 
7f8430000000-7f8430021000 rw-p 00000000 00:00 0 
7f8430021000-7f8434000000 ---p 00000000 00:00 0 
7f8434000000-7f8434021000 rw-p 00000000 00:00 0 
7f8434021000-7f8438000000 ---p 00000000 00:00 0 
7f8438000000-7f8438155000 rw-p 00000000 00:00 0 
7f8438155000-7f843c000000 ---p 00000000 00:00 0 
7f843c000000-7f843c6c1000 rw-p 00000000 00:00 0 
7f843c6c1000-7f8440000000 ---p 00000000 00:00 0 
7f8440000000-7f8440021000 rw-p 00000000 00:00 0 
7f8440021000-7f8444000000 ---p 00000000 00:00 0 
7f8444000000-7f844418b000 rw-p 00000000 00:00 0 
7f844418b000-7f8448000000 ---p 00000000 00:00 0 
7f8448000000-7f8448021000 rw-p 00000000 00:00 0 
7f8448021000-7f844c000000 ---p 00000000 00:00 0 
7f844c000000-7f844c021000 rw-p 00000000 00:00 0 
7f844c021000-7f8450000000 ---p 00000000 00:00 0 
7f8450000000-7f8450021000 rw-p 00000000 00:00 0 
7f8450021000-7f8454000000 ---p 00000000 00:00 0 
7f8454087000-7f845408c000 r--s 0009a000 08:07 1466997                    /usr/lib/jvm/java-8-openjdk-amd64/jre/lib/jsse.jar
7f845408c000-7f8454097000 r--s 00000000 08:07 1589659                    /var/cache/fontconfig/945677eb7aeaf62f1d50efc3fb3ec7d8-le64.cache-6
7f8454097000-7f845409d000 r--s 00000000 08:07 1589628                    /var/cache/fontconfig/2cd17615ca594fa2959ae173292e504c-le64.cache-6
7f845409d000-7f845409e000 r--s 00000000 08:07 1589621                    /var/cache/fontconfig/0d8c3b2ac0904cb8a57a757ad11a4a08-le64.cache-6
7f845409e000-7f84540b3000 r--s 00000000 08:07 1589617                    /var/cache/fontconfig/04aabc0a78ac019cf9454389977116d2-le64.cache-6
7f84540b3000-7f84540b4000 r--s 00000000 08:07 1589625                    /var/cache/fontconfig/1ac9eb803944fde146138c791f5cc56a-le64.cache-6
7f84540b4000-7f84540b8000 r--s 00000000 08:07 1589634                    /var/cache/fontconfig/385c0604a188198f04d133e54aba7fe7-le64.cache-6
7f84540b8000-7f84540b9000 r--s 00000000 08:07 1589678                    /var/cache/fontconfig/dc05db6664285cc2f12bf69c139ae4c3-le64.cache-6
7f84540b9000-7f84540bb000 r--s 00000000 08:07 1589622                    /var/cache/fontconfig/14a5e22175779b556eaa434240950366-le64.cache-6
7f84540bb000-7f84540bc000 r--s 00000000 08:07 1589651                    /var/cache/fontconfig/660208299946a285a940457d1287da33-le64.cache-6
7f84540bc000-7f84540be000 r--s 00000000 08:07 1589642                    /var/cache/fontconfig/4f3e3037c9980c83b53a9351efadef62-le64.cache-6
7f84540be000-7f84540c1000 r--s 00000000 08:07 1589655                    /var/cache/fontconfig/767a8244fc0220cfb567a839d0392e0b-le64.cache-6
7f84540c1000-7f84540c2000 r--s 00000000 08:07 1576417                    /var/cache/fontconfig/4794a0821666d79190d59a36cb4f44b5-le64.cache-6
7f84540c2000-7f84540c3000 r--s 00000000 08:07 1589619                    /var/cache/fontconfig/0bd3dc0958fa2205aaaa8ebb13e2872b-le64.cache-6
7f84540c3000-7f84540c9000 r--s 00000000 08:07 1589658                    /var/cache/fontconfig/8801497958630a81b71ace7c5f9b32a8-le64.cache-6
7f84540c9000-7f84540cc000 r--s 00000000 08:07 1589663                    /var/cache/fontconfig/a015930274ffcd967d2ca1b57da47cc7-le64.cache-6
7f84540cc000-7f84540f8000 r-xp 00000000 08:07 1455191                    /usr/lib/x86_64-linux-gnu/libatspi.so.0.0.1
7f84540f8000-7f84542f8000 ---p 0002c000 08:07 1455191                    /usr/lib/x86_64-linux-gnu/libatspi.so.0.0.1
7f84542f8000-7f84542fb000 r--p 0002c000 08:07 1455191                    /usr/lib/x86_64-linux-gnu/libatspi.so.0.0.1
7f84542fb000-7f84542fc000 rw-p 0002f000 08:07 1455191                    /usr/lib/x86_64-linux-gnu/libatspi.so.0.0.1
7f84542fc000-7f845434e000 r-xp 00000000 08:07 1455579                    /usr/lib/x86_64-linux-gnu/libgobject-2.0.so.0.5400.1
7f845434e000-7f845454e000 ---p 00052000 08:07 1455579                    /usr/lib/x86_64-linux-gnu/libgobject-2.0.so.0.5400.1
7f845454e000-7f845454f000 r--p 00052000 08:07 1455579                    /usr/lib/x86_64-linux-gnu/libgobject-2.0.so.0.5400.1
7f845454f000-7f8454550000 rw-p 00053000 08:07 1455579                    /usr/lib/x86_64-linux-gnu/libgobject-2.0.so.0.5400.1
7f8454550000-7f845457d000 r-xp 00000000 08:07 1455187                    /usr/lib/x86_64-linux-gnu/libatk-bridge-2.0.so.0.0.0
7f845457d000-7f845477c000 ---p 0002d000 08:07 1455187                    /usr/lib/x86_64-linux-gnu/libatk-bridge-2.0.so.0.0.0
7f845477c000-7f845477d000 r--p 0002c000 08:07 1455187                    /usr/lib/x86_64-linux-gnu/libatk-bridge-2.0.so.0.0.0
7f845477d000-7f845477f000 rw-p 0002d000 08:07 1455187                    /usr/lib/x86_64-linux-gnu/libatk-bridge-2.0.so.0.0.0
7f845477f000-7f84547a2000 r-xp 00000000 08:07 1455185                    /usr/lib/x86_64-linux-gnu/libatk-1.0.so.0.22609.1
7f84547a2000-7f84549a1000 ---p 00023000 08:07 1455185                    /usr/lib/x86_64-linux-gnu/libatk-1.0.so.0.22609.1
7f84549a1000-7f84549a4000 r--p 00022000 08:07 1455185                    /usr/lib/x86_64-linux-gnu/libatk-1.0.so.0.22609.1
7f84549a4000-7f84549a5000 rw-p 00025000 08:07 1455185                    /usr/lib/x86_64-linux-gnu/libatk-1.0.so.0.22609.1
7f84549a5000-7f84549bb000 r-xp 00000000 08:07 1596898                    /usr/lib/x86_64-linux-gnu/jni/libatk-wrapper.so.6.0.0
7f84549bb000-7f8454bba000 ---p 00016000 08:07 1596898                    /usr/lib/x86_64-linux-gnu/jni/libatk-wrapper.so.6.0.0
7f8454bba000-7f8454bbb000 r--p 00015000 08:07 1596898                    /usr/lib/x86_64-linux-gnu/jni/libatk-wrapper.so.6.0.0
7f8454bbb000-7f8454bbc000 rw-p 00016000 08:07 1596898                    /usr/lib/x86_64-linux-gnu/jni/libatk-wrapper.so.6.0.0
7f8454bbc000-7f8454bbf000 ---p 00000000 00:00 0 
7f8454bbf000-7f8454bf5000 rw-p 00000000 00:00 0 
7f8454bf5000-7f8454bf8000 ---p 00000000 00:00 0 
7f8454bf8000-7f8454cf6000 rw-p 00000000 00:00 0 
7f8454cf6000-7f8454cfb000 r-xp 00000000 08:07 1455113                    /usr/lib/x86_64-linux-gnu/libXfixes.so.3.1.0
7f8454cfb000-7f8454efa000 ---p 00005000 08:07 1455113                    /usr/lib/x86_64-linux-gnu/libXfixes.so.3.1.0
7f8454efa000-7f8454efb000 r--p 00004000 08:07 1455113                    /usr/lib/x86_64-linux-gnu/libXfixes.so.3.1.0
7f8454efb000-7f8454efc000 rw-p 00005000 08:07 1455113                    /usr/lib/x86_64-linux-gnu/libXfixes.so.3.1.0
7f8454efc000-7f8454f05000 r-xp 00000000 08:07 1455105                    /usr/lib/x86_64-linux-gnu/libXcursor.so.1.0.2
7f8454f05000-7f8455104000 ---p 00009000 08:07 1455105                    /usr/lib/x86_64-linux-gnu/libXcursor.so.1.0.2
7f8455104000-7f8455105000 r--p 00008000 08:07 1455105                    /usr/lib/x86_64-linux-gnu/libXcursor.so.1.0.2
7f8455105000-7f8455106000 rw-p 00009000 08:07 1455105                    /usr/lib/x86_64-linux-gnu/libXcursor.so.1.0.2
7f8455106000-7f8455109000 ---p 00000000 00:00 0 
7f8455109000-7f8455207000 rw-p 00000000 00:00 0 
7f8455207000-7f8455238000 r-xp 00000000 08:07 1455984                    /usr/lib/x86_64-linux-gnu/libpng16.so.16.34.0
7f8455238000-7f8455437000 ---p 00031000 08:07 1455984                    /usr/lib/x86_64-linux-gnu/libpng16.so.16.34.0
7f8455437000-7f8455438000 r--p 00030000 08:07 1455984                    /usr/lib/x86_64-linux-gnu/libpng16.so.16.34.0
7f8455438000-7f8455439000 rw-p 00031000 08:07 1455984                    /usr/lib/x86_64-linux-gnu/libpng16.so.16.34.0
7f8455439000-7f84554e5000 r-xp 00000000 08:07 1446974                    /usr/lib/x86_64-linux-gnu/libfreetype.so.6.14.0
7f84554e5000-7f84556e4000 ---p 000ac000 08:07 1446974                    /usr/lib/x86_64-linux-gnu/libfreetype.so.6.14.0
7f84556e4000-7f84556eb000 r--p 000ab000 08:07 1446974                    /usr/lib/x86_64-linux-gnu/libfreetype.so.6.14.0
7f84556eb000-7f84556ec000 rw-p 000b2000 08:07 1446974                    /usr/lib/x86_64-linux-gnu/libfreetype.so.6.14.0
7f84556ec000-7f845573d000 r-xp 00000000 08:07 1466934                    /usr/lib/jvm/java-8-openjdk-amd64/jre/lib/amd64/libfontmanager.so
7f845573d000-7f845593d000 ---p 00051000 08:07 1466934                    /usr/lib/jvm/java-8-openjdk-amd64/jre/lib/amd64/libfontmanager.so
7f845593d000-7f845593f000 r--p 00051000 08:07 1466934                    /usr/lib/jvm/java-8-openjdk-amd64/jre/lib/amd64/libfontmanager.so
7f845593f000-7f8455940000 rw-p 00053000 08:07 1466934                    /usr/lib/jvm/java-8-openjdk-amd64/jre/lib/amd64/libfontmanager.so
7f8455940000-7f8455953000 r-xp 00000000 08:07 793548                     /lib/x86_64-linux-gnu/libbsd.so.0.8.6
7f8455953000-7f8455b52000 ---p 00013000 08:07 793548                     /lib/x86_64-linux-gnu/libbsd.so.0.8.6
7f8455b52000-7f8455b53000 r--p 00012000 08:07 793548                     /lib/x86_64-linux-gnu/libbsd.so.0.8.6
7f8455b53000-7f8455b54000 rw-p 00013000 08:07 793548                     /lib/x86_64-linux-gnu/libbsd.so.0.8.6
7f8455b54000-7f8455b55000 rw-p 00000000 00:00 0 
7f8455b55000-7f8455b5a000 r-xp 00000000 08:07 1455109                    /usr/lib/x86_64-linux-gnu/libXdmcp.so.6.0.0
7f8455b5a000-7f8455d59000 ---p 00005000 08:07 1455109                    /usr/lib/x86_64-linux-gnu/libXdmcp.so.6.0.0
7f8455d59000-7f8455d5a000 r--p 00004000 08:07 1455109                    /usr/lib/x86_64-linux-gnu/libXdmcp.so.6.0.0
7f8455d5a000-7f8455d5b000 rw-p 00005000 08:07 1455109                    /usr/lib/x86_64-linux-gnu/libXdmcp.so.6.0.0
7f8455d5b000-7f8455d5d000 r-xp 00000000 08:07 1455098                    /usr/lib/x86_64-linux-gnu/libXau.so.6.0.0
7f8455d5d000-7f8455f5d000 ---p 00002000 08:07 1455098                    /usr/lib/x86_64-linux-gnu/libXau.so.6.0.0
7f8455f5d000-7f8455f5e000 r--p 00002000 08:07 1455098                    /usr/lib/x86_64-linux-gnu/libXau.so.6.0.0
7f8455f5e000-7f8455f5f000 rw-p 00003000 08:07 1455098                    /usr/lib/x86_64-linux-gnu/libXau.so.6.0.0
7f8455f5f000-7f8455f85000 r-xp 00000000 08:07 1456345                    /usr/lib/x86_64-linux-gnu/libxcb.so.1.1.0
7f8455f85000-7f8456184000 ---p 00026000 08:07 1456345                    /usr/lib/x86_64-linux-gnu/libxcb.so.1.1.0
7f8456184000-7f8456185000 r--p 00025000 08:07 1456345                    /usr/lib/x86_64-linux-gnu/libxcb.so.1.1.0
7f8456185000-7f8456186000 rw-p 00026000 08:07 1456345                    /usr/lib/x86_64-linux-gnu/libxcb.so.1.1.0
7f8456186000-7f8456195000 r-xp 00000000 08:07 1455121                    /usr/lib/x86_64-linux-gnu/libXi.so.6.1.0
7f8456195000-7f8456394000 ---p 0000f000 08:07 1455121                    /usr/lib/x86_64-linux-gnu/libXi.so.6.1.0
7f8456394000-7f8456395000 r--p 0000e000 08:07 1455121                    /usr/lib/x86_64-linux-gnu/libXi.so.6.1.0
7f8456395000-7f8456396000 rw-p 0000f000 08:07 1455121                    /usr/lib/x86_64-linux-gnu/libXi.so.6.1.0
7f8456396000-7f845639b000 r-xp 00000000 08:07 1455139                    /usr/lib/x86_64-linux-gnu/libXtst.so.6.1.0
7f845639b000-7f845659a000 ---p 00005000 08:07 1455139                    /usr/lib/x86_64-linux-gnu/libXtst.so.6.1.0
7f845659a000-7f845659b000 r--p 00004000 08:07 1455139                    /usr/lib/x86_64-linux-gnu/libXtst.so.6.1.0
7f845659b000-7f845659c000 rw-p 00005000 08:07 1455139                    /usr/lib/x86_64-linux-gnu/libXtst.so.6.1.0
7f845659c000-7f84565a5000 r-xp 00000000 08:07 1455133                    /usr/lib/x86_64-linux-gnu/libXrender.so.1.3.0
7f84565a5000-7f84567a4000 ---p 00009000 08:07 1455133                    /usr/lib/x86_64-linux-gnu/libXrender.so.1.3.0
7f84567a4000-7f84567a5000 r--p 00008000 08:07 1455133                    /usr/lib/x86_64-linux-gnu/libXrender.so.1.3.0
7f84567a5000-7f84567a6000 rw-p 00009000 08:07 1455133                    /usr/lib/x86_64-linux-gnu/libXrender.so.1.3.0
7f84567a6000-7f84568da000 r-xp 00000000 08:07 1455094                    /usr/lib/x86_64-linux-gnu/libX11.so.6.3.0
7f84568da000-7f8456ada000 ---p 00134000 08:07 1455094                    /usr/lib/x86_64-linux-gnu/libX11.so.6.3.0
7f8456ada000-7f8456adb000 r--p 00134000 08:07 1455094                    /usr/lib/x86_64-linux-gnu/libX11.so.6.3.0
7f8456adb000-7f8456adf000 rw-p 00135000 08:07 1455094                    /usr/lib/x86_64-linux-gnu/libX11.so.6.3.0
7f8456adf000-7f8456af0000 r-xp 00000000 08:07 1455111                    /usr/lib/x86_64-linux-gnu/libXext.so.6.4.0
7f8456af0000-7f8456cef000 ---p 00011000 08:07 1455111                    /usr/lib/x86_64-linux-gnu/libXext.so.6.4.0
7f8456cef000-7f8456cf0000 r--p 00010000 08:07 1455111                    /usr/lib/x86_64-linux-gnu/libXext.so.6.4.0
7f8456cf0000-7f8456cf1000 rw-p 00011000 08:07 1455111                    /usr/lib/x86_64-linux-gnu/libXext.so.6.4.0
7f8456cf1000-7f8456d45000 r-xp 00000000 08:07 1466932                    /usr/lib/jvm/java-8-openjdk-amd64/jre/lib/amd64/libawt_xawt.so
7f8456d45000-7f8456f44000 ---p 00054000 08:07 1466932                    /usr/lib/jvm/java-8-openjdk-amd64/jre/lib/amd64/libawt_xawt.so
7f8456f44000-7f8456f45000 r--p 00053000 08:07 1466932                    /usr/lib/jvm/java-8-openjdk-amd64/jre/lib/amd64/libawt_xawt.so
7f8456f45000-7f8456f48000 rw-p 00054000 08:07 1466932                    /usr/lib/jvm/java-8-openjdk-amd64/jre/lib/amd64/libawt_xawt.so
7f8456f48000-7f8456f49000 rw-p 00000000 00:00 0 
7f8456f49000-7f8456fe9000 r-xp 00000000 08:07 1466930                    /usr/lib/jvm/java-8-openjdk-amd64/jre/lib/amd64/libawt.so
7f8456fe9000-7f84571e8000 ---p 000a0000 08:07 1466930                    /usr/lib/jvm/java-8-openjdk-amd64/jre/lib/amd64/libawt.so
7f84571e8000-7f84571e9000 r--p 0009f000 08:07 1466930                    /usr/lib/jvm/java-8-openjdk-amd64/jre/lib/amd64/libawt.so
7f84571e9000-7f84571f4000 rw-p 000a0000 08:07 1466930                    /usr/lib/jvm/java-8-openjdk-amd64/jre/lib/amd64/libawt.so
7f84571f4000-7f8457219000 rw-p 00000000 00:00 0 
7f8457219000-7f845721a000 ---p 00000000 00:00 0 
7f845721a000-7f845731a000 rw-p 00000000 00:00 0 
7f845731a000-7f845731d000 ---p 00000000 00:00 0 
7f845731d000-7f845741b000 rw-p 00000000 00:00 0 
7f845741b000-7f845741e000 ---p 00000000 00:00 0 
7f845741e000-7f845751c000 rw-p 00000000 00:00 0 
7f845751c000-7f845751f000 ---p 00000000 00:00 0 
7f845751f000-7f845761d000 rw-p 00000000 00:00 0 
7f845761d000-7f8457620000 ---p 00000000 00:00 0 
7f8457620000-7f845771e000 rw-p 00000000 00:00 0 
7f845771e000-7f8457721000 ---p 00000000 00:00 0 
7f8457721000-7f845781f000 rw-p 00000000 00:00 0 
7f845781f000-7f8457afb000 r--p 00000000 08:07 1445975                    /usr/lib/locale/locale-archive
7f8457afb000-7f8457afe000 ---p 00000000 00:00 0 
7f8457afe000-7f8457bfc000 rw-p 00000000 00:00 0 
7f8457bfc000-7f8457bff000 ---p 00000000 00:00 0 
7f8457bff000-7f8457cfd000 rw-p 00000000 00:00 0 
7f8457cfd000-7f8457cfe000 ---p 00000000 00:00 0 
7f8457cfe000-7f8458000000 rw-p 00000000 00:00 0 
7f8458000000-7f8458021000 rw-p 00000000 00:00 0 
7f8458021000-7f845c000000 ---p 00000000 00:00 0 
7f845c000000-7f845c021000 rw-p 00000000 00:00 0 
7f845c021000-7f8460000000 ---p 00000000 00:00 0 
7f8460000000-7f8460021000 rw-p 00000000 00:00 0 
7f8460021000-7f8464000000 ---p 00000000 00:00 0 
7f8464000000-7f8464001000 r--s 00000000 08:07 1589667                    /var/cache/fontconfig/b872e6e592da6075ffa4ab0a1fcc0c75-le64.cache-6
7f8464001000-7f8464002000 r--s 00000000 08:07 1589683                    /var/cache/fontconfig/f6d4eedfaab2589bde49f7a3ff831d22-le64.cache-6
7f8464002000-7f8464003000 r--s 00000000 08:07 1589649                    /var/cache/fontconfig/589f83ef4c36d296ce6e1c846f468f08-le64.cache-6
7f8464003000-7f8464004000 r--s 00000000 08:07 1589669                    /var/cache/fontconfig/bab58bb527bb656aaa9f116d68a48d89-le64.cache-6
7f8464004000-7f8464005000 r--s 00000000 08:07 1589626                    /var/cache/fontconfig/2171a34dccabdb6bcbbc728186263178-le64.cache-6
7f8464005000-7f8464006000 r--s 00000000 08:07 1589670                    /var/cache/fontconfig/c5c45a61289222e0d30b1a26ef4effbe-le64.cache-6
7f8464006000-7f8464007000 r--s 00000000 08:07 1589665                    /var/cache/fontconfig/aec30016f93e1b46d1a973dce0d74068-le64.cache-6
7f8464007000-7f8464008000 r--s 00000000 08:07 1589635                    /var/cache/fontconfig/3f589640d34b7dc9042c8d453f7c8b9c-le64.cache-6
7f8464008000-7f8464009000 r--s 00000000 08:07 1589623                    /var/cache/fontconfig/16c2fda60d1b4b719f4b3d06fd951d25-le64.cache-6
7f8464009000-7f846400a000 r--s 00000000 08:07 1589664                    /var/cache/fontconfig/a48eab177a16e4f3713381162db2f3e9-le64.cache-6
7f846400a000-7f846400b000 r--s 00000000 08:07 1589645                    /var/cache/fontconfig/564b2e68ac9bc4e36a6f7f6d6125ec1c-le64.cache-6
7f846400b000-7f8464011000 r--s 00000000 08:07 1589629                    /var/cache/fontconfig/3047814df9a2f067bd2d96a2b9c36e5a-le64.cache-6
7f8464011000-7f8464012000 r--s 00000000 08:07 1589646                    /var/cache/fontconfig/56cf4f4769d0f4abc89a4895d7bd3ae1-le64.cache-6
7f8464012000-7f8464013000 r--s 00000000 08:07 1589668                    /var/cache/fontconfig/b9d506c9ac06c20b433354fa67a72993-le64.cache-6
7f8464013000-7f8464019000 r--s 00000000 08:07 1589666                    /var/cache/fontconfig/b47c4e1ecd0709278f4910c18777a504-le64.cache-6
7f8464019000-7f846402c000 r--s 00000000 08:07 1589675                    /var/cache/fontconfig/d52a8644073d54c13679302ca1180695-le64.cache-6
7f846402c000-7f846402d000 r--s 00000000 08:07 1589632                    /var/cache/fontconfig/370e5b74bf5dafc30834de68e24a87a4-le64.cache-6
7f846402d000-7f846402e000 r--s 00000000 08:07 1589653                    /var/cache/fontconfig/6b2c5944714ca7831b25bed9e85cb5c8-le64.cache-6
7f846402e000-7f8468000000 rw-p 00000000 00:00 0 
7f8468000000-7f8468021000 rw-p 00000000 00:00 0 
7f8468021000-7f846c000000 ---p 00000000 00:00 0 
7f846c000000-7f846c001000 r--s 00000000 08:07 1589674                    /var/cache/fontconfig/d5178ab6d91b49bf20a416737dcea9e8-le64.cache-6
7f846c001000-7f846c002000 r--s 00000000 08:07 1589644                    /var/cache/fontconfig/551ecf3b0e8b0bca0f25c0944f561853-le64.cache-6
7f846c002000-7f846c005000 r--s 00000000 08:07 1589682                    /var/cache/fontconfig/f259c2cffa685e28062317905db73c4a-le64.cache-6
7f846c005000-7f846c011000 r--s 00000000 08:07 1597056                    /var/cache/fontconfig/d589a48862398ed80a3d6066f4f56f4c-le64.cache-6
7f846c011000-7f846c01f000 r--s 00000000 08:07 1589661                    /var/cache/fontconfig/9b89f8e3dae116d678bbf48e5f21f69b-le64.cache-6
7f846c01f000-7f846c02c000 r--s 00000000 08:07 1596747                    /var/cache/fontconfig/e13b20fdb08344e0e664864cc2ede53d-le64.cache-6
7f846c02c000-7f846c03f000 r--s 00346000 08:07 1467002                    /usr/lib/jvm/java-8-openjdk-amd64/jre/lib/resources.jar
7f846c03f000-7f846c05a000 r--s 00394000 08:07 1466974                    /usr/lib/jvm/java-8-openjdk-amd64/jre/lib/ext/cldrdata.jar
7f846c05a000-7f846c075000 r--s 001d6000 08:07 1466979                    /usr/lib/jvm/java-8-openjdk-amd64/jre/lib/ext/nashorn.jar
7f846c075000-7f846d000000 rw-p 00000000 00:00 0 
7f846d000000-7f846d510000 rwxp 00000000 00:00 0 
7f846d510000-7f847c000000 ---p 00000000 00:00 0 
7f847c000000-7f847c32a000 rw-p 00000000 00:00 0 
7f847c32a000-7f8480000000 ---p 00000000 00:00 0 
7f8480000000-7f8480002000 r--s 00000000 08:07 1589643                    /var/cache/fontconfig/550f3886151c940c12a5ed35f6a00586-le64.cache-6
7f8480002000-7f8480005000 r--s 00000000 08:07 1589652                    /var/cache/fontconfig/674d1711f2d1d2a09646eb0bdcadee49-le64.cache-6
7f8480005000-7f8480006000 r--s 00000000 08:07 1589636                    /var/cache/fontconfig/3f7329c5293ffd510edef78f73874cfd-le64.cache-6
7f8480006000-7f8480007000 r--s 00000000 08:07 1589630                    /var/cache/fontconfig/30829fa25452a46451e813d634d7f916-le64.cache-6
7f8480007000-7f8480008000 r--s 00000000 08:07 1589620                    /var/cache/fontconfig/0c9eb80ebd1c36541ebe2852d3bb0c49-le64.cache-6
7f8480008000-7f8480009000 r--s 00000000 08:07 1589627                    /var/cache/fontconfig/22368d551a680bfe5a62c02760edf4ea-le64.cache-6
7f8480009000-7f848000a000 r--s 00000000 08:07 1589641                    /var/cache/fontconfig/4d9c95eba1cb85bbcf2878543262124a-le64.cache-6
7f848000a000-7f848000b000 r--s 00000000 08:07 1589657                    /var/cache/fontconfig/85e0a52ce643a7ba2ae53e5d6949cead-le64.cache-6
7f848000b000-7f848000c000 r--s 00000000 08:07 1589638                    /var/cache/fontconfig/49f0de54bdd920fe4f0dfd4cbac43e6b-le64.cache-6
7f848000c000-7f8480010000 r--s 00000000 08:07 1580007                    /var/cache/fontconfig/7ef2298fde41cc6eeb7af42e48b7d293-le64.cache-6
7f8480010000-7f8480018000 r--s 000c4000 08:07 933000                     /home/sbaba2220/netbeans-8.2/ide/modules/ext/mysql-connector-java-5.1.23-bin.jar
7f8480018000-7f848046a000 rw-p 00000000 00:00 0 
7f848046a000-7f8480639000 r--s 03c21000 08:07 1467003                    /usr/lib/jvm/java-8-openjdk-amd64/jre/lib/rt.jar
7f8480639000-7f8480a8c000 rw-p 00000000 00:00 0 
7f8480a8c000-7f8480a8d000 ---p 00000000 00:00 0 
7f8480a8d000-7f8480b8d000 rw-p 00000000 00:00 0 
7f8480b8d000-7f8480b8e000 ---p 00000000 00:00 0 
7f8480b8e000-7f8480c8e000 rw-p 00000000 00:00 0 
7f8480c8e000-7f8480c8f000 ---p 00000000 00:00 0 
7f8480c8f000-7f8480d8f000 rw-p 00000000 00:00 0 
7f8480d8f000-7f8480d90000 ---p 00000000 00:00 0 
7f8480d90000-7f8480eba000 rw-p 00000000 00:00 0 
7f8480eba000-7f8481124000 ---p 00000000 00:00 0 
7f8481124000-7f848114e000 rw-p 00000000 00:00 0 
7f848114e000-7f84813b7000 ---p 00000000 00:00 0 
7f84813b7000-7f84813cc000 rw-p 00000000 00:00 0 
7f84813cc000-7f8481501000 ---p 00000000 00:00 0 
7f8481501000-7f8481517000 rw-p 00000000 00:00 0 
7f8481517000-7f84818c2000 ---p 00000000 00:00 0 
7f84818c2000-7f84818ca000 r-xp 00000000 08:07 1466960                    /usr/lib/jvm/java-8-openjdk-amd64/jre/lib/amd64/libzip.so
7f84818ca000-7f8481ac9000 ---p 00008000 08:07 1466960                    /usr/lib/jvm/java-8-openjdk-amd64/jre/lib/amd64/libzip.so
7f8481ac9000-7f8481aca000 r--p 00007000 08:07 1466960                    /usr/lib/jvm/java-8-openjdk-amd64/jre/lib/amd64/libzip.so
7f8481aca000-7f8481acb000 rw-p 00008000 08:07 1466960                    /usr/lib/jvm/java-8-openjdk-amd64/jre/lib/amd64/libzip.so
7f8481acb000-7f8481ad6000 r-xp 00000000 08:07 788061                     /lib/x86_64-linux-gnu/libnss_files-2.26.so
7f8481ad6000-7f8481cd5000 ---p 0000b000 08:07 788061                     /lib/x86_64-linux-gnu/libnss_files-2.26.so
7f8481cd5000-7f8481cd6000 r--p 0000a000 08:07 788061                     /lib/x86_64-linux-gnu/libnss_files-2.26.so
7f8481cd6000-7f8481cd7000 rw-p 0000b000 08:07 788061                     /lib/x86_64-linux-gnu/libnss_files-2.26.so
7f8481cd7000-7f8481cdd000 rw-p 00000000 00:00 0 
7f8481cdd000-7f8481ce8000 r-xp 00000000 08:07 788063                     /lib/x86_64-linux-gnu/libnss_nis-2.26.so
7f8481ce8000-7f8481ee7000 ---p 0000b000 08:07 788063                     /lib/x86_64-linux-gnu/libnss_nis-2.26.so
7f8481ee7000-7f8481ee8000 r--p 0000a000 08:07 788063                     /lib/x86_64-linux-gnu/libnss_nis-2.26.so
7f8481ee8000-7f8481ee9000 rw-p 0000b000 08:07 788063                     /lib/x86_64-linux-gnu/libnss_nis-2.26.so
7f8481ee9000-7f8481f00000 r-xp 00000000 08:07 788058                     /lib/x86_64-linux-gnu/libnsl-2.26.so
7f8481f00000-7f84820ff000 ---p 00017000 08:07 788058                     /lib/x86_64-linux-gnu/libnsl-2.26.so
7f84820ff000-7f8482100000 r--p 00016000 08:07 788058                     /lib/x86_64-linux-gnu/libnsl-2.26.so
7f8482100000-7f8482101000 rw-p 00017000 08:07 788058                     /lib/x86_64-linux-gnu/libnsl-2.26.so
7f8482101000-7f8482103000 rw-p 00000000 00:00 0 
7f8482103000-7f848210b000 r-xp 00000000 08:07 788059                     /lib/x86_64-linux-gnu/libnss_compat-2.26.so
7f848210b000-7f848230a000 ---p 00008000 08:07 788059                     /lib/x86_64-linux-gnu/libnss_compat-2.26.so
7f848230a000-7f848230b000 r--p 00007000 08:07 788059                     /lib/x86_64-linux-gnu/libnss_compat-2.26.so
7f848230b000-7f848230c000 rw-p 00008000 08:07 788059                     /lib/x86_64-linux-gnu/libnss_compat-2.26.so
7f848230c000-7f8482339000 r-xp 00000000 08:07 1466941                    /usr/lib/jvm/java-8-openjdk-amd64/jre/lib/amd64/libjava.so
7f8482339000-7f8482539000 ---p 0002d000 08:07 1466941                    /usr/lib/jvm/java-8-openjdk-amd64/jre/lib/amd64/libjava.so
7f8482539000-7f848253a000 r--p 0002d000 08:07 1466941                    /usr/lib/jvm/java-8-openjdk-amd64/jre/lib/amd64/libjava.so
7f848253a000-7f848253c000 rw-p 0002e000 08:07 1466941                    /usr/lib/jvm/java-8-openjdk-amd64/jre/lib/amd64/libjava.so
7f848253c000-7f848254c000 r-xp 00000000 08:07 1466959                    /usr/lib/jvm/java-8-openjdk-amd64/jre/lib/amd64/libverify.so
7f848254c000-7f848274b000 ---p 00010000 08:07 1466959                    /usr/lib/jvm/java-8-openjdk-amd64/jre/lib/amd64/libverify.so
7f848274b000-7f848274d000 r--p 0000f000 08:07 1466959                    /usr/lib/jvm/java-8-openjdk-amd64/jre/lib/amd64/libverify.so
7f848274d000-7f848274e000 rw-p 00011000 08:07 1466959                    /usr/lib/jvm/java-8-openjdk-amd64/jre/lib/amd64/libverify.so
7f848274e000-7f8482755000 r-xp 00000000 08:07 793105                     /lib/x86_64-linux-gnu/librt-2.26.so
7f8482755000-7f8482954000 ---p 00007000 08:07 793105                     /lib/x86_64-linux-gnu/librt-2.26.so
7f8482954000-7f8482955000 r--p 00006000 08:07 793105                     /lib/x86_64-linux-gnu/librt-2.26.so
7f8482955000-7f8482956000 rw-p 00007000 08:07 793105                     /lib/x86_64-linux-gnu/librt-2.26.so
7f8482956000-7f848296c000 r-xp 00000000 08:07 803803                     /lib/x86_64-linux-gnu/libgcc_s.so.1
7f848296c000-7f8482b6b000 ---p 00016000 08:07 803803                     /lib/x86_64-linux-gnu/libgcc_s.so.1
7f8482b6b000-7f8482b6c000 r--p 00015000 08:07 803803                     /lib/x86_64-linux-gnu/libgcc_s.so.1
7f8482b6c000-7f8482b6d000 rw-p 00016000 08:07 803803                     /lib/x86_64-linux-gnu/libgcc_s.so.1
7f8482b6d000-7f8482cc2000 r-xp 00000000 08:07 788055                     /lib/x86_64-linux-gnu/libm-2.26.so
7f8482cc2000-7f8482ec1000 ---p 00155000 08:07 788055                     /lib/x86_64-linux-gnu/libm-2.26.so
7f8482ec1000-7f8482ec2000 r--p 00154000 08:07 788055                     /lib/x86_64-linux-gnu/libm-2.26.so
7f8482ec2000-7f8482ec3000 rw-p 00155000 08:07 788055                     /lib/x86_64-linux-gnu/libm-2.26.so
7f8482ec3000-7f848303b000 r-xp 00000000 08:07 1448012                    /usr/lib/x86_64-linux-gnu/libstdc++.so.6.0.24
7f848303b000-7f848323a000 ---p 00178000 08:07 1448012                    /usr/lib/x86_64-linux-gnu/libstdc++.so.6.0.24
7f848323a000-7f8483244000 r--p 00177000 08:07 1448012                    /usr/lib/x86_64-linux-gnu/libstdc++.so.6.0.24
7f8483244000-7f8483246000 rw-p 00181000 08:07 1448012                    /usr/lib/x86_64-linux-gnu/libstdc++.so.6.0.24
7f8483246000-7f8483249000 rw-p 00000000 00:00 0 
7f8483249000-7f8483ed3000 r-xp 00000000 08:07 1466963                    /usr/lib/jvm/java-8-openjdk-amd64/jre/lib/amd64/server/libjvm.so
7f8483ed3000-7f84840d3000 ---p 00c8a000 08:07 1466963                    /usr/lib/jvm/java-8-openjdk-amd64/jre/lib/amd64/server/libjvm.so
7f84840d3000-7f8484166000 r--p 00c8a000 08:07 1466963                    /usr/lib/jvm/java-8-openjdk-amd64/jre/lib/amd64/server/libjvm.so
7f8484166000-7f848418e000 rw-p 00d1d000 08:07 1466963                    /usr/lib/jvm/java-8-openjdk-amd64/jre/lib/amd64/server/libjvm.so
7f848418e000-7f84841bf000 rw-p 00000000 00:00 0 
7f84841bf000-7f84841d9000 r-xp 00000000 08:07 788066                     /lib/x86_64-linux-gnu/libpthread-2.26.so
7f84841d9000-7f84843d8000 ---p 0001a000 08:07 788066                     /lib/x86_64-linux-gnu/libpthread-2.26.so
7f84843d8000-7f84843d9000 r--p 00019000 08:07 788066                     /lib/x86_64-linux-gnu/libpthread-2.26.so
7f84843d9000-7f84843da000 rw-p 0001a000 08:07 788066                     /lib/x86_64-linux-gnu/libpthread-2.26.so
7f84843da000-7f84843de000 rw-p 00000000 00:00 0 
7f84843de000-7f84843e1000 r-xp 00000000 08:07 788054                     /lib/x86_64-linux-gnu/libdl-2.26.so
7f84843e1000-7f84845e0000 ---p 00003000 08:07 788054                     /lib/x86_64-linux-gnu/libdl-2.26.so
7f84845e0000-7f84845e1000 r--p 00002000 08:07 788054                     /lib/x86_64-linux-gnu/libdl-2.26.so
7f84845e1000-7f84845e2000 rw-p 00003000 08:07 788054                     /lib/x86_64-linux-gnu/libdl-2.26.so
7f84845e2000-7f84845fe000 r-xp 00000000 08:07 793731                     /lib/x86_64-linux-gnu/libz.so.1.2.11
7f84845fe000-7f84847fd000 ---p 0001c000 08:07 793731                     /lib/x86_64-linux-gnu/libz.so.1.2.11
7f84847fd000-7f84847fe000 r--p 0001b000 08:07 793731                     /lib/x86_64-linux-gnu/libz.so.1.2.11
7f84847fe000-7f84847ff000 rw-p 0001c000 08:07 793731                     /lib/x86_64-linux-gnu/libz.so.1.2.11
7f84847ff000-7f84849d5000 r-xp 00000000 08:07 788051                     /lib/x86_64-linux-gnu/libc-2.26.so
7f84849d5000-7f8484bd5000 ---p 001d6000 08:07 788051                     /lib/x86_64-linux-gnu/libc-2.26.so
7f8484bd5000-7f8484bd9000 r--p 001d6000 08:07 788051                     /lib/x86_64-linux-gnu/libc-2.26.so
7f8484bd9000-7f8484bdb000 rw-p 001da000 08:07 788051                     /lib/x86_64-linux-gnu/libc-2.26.so
7f8484bdb000-7f8484bdf000 rw-p 00000000 00:00 0 
7f8484bdf000-7f8484bed000 r-xp 00000000 08:07 1466927                    /usr/lib/jvm/java-8-openjdk-amd64/jre/lib/amd64/jli/libjli.so
7f8484bed000-7f8484dec000 ---p 0000e000 08:07 1466927                    /usr/lib/jvm/java-8-openjdk-amd64/jre/lib/amd64/jli/libjli.so
7f8484dec000-7f8484ded000 r--p 0000d000 08:07 1466927                    /usr/lib/jvm/java-8-openjdk-amd64/jre/lib/amd64/jli/libjli.so
7f8484ded000-7f8484dee000 rw-p 0000e000 08:07 1466927                    /usr/lib/jvm/java-8-openjdk-amd64/jre/lib/amd64/jli/libjli.so
7f8484dee000-7f8484e15000 r-xp 00000000 08:07 787974                     /lib/x86_64-linux-gnu/ld-2.26.so
7f8484e15000-7f8484e16000 r--s 00000000 08:07 1589684                    /var/cache/fontconfig/f6e6e0a5c3d2f6ae0c0c2e0ecd42a997-le64.cache-6
7f8484e16000-7f8484e17000 r--s 00000000 08:07 1589639                    /var/cache/fontconfig/4b2eda6bb976bda485cb2176619421d5-le64.cache-6
7f8484e17000-7f8484e1c000 r--s 002f9000 08:07 1466964                    /usr/lib/jvm/java-8-openjdk-amd64/jre/lib/charsets.jar
7f8484e1c000-7f8484e22000 r--s 0003a000 08:07 1466981                    /usr/lib/jvm/java-8-openjdk-amd64/jre/lib/ext/sunjce_provider.jar
7f8484e22000-7f8484e24000 r--s 00008000 08:07 1466980                    /usr/lib/jvm/java-8-openjdk-amd64/jre/lib/ext/sunec.jar
7f8484e24000-7f8484e26000 r--s 00001000 08:07 1466975                    /usr/lib/jvm/java-8-openjdk-amd64/jre/lib/ext/dnsns.jar
7f8484e26000-7f8484e28000 r--s 00007000 08:07 1722770                    /usr/share/java/java-atk-wrapper.jar
7f8484e28000-7f8484e2c000 r--s 00037000 08:07 1466982                    /usr/lib/jvm/java-8-openjdk-amd64/jre/lib/ext/sunpkcs11.jar
7f8484e2c000-7f8484e2f000 r--s 0000f000 08:07 1466976                    /usr/lib/jvm/java-8-openjdk-amd64/jre/lib/ext/icedtea-sound.jar
7f8484e2f000-7f8484efa000 rw-p 00000000 00:00 0 
7f8484efa000-7f8484efd000 ---p 00000000 00:00 0 
7f8484efd000-7f8484ffd000 rw-p 00000000 00:00 0 
7f8484ffd000-7f8484ffe000 r--s 00010000 08:07 1466983                    /usr/lib/jvm/java-8-openjdk-amd64/jre/lib/ext/zipfs.jar
7f8484ffe000-7f8484fff000 r--s 0000a000 08:07 1466977                    /usr/lib/jvm/java-8-openjdk-amd64/jre/lib/ext/jaccess.jar
7f8484fff000-7f8485009000 r--s 00116000 08:07 1466978                    /usr/lib/jvm/java-8-openjdk-amd64/jre/lib/ext/localedata.jar
7f8485009000-7f8485011000 rw-s 00000000 08:07 285502                     /tmp/hsperfdata_sbaba2220/23473
7f8485011000-7f8485012000 rw-p 00000000 00:00 0 
7f8485012000-7f8485013000 r--p 00000000 00:00 0 
7f8485013000-7f8485015000 rw-p 00000000 00:00 0 
7f8485015000-7f8485016000 r--p 00027000 08:07 787974                     /lib/x86_64-linux-gnu/ld-2.26.so
7f8485016000-7f8485017000 rw-p 00028000 08:07 787974                     /lib/x86_64-linux-gnu/ld-2.26.so
7f8485017000-7f8485018000 rw-p 00000000 00:00 0 
7fff42664000-7fff42685000 rw-p 00000000 00:00 0                          [stack]
7fff4279c000-7fff4279f000 r--p 00000000 00:00 0                          [vvar]
7fff4279f000-7fff427a1000 r-xp 00000000 00:00 0                          [vdso]
ffffffffff600000-ffffffffff601000 r-xp 00000000 00:00 0                  [vsyscall]

VM Arguments:
jvm_args: -Dfile.encoding=UTF-8 
java_command: javaapplication1.JavaApplication1
java_class_path (initial): /home/sbaba2220/netbeans-8.2/ide/modules/ext/mysql-connector-java-5.1.23-bin.jar:/home/sbaba2220/NetBeansProjects/JavaApplication1/build/classes
Launcher Type: SUN_STANDARD

Environment Variables:
PATH=/usr/local/sbin:/usr/local/bin:/usr/sbin:/usr/bin:/sbin:/bin:/usr/games:/usr/local/games:/snap/bin
USERNAME=sbaba2220
LD_LIBRARY_PATH=/usr/lib/jvm/java-1.8.0-openjdk-amd64/jre/lib/amd64:/usr/lib/jvm/java-1.8.0-openjdk-amd64/jre/lib/i386:
SHELL=/bin/bash
DISPLAY=:0

Signal Handlers:
SIGSEGV: [libjvm.so+0xaa6ae0], sa_mask[0]=11111111011111111101111111111110, sa_flags=SA_RESTART|SA_SIGINFO
SIGBUS: [libjvm.so+0xaa6ae0], sa_mask[0]=11111111011111111101111111111110, sa_flags=SA_RESTART|SA_SIGINFO
SIGFPE: [libjvm.so+0x8ddf00], sa_mask[0]=11111111011111111101111111111110, sa_flags=SA_RESTART|SA_SIGINFO
SIGPIPE: [libjvm.so+0x8ddf00], sa_mask[0]=11111111011111111101111111111110, sa_flags=SA_RESTART|SA_SIGINFO
SIGXFSZ: [libjvm.so+0x8ddf00], sa_mask[0]=11111111011111111101111111111110, sa_flags=SA_RESTART|SA_SIGINFO
SIGILL: [libjvm.so+0x8ddf00], sa_mask[0]=11111111011111111101111111111110, sa_flags=SA_RESTART|SA_SIGINFO
SIGUSR1: SIG_DFL, sa_mask[0]=00000000000000000000000000000000, sa_flags=none
SIGUSR2: [libjvm.so+0x8dddb0], sa_mask[0]=00100000000000000000000000000000, sa_flags=SA_RESTART|SA_SIGINFO
SIGHUP: [libjvm.so+0x8de260], sa_mask[0]=11111111011111111101111111111110, sa_flags=SA_RESTART|SA_SIGINFO
SIGINT: SIG_IGN, sa_mask[0]=00000000000000000000000000000000, sa_flags=none
SIGTERM: [libjvm.so+0x8de260], sa_mask[0]=11111111011111111101111111111110, sa_flags=SA_RESTART|SA_SIGINFO
SIGQUIT: [libjvm.so+0x8de260], sa_mask[0]=11111111011111111101111111111110, sa_flags=SA_RESTART|SA_SIGINFO


---------------  S Y S T E M  ---------------

OS:DISTRIB_ID=Ubuntu
DISTRIB_RELEASE=17.10
DISTRIB_CODENAME=artful
DISTRIB_DESCRIPTION="Ubuntu 17.10"

uname:Linux 4.13.0-37-generic #42-Ubuntu SMP Wed Mar 7 14:13:23 UTC 2018 x86_64
libc:glibc 2.26 NPTL 2.26 
rlimit: STACK 8192k, CORE 0k, NPROC 31203, NOFILE 1048576, AS infinity
load average:80.79 39.97 15.96

/proc/meminfo:
MemTotal:        8098500 kB
MemFree:          714764 kB
MemAvailable:    3518068 kB
Buffers:          226856 kB
Cached:          2857784 kB
SwapCached:            0 kB
Active:          4730024 kB
Inactive:        2258440 kB
Active(anon):    3467820 kB
Inactive(anon):   611352 kB
Active(file):    1262204 kB
Inactive(file):  1647088 kB
Unevictable:          32 kB
Mlocked:              32 kB
SwapTotal:       1520880 kB
SwapFree:        1520880 kB
Dirty:                 0 kB
Writeback:          4556 kB
AnonPages:       3898936 kB
Mapped:           539500 kB
Shmem:            604204 kB
Slab:             263976 kB
SReclaimable:     201900 kB
SUnreclaim:        62076 kB
KernelStack:       12544 kB
PageTables:        53896 kB
NFS_Unstable:          0 kB
Bounce:                0 kB
WritebackTmp:          0 kB
CommitLimit:     5570128 kB
Committed_AS:   10349092 kB
VmallocTotal:   34359738367 kB
VmallocUsed:           0 kB
VmallocChunk:          0 kB
HardwareCorrupted:     0 kB
AnonHugePages:      2048 kB
ShmemHugePages:        0 kB
ShmemPmdMapped:        0 kB
CmaTotal:              0 kB
CmaFree:               0 kB
HugePages_Total:       0
HugePages_Free:        0
HugePages_Rsvd:        0
HugePages_Surp:        0
Hugepagesize:       2048 kB
DirectMap4k:      164160 kB
DirectMap2M:     7106560 kB
DirectMap1G:     2097152 kB


CPU:total 4 (initial active 4) (2 cores per cpu, 2 threads per core) family 6 model 69 stepping 1, cmov, cx8, fxsr, mmx, sse, sse2, sse3, ssse3, sse4.1, sse4.2, popcnt, avx, avx2, aes, clmul, erms, lzcnt, ht, tsc, tscinvbit, bmi1, bmi2

/proc/cpuinfo:
processor	: 0
vendor_id	: GenuineIntel
cpu family	: 6
model		: 69
model name	: Intel(R) Core(TM) i5-4210U CPU @ 1.70GHz
stepping	: 1
microcode	: 0x17
cpu MHz		: 2394.396
cache size	: 3072 KB
physical id	: 0
siblings	: 4
core id		: 0
cpu cores	: 2
apicid		: 0
initial apicid	: 0
fpu		: yes
fpu_exception	: yes
cpuid level	: 13
wp		: yes
flags		: fpu vme de pse tsc msr pae mce cx8 apic sep mtrr pge mca cmov pat pse36 clflush dts acpi mmx fxsr sse sse2 ss ht tm pbe syscall nx pdpe1gb rdtscp lm constant_tsc arch_perfmon pebs bts rep_good nopl xtopology nonstop_tsc cpuid aperfmperf pni pclmulqdq dtes64 monitor ds_cpl vmx est tm2 ssse3 sdbg fma cx16 xtpr pdcm pcid sse4_1 sse4_2 movbe popcnt aes xsave avx f16c rdrand lahf_lm abm cpuid_fault epb invpcid_single pti retpoline tpr_shadow vnmi flexpriority ept vpid fsgsbase tsc_adjust bmi1 avx2 smep bmi2 erms invpcid xsaveopt dtherm ida arat pln pts
bugs		: cpu_meltdown spectre_v1 spectre_v2
bogomips	: 4788.79
clflush size	: 64
cache_alignment	: 64
address sizes	: 39 bits physical, 48 bits virtual
power management:

processor	: 1
vendor_id	: GenuineIntel
cpu family	: 6
model		: 69
model name	: Intel(R) Core(TM) i5-4210U CPU @ 1.70GHz
stepping	: 1
microcode	: 0x17
cpu MHz		: 2394.396
cache size	: 3072 KB
physical id	: 0
siblings	: 4
core id		: 0
cpu cores	: 2
apicid		: 1
initial apicid	: 1
fpu		: yes
fpu_exception	: yes
cpuid level	: 13
wp		: yes
flags		: fpu vme de pse tsc msr pae mce cx8 apic sep mtrr pge mca cmov pat pse36 clflush dts acpi mmx fxsr sse sse2 ss ht tm pbe syscall nx pdpe1gb rdtscp lm constant_tsc arch_perfmon pebs bts rep_good nopl xtopology nonstop_tsc cpuid aperfmperf pni pclmulqdq dtes64 monitor ds_cpl vmx est tm2 ssse3 sdbg fma cx16 xtpr pdcm pcid sse4_1 sse4_2 movbe popcnt aes xsave avx f16c rdrand lahf_lm abm cpuid_fault epb invpcid_single pti retpoline tpr_shadow vnmi flexpriority ept vpid fsgsbase tsc_adjust bmi1 avx2 smep bmi2 erms invpcid xsaveopt dtherm ida arat pln pts
bugs		: cpu_meltdown spectre_v1 spectre_v2
bogomips	: 4788.79
clflush size	: 64
cache_alignment	: 64
address sizes	: 39 bits physical, 48 bits virtual
power management:

processor	: 2
vendor_id	: GenuineIntel
cpu family	: 6
model		: 69
model name	: Intel(R) Core(TM) i5-4210U CPU @ 1.70GHz
stepping	: 1
microcode	: 0x17
cpu MHz		: 2394.396
cache size	: 3072 KB
physical id	: 0
siblings	: 4
core id		: 1
cpu cores	: 2
apicid		: 2
initial apicid	: 2
fpu		: yes
fpu_exception	: yes
cpuid level	: 13
wp		: yes
flags		: fpu vme de pse tsc msr pae mce cx8 apic sep mtrr pge mca cmov pat pse36 clflush dts acpi mmx fxsr sse sse2 ss ht tm pbe syscall nx pdpe1gb rdtscp lm constant_tsc arch_perfmon pebs bts rep_good nopl xtopology nonstop_tsc cpuid aperfmperf pni pclmulqdq dtes64 monitor ds_cpl vmx est tm2 ssse3 sdbg fma cx16 xtpr pdcm pcid sse4_1 sse4_2 movbe popcnt aes xsave avx f16c rdrand lahf_lm abm cpuid_fault epb invpcid_single pti retpoline tpr_shadow vnmi flexpriority ept vpid fsgsbase tsc_adjust bmi1 avx2 smep bmi2 erms invpcid xsaveopt dtherm ida arat pln pts
bugs		: cpu_meltdown spectre_v1 spectre_v2
bogomips	: 4788.79
clflush size	: 64
cache_alignment	: 64
address sizes	: 39 bits physical, 48 bits virtual
power management:

processor	: 3
vendor_id	: GenuineIntel
cpu family	: 6
model		: 69
model name	: Intel(R) Core(TM) i5-4210U CPU @ 1.70GHz
stepping	: 1
microcode	: 0x17
cpu MHz		: 2394.396
cache size	: 3072 KB
physical id	: 0
siblings	: 4
core id		: 1
cpu cores	: 2
apicid		: 3
initial apicid	: 3
fpu		: yes
fpu_exception	: yes
cpuid level	: 13
wp		: yes
flags		: fpu vme de pse tsc msr pae mce cx8 apic sep mtrr pge mca cmov pat pse36 clflush dts acpi mmx fxsr sse sse2 ss ht tm pbe syscall nx pdpe1gb rdtscp lm constant_tsc arch_perfmon pebs bts rep_good nopl xtopology nonstop_tsc cpuid aperfmperf pni pclmulqdq dtes64 monitor ds_cpl vmx est tm2 ssse3 sdbg fma cx16 xtpr pdcm pcid sse4_1 sse4_2 movbe popcnt aes xsave avx f16c rdrand lahf_lm abm cpuid_fault epb invpcid_single pti retpoline tpr_shadow vnmi flexpriority ept vpid fsgsbase tsc_adjust bmi1 avx2 smep bmi2 erms invpcid xsaveopt dtherm ida arat pln pts
bugs		: cpu_meltdown spectre_v1 spectre_v2
bogomips	: 4788.79
clflush size	: 64
cache_alignment	: 64
address sizes	: 39 bits physical, 48 bits virtual
power management:



Memory: 4k page, physical 8098500k(717860k free), swap 1520880k(1520880k free)

vm_info: OpenJDK 64-Bit Server VM (25.151-b12) for linux-amd64 JRE (1.8.0_151-8u151-b12-0ubuntu0.17.10.2-b12), built on Oct 23 2017 22:43:02 by "buildd" with gcc 7.2.0

time: Mon Mar 26 19:32:21 2018
elapsed time: 12605 seconds (0d 3h 30m 5s)

