#
# A fatal error has been detected by the Java Runtime Environment:
#
#  SIGSEGV (0xb) at pc=0x00007fee2d0697ba, pid=23378, tid=0x00007fee14120700
#
# JRE version: OpenJDK Runtime Environment (8.0_151-b12) (build 1.8.0_151-8u151-b12-0ubuntu0.17.10.2-b12)
# Java VM: OpenJDK 64-Bit Server VM (25.151-b12 mixed mode linux-amd64 compressed oops)
# Problematic frame:
# v  ~BufferBlob::jni_fast_GetLongField
#
# Failed to write core dump. Core dumps have been disabled. To enable core dumping, try "ulimit -c unlimited" before starting Java again
#
# If you would like to submit a bug report, please visit:
#   http://bugreport.java.com/bugreport/crash.jsp
# The crash happened outside the Java Virtual Machine in native code.
# See problematic frame for where to report the bug.
#

---------------  T H R E A D  ---------------

Current thread (0x00007fee3c286000):  JavaThread "AWT-XAWT" daemon [_thread_in_native, id=23399, stack(0x00007fee14020000,0x00007fee14121000)]

siginfo: si_signo: 11 (SIGSEGV), si_code: 1 (SEGV_MAPERR), si_addr: 0x0000000000000000

Registers:
RAX=0x00007fee43352f40, RBX=0x00007fee3c2861e0, RCX=0x0000000000000000, RDX=0x0000000000000042
RSP=0x00007fee1411f7d8, RBP=0x00007fee1411f800, RSI=0x0000000000000000, RDI=0x00007fee3c2861e0
R8 =0x00000000d6d76ef0, R9 =0x0000000000000000, R10=0x0000000000000028, R11=0x00007fee2d3aced8
R12=0x00007fedd8024fc0, R13=0x0000000000000000, R14=0x00007fee1616dae0, R15=0x00007fee3c286000
RIP=0x00007fee2d0697ba, EFLAGS=0x0000000000010246, CSGSFS=0x002b000000000033, ERR=0x0000000000000004
  TRAPNO=0x000000000000000e

Top of Stack: (sp=0x00007fee1411f7d8)
0x00007fee1411f7d8:   00007fee15f4bb94 00007fee2c450f78
0x00007fee1411f7e8:   00007fedd8024fc0 00007fee1411f8b0
0x00007fee1411f7f8:   00007fee1411f880 0000000000000000
0x00007fee1411f808:   00007fee15a2f300 00007fee2c450f78
0x00007fee1411f818:   00007fee1411f840 0000000000000000
0x00007fee1411f828:   00007fee15a26e23 00007fee1411f8b0
0x00007fee1411f838:   00007fee15f43b3f 00007fee1411f890
0x00007fee1411f848:   00007fee2d3acf76 0000000000000000
0x00007fee1411f858:   00007fee2d1ed676 00007fee1411f8b0
0x00007fee1411f868:   00007fee2d162eec 00007fee1411f910
0x00007fee1411f878:   00000000d6fe7200 00000000d6fa0c78
0x00007fee1411f888:   0000000000000001 00007fee1411f910
0x00007fee1411f898:   00007fee2d0077d0 00007fee1411f910
0x00007fee1411f8a8:   00007fee2d0077d0 0000000000000000
0x00007fee1411f8b8:   00007fee2d007b10 00007fede4001110
0x00007fee1411f8c8:   00000000d7019b80 00007fee1411f8d0
0x00007fee1411f8d8:   00007fee2c54dfbc 00007fee1411f958
0x00007fee1411f8e8:   00007fee2c557428 0000000000000000
0x00007fee1411f8f8:   00007fee2c54e0f8 00007fee1411f8b0
0x00007fee1411f908:   00007fee1411f950 00007fee1411f9a0
0x00007fee1411f918:   00007fee2d007ffd 0000000000000000
0x00007fee1411f928:   00000000d7b1d238 0000000000000000
0x00007fee1411f938:   0000000000000000 0000000000000000
0x00007fee1411f948:   00000000d7019b80 0000000000000000
0x00007fee1411f958:   00000000d6fe7da0 00007fee1411f960
0x00007fee1411f968:   00007fee2c54ddfd 00007fee1411f9b0
0x00007fee1411f978:   00007fee2c557428 0000000000000000
0x00007fee1411f988:   00007fee2c54de08 00007fee1411f950
0x00007fee1411f998:   00007fee1411f9b0 00007fee1411f9f8
0x00007fee1411f9a8:   00007fee2d008042 00000000d6fe7da0
0x00007fee1411f9b8:   00007fee1411f9b8 00007fee2c04c99b
0x00007fee1411f9c8:   00007fee1411fa08 00007fee2c0d4138 

Instructions: (pc=0x00007fee2d0697ba)
0x00007fee2d06979a:   00 00 00 00 00 00 44 8b 15 4d 62 31 16 4c 8b ce
0x00007fee2d0697aa:   41 f6 c2 01 0f 85 2e 00 00 00 4d 33 ca 4d 33 ca
0x00007fee2d0697ba:   4d 8b 09 4c 8b da 49 c1 eb 02 4b 8b 04 19 49 bb
0x00007fee2d0697ca:   f4 f9 37 43 ee 7f 00 00 4c 33 d8 4c 33 d8 45 3b 

Register to memory mapping:

RAX=0x00007fee43352f40: <offset 0xf2cf40> in /usr/lib/jvm/java-8-openjdk-amd64/jre/lib/amd64/server/libjvm.so at 0x00007fee42426000
RBX=0x00007fee3c2861e0 is an unknown value
RCX=0x0000000000000000 is an unknown value
RDX=0x0000000000000042 is an unknown value
RSP=0x00007fee1411f7d8 is pointing into the stack for thread: 0x00007fee3c286000
RBP=0x00007fee1411f800 is pointing into the stack for thread: 0x00007fee3c286000
RSI=0x0000000000000000 is an unknown value
RDI=0x00007fee3c2861e0 is an unknown value
R8 =0x00000000d6d76ef0 is an oop
sun.util.logging.PlatformLogger$Level 
 - klass: 'sun/util/logging/PlatformLogger$Level'
R9 =0x0000000000000000 is an unknown value
R10=0x0000000000000028 is an unknown value
R11=0x00007fee2d3aced8 is at entry_point+24 in (nmethod*)0x00007fee2d3acd50
R12=0x00007fedd8024fc0 is an unknown value
R13=0x0000000000000000 is an unknown value
R14=0x00007fee1616dae0: <offset 0x257ae0> in /usr/lib/jvm/java-8-openjdk-amd64/jre/lib/amd64/libawt_xawt.so at 0x00007fee15f16000
R15=0x00007fee3c286000 is a thread


Stack: [0x00007fee14020000,0x00007fee14121000],  sp=0x00007fee1411f7d8,  free space=1021k
Native frames: (J=compiled Java code, j=interpreted, Vv=VM code, C=native code)
v  ~BufferBlob::jni_fast_GetLongField
C  [libX11.so.6+0x64300]  _XimServerDestroy+0x70

Java frames: (J=compiled Java code, j=interpreted, Vv=VM code)
J 1126  sun.awt.X11.XlibWrapper.XFilterEvent(JJ)Z (0 bytes) @ 0x00007fee2d3acf04 [0x00007fee2d3acec0+0x44]
j  sun.awt.X11.XToolkit.run(Z)V+300
j  sun.awt.X11.XToolkit.run()V+5
j  java.lang.Thread.run()V+11
v  ~StubRoutines::call_stub

---------------  P R O C E S S  ---------------

Java Threads: ( => current thread )
  0x00007fedd811a000 JavaThread "Abandoned connection cleanup thread" daemon [_thread_blocked, id=23409, stack(0x00007fedec6b9000,0x00007fedec7ba000)]
  0x00007fedd80e0000 JavaThread "TimerQueue" daemon [_thread_blocked, id=23408, stack(0x00007fedec7ba000,0x00007fedec8bb000)]
  0x00007fee3c00a800 JavaThread "DestroyJavaVM" [_thread_blocked, id=23379, stack(0x00007fee440d7000,0x00007fee441d8000)]
  0x00007fede0003800 JavaThread "Thread-0" daemon [_thread_in_native, id=23402, stack(0x00007feded2e8000,0x00007fededae9000)]
  0x00007fee3c300800 JavaThread "AWT-EventQueue-1" [_thread_blocked, id=23404, stack(0x00007feded0e6000,0x00007feded1e7000)]
  0x00007fee3c2ff000 JavaThread "AWT-Shutdown" [_thread_blocked, id=23403, stack(0x00007feded1e7000,0x00007feded2e8000)]
=>0x00007fee3c286000 JavaThread "AWT-XAWT" daemon [_thread_in_native, id=23399, stack(0x00007fee14020000,0x00007fee14121000)]
  0x00007fee3c265800 JavaThread "Java2D Disposer" daemon [_thread_blocked, id=23398, stack(0x00007fee1432b000,0x00007fee1442c000)]
  0x00007fee3c0c1800 JavaThread "Service Thread" daemon [_thread_blocked, id=23395, stack(0x00007fee1653f000,0x00007fee16640000)]
  0x00007fee3c0b2000 JavaThread "C1 CompilerThread2" daemon [_thread_blocked, id=23394, stack(0x00007fee16640000,0x00007fee16741000)]
  0x00007fee3c0b0800 JavaThread "C2 CompilerThread1" daemon [_thread_blocked, id=23393, stack(0x00007fee16741000,0x00007fee16842000)]
  0x00007fee3c0ad800 JavaThread "C2 CompilerThread0" daemon [_thread_blocked, id=23392, stack(0x00007fee16842000,0x00007fee16943000)]
  0x00007fee3c0ab800 JavaThread "Signal Dispatcher" daemon [_thread_blocked, id=23391, stack(0x00007fee16943000,0x00007fee16a44000)]
  0x00007fee3c084800 JavaThread "Finalizer" daemon [_thread_blocked, id=23390, stack(0x00007fee16d20000,0x00007fee16e21000)]
  0x00007fee3c080000 JavaThread "Reference Handler" daemon [_thread_blocked, id=23389, stack(0x00007fee16e21000,0x00007fee16f22000)]

Other Threads:
  0x00007fee3c078000 VMThread [stack: 0x00007fee16f22000,0x00007fee17023000] [id=23388]
  0x00007fee3c0c4000 WatcherThread [stack: 0x00007fee1643e000,0x00007fee1653f000] [id=23396]

VM state:not at safepoint (normal execution)

VM Mutex/Monitor currently owned by a thread: None

Heap:
 PSYoungGen      total 36864K, used 21718K [0x00000000d6d00000, 0x00000000d9600000, 0x0000000100000000)
  eden space 31744K, 68% used [0x00000000d6d00000,0x00000000d8235a10,0x00000000d8c00000)
  from space 5120K, 0% used [0x00000000d9100000,0x00000000d9100000,0x00000000d9600000)
  to   space 5120K, 0% used [0x00000000d8c00000,0x00000000d8c00000,0x00000000d9100000)
 ParOldGen       total 84992K, used 0K [0x0000000084600000, 0x0000000089900000, 0x00000000d6d00000)
  object space 84992K, 0% used [0x0000000084600000,0x0000000084600000,0x0000000089900000)
 Metaspace       used 17282K, capacity 17554K, committed 17792K, reserved 1064960K
  class space    used 1995K, capacity 2107K, committed 2176K, reserved 1048576K

Card table byte_map: [0x00007fee40301000,0x00007fee406df000] byte_map_base: 0x00007fee3fede000

Marking Bits: (ParMarkBitMap*) 0x00007fee4337f0e0
 Begin Bits: [0x00007fee24230000, 0x00007fee26118000)
 End Bits:   [0x00007fee26118000, 0x00007fee28000000)

Polling page: 0x00007fee441ef000

CodeCache: size=245760Kb used=5118Kb max_used=5130Kb free=240641Kb
 bounds [0x00007fee2d000000, 0x00007fee2d510000, 0x00007fee3c000000]
 total_blobs=2232 nmethods=1594 adapters=552
 compilation: enabled

Compilation events (10 events):
Event: 11128.379 Thread 0x00007fee3c0b2000 1591       3       java.util.Vector::<init> (53 bytes)
Event: 11128.379 Thread 0x00007fee3c0b2000 nmethod 1591 0x00007fee2d4f90d0 code [0x00007fee2d4f9280, 0x00007fee2d4f9738]
Event: 11477.027 Thread 0x00007fee3c0ad800 1592       4       sun.awt.X11.XEvent::get_type (18 bytes)
Event: 11477.029 Thread 0x00007fee3c0ad800 nmethod 1592 0x00007fee2d4fa590 code [0x00007fee2d4fa700, 0x00007fee2d4fa898]
Event: 11903.191 Thread 0x00007fee3c0b2000 1593       3       sun.awt.X11.XMSelection$1::dispatchEvent (10 bytes)
Event: 11903.192 Thread 0x00007fee3c0b2000 nmethod 1593 0x00007fee2d503490 code [0x00007fee2d503640, 0x00007fee2d503a98]
Event: 11903.192 Thread 0x00007fee3c0b2000 1594       3       sun.awt.X11.XMSelection::processRootEvent (32 bytes)
Event: 11903.192 Thread 0x00007fee3c0b2000 nmethod 1594 0x00007fee2d4f8890 code [0x00007fee2d4f8a40, 0x00007fee2d4f8e18]
Event: 12789.229 Thread 0x00007fee3c0ad800 1595       4       java.util.TreeMap::getEntry (84 bytes)
Event: 12789.232 Thread 0x00007fee3c0ad800 nmethod 1595 0x00007fee2d501810 code [0x00007fee2d5019a0, 0x00007fee2d501d28]

GC Heap History (0 events):
No events

Deoptimization events (10 events):
Event: 3.455 Thread 0x00007fee3c300800 Uncommon trap: reason=class_check action=maybe_recompile pc=0x00007fee2d1633b0 method=java.lang.String.equals(Ljava/lang/Object;)Z @ 8
Event: 3.455 Thread 0x00007fee3c300800 Uncommon trap: reason=class_check action=maybe_recompile pc=0x00007fee2d1633b0 method=java.lang.String.equals(Ljava/lang/Object;)Z @ 8
Event: 3.602 Thread 0x00007fee3c300800 Uncommon trap: reason=class_check action=maybe_recompile pc=0x00007fee2d1633b0 method=java.lang.String.equals(Ljava/lang/Object;)Z @ 8
Event: 3.602 Thread 0x00007fee3c300800 Uncommon trap: reason=class_check action=maybe_recompile pc=0x00007fee2d1633b0 method=java.lang.String.equals(Ljava/lang/Object;)Z @ 8
Event: 7.527 Thread 0x00007fee3c300800 Uncommon trap: reason=unstable_if action=reinterpret pc=0x00007fee2d2ae7e0 method=sun.java2d.pisces.PiscesTileGenerator.getAlpha([BII)V @ 167
Event: 7.527 Thread 0x00007fee3c300800 Uncommon trap: reason=unstable_if action=reinterpret pc=0x00007fee2d2a421c method=sun.java2d.pisces.PiscesTileGenerator.getAlpha([BII)V @ 167
Event: 11.900 Thread 0x00007fee3c300800 Uncommon trap: reason=class_check action=maybe_recompile pc=0x00007fee2d1d5ca4 method=java.util.Properties$LineReader.readLine()I @ 62
Event: 11.900 Thread 0x00007fee3c300800 Uncommon trap: reason=unstable_if action=reinterpret pc=0x00007fee2d1d59e0 method=java.util.Properties$LineReader.readLine()I @ 206
Event: 11.900 Thread 0x00007fee3c300800 Uncommon trap: reason=unstable_if action=reinterpret pc=0x00007fee2d1d7628 method=java.util.Properties.loadConvert([CII[C)Ljava/lang/String; @ 57
Event: 12.015 Thread 0x00007fee3c300800 Uncommon trap: reason=unstable_if action=reinterpret pc=0x00007fee2d25061c method=java.lang.String.indexOf([CII[CIII)I @ 3

Internal exceptions (10 events):
Event: 9.658 Thread 0x00007fee3c300800 Exception <a 'java/lang/ClassNotFoundException': ToggleButton> (0x00000000d7a55680) thrown at [/build/openjdk-8-bnv6fG/openjdk-8-8u151-b12/src/hotspot/src/share/vm/classfile/systemDictionary.cpp, line 210]
Event: 9.658 Thread 0x00007fee3c300800 Exception <a 'java/lang/ClassNotFoundException': javax/swing/JToolBarSeparator> (0x00000000d7a55eb0) thrown at [/build/openjdk-8-bnv6fG/openjdk-8-8u151-b12/src/hotspot/src/share/vm/classfile/systemDictionary.cpp, line 210]
Event: 9.658 Thread 0x00007fee3c300800 Exception <a 'java/lang/ClassNotFoundException': ToolBarSeparator> (0x00000000d7a56718) thrown at [/build/openjdk-8-bnv6fG/openjdk-8-8u151-b12/src/hotspot/src/share/vm/classfile/systemDictionary.cpp, line 210]
Event: 9.658 Thread 0x00007fee3c300800 Exception <a 'java/lang/ClassNotFoundException': ToolTip> (0x00000000d7a57180) thrown at [/build/openjdk-8-bnv6fG/openjdk-8-8u151-b12/src/hotspot/src/share/vm/classfile/systemDictionary.cpp, line 210]
Event: 9.658 Thread 0x00007fee3c300800 Exception <a 'java/lang/ClassNotFoundException': Tree> (0x00000000d7a57be0) thrown at [/build/openjdk-8-bnv6fG/openjdk-8-8u151-b12/src/hotspot/src/share/vm/classfile/systemDictionary.cpp, line 210]
Event: 9.658 Thread 0x00007fee3c300800 Exception <a 'java/lang/ClassNotFoundException': Tree> (0x00000000d7a586a8) thrown at [/build/openjdk-8-bnv6fG/openjdk-8-8u151-b12/src/hotspot/src/share/vm/classfile/systemDictionary.cpp, line 210]
Event: 9.658 Thread 0x00007fee3c300800 Exception <a 'java/lang/ClassNotFoundException': javax/swing/JTreeCell> (0x00000000d7a58df8) thrown at [/build/openjdk-8-bnv6fG/openjdk-8-8u151-b12/src/hotspot/src/share/vm/classfile/systemDictionary.cpp, line 210]
Event: 9.658 Thread 0x00007fee3c300800 Exception <a 'java/lang/ClassNotFoundException': TreeCell> (0x00000000d7a59650) thrown at [/build/openjdk-8-bnv6fG/openjdk-8-8u151-b12/src/hotspot/src/share/vm/classfile/systemDictionary.cpp, line 210]
Event: 9.658 Thread 0x00007fee3c300800 Exception <a 'java/lang/ClassNotFoundException': RootPane> (0x00000000d7a5a240) thrown at [/build/openjdk-8-bnv6fG/openjdk-8-8u151-b12/src/hotspot/src/share/vm/classfile/systemDictionary.cpp, line 210]
Event: 9.833 Thread 0x00007fee3c300800 Exception <a 'java/lang/UnsupportedOperationException': > (0x00000000d7bb2148) thrown at [/build/openjdk-8-bnv6fG/openjdk-8-8u151-b12/src/hotspot/src/share/vm/prims/jni.cpp, line 735]

Events (10 events):
Event: 12.135 loading class java/util/Collections$UnmodifiableMap$UnmodifiableEntrySet$UnmodifiableEntry done
Event: 12.136 loading class com/mysql/jdbc/ProfilerEventHandlerFactory
Event: 12.136 loading class com/mysql/jdbc/ProfilerEventHandlerFactory done
Event: 60.267 Thread 0x00007fee3c299000 Thread exited: 0x00007fee3c299000
Event: 1583.838 loading class sun/awt/X11/XkbEvent
Event: 1583.838 loading class sun/awt/X11/XkbEvent done
Event: 1583.838 loading class sun/awt/X11/XkbAnyEvent
Event: 1583.838 loading class sun/awt/X11/XkbAnyEvent done
Event: 10992.542 Thread 0x00007fedd811a000 DEOPT PACKING pc=0x00007fee2d4fd456 sp=0x00007fedec7b8920
Event: 10992.542 Thread 0x00007fedd811a000 DEOPT UNPACKING pc=0x00007fee2d047373 sp=0x00007fedec7b8700 mode 0


Dynamic libraries:
84600000-89900000 rw-p 00000000 00:00 0 
89900000-d6d00000 ---p 00000000 00:00 0 
d6d00000-d9600000 rw-p 00000000 00:00 0 
d9600000-100000000 ---p 00000000 00:00 0 
100000000-100220000 rw-p 00000000 00:00 0 
100220000-140000000 ---p 00000000 00:00 0 
55c4898d9000-55c4898da000 r-xp 00000000 08:07 1466914                    /usr/lib/jvm/java-8-openjdk-amd64/jre/bin/java
55c489ad9000-55c489ada000 r--p 00000000 08:07 1466914                    /usr/lib/jvm/java-8-openjdk-amd64/jre/bin/java
55c489ada000-55c489adb000 rw-p 00001000 08:07 1466914                    /usr/lib/jvm/java-8-openjdk-amd64/jre/bin/java
55c48b6aa000-55c48b6cb000 rw-p 00000000 00:00 0                          [heap]
7fedc4000000-7fedc4021000 rw-p 00000000 00:00 0 
7fedc4021000-7fedc8000000 ---p 00000000 00:00 0 
7fedcc000000-7fedcc021000 rw-p 00000000 00:00 0 
7fedcc021000-7fedd0000000 ---p 00000000 00:00 0 
7fedd0fff000-7fedd4000000 rw-p 00000000 00:00 0 
7fedd4000000-7fedd4021000 rw-p 00000000 00:00 0 
7fedd4021000-7fedd8000000 ---p 00000000 00:00 0 
7fedd8000000-7fedd8308000 rw-p 00000000 00:00 0 
7fedd8308000-7feddc000000 ---p 00000000 00:00 0 
7feddc000000-7feddc021000 rw-p 00000000 00:00 0 
7feddc021000-7fede0000000 ---p 00000000 00:00 0 
7fede0000000-7fede0021000 rw-p 00000000 00:00 0 
7fede0021000-7fede4000000 ---p 00000000 00:00 0 
7fede4000000-7fede4021000 rw-p 00000000 00:00 0 
7fede4021000-7fede8000000 ---p 00000000 00:00 0 
7fede8000000-7fede8021000 rw-p 00000000 00:00 0 
7fede8021000-7fedec000000 ---p 00000000 00:00 0 
7fedec1e5000-7fedec325000 rw-p 00000000 00:00 0 
7fedec325000-7fedec3e5000 ---p 00000000 00:00 0 
7fedec3e5000-7fedec5e5000 rw-p 00000000 00:00 0 
7fedec5e5000-7fedec5f0000 r--s 00000000 08:07 1589659                    /var/cache/fontconfig/945677eb7aeaf62f1d50efc3fb3ec7d8-le64.cache-6
7fedec5f0000-7fedec5f6000 r--s 00000000 08:07 1589628                    /var/cache/fontconfig/2cd17615ca594fa2959ae173292e504c-le64.cache-6
7fedec5f6000-7fedec5f7000 r--s 00000000 08:07 1589621                    /var/cache/fontconfig/0d8c3b2ac0904cb8a57a757ad11a4a08-le64.cache-6
7fedec5f7000-7fedec60c000 r--s 00000000 08:07 1589617                    /var/cache/fontconfig/04aabc0a78ac019cf9454389977116d2-le64.cache-6
7fedec60c000-7fedec60d000 r--s 00000000 08:07 1589625                    /var/cache/fontconfig/1ac9eb803944fde146138c791f5cc56a-le64.cache-6
7fedec60d000-7fedec611000 r--s 00000000 08:07 1589634                    /var/cache/fontconfig/385c0604a188198f04d133e54aba7fe7-le64.cache-6
7fedec611000-7fedec612000 r--s 00000000 08:07 1589678                    /var/cache/fontconfig/dc05db6664285cc2f12bf69c139ae4c3-le64.cache-6
7fedec612000-7fedec614000 r--s 00000000 08:07 1589622                    /var/cache/fontconfig/14a5e22175779b556eaa434240950366-le64.cache-6
7fedec614000-7fedec615000 r--s 00000000 08:07 1589651                    /var/cache/fontconfig/660208299946a285a940457d1287da33-le64.cache-6
7fedec615000-7fedec617000 r--s 00000000 08:07 1589642                    /var/cache/fontconfig/4f3e3037c9980c83b53a9351efadef62-le64.cache-6
7fedec617000-7fedec61a000 r--s 00000000 08:07 1589655                    /var/cache/fontconfig/767a8244fc0220cfb567a839d0392e0b-le64.cache-6
7fedec61a000-7fedec61b000 r--s 00000000 08:07 1576417                    /var/cache/fontconfig/4794a0821666d79190d59a36cb4f44b5-le64.cache-6
7fedec61b000-7fedec61c000 r--s 00000000 08:07 1589619                    /var/cache/fontconfig/0bd3dc0958fa2205aaaa8ebb13e2872b-le64.cache-6
7fedec61c000-7fedec622000 r--s 00000000 08:07 1589658                    /var/cache/fontconfig/8801497958630a81b71ace7c5f9b32a8-le64.cache-6
7fedec622000-7fedec625000 r--s 00000000 08:07 1589663                    /var/cache/fontconfig/a015930274ffcd967d2ca1b57da47cc7-le64.cache-6
7fedec625000-7fedec626000 r--s 00000000 08:07 1589667                    /var/cache/fontconfig/b872e6e592da6075ffa4ab0a1fcc0c75-le64.cache-6
7fedec626000-7fedec627000 r--s 00000000 08:07 1589683                    /var/cache/fontconfig/f6d4eedfaab2589bde49f7a3ff831d22-le64.cache-6
7fedec627000-7fedec628000 r--s 00000000 08:07 1589649                    /var/cache/fontconfig/589f83ef4c36d296ce6e1c846f468f08-le64.cache-6
7fedec628000-7fedec629000 r--s 00000000 08:07 1589669                    /var/cache/fontconfig/bab58bb527bb656aaa9f116d68a48d89-le64.cache-6
7fedec629000-7fedec62a000 r--s 00000000 08:07 1589626                    /var/cache/fontconfig/2171a34dccabdb6bcbbc728186263178-le64.cache-6
7fedec62a000-7fedec62b000 r--s 00000000 08:07 1589670                    /var/cache/fontconfig/c5c45a61289222e0d30b1a26ef4effbe-le64.cache-6
7fedec62b000-7fedec62c000 r--s 00000000 08:07 1589665                    /var/cache/fontconfig/aec30016f93e1b46d1a973dce0d74068-le64.cache-6
7fedec62c000-7fedec62d000 r--s 00000000 08:07 1589635                    /var/cache/fontconfig/3f589640d34b7dc9042c8d453f7c8b9c-le64.cache-6
7fedec62d000-7fedec62e000 r--s 00000000 08:07 1589623                    /var/cache/fontconfig/16c2fda60d1b4b719f4b3d06fd951d25-le64.cache-6
7fedec62e000-7fedec634000 r--s 00000000 08:07 1589629                    /var/cache/fontconfig/3047814df9a2f067bd2d96a2b9c36e5a-le64.cache-6
7fedec634000-7fedec63a000 r--s 00000000 08:07 1589666                    /var/cache/fontconfig/b47c4e1ecd0709278f4910c18777a504-le64.cache-6
7fedec63a000-7fedec64d000 r--s 00000000 08:07 1589675                    /var/cache/fontconfig/d52a8644073d54c13679302ca1180695-le64.cache-6
7fedec6b4000-7fedec6b9000 r--s 0009a000 08:07 1466997                    /usr/lib/jvm/java-8-openjdk-amd64/jre/lib/jsse.jar
7fedec6b9000-7fedec6bc000 ---p 00000000 00:00 0 
7fedec6bc000-7fedec7ba000 rw-p 00000000 00:00 0 
7fedec7ba000-7fedec7bd000 ---p 00000000 00:00 0 
7fedec7bd000-7fedecabb000 rw-p 00000000 00:00 0 
7fedecabb000-7fedecacc000 r-xp 00000000 08:07 1466953                    /usr/lib/jvm/java-8-openjdk-amd64/jre/lib/amd64/libnio.so
7fedecacc000-7fedecccc000 ---p 00011000 08:07 1466953                    /usr/lib/jvm/java-8-openjdk-amd64/jre/lib/amd64/libnio.so
7fedecccc000-7fedecccd000 r--p 00011000 08:07 1466953                    /usr/lib/jvm/java-8-openjdk-amd64/jre/lib/amd64/libnio.so
7fedecccd000-7fedeccce000 rw-p 00012000 08:07 1466953                    /usr/lib/jvm/java-8-openjdk-amd64/jre/lib/amd64/libnio.so
7fedeccce000-7fedecce5000 r-xp 00000000 08:07 1466952                    /usr/lib/jvm/java-8-openjdk-amd64/jre/lib/amd64/libnet.so
7fedecce5000-7fedecee4000 ---p 00017000 08:07 1466952                    /usr/lib/jvm/java-8-openjdk-amd64/jre/lib/amd64/libnet.so
7fedecee4000-7fedecee5000 r--p 00016000 08:07 1466952                    /usr/lib/jvm/java-8-openjdk-amd64/jre/lib/amd64/libnet.so
7fedecee5000-7fedecee6000 rw-p 00017000 08:07 1466952                    /usr/lib/jvm/java-8-openjdk-amd64/jre/lib/amd64/libnet.so
7fedecee6000-7feded0e6000 rw-p 00000000 00:00 0 
7feded0e6000-7feded0e9000 ---p 00000000 00:00 0 
7feded0e9000-7feded1e7000 rw-p 00000000 00:00 0 
7feded1e7000-7feded1ea000 ---p 00000000 00:00 0 
7feded1ea000-7feded2e8000 rw-p 00000000 00:00 0 
7feded2e8000-7feded2eb000 ---p 00000000 00:00 0 
7feded2eb000-7fededae9000 rw-p 00000000 00:00 0 
7fededae9000-7fededafd000 r-xp 00000000 08:07 793596                     /lib/x86_64-linux-gnu/libgpg-error.so.0.22.0
7fededafd000-7fededcfc000 ---p 00014000 08:07 793596                     /lib/x86_64-linux-gnu/libgpg-error.so.0.22.0
7fededcfc000-7fededcfd000 r--p 00013000 08:07 793596                     /lib/x86_64-linux-gnu/libgpg-error.so.0.22.0
7fededcfd000-7fededcfe000 rw-p 00014000 08:07 793596                     /lib/x86_64-linux-gnu/libgpg-error.so.0.22.0
7fededcfe000-7fededd23000 r-xp 00000000 08:07 793703                     /lib/x86_64-linux-gnu/libselinux.so.1
7fededd23000-7fededf22000 ---p 00025000 08:07 793703                     /lib/x86_64-linux-gnu/libselinux.so.1
7fededf22000-7fededf23000 r--p 00024000 08:07 793703                     /lib/x86_64-linux-gnu/libselinux.so.1
7fededf23000-7fededf24000 rw-p 00025000 08:07 793703                     /lib/x86_64-linux-gnu/libselinux.so.1
7fededf24000-7fededf26000 rw-p 00000000 00:00 0 
7fededf26000-7fededf3d000 r-xp 00000000 08:07 1455825                    /usr/lib/x86_64-linux-gnu/liblz4.so.1.7.1
7fededf3d000-7fedee13c000 ---p 00017000 08:07 1455825                    /usr/lib/x86_64-linux-gnu/liblz4.so.1.7.1
7fedee13c000-7fedee13d000 r--p 00016000 08:07 1455825                    /usr/lib/x86_64-linux-gnu/liblz4.so.1.7.1
7fedee13d000-7fedee13e000 rw-p 00017000 08:07 1455825                    /usr/lib/x86_64-linux-gnu/liblz4.so.1.7.1
7fedee13e000-7fedee162000 r-xp 00000000 08:07 793615                     /lib/x86_64-linux-gnu/liblzma.so.5.2.2
7fedee162000-7fedee362000 ---p 00024000 08:07 793615                     /lib/x86_64-linux-gnu/liblzma.so.5.2.2
7fedee362000-7fedee363000 r--p 00024000 08:07 793615                     /lib/x86_64-linux-gnu/liblzma.so.5.2.2
7fedee363000-7fedee364000 rw-p 00025000 08:07 793615                     /lib/x86_64-linux-gnu/liblzma.so.5.2.2
7fedee364000-7fedee46a000 r-xp 00000000 08:07 793592                     /lib/x86_64-linux-gnu/libgcrypt.so.20.1.8
7fedee46a000-7fedee669000 ---p 00106000 08:07 793592                     /lib/x86_64-linux-gnu/libgcrypt.so.20.1.8
7fedee669000-7fedee66b000 r--p 00105000 08:07 793592                     /lib/x86_64-linux-gnu/libgcrypt.so.20.1.8
7fedee66b000-7fedee671000 rw-p 00107000 08:07 793592                     /lib/x86_64-linux-gnu/libgcrypt.so.20.1.8
7fedee671000-7fedee672000 rw-p 00000000 00:00 0 
7fedee672000-7fedee6f3000 r-xp 00000000 08:07 793713                     /lib/x86_64-linux-gnu/libsystemd.so.0.19.0
7fedee6f3000-7fedee8f2000 ---p 00081000 08:07 793713                     /lib/x86_64-linux-gnu/libsystemd.so.0.19.0
7fedee8f2000-7fedee8f5000 r--p 00080000 08:07 793713                     /lib/x86_64-linux-gnu/libsystemd.so.0.19.0
7fedee8f5000-7fedee8f6000 rw-p 00083000 08:07 793713                     /lib/x86_64-linux-gnu/libsystemd.so.0.19.0
7fedee8f6000-7fedee8f7000 rw-p 00000000 00:00 0 
7fedee8f7000-7fedee967000 r-xp 00000000 08:07 793676                     /lib/x86_64-linux-gnu/libpcre.so.3.13.3
7fedee967000-7fedeeb67000 ---p 00070000 08:07 793676                     /lib/x86_64-linux-gnu/libpcre.so.3.13.3
7fedeeb67000-7fedeeb68000 r--p 00070000 08:07 793676                     /lib/x86_64-linux-gnu/libpcre.so.3.13.3
7fedeeb68000-7fedeeb69000 rw-p 00071000 08:07 793676                     /lib/x86_64-linux-gnu/libpcre.so.3.13.3
7fedeeb69000-7fedeeb70000 r-xp 00000000 08:07 1455433                    /usr/lib/x86_64-linux-gnu/libffi.so.6.0.4
7fedeeb70000-7fedeed6f000 ---p 00007000 08:07 1455433                    /usr/lib/x86_64-linux-gnu/libffi.so.6.0.4
7fedeed6f000-7fedeed70000 r--p 00006000 08:07 1455433                    /usr/lib/x86_64-linux-gnu/libffi.so.6.0.4
7fedeed70000-7fedeed71000 rw-p 00007000 08:07 1455433                    /usr/lib/x86_64-linux-gnu/libffi.so.6.0.4
7fedeed71000-7fedeedbb000 r-xp 00000000 08:07 793568                     /lib/x86_64-linux-gnu/libdbus-1.so.3.14.13
7fedeedbb000-7fedeefbb000 ---p 0004a000 08:07 793568                     /lib/x86_64-linux-gnu/libdbus-1.so.3.14.13
7fedeefbb000-7fedeefbc000 r--p 0004a000 08:07 793568                     /lib/x86_64-linux-gnu/libdbus-1.so.3.14.13
7fedeefbc000-7fedeefbd000 rw-p 0004b000 08:07 793568                     /lib/x86_64-linux-gnu/libdbus-1.so.3.14.13
7fedeefbd000-7fedeefe9000 r-xp 00000000 08:07 1455191                    /usr/lib/x86_64-linux-gnu/libatspi.so.0.0.1
7fedeefe9000-7fedef1e9000 ---p 0002c000 08:07 1455191                    /usr/lib/x86_64-linux-gnu/libatspi.so.0.0.1
7fedef1e9000-7fedef1ec000 r--p 0002c000 08:07 1455191                    /usr/lib/x86_64-linux-gnu/libatspi.so.0.0.1
7fedef1ec000-7fedef1ed000 rw-p 0002f000 08:07 1455191                    /usr/lib/x86_64-linux-gnu/libatspi.so.0.0.1
7fedef1ed000-7fedef2fe000 r-xp 00000000 08:07 793594                     /lib/x86_64-linux-gnu/libglib-2.0.so.0.5400.1
7fedef2fe000-7fedef4fe000 ---p 00111000 08:07 793594                     /lib/x86_64-linux-gnu/libglib-2.0.so.0.5400.1
7fedef4fe000-7fedef4ff000 r--p 00111000 08:07 793594                     /lib/x86_64-linux-gnu/libglib-2.0.so.0.5400.1
7fedef4ff000-7fedef500000 rw-p 00112000 08:07 793594                     /lib/x86_64-linux-gnu/libglib-2.0.so.0.5400.1
7fedef500000-7fedef501000 rw-p 00000000 00:00 0 
7fedef501000-7fedef553000 r-xp 00000000 08:07 1455579                    /usr/lib/x86_64-linux-gnu/libgobject-2.0.so.0.5400.1
7fedef553000-7fedef753000 ---p 00052000 08:07 1455579                    /usr/lib/x86_64-linux-gnu/libgobject-2.0.so.0.5400.1
7fedef753000-7fedef754000 r--p 00052000 08:07 1455579                    /usr/lib/x86_64-linux-gnu/libgobject-2.0.so.0.5400.1
7fedef754000-7fedef755000 rw-p 00053000 08:07 1455579                    /usr/lib/x86_64-linux-gnu/libgobject-2.0.so.0.5400.1
7fedef755000-7fedef782000 r-xp 00000000 08:07 1455187                    /usr/lib/x86_64-linux-gnu/libatk-bridge-2.0.so.0.0.0
7fedef782000-7fedef981000 ---p 0002d000 08:07 1455187                    /usr/lib/x86_64-linux-gnu/libatk-bridge-2.0.so.0.0.0
7fedef981000-7fedef982000 r--p 0002c000 08:07 1455187                    /usr/lib/x86_64-linux-gnu/libatk-bridge-2.0.so.0.0.0
7fedef982000-7fedef984000 rw-p 0002d000 08:07 1455187                    /usr/lib/x86_64-linux-gnu/libatk-bridge-2.0.so.0.0.0
7fedef984000-7fedef9a7000 r-xp 00000000 08:07 1455185                    /usr/lib/x86_64-linux-gnu/libatk-1.0.so.0.22609.1
7fedef9a7000-7fedefba6000 ---p 00023000 08:07 1455185                    /usr/lib/x86_64-linux-gnu/libatk-1.0.so.0.22609.1
7fedefba6000-7fedefba9000 r--p 00022000 08:07 1455185                    /usr/lib/x86_64-linux-gnu/libatk-1.0.so.0.22609.1
7fedefba9000-7fedefbaa000 rw-p 00025000 08:07 1455185                    /usr/lib/x86_64-linux-gnu/libatk-1.0.so.0.22609.1
7fedefbaa000-7fedefbc0000 r-xp 00000000 08:07 1596898                    /usr/lib/x86_64-linux-gnu/jni/libatk-wrapper.so.6.0.0
7fedefbc0000-7fedefdbf000 ---p 00016000 08:07 1596898                    /usr/lib/x86_64-linux-gnu/jni/libatk-wrapper.so.6.0.0
7fedefdbf000-7fedefdc0000 r--p 00015000 08:07 1596898                    /usr/lib/x86_64-linux-gnu/jni/libatk-wrapper.so.6.0.0
7fedefdc0000-7fedefdc1000 rw-p 00016000 08:07 1596898                    /usr/lib/x86_64-linux-gnu/jni/libatk-wrapper.so.6.0.0
7fedefdc1000-7fedefdc4000 ---p 00000000 00:00 0 
7fedefdc4000-7fedefdfa000 rw-p 00000000 00:00 0 
7fedefdfa000-7fedefdff000 r-xp 00000000 08:07 1455113                    /usr/lib/x86_64-linux-gnu/libXfixes.so.3.1.0
7fedefdff000-7fedefffe000 ---p 00005000 08:07 1455113                    /usr/lib/x86_64-linux-gnu/libXfixes.so.3.1.0
7fedefffe000-7fedeffff000 r--p 00004000 08:07 1455113                    /usr/lib/x86_64-linux-gnu/libXfixes.so.3.1.0
7fedeffff000-7fedf0000000 rw-p 00005000 08:07 1455113                    /usr/lib/x86_64-linux-gnu/libXfixes.so.3.1.0
7fedf0000000-7fedf0021000 rw-p 00000000 00:00 0 
7fedf0021000-7fedf4000000 ---p 00000000 00:00 0 
7fedf4000000-7fedf4021000 rw-p 00000000 00:00 0 
7fedf4021000-7fedf8000000 ---p 00000000 00:00 0 
7fedf8000000-7fedf80c1000 rw-p 00000000 00:00 0 
7fedf80c1000-7fedfc000000 ---p 00000000 00:00 0 
7fedfc000000-7fedfc7da000 rw-p 00000000 00:00 0 
7fedfc7da000-7fee00000000 ---p 00000000 00:00 0 
7fee00000000-7fee00021000 rw-p 00000000 00:00 0 
7fee00021000-7fee04000000 ---p 00000000 00:00 0 
7fee04000000-7fee041c2000 rw-p 00000000 00:00 0 
7fee041c2000-7fee08000000 ---p 00000000 00:00 0 
7fee08000000-7fee08021000 rw-p 00000000 00:00 0 
7fee08021000-7fee0c000000 ---p 00000000 00:00 0 
7fee0c000000-7fee0c021000 rw-p 00000000 00:00 0 
7fee0c021000-7fee10000000 ---p 00000000 00:00 0 
7fee10000000-7fee10021000 rw-p 00000000 00:00 0 
7fee10021000-7fee14000000 ---p 00000000 00:00 0 
7fee14000000-7fee14001000 r--s 00000000 08:07 1589664                    /var/cache/fontconfig/a48eab177a16e4f3713381162db2f3e9-le64.cache-6
7fee14001000-7fee14002000 r--s 00000000 08:07 1589645                    /var/cache/fontconfig/564b2e68ac9bc4e36a6f7f6d6125ec1c-le64.cache-6
7fee14002000-7fee14003000 r--s 00000000 08:07 1589646                    /var/cache/fontconfig/56cf4f4769d0f4abc89a4895d7bd3ae1-le64.cache-6
7fee14003000-7fee14004000 r--s 00000000 08:07 1589668                    /var/cache/fontconfig/b9d506c9ac06c20b433354fa67a72993-le64.cache-6
7fee14004000-7fee14005000 r--s 00000000 08:07 1589632                    /var/cache/fontconfig/370e5b74bf5dafc30834de68e24a87a4-le64.cache-6
7fee14005000-7fee14006000 r--s 00000000 08:07 1589653                    /var/cache/fontconfig/6b2c5944714ca7831b25bed9e85cb5c8-le64.cache-6
7fee14006000-7fee14012000 r--s 00000000 08:07 1597056                    /var/cache/fontconfig/d589a48862398ed80a3d6066f4f56f4c-le64.cache-6
7fee14012000-7fee14020000 r--s 00000000 08:07 1589661                    /var/cache/fontconfig/9b89f8e3dae116d678bbf48e5f21f69b-le64.cache-6
7fee14020000-7fee14023000 ---p 00000000 00:00 0 
7fee14023000-7fee14121000 rw-p 00000000 00:00 0 
7fee14121000-7fee1412a000 r-xp 00000000 08:07 1455105                    /usr/lib/x86_64-linux-gnu/libXcursor.so.1.0.2
7fee1412a000-7fee14329000 ---p 00009000 08:07 1455105                    /usr/lib/x86_64-linux-gnu/libXcursor.so.1.0.2
7fee14329000-7fee1432a000 r--p 00008000 08:07 1455105                    /usr/lib/x86_64-linux-gnu/libXcursor.so.1.0.2
7fee1432a000-7fee1432b000 rw-p 00009000 08:07 1455105                    /usr/lib/x86_64-linux-gnu/libXcursor.so.1.0.2
7fee1432b000-7fee1432e000 ---p 00000000 00:00 0 
7fee1432e000-7fee1442c000 rw-p 00000000 00:00 0 
7fee1442c000-7fee1445d000 r-xp 00000000 08:07 1455984                    /usr/lib/x86_64-linux-gnu/libpng16.so.16.34.0
7fee1445d000-7fee1465c000 ---p 00031000 08:07 1455984                    /usr/lib/x86_64-linux-gnu/libpng16.so.16.34.0
7fee1465c000-7fee1465d000 r--p 00030000 08:07 1455984                    /usr/lib/x86_64-linux-gnu/libpng16.so.16.34.0
7fee1465d000-7fee1465e000 rw-p 00031000 08:07 1455984                    /usr/lib/x86_64-linux-gnu/libpng16.so.16.34.0
7fee1465e000-7fee1470a000 r-xp 00000000 08:07 1446974                    /usr/lib/x86_64-linux-gnu/libfreetype.so.6.14.0
7fee1470a000-7fee14909000 ---p 000ac000 08:07 1446974                    /usr/lib/x86_64-linux-gnu/libfreetype.so.6.14.0
7fee14909000-7fee14910000 r--p 000ab000 08:07 1446974                    /usr/lib/x86_64-linux-gnu/libfreetype.so.6.14.0
7fee14910000-7fee14911000 rw-p 000b2000 08:07 1446974                    /usr/lib/x86_64-linux-gnu/libfreetype.so.6.14.0
7fee14911000-7fee14962000 r-xp 00000000 08:07 1466934                    /usr/lib/jvm/java-8-openjdk-amd64/jre/lib/amd64/libfontmanager.so
7fee14962000-7fee14b62000 ---p 00051000 08:07 1466934                    /usr/lib/jvm/java-8-openjdk-amd64/jre/lib/amd64/libfontmanager.so
7fee14b62000-7fee14b64000 r--p 00051000 08:07 1466934                    /usr/lib/jvm/java-8-openjdk-amd64/jre/lib/amd64/libfontmanager.so
7fee14b64000-7fee14b65000 rw-p 00053000 08:07 1466934                    /usr/lib/jvm/java-8-openjdk-amd64/jre/lib/amd64/libfontmanager.so
7fee14b65000-7fee14b78000 r-xp 00000000 08:07 793548                     /lib/x86_64-linux-gnu/libbsd.so.0.8.6
7fee14b78000-7fee14d77000 ---p 00013000 08:07 793548                     /lib/x86_64-linux-gnu/libbsd.so.0.8.6
7fee14d77000-7fee14d78000 r--p 00012000 08:07 793548                     /lib/x86_64-linux-gnu/libbsd.so.0.8.6
7fee14d78000-7fee14d79000 rw-p 00013000 08:07 793548                     /lib/x86_64-linux-gnu/libbsd.so.0.8.6
7fee14d79000-7fee14d7a000 rw-p 00000000 00:00 0 
7fee14d7a000-7fee14d7f000 r-xp 00000000 08:07 1455109                    /usr/lib/x86_64-linux-gnu/libXdmcp.so.6.0.0
7fee14d7f000-7fee14f7e000 ---p 00005000 08:07 1455109                    /usr/lib/x86_64-linux-gnu/libXdmcp.so.6.0.0
7fee14f7e000-7fee14f7f000 r--p 00004000 08:07 1455109                    /usr/lib/x86_64-linux-gnu/libXdmcp.so.6.0.0
7fee14f7f000-7fee14f80000 rw-p 00005000 08:07 1455109                    /usr/lib/x86_64-linux-gnu/libXdmcp.so.6.0.0
7fee14f80000-7fee14f82000 r-xp 00000000 08:07 1455098                    /usr/lib/x86_64-linux-gnu/libXau.so.6.0.0
7fee14f82000-7fee15182000 ---p 00002000 08:07 1455098                    /usr/lib/x86_64-linux-gnu/libXau.so.6.0.0
7fee15182000-7fee15183000 r--p 00002000 08:07 1455098                    /usr/lib/x86_64-linux-gnu/libXau.so.6.0.0
7fee15183000-7fee15184000 rw-p 00003000 08:07 1455098                    /usr/lib/x86_64-linux-gnu/libXau.so.6.0.0
7fee15184000-7fee151aa000 r-xp 00000000 08:07 1456345                    /usr/lib/x86_64-linux-gnu/libxcb.so.1.1.0
7fee151aa000-7fee153a9000 ---p 00026000 08:07 1456345                    /usr/lib/x86_64-linux-gnu/libxcb.so.1.1.0
7fee153a9000-7fee153aa000 r--p 00025000 08:07 1456345                    /usr/lib/x86_64-linux-gnu/libxcb.so.1.1.0
7fee153aa000-7fee153ab000 rw-p 00026000 08:07 1456345                    /usr/lib/x86_64-linux-gnu/libxcb.so.1.1.0
7fee153ab000-7fee153ba000 r-xp 00000000 08:07 1455121                    /usr/lib/x86_64-linux-gnu/libXi.so.6.1.0
7fee153ba000-7fee155b9000 ---p 0000f000 08:07 1455121                    /usr/lib/x86_64-linux-gnu/libXi.so.6.1.0
7fee155b9000-7fee155ba000 r--p 0000e000 08:07 1455121                    /usr/lib/x86_64-linux-gnu/libXi.so.6.1.0
7fee155ba000-7fee155bb000 rw-p 0000f000 08:07 1455121                    /usr/lib/x86_64-linux-gnu/libXi.so.6.1.0
7fee155bb000-7fee155c0000 r-xp 00000000 08:07 1455139                    /usr/lib/x86_64-linux-gnu/libXtst.so.6.1.0
7fee155c0000-7fee157bf000 ---p 00005000 08:07 1455139                    /usr/lib/x86_64-linux-gnu/libXtst.so.6.1.0
7fee157bf000-7fee157c0000 r--p 00004000 08:07 1455139                    /usr/lib/x86_64-linux-gnu/libXtst.so.6.1.0
7fee157c0000-7fee157c1000 rw-p 00005000 08:07 1455139                    /usr/lib/x86_64-linux-gnu/libXtst.so.6.1.0
7fee157c1000-7fee157ca000 r-xp 00000000 08:07 1455133                    /usr/lib/x86_64-linux-gnu/libXrender.so.1.3.0
7fee157ca000-7fee159c9000 ---p 00009000 08:07 1455133                    /usr/lib/x86_64-linux-gnu/libXrender.so.1.3.0
7fee159c9000-7fee159ca000 r--p 00008000 08:07 1455133                    /usr/lib/x86_64-linux-gnu/libXrender.so.1.3.0
7fee159ca000-7fee159cb000 rw-p 00009000 08:07 1455133                    /usr/lib/x86_64-linux-gnu/libXrender.so.1.3.0
7fee159cb000-7fee15aff000 r-xp 00000000 08:07 1455094                    /usr/lib/x86_64-linux-gnu/libX11.so.6.3.0
7fee15aff000-7fee15cff000 ---p 00134000 08:07 1455094                    /usr/lib/x86_64-linux-gnu/libX11.so.6.3.0
7fee15cff000-7fee15d00000 r--p 00134000 08:07 1455094                    /usr/lib/x86_64-linux-gnu/libX11.so.6.3.0
7fee15d00000-7fee15d04000 rw-p 00135000 08:07 1455094                    /usr/lib/x86_64-linux-gnu/libX11.so.6.3.0
7fee15d04000-7fee15d15000 r-xp 00000000 08:07 1455111                    /usr/lib/x86_64-linux-gnu/libXext.so.6.4.0
7fee15d15000-7fee15f14000 ---p 00011000 08:07 1455111                    /usr/lib/x86_64-linux-gnu/libXext.so.6.4.0
7fee15f14000-7fee15f15000 r--p 00010000 08:07 1455111                    /usr/lib/x86_64-linux-gnu/libXext.so.6.4.0
7fee15f15000-7fee15f16000 rw-p 00011000 08:07 1455111                    /usr/lib/x86_64-linux-gnu/libXext.so.6.4.0
7fee15f16000-7fee15f6a000 r-xp 00000000 08:07 1466932                    /usr/lib/jvm/java-8-openjdk-amd64/jre/lib/amd64/libawt_xawt.so
7fee15f6a000-7fee16169000 ---p 00054000 08:07 1466932                    /usr/lib/jvm/java-8-openjdk-amd64/jre/lib/amd64/libawt_xawt.so
7fee16169000-7fee1616a000 r--p 00053000 08:07 1466932                    /usr/lib/jvm/java-8-openjdk-amd64/jre/lib/amd64/libawt_xawt.so
7fee1616a000-7fee1616d000 rw-p 00054000 08:07 1466932                    /usr/lib/jvm/java-8-openjdk-amd64/jre/lib/amd64/libawt_xawt.so
7fee1616d000-7fee1616e000 rw-p 00000000 00:00 0 
7fee1616e000-7fee1620e000 r-xp 00000000 08:07 1466930                    /usr/lib/jvm/java-8-openjdk-amd64/jre/lib/amd64/libawt.so
7fee1620e000-7fee1640d000 ---p 000a0000 08:07 1466930                    /usr/lib/jvm/java-8-openjdk-amd64/jre/lib/amd64/libawt.so
7fee1640d000-7fee1640e000 r--p 0009f000 08:07 1466930                    /usr/lib/jvm/java-8-openjdk-amd64/jre/lib/amd64/libawt.so
7fee1640e000-7fee16419000 rw-p 000a0000 08:07 1466930                    /usr/lib/jvm/java-8-openjdk-amd64/jre/lib/amd64/libawt.so
7fee16419000-7fee1643e000 rw-p 00000000 00:00 0 
7fee1643e000-7fee1643f000 ---p 00000000 00:00 0 
7fee1643f000-7fee1653f000 rw-p 00000000 00:00 0 
7fee1653f000-7fee16542000 ---p 00000000 00:00 0 
7fee16542000-7fee16640000 rw-p 00000000 00:00 0 
7fee16640000-7fee16643000 ---p 00000000 00:00 0 
7fee16643000-7fee16741000 rw-p 00000000 00:00 0 
7fee16741000-7fee16744000 ---p 00000000 00:00 0 
7fee16744000-7fee16842000 rw-p 00000000 00:00 0 
7fee16842000-7fee16845000 ---p 00000000 00:00 0 
7fee16845000-7fee16943000 rw-p 00000000 00:00 0 
7fee16943000-7fee16946000 ---p 00000000 00:00 0 
7fee16946000-7fee16a44000 rw-p 00000000 00:00 0 
7fee16a44000-7fee16d20000 r--p 00000000 08:07 1445975                    /usr/lib/locale/locale-archive
7fee16d20000-7fee16d23000 ---p 00000000 00:00 0 
7fee16d23000-7fee16e21000 rw-p 00000000 00:00 0 
7fee16e21000-7fee16e24000 ---p 00000000 00:00 0 
7fee16e24000-7fee16f22000 rw-p 00000000 00:00 0 
7fee16f22000-7fee16f23000 ---p 00000000 00:00 0 
7fee16f23000-7fee17e31000 rw-p 00000000 00:00 0 
7fee17e31000-7fee18000000 r--s 03c21000 08:07 1467003                    /usr/lib/jvm/java-8-openjdk-amd64/jre/lib/rt.jar
7fee18000000-7fee18021000 rw-p 00000000 00:00 0 
7fee18021000-7fee1c000000 ---p 00000000 00:00 0 
7fee1c000000-7fee1c021000 rw-p 00000000 00:00 0 
7fee1c021000-7fee20000000 ---p 00000000 00:00 0 
7fee20000000-7fee20021000 rw-p 00000000 00:00 0 
7fee20021000-7fee24000000 ---p 00000000 00:00 0 
7fee24000000-7fee24001000 r--s 00000000 08:07 1589674                    /var/cache/fontconfig/d5178ab6d91b49bf20a416737dcea9e8-le64.cache-6
7fee24001000-7fee24002000 r--s 00000000 08:07 1589644                    /var/cache/fontconfig/551ecf3b0e8b0bca0f25c0944f561853-le64.cache-6
7fee24002000-7fee24005000 r--s 00000000 08:07 1589682                    /var/cache/fontconfig/f259c2cffa685e28062317905db73c4a-le64.cache-6
7fee24005000-7fee24007000 r--s 00000000 08:07 1589643                    /var/cache/fontconfig/550f3886151c940c12a5ed35f6a00586-le64.cache-6
7fee24007000-7fee2400a000 r--s 00000000 08:07 1589652                    /var/cache/fontconfig/674d1711f2d1d2a09646eb0bdcadee49-le64.cache-6
7fee2400a000-7fee2400b000 r--s 00000000 08:07 1589636                    /var/cache/fontconfig/3f7329c5293ffd510edef78f73874cfd-le64.cache-6
7fee2400b000-7fee2400c000 r--s 00000000 08:07 1589630                    /var/cache/fontconfig/30829fa25452a46451e813d634d7f916-le64.cache-6
7fee2400c000-7fee2400d000 r--s 00000000 08:07 1589620                    /var/cache/fontconfig/0c9eb80ebd1c36541ebe2852d3bb0c49-le64.cache-6
7fee2400d000-7fee2401a000 r--s 00000000 08:07 1596747                    /var/cache/fontconfig/e13b20fdb08344e0e664864cc2ede53d-le64.cache-6
7fee2401a000-7fee2402d000 r--s 00346000 08:07 1467002                    /usr/lib/jvm/java-8-openjdk-amd64/jre/lib/resources.jar
7fee2402d000-7fee24035000 r--s 000c4000 08:07 933000                     /home/sbaba2220/netbeans-8.2/ide/modules/ext/mysql-connector-java-5.1.23-bin.jar
7fee24035000-7fee28000000 rw-p 00000000 00:00 0 
7fee28000000-7fee28021000 rw-p 00000000 00:00 0 
7fee28021000-7fee2c000000 ---p 00000000 00:00 0 
7fee2c000000-7fee2c001000 r--s 00000000 08:07 1589627                    /var/cache/fontconfig/22368d551a680bfe5a62c02760edf4ea-le64.cache-6
7fee2c001000-7fee2c002000 r--s 00000000 08:07 1589641                    /var/cache/fontconfig/4d9c95eba1cb85bbcf2878543262124a-le64.cache-6
7fee2c002000-7fee2c003000 r--s 00000000 08:07 1589657                    /var/cache/fontconfig/85e0a52ce643a7ba2ae53e5d6949cead-le64.cache-6
7fee2c003000-7fee2c004000 r--s 00000000 08:07 1589638                    /var/cache/fontconfig/49f0de54bdd920fe4f0dfd4cbac43e6b-le64.cache-6
7fee2c004000-7fee2c01f000 r--s 00394000 08:07 1466974                    /usr/lib/jvm/java-8-openjdk-amd64/jre/lib/ext/cldrdata.jar
7fee2c01f000-7fee2cbfc000 rw-p 00000000 00:00 0 
7fee2cbfc000-7fee2cbfd000 ---p 00000000 00:00 0 
7fee2cbfd000-7fee2ccfd000 rw-p 00000000 00:00 0 
7fee2ccfd000-7fee2ccfe000 ---p 00000000 00:00 0 
7fee2ccfe000-7fee2cdfe000 rw-p 00000000 00:00 0 
7fee2cdfe000-7fee2cdff000 ---p 00000000 00:00 0 
7fee2cdff000-7fee2ceff000 rw-p 00000000 00:00 0 
7fee2ceff000-7fee2cf00000 ---p 00000000 00:00 0 
7fee2cf00000-7fee2d000000 rw-p 00000000 00:00 0 
7fee2d000000-7fee2d510000 rwxp 00000000 00:00 0 
7fee2d510000-7fee3c000000 ---p 00000000 00:00 0 
7fee3c000000-7fee3c346000 rw-p 00000000 00:00 0 
7fee3c346000-7fee40000000 ---p 00000000 00:00 0 
7fee40000000-7fee40004000 r--s 00000000 08:07 1580007                    /var/cache/fontconfig/7ef2298fde41cc6eeb7af42e48b7d293-le64.cache-6
7fee40004000-7fee4001f000 r--s 001d6000 08:07 1466979                    /usr/lib/jvm/java-8-openjdk-amd64/jre/lib/ext/nashorn.jar
7fee4001f000-7fee40097000 rw-p 00000000 00:00 0 
7fee40097000-7fee40301000 ---p 00000000 00:00 0 
7fee40301000-7fee4032b000 rw-p 00000000 00:00 0 
7fee4032b000-7fee40594000 ---p 00000000 00:00 0 
7fee40594000-7fee405a9000 rw-p 00000000 00:00 0 
7fee405a9000-7fee406de000 ---p 00000000 00:00 0 
7fee406de000-7fee406f4000 rw-p 00000000 00:00 0 
7fee406f4000-7fee40a9f000 ---p 00000000 00:00 0 
7fee40a9f000-7fee40aa7000 r-xp 00000000 08:07 1466960                    /usr/lib/jvm/java-8-openjdk-amd64/jre/lib/amd64/libzip.so
7fee40aa7000-7fee40ca6000 ---p 00008000 08:07 1466960                    /usr/lib/jvm/java-8-openjdk-amd64/jre/lib/amd64/libzip.so
7fee40ca6000-7fee40ca7000 r--p 00007000 08:07 1466960                    /usr/lib/jvm/java-8-openjdk-amd64/jre/lib/amd64/libzip.so
7fee40ca7000-7fee40ca8000 rw-p 00008000 08:07 1466960                    /usr/lib/jvm/java-8-openjdk-amd64/jre/lib/amd64/libzip.so
7fee40ca8000-7fee40cb3000 r-xp 00000000 08:07 788061                     /lib/x86_64-linux-gnu/libnss_files-2.26.so
7fee40cb3000-7fee40eb2000 ---p 0000b000 08:07 788061                     /lib/x86_64-linux-gnu/libnss_files-2.26.so
7fee40eb2000-7fee40eb3000 r--p 0000a000 08:07 788061                     /lib/x86_64-linux-gnu/libnss_files-2.26.so
7fee40eb3000-7fee40eb4000 rw-p 0000b000 08:07 788061                     /lib/x86_64-linux-gnu/libnss_files-2.26.so
7fee40eb4000-7fee40eba000 rw-p 00000000 00:00 0 
7fee40eba000-7fee40ec5000 r-xp 00000000 08:07 788063                     /lib/x86_64-linux-gnu/libnss_nis-2.26.so
7fee40ec5000-7fee410c4000 ---p 0000b000 08:07 788063                     /lib/x86_64-linux-gnu/libnss_nis-2.26.so
7fee410c4000-7fee410c5000 r--p 0000a000 08:07 788063                     /lib/x86_64-linux-gnu/libnss_nis-2.26.so
7fee410c5000-7fee410c6000 rw-p 0000b000 08:07 788063                     /lib/x86_64-linux-gnu/libnss_nis-2.26.so
7fee410c6000-7fee410dd000 r-xp 00000000 08:07 788058                     /lib/x86_64-linux-gnu/libnsl-2.26.so
7fee410dd000-7fee412dc000 ---p 00017000 08:07 788058                     /lib/x86_64-linux-gnu/libnsl-2.26.so
7fee412dc000-7fee412dd000 r--p 00016000 08:07 788058                     /lib/x86_64-linux-gnu/libnsl-2.26.so
7fee412dd000-7fee412de000 rw-p 00017000 08:07 788058                     /lib/x86_64-linux-gnu/libnsl-2.26.so
7fee412de000-7fee412e0000 rw-p 00000000 00:00 0 
7fee412e0000-7fee412e8000 r-xp 00000000 08:07 788059                     /lib/x86_64-linux-gnu/libnss_compat-2.26.so
7fee412e8000-7fee414e7000 ---p 00008000 08:07 788059                     /lib/x86_64-linux-gnu/libnss_compat-2.26.so
7fee414e7000-7fee414e8000 r--p 00007000 08:07 788059                     /lib/x86_64-linux-gnu/libnss_compat-2.26.so
7fee414e8000-7fee414e9000 rw-p 00008000 08:07 788059                     /lib/x86_64-linux-gnu/libnss_compat-2.26.so
7fee414e9000-7fee41516000 r-xp 00000000 08:07 1466941                    /usr/lib/jvm/java-8-openjdk-amd64/jre/lib/amd64/libjava.so
7fee41516000-7fee41716000 ---p 0002d000 08:07 1466941                    /usr/lib/jvm/java-8-openjdk-amd64/jre/lib/amd64/libjava.so
7fee41716000-7fee41717000 r--p 0002d000 08:07 1466941                    /usr/lib/jvm/java-8-openjdk-amd64/jre/lib/amd64/libjava.so
7fee41717000-7fee41719000 rw-p 0002e000 08:07 1466941                    /usr/lib/jvm/java-8-openjdk-amd64/jre/lib/amd64/libjava.so
7fee41719000-7fee41729000 r-xp 00000000 08:07 1466959                    /usr/lib/jvm/java-8-openjdk-amd64/jre/lib/amd64/libverify.so
7fee41729000-7fee41928000 ---p 00010000 08:07 1466959                    /usr/lib/jvm/java-8-openjdk-amd64/jre/lib/amd64/libverify.so
7fee41928000-7fee4192a000 r--p 0000f000 08:07 1466959                    /usr/lib/jvm/java-8-openjdk-amd64/jre/lib/amd64/libverify.so
7fee4192a000-7fee4192b000 rw-p 00011000 08:07 1466959                    /usr/lib/jvm/java-8-openjdk-amd64/jre/lib/amd64/libverify.so
7fee4192b000-7fee41932000 r-xp 00000000 08:07 793105                     /lib/x86_64-linux-gnu/librt-2.26.so
7fee41932000-7fee41b31000 ---p 00007000 08:07 793105                     /lib/x86_64-linux-gnu/librt-2.26.so
7fee41b31000-7fee41b32000 r--p 00006000 08:07 793105                     /lib/x86_64-linux-gnu/librt-2.26.so
7fee41b32000-7fee41b33000 rw-p 00007000 08:07 793105                     /lib/x86_64-linux-gnu/librt-2.26.so
7fee41b33000-7fee41b49000 r-xp 00000000 08:07 803803                     /lib/x86_64-linux-gnu/libgcc_s.so.1
7fee41b49000-7fee41d48000 ---p 00016000 08:07 803803                     /lib/x86_64-linux-gnu/libgcc_s.so.1
7fee41d48000-7fee41d49000 r--p 00015000 08:07 803803                     /lib/x86_64-linux-gnu/libgcc_s.so.1
7fee41d49000-7fee41d4a000 rw-p 00016000 08:07 803803                     /lib/x86_64-linux-gnu/libgcc_s.so.1
7fee41d4a000-7fee41e9f000 r-xp 00000000 08:07 788055                     /lib/x86_64-linux-gnu/libm-2.26.so
7fee41e9f000-7fee4209e000 ---p 00155000 08:07 788055                     /lib/x86_64-linux-gnu/libm-2.26.so
7fee4209e000-7fee4209f000 r--p 00154000 08:07 788055                     /lib/x86_64-linux-gnu/libm-2.26.so
7fee4209f000-7fee420a0000 rw-p 00155000 08:07 788055                     /lib/x86_64-linux-gnu/libm-2.26.so
7fee420a0000-7fee42218000 r-xp 00000000 08:07 1448012                    /usr/lib/x86_64-linux-gnu/libstdc++.so.6.0.24
7fee42218000-7fee42417000 ---p 00178000 08:07 1448012                    /usr/lib/x86_64-linux-gnu/libstdc++.so.6.0.24
7fee42417000-7fee42421000 r--p 00177000 08:07 1448012                    /usr/lib/x86_64-linux-gnu/libstdc++.so.6.0.24
7fee42421000-7fee42423000 rw-p 00181000 08:07 1448012                    /usr/lib/x86_64-linux-gnu/libstdc++.so.6.0.24
7fee42423000-7fee42426000 rw-p 00000000 00:00 0 
7fee42426000-7fee430b0000 r-xp 00000000 08:07 1466963                    /usr/lib/jvm/java-8-openjdk-amd64/jre/lib/amd64/server/libjvm.so
7fee430b0000-7fee432b0000 ---p 00c8a000 08:07 1466963                    /usr/lib/jvm/java-8-openjdk-amd64/jre/lib/amd64/server/libjvm.so
7fee432b0000-7fee43343000 r--p 00c8a000 08:07 1466963                    /usr/lib/jvm/java-8-openjdk-amd64/jre/lib/amd64/server/libjvm.so
7fee43343000-7fee4336b000 rw-p 00d1d000 08:07 1466963                    /usr/lib/jvm/java-8-openjdk-amd64/jre/lib/amd64/server/libjvm.so
7fee4336b000-7fee4339c000 rw-p 00000000 00:00 0 
7fee4339c000-7fee433b6000 r-xp 00000000 08:07 788066                     /lib/x86_64-linux-gnu/libpthread-2.26.so
7fee433b6000-7fee435b5000 ---p 0001a000 08:07 788066                     /lib/x86_64-linux-gnu/libpthread-2.26.so
7fee435b5000-7fee435b6000 r--p 00019000 08:07 788066                     /lib/x86_64-linux-gnu/libpthread-2.26.so
7fee435b6000-7fee435b7000 rw-p 0001a000 08:07 788066                     /lib/x86_64-linux-gnu/libpthread-2.26.so
7fee435b7000-7fee435bb000 rw-p 00000000 00:00 0 
7fee435bb000-7fee435be000 r-xp 00000000 08:07 788054                     /lib/x86_64-linux-gnu/libdl-2.26.so
7fee435be000-7fee437bd000 ---p 00003000 08:07 788054                     /lib/x86_64-linux-gnu/libdl-2.26.so
7fee437bd000-7fee437be000 r--p 00002000 08:07 788054                     /lib/x86_64-linux-gnu/libdl-2.26.so
7fee437be000-7fee437bf000 rw-p 00003000 08:07 788054                     /lib/x86_64-linux-gnu/libdl-2.26.so
7fee437bf000-7fee437db000 r-xp 00000000 08:07 793731                     /lib/x86_64-linux-gnu/libz.so.1.2.11
7fee437db000-7fee439da000 ---p 0001c000 08:07 793731                     /lib/x86_64-linux-gnu/libz.so.1.2.11
7fee439da000-7fee439db000 r--p 0001b000 08:07 793731                     /lib/x86_64-linux-gnu/libz.so.1.2.11
7fee439db000-7fee439dc000 rw-p 0001c000 08:07 793731                     /lib/x86_64-linux-gnu/libz.so.1.2.11
7fee439dc000-7fee43bb2000 r-xp 00000000 08:07 788051                     /lib/x86_64-linux-gnu/libc-2.26.so
7fee43bb2000-7fee43db2000 ---p 001d6000 08:07 788051                     /lib/x86_64-linux-gnu/libc-2.26.so
7fee43db2000-7fee43db6000 r--p 001d6000 08:07 788051                     /lib/x86_64-linux-gnu/libc-2.26.so
7fee43db6000-7fee43db8000 rw-p 001da000 08:07 788051                     /lib/x86_64-linux-gnu/libc-2.26.so
7fee43db8000-7fee43dbc000 rw-p 00000000 00:00 0 
7fee43dbc000-7fee43dca000 r-xp 00000000 08:07 1466927                    /usr/lib/jvm/java-8-openjdk-amd64/jre/lib/amd64/jli/libjli.so
7fee43dca000-7fee43fc9000 ---p 0000e000 08:07 1466927                    /usr/lib/jvm/java-8-openjdk-amd64/jre/lib/amd64/jli/libjli.so
7fee43fc9000-7fee43fca000 r--p 0000d000 08:07 1466927                    /usr/lib/jvm/java-8-openjdk-amd64/jre/lib/amd64/jli/libjli.so
7fee43fca000-7fee43fcb000 rw-p 0000e000 08:07 1466927                    /usr/lib/jvm/java-8-openjdk-amd64/jre/lib/amd64/jli/libjli.so
7fee43fcb000-7fee43ff2000 r-xp 00000000 08:07 787974                     /lib/x86_64-linux-gnu/ld-2.26.so
7fee43ff2000-7fee43ff3000 r--s 00000000 08:07 1589684                    /var/cache/fontconfig/f6e6e0a5c3d2f6ae0c0c2e0ecd42a997-le64.cache-6
7fee43ff3000-7fee43ff4000 r--s 00000000 08:07 1589639                    /var/cache/fontconfig/4b2eda6bb976bda485cb2176619421d5-le64.cache-6
7fee43ff4000-7fee43ff9000 r--s 002f9000 08:07 1466964                    /usr/lib/jvm/java-8-openjdk-amd64/jre/lib/charsets.jar
7fee43ff9000-7fee43fff000 r--s 0003a000 08:07 1466981                    /usr/lib/jvm/java-8-openjdk-amd64/jre/lib/ext/sunjce_provider.jar
7fee43fff000-7fee44001000 r--s 00008000 08:07 1466980                    /usr/lib/jvm/java-8-openjdk-amd64/jre/lib/ext/sunec.jar
7fee44001000-7fee44003000 r--s 00001000 08:07 1466975                    /usr/lib/jvm/java-8-openjdk-amd64/jre/lib/ext/dnsns.jar
7fee44003000-7fee44005000 r--s 00007000 08:07 1722770                    /usr/share/java/java-atk-wrapper.jar
7fee44005000-7fee44009000 r--s 00037000 08:07 1466982                    /usr/lib/jvm/java-8-openjdk-amd64/jre/lib/ext/sunpkcs11.jar
7fee44009000-7fee4400c000 r--s 0000f000 08:07 1466976                    /usr/lib/jvm/java-8-openjdk-amd64/jre/lib/ext/icedtea-sound.jar
7fee4400c000-7fee440d7000 rw-p 00000000 00:00 0 
7fee440d7000-7fee440da000 ---p 00000000 00:00 0 
7fee440da000-7fee441da000 rw-p 00000000 00:00 0 
7fee441da000-7fee441db000 r--s 00010000 08:07 1466983                    /usr/lib/jvm/java-8-openjdk-amd64/jre/lib/ext/zipfs.jar
7fee441db000-7fee441dc000 r--s 0000a000 08:07 1466977                    /usr/lib/jvm/java-8-openjdk-amd64/jre/lib/ext/jaccess.jar
7fee441dc000-7fee441e6000 r--s 00116000 08:07 1466978                    /usr/lib/jvm/java-8-openjdk-amd64/jre/lib/ext/localedata.jar
7fee441e6000-7fee441ee000 rw-s 00000000 08:07 285501                     /tmp/hsperfdata_sbaba2220/23378
7fee441ee000-7fee441ef000 rw-p 00000000 00:00 0 
7fee441ef000-7fee441f0000 r--p 00000000 00:00 0 
7fee441f0000-7fee441f2000 rw-p 00000000 00:00 0 
7fee441f2000-7fee441f3000 r--p 00027000 08:07 787974                     /lib/x86_64-linux-gnu/ld-2.26.so
7fee441f3000-7fee441f4000 rw-p 00028000 08:07 787974                     /lib/x86_64-linux-gnu/ld-2.26.so
7fee441f4000-7fee441f5000 rw-p 00000000 00:00 0 
7ffd61dae000-7ffd61dcf000 rw-p 00000000 00:00 0                          [stack]
7ffd61def000-7ffd61df2000 r--p 00000000 00:00 0                          [vvar]
7ffd61df2000-7ffd61df4000 r-xp 00000000 00:00 0                          [vdso]
ffffffffff600000-ffffffffff601000 r-xp 00000000 00:00 0                  [vsyscall]

VM Arguments:
jvm_args: -Dfile.encoding=UTF-8 
java_command: javaapplication1.JavaApplication1
java_class_path (initial): /home/sbaba2220/netbeans-8.2/ide/modules/ext/mysql-connector-java-5.1.23-bin.jar:/home/sbaba2220/NetBeansProjects/JavaApplication1/build/classes
Launcher Type: SUN_STANDARD

Environment Variables:
PATH=/usr/local/sbin:/usr/local/bin:/usr/sbin:/usr/bin:/sbin:/bin:/usr/games:/usr/local/games:/snap/bin
USERNAME=sbaba2220
LD_LIBRARY_PATH=/usr/lib/jvm/java-1.8.0-openjdk-amd64/jre/lib/amd64:/usr/lib/jvm/java-1.8.0-openjdk-amd64/jre/lib/i386:
SHELL=/bin/bash
DISPLAY=:0

Signal Handlers:
SIGSEGV: [libjvm.so+0xaa6ae0], sa_mask[0]=11111111011111111101111111111110, sa_flags=SA_RESTART|SA_SIGINFO
SIGBUS: [libjvm.so+0xaa6ae0], sa_mask[0]=11111111011111111101111111111110, sa_flags=SA_RESTART|SA_SIGINFO
SIGFPE: [libjvm.so+0x8ddf00], sa_mask[0]=11111111011111111101111111111110, sa_flags=SA_RESTART|SA_SIGINFO
SIGPIPE: [libjvm.so+0x8ddf00], sa_mask[0]=11111111011111111101111111111110, sa_flags=SA_RESTART|SA_SIGINFO
SIGXFSZ: [libjvm.so+0x8ddf00], sa_mask[0]=11111111011111111101111111111110, sa_flags=SA_RESTART|SA_SIGINFO
SIGILL: [libjvm.so+0x8ddf00], sa_mask[0]=11111111011111111101111111111110, sa_flags=SA_RESTART|SA_SIGINFO
SIGUSR1: SIG_DFL, sa_mask[0]=00000000000000000000000000000000, sa_flags=none
SIGUSR2: [libjvm.so+0x8dddb0], sa_mask[0]=00100000000000000000000000000000, sa_flags=SA_RESTART|SA_SIGINFO
SIGHUP: [libjvm.so+0x8de260], sa_mask[0]=11111111011111111101111111111110, sa_flags=SA_RESTART|SA_SIGINFO
SIGINT: SIG_IGN, sa_mask[0]=00000000000000000000000000000000, sa_flags=none
SIGTERM: [libjvm.so+0x8de260], sa_mask[0]=11111111011111111101111111111110, sa_flags=SA_RESTART|SA_SIGINFO
SIGQUIT: [libjvm.so+0x8de260], sa_mask[0]=11111111011111111101111111111110, sa_flags=SA_RESTART|SA_SIGINFO


---------------  S Y S T E M  ---------------

OS:DISTRIB_ID=Ubuntu
DISTRIB_RELEASE=17.10
DISTRIB_CODENAME=artful
DISTRIB_DESCRIPTION="Ubuntu 17.10"

uname:Linux 4.13.0-37-generic #42-Ubuntu SMP Wed Mar 7 14:13:23 UTC 2018 x86_64
libc:glibc 2.26 NPTL 2.26 
rlimit: STACK 8192k, CORE 0k, NPROC 31203, NOFILE 1048576, AS infinity
load average:80.79 39.97 15.96

/proc/meminfo:
MemTotal:        8098500 kB
MemFree:          745004 kB
MemAvailable:    3548464 kB
Buffers:          226856 kB
Cached:          2857824 kB
SwapCached:            0 kB
Active:          4708760 kB
Inactive:        2257548 kB
Active(anon):    3446244 kB
Inactive(anon):   610612 kB
Active(file):    1262516 kB
Inactive(file):  1646936 kB
Unevictable:          16 kB
Mlocked:              16 kB
SwapTotal:       1520880 kB
SwapFree:        1520880 kB
Dirty:                96 kB
Writeback:          4556 kB
AnonPages:       3881136 kB
Mapped:           514088 kB
Shmem:            603652 kB
Slab:             263644 kB
SReclaimable:     201896 kB
SUnreclaim:        61748 kB
KernelStack:       10100 kB
PageTables:        48960 kB
NFS_Unstable:          0 kB
Bounce:                0 kB
WritebackTmp:          0 kB
CommitLimit:     5570128 kB
Committed_AS:    9974920 kB
VmallocTotal:   34359738367 kB
VmallocUsed:           0 kB
VmallocChunk:          0 kB
HardwareCorrupted:     0 kB
AnonHugePages:      2048 kB
ShmemHugePages:        0 kB
ShmemPmdMapped:        0 kB
CmaTotal:              0 kB
CmaFree:               0 kB
HugePages_Total:       0
HugePages_Free:        0
HugePages_Rsvd:        0
HugePages_Surp:        0
Hugepagesize:       2048 kB
DirectMap4k:      164160 kB
DirectMap2M:     7106560 kB
DirectMap1G:     2097152 kB


CPU:total 4 (initial active 4) (2 cores per cpu, 2 threads per core) family 6 model 69 stepping 1, cmov, cx8, fxsr, mmx, sse, sse2, sse3, ssse3, sse4.1, sse4.2, popcnt, avx, avx2, aes, clmul, erms, lzcnt, ht, tsc, tscinvbit, bmi1, bmi2

/proc/cpuinfo:
processor	: 0
vendor_id	: GenuineIntel
cpu family	: 6
model		: 69
model name	: Intel(R) Core(TM) i5-4210U CPU @ 1.70GHz
stepping	: 1
microcode	: 0x17
cpu MHz		: 2394.396
cache size	: 3072 KB
physical id	: 0
siblings	: 4
core id		: 0
cpu cores	: 2
apicid		: 0
initial apicid	: 0
fpu		: yes
fpu_exception	: yes
cpuid level	: 13
wp		: yes
flags		: fpu vme de pse tsc msr pae mce cx8 apic sep mtrr pge mca cmov pat pse36 clflush dts acpi mmx fxsr sse sse2 ss ht tm pbe syscall nx pdpe1gb rdtscp lm constant_tsc arch_perfmon pebs bts rep_good nopl xtopology nonstop_tsc cpuid aperfmperf pni pclmulqdq dtes64 monitor ds_cpl vmx est tm2 ssse3 sdbg fma cx16 xtpr pdcm pcid sse4_1 sse4_2 movbe popcnt aes xsave avx f16c rdrand lahf_lm abm cpuid_fault epb invpcid_single pti retpoline tpr_shadow vnmi flexpriority ept vpid fsgsbase tsc_adjust bmi1 avx2 smep bmi2 erms invpcid xsaveopt dtherm ida arat pln pts
bugs		: cpu_meltdown spectre_v1 spectre_v2
bogomips	: 4788.79
clflush size	: 64
cache_alignment	: 64
address sizes	: 39 bits physical, 48 bits virtual
power management:

processor	: 1
vendor_id	: GenuineIntel
cpu family	: 6
model		: 69
model name	: Intel(R) Core(TM) i5-4210U CPU @ 1.70GHz
stepping	: 1
microcode	: 0x17
cpu MHz		: 2394.396
cache size	: 3072 KB
physical id	: 0
siblings	: 4
core id		: 0
cpu cores	: 2
apicid		: 1
initial apicid	: 1
fpu		: yes
fpu_exception	: yes
cpuid level	: 13
wp		: yes
flags		: fpu vme de pse tsc msr pae mce cx8 apic sep mtrr pge mca cmov pat pse36 clflush dts acpi mmx fxsr sse sse2 ss ht tm pbe syscall nx pdpe1gb rdtscp lm constant_tsc arch_perfmon pebs bts rep_good nopl xtopology nonstop_tsc cpuid aperfmperf pni pclmulqdq dtes64 monitor ds_cpl vmx est tm2 ssse3 sdbg fma cx16 xtpr pdcm pcid sse4_1 sse4_2 movbe popcnt aes xsave avx f16c rdrand lahf_lm abm cpuid_fault epb invpcid_single pti retpoline tpr_shadow vnmi flexpriority ept vpid fsgsbase tsc_adjust bmi1 avx2 smep bmi2 erms invpcid xsaveopt dtherm ida arat pln pts
bugs		: cpu_meltdown spectre_v1 spectre_v2
bogomips	: 4788.79
clflush size	: 64
cache_alignment	: 64
address sizes	: 39 bits physical, 48 bits virtual
power management:

processor	: 2
vendor_id	: GenuineIntel
cpu family	: 6
model		: 69
model name	: Intel(R) Core(TM) i5-4210U CPU @ 1.70GHz
stepping	: 1
microcode	: 0x17
cpu MHz		: 2394.396
cache size	: 3072 KB
physical id	: 0
siblings	: 4
core id		: 1
cpu cores	: 2
apicid		: 2
initial apicid	: 2
fpu		: yes
fpu_exception	: yes
cpuid level	: 13
wp		: yes
flags		: fpu vme de pse tsc msr pae mce cx8 apic sep mtrr pge mca cmov pat pse36 clflush dts acpi mmx fxsr sse sse2 ss ht tm pbe syscall nx pdpe1gb rdtscp lm constant_tsc arch_perfmon pebs bts rep_good nopl xtopology nonstop_tsc cpuid aperfmperf pni pclmulqdq dtes64 monitor ds_cpl vmx est tm2 ssse3 sdbg fma cx16 xtpr pdcm pcid sse4_1 sse4_2 movbe popcnt aes xsave avx f16c rdrand lahf_lm abm cpuid_fault epb invpcid_single pti retpoline tpr_shadow vnmi flexpriority ept vpid fsgsbase tsc_adjust bmi1 avx2 smep bmi2 erms invpcid xsaveopt dtherm ida arat pln pts
bugs		: cpu_meltdown spectre_v1 spectre_v2
bogomips	: 4788.79
clflush size	: 64
cache_alignment	: 64
address sizes	: 39 bits physical, 48 bits virtual
power management:

processor	: 3
vendor_id	: GenuineIntel
cpu family	: 6
model		: 69
model name	: Intel(R) Core(TM) i5-4210U CPU @ 1.70GHz
stepping	: 1
microcode	: 0x17
cpu MHz		: 2394.396
cache size	: 3072 KB
physical id	: 0
siblings	: 4
core id		: 1
cpu cores	: 2
apicid		: 3
initial apicid	: 3
fpu		: yes
fpu_exception	: yes
cpuid level	: 13
wp		: yes
flags		: fpu vme de pse tsc msr pae mce cx8 apic sep mtrr pge mca cmov pat pse36 clflush dts acpi mmx fxsr sse sse2 ss ht tm pbe syscall nx pdpe1gb rdtscp lm constant_tsc arch_perfmon pebs bts rep_good nopl xtopology nonstop_tsc cpuid aperfmperf pni pclmulqdq dtes64 monitor ds_cpl vmx est tm2 ssse3 sdbg fma cx16 xtpr pdcm pcid sse4_1 sse4_2 movbe popcnt aes xsave avx f16c rdrand lahf_lm abm cpuid_fault epb invpcid_single pti retpoline tpr_shadow vnmi flexpriority ept vpid fsgsbase tsc_adjust bmi1 avx2 smep bmi2 erms invpcid xsaveopt dtherm ida arat pln pts
bugs		: cpu_meltdown spectre_v1 spectre_v2
bogomips	: 4788.79
clflush size	: 64
cache_alignment	: 64
address sizes	: 39 bits physical, 48 bits virtual
power management:



Memory: 4k page, physical 8098500k(747372k free), swap 1520880k(1520880k free)

vm_info: OpenJDK 64-Bit Server VM (25.151-b12) for linux-amd64 JRE (1.8.0_151-8u151-b12-0ubuntu0.17.10.2-b12), built on Oct 23 2017 22:43:02 by "buildd" with gcc 7.2.0

time: Mon Mar 26 19:32:21 2018
elapsed time: 12853 seconds (0d 3h 34m 13s)

