#
# A fatal error has been detected by the Java Runtime Environment:
#
#  SIGSEGV (0xb) at pc=0x00007fc6090697ba, pid=23240, tid=0x00007fc5f0bf4700
#
# JRE version: OpenJDK Runtime Environment (8.0_151-b12) (build 1.8.0_151-8u151-b12-0ubuntu0.17.10.2-b12)
# Java VM: OpenJDK 64-Bit Server VM (25.151-b12 mixed mode linux-amd64 compressed oops)
# Problematic frame:
# v  ~BufferBlob::jni_fast_GetLongField
#
# Failed to write core dump. Core dumps have been disabled. To enable core dumping, try "ulimit -c unlimited" before starting Java again
#
# If you would like to submit a bug report, please visit:
#   http://bugreport.java.com/bugreport/crash.jsp
# The crash happened outside the Java Virtual Machine in native code.
# See problematic frame for where to report the bug.
#

---------------  T H R E A D  ---------------

Current thread (0x00007fc618276000):  JavaThread "AWT-XAWT" daemon [_thread_in_native, id=23259, stack(0x00007fc5f0af4000,0x00007fc5f0bf5000)]

siginfo: si_signo: 11 (SIGSEGV), si_code: 1 (SEGV_MAPERR), si_addr: 0x0000000000000000

Registers:
RAX=0x00007fc620099f40, RBX=0x00007fc6182761e0, RCX=0x0000000000000000, RDX=0x0000000000000042
RSP=0x00007fc5f0bf37d8, RBP=0x00007fc5f0bf3800, RSI=0x0000000000000000, RDI=0x00007fc6182761e0
R8 =0x00000000d6d76ef0, R9 =0x0000000000000000, R10=0x0000000000000048, R11=0x00007fc60936d958
R12=0x00007fc5b40267b0, R13=0x0000000000000000, R14=0x00007fc5f2e47ae0, R15=0x00007fc618276000
RIP=0x00007fc6090697ba, EFLAGS=0x0000000000010246, CSGSFS=0x002b000000000033, ERR=0x0000000000000004
  TRAPNO=0x000000000000000e

Top of Stack: (sp=0x00007fc5f0bf37d8)
0x00007fc5f0bf37d8:   00007fc5f2c25b94 00007fc608c300c8
0x00007fc5f0bf37e8:   00007fc5b40267b0 00007fc5f0bf38b0
0x00007fc5f0bf37f8:   00007fc5f0bf3880 0000000000000000
0x00007fc5f0bf3808:   00007fc5f2709300 00007fc608c300c8
0x00007fc5f0bf3818:   00007fc5f0bf3840 0000000000000000
0x00007fc5f0bf3828:   00007fc5f2700e23 00007fc5f0bf38b0
0x00007fc5f0bf3838:   00007fc5f2c1db3f 00007fc5f0bf3890
0x00007fc5f0bf3848:   00007fc60936d9f6 0000000000000000
0x00007fc5f0bf3858:   00007fc6091e5d76 00007fc5f0bf38b0
0x00007fc5f0bf3868:   00007fc6091563ac 00007fc5f0bf3910
0x00007fc5f0bf3878:   00000000d6fe7200 00000000d6fa0c78
0x00007fc5f0bf3888:   0000000000000001 00007fc5f0bf3910
0x00007fc5f0bf3898:   00007fc6090077d0 00007fc5f0bf3910
0x00007fc5f0bf38a8:   00007fc6090077d0 0000000000000000
0x00007fc5f0bf38b8:   00007fc609007b10 00007fc5c8001110
0x00007fc5f0bf38c8:   00000000d7019b80 00007fc5f0bf38d0
0x00007fc5f0bf38d8:   00007fc608d2cfbc 00007fc5f0bf3958
0x00007fc5f0bf38e8:   00007fc608d36428 0000000000000000
0x00007fc5f0bf38f8:   00007fc608d2d0f8 00007fc5f0bf38b0
0x00007fc5f0bf3908:   00007fc5f0bf3950 00007fc5f0bf39a0
0x00007fc5f0bf3918:   00007fc609007ffd 0000000000000000
0x00007fc5f0bf3928:   00000000d7bddde8 0000000000000000
0x00007fc5f0bf3938:   0000000000000000 0000000000000000
0x00007fc5f0bf3948:   00000000d7019b80 0000000000000000
0x00007fc5f0bf3958:   00000000d6fe7da0 00007fc5f0bf3960
0x00007fc5f0bf3968:   00007fc608d2cdfd 00007fc5f0bf39b0
0x00007fc5f0bf3978:   00007fc608d36428 0000000000000000
0x00007fc5f0bf3988:   00007fc608d2ce08 00007fc5f0bf3950
0x00007fc5f0bf3998:   00007fc5f0bf39b0 00007fc5f0bf39f8
0x00007fc5f0bf39a8:   00007fc609008042 00000000d6fe7da0
0x00007fc5f0bf39b8:   00007fc5f0bf39b8 00007fc60882d99b
0x00007fc5f0bf39c8:   00007fc5f0bf3a08 00007fc6088b5138 

Instructions: (pc=0x00007fc6090697ba)
0x00007fc60906979a:   00 00 00 00 00 00 44 8b 15 4d d2 05 17 4c 8b ce
0x00007fc6090697aa:   41 f6 c2 01 0f 85 2e 00 00 00 4d 33 ca 4d 33 ca
0x00007fc6090697ba:   4d 8b 09 4c 8b da 49 c1 eb 02 4b 8b 04 19 49 bb
0x00007fc6090697ca:   f4 69 0c 20 c6 7f 00 00 4c 33 d8 4c 33 d8 45 3b 

Register to memory mapping:

RAX=0x00007fc620099f40: <offset 0xf2cf40> in /usr/lib/jvm/java-8-openjdk-amd64/jre/lib/amd64/server/libjvm.so at 0x00007fc61f16d000
RBX=0x00007fc6182761e0 is an unknown value
RCX=0x0000000000000000 is an unknown value
RDX=0x0000000000000042 is an unknown value
RSP=0x00007fc5f0bf37d8 is pointing into the stack for thread: 0x00007fc618276000
RBP=0x00007fc5f0bf3800 is pointing into the stack for thread: 0x00007fc618276000
RSI=0x0000000000000000 is an unknown value
RDI=0x00007fc6182761e0 is an unknown value
R8 =0x00000000d6d76ef0 is an oop
sun.util.logging.PlatformLogger$Level 
 - klass: 'sun/util/logging/PlatformLogger$Level'
R9 =0x0000000000000000 is an unknown value
R10=0x0000000000000048 is an unknown value
R11=0x00007fc60936d958 is at entry_point+24 in (nmethod*)0x00007fc60936d7d0
R12=0x00007fc5b40267b0 is an unknown value
R13=0x0000000000000000 is an unknown value
R14=0x00007fc5f2e47ae0: <offset 0x257ae0> in /usr/lib/jvm/java-8-openjdk-amd64/jre/lib/amd64/libawt_xawt.so at 0x00007fc5f2bf0000
R15=0x00007fc618276000 is a thread


Stack: [0x00007fc5f0af4000,0x00007fc5f0bf5000],  sp=0x00007fc5f0bf37d8,  free space=1021k
Native frames: (J=compiled Java code, j=interpreted, Vv=VM code, C=native code)
v  ~BufferBlob::jni_fast_GetLongField
C  [libX11.so.6+0x64300]  _XimServerDestroy+0x70

Java frames: (J=compiled Java code, j=interpreted, Vv=VM code)
J 1048  sun.awt.X11.XlibWrapper.XFilterEvent(JJ)Z (0 bytes) @ 0x00007fc60936d984 [0x00007fc60936d940+0x44]
j  sun.awt.X11.XToolkit.run(Z)V+300
j  sun.awt.X11.XToolkit.run()V+5
j  java.lang.Thread.run()V+11
v  ~StubRoutines::call_stub

---------------  P R O C E S S  ---------------

Java Threads: ( => current thread )
  0x00007fc5b4185000 JavaThread "Abandoned connection cleanup thread" daemon [_thread_blocked, id=23285, stack(0x00007fc5c13e8000,0x00007fc5c14e9000)]
  0x00007fc5b415a000 JavaThread "TimerQueue" daemon [_thread_blocked, id=23265, stack(0x00007fc5c14e9000,0x00007fc5c15ea000)]
  0x00007fc5b8003800 JavaThread "Thread-0" daemon [_thread_in_native, id=23262, stack(0x00007fc5c2017000,0x00007fc5c2818000)]
  0x00007fc61800a800 JavaThread "DestroyJavaVM" [_thread_blocked, id=23244, stack(0x00007fc620e1e000,0x00007fc620f1f000)]
  0x00007fc6182ef000 JavaThread "AWT-EventQueue-1" [_thread_blocked, id=23264, stack(0x00007fc5c1e15000,0x00007fc5c1f16000)]
  0x00007fc6182ee000 JavaThread "AWT-Shutdown" [_thread_blocked, id=23263, stack(0x00007fc5c1f16000,0x00007fc5c2017000)]
=>0x00007fc618276000 JavaThread "AWT-XAWT" daemon [_thread_in_native, id=23259, stack(0x00007fc5f0af4000,0x00007fc5f0bf5000)]
  0x00007fc618255000 JavaThread "Java2D Disposer" daemon [_thread_blocked, id=23258, stack(0x00007fc5f1005000,0x00007fc5f1106000)]
  0x00007fc6180c1800 JavaThread "Service Thread" daemon [_thread_blocked, id=23256, stack(0x00007fc5f3219000,0x00007fc5f331a000)]
  0x00007fc6180b2000 JavaThread "C1 CompilerThread2" daemon [_thread_blocked, id=23255, stack(0x00007fc5f331a000,0x00007fc5f341b000)]
  0x00007fc6180b0800 JavaThread "C2 CompilerThread1" daemon [_thread_blocked, id=23254, stack(0x00007fc5f341b000,0x00007fc5f351c000)]
  0x00007fc6180ad800 JavaThread "C2 CompilerThread0" daemon [_thread_blocked, id=23253, stack(0x00007fc5f351c000,0x00007fc5f361d000)]
  0x00007fc6180ab800 JavaThread "Signal Dispatcher" daemon [_thread_blocked, id=23252, stack(0x00007fc5f361d000,0x00007fc5f371e000)]
  0x00007fc618084800 JavaThread "Finalizer" daemon [_thread_blocked, id=23251, stack(0x00007fc5f39fa000,0x00007fc5f3afb000)]
  0x00007fc618080000 JavaThread "Reference Handler" daemon [_thread_blocked, id=23250, stack(0x00007fc5f3afb000,0x00007fc5f3bfc000)]

Other Threads:
  0x00007fc618078000 VMThread [stack: 0x00007fc5f3bfc000,0x00007fc5f3cfd000] [id=23249]
  0x00007fc6180c4000 WatcherThread [stack: 0x00007fc5f3118000,0x00007fc5f3219000] [id=23257]

VM state:not at safepoint (normal execution)

VM Mutex/Monitor currently owned by a thread: None

Heap:
 PSYoungGen      total 36864K, used 21589K [0x00000000d6d00000, 0x00000000d9600000, 0x0000000100000000)
  eden space 31744K, 68% used [0x00000000d6d00000,0x00000000d8215790,0x00000000d8c00000)
  from space 5120K, 0% used [0x00000000d9100000,0x00000000d9100000,0x00000000d9600000)
  to   space 5120K, 0% used [0x00000000d8c00000,0x00000000d8c00000,0x00000000d9100000)
 ParOldGen       total 84992K, used 0K [0x0000000084600000, 0x0000000089900000, 0x00000000d6d00000)
  object space 84992K, 0% used [0x0000000084600000,0x0000000084600000,0x0000000089900000)
 Metaspace       used 17042K, capacity 17330K, committed 17536K, reserved 1064960K
  class space    used 1962K, capacity 2075K, committed 2176K, reserved 1048576K

Card table byte_map: [0x00007fc61d048000,0x00007fc61d426000] byte_map_base: 0x00007fc61cc25000

Marking Bits: (ParMarkBitMap*) 0x00007fc6200c60e0
 Begin Bits: [0x00007fc5f8230000, 0x00007fc5fa118000)
 End Bits:   [0x00007fc5fa118000, 0x00007fc5fc000000)

Polling page: 0x00007fc620f36000

CodeCache: size=245760Kb used=5291Kb max_used=5302Kb free=240468Kb
 bounds [0x00007fc609000000, 0x00007fc609540000, 0x00007fc618000000]
 total_blobs=2278 nmethods=1649 adapters=543
 compilation: enabled

Compilation events (10 events):
Event: 11572.004 Thread 0x00007fc6180b2000 1645       3       sun.awt.X11.XMSelection$1::dispatchEvent (10 bytes)
Event: 11572.005 Thread 0x00007fc6180b2000 nmethod 1645 0x00007fc60952f790 code [0x00007fc60952f940, 0x00007fc60952fd98]
Event: 11572.005 Thread 0x00007fc6180b2000 1646       3       sun.awt.X11.XMSelection::processRootEvent (32 bytes)
Event: 11572.006 Thread 0x00007fc6180b2000 nmethod 1646 0x00007fc60952ef90 code [0x00007fc60952f140, 0x00007fc60952f518]
Event: 12042.392 Thread 0x00007fc6180ad800 1647       4       java.util.TreeMap::getEntry (84 bytes)
Event: 12042.396 Thread 0x00007fc6180ad800 nmethod 1647 0x00007fc60952d350 code [0x00007fc60952d4c0, 0x00007fc60952d838]
Event: 12433.468 Thread 0x00007fc6180b0800 1648       4       sun.awt.X11.XAnyEvent::get_window (20 bytes)
Event: 12433.471 Thread 0x00007fc6180b0800 nmethod 1648 0x00007fc6095289d0 code [0x00007fc609528b40, 0x00007fc609528cf8]
Event: 12858.131 Thread 0x00007fc6180b2000 1649       1       sun.awt.X11.XEvent::getPData (5 bytes)
Event: 12858.131 Thread 0x00007fc6180b2000 nmethod 1649 0x00007fc60951fc90 code [0x00007fc60951fde0, 0x00007fc60951fef0]

GC Heap History (0 events):
No events

Deoptimization events (10 events):
Event: 6.790 Thread 0x00007fc6182ef000 Uncommon trap: reason=class_check action=maybe_recompile pc=0x00007fc6091538f0 method=java.lang.String.equals(Ljava/lang/Object;)Z @ 8
Event: 6.922 Thread 0x00007fc6182ef000 Uncommon trap: reason=class_check action=maybe_recompile pc=0x00007fc6091538f0 method=java.lang.String.equals(Ljava/lang/Object;)Z @ 8
Event: 6.922 Thread 0x00007fc6182ef000 Uncommon trap: reason=class_check action=maybe_recompile pc=0x00007fc6091538f0 method=java.lang.String.equals(Ljava/lang/Object;)Z @ 8
Event: 15.033 Thread 0x00007fc6182ef000 Uncommon trap: reason=unstable_if action=reinterpret pc=0x00007fc6092b2e20 method=sun.java2d.pisces.PiscesTileGenerator.getAlpha([BII)V @ 167
Event: 15.035 Thread 0x00007fc6182ef000 Uncommon trap: reason=unstable_if action=reinterpret pc=0x00007fc60929f11c method=sun.java2d.pisces.PiscesTileGenerator.getAlpha([BII)V @ 167
Event: 15.611 Thread 0x00007fc6182ef000 Uncommon trap: reason=unstable_if action=reinterpret pc=0x00007fc6092f91c4 method=java.lang.StrictMath.floorOrCeil(DDDD)D @ 14
Event: 19.381 Thread 0x00007fc6182ef000 Uncommon trap: reason=class_check action=maybe_recompile pc=0x00007fc6091d0034 method=java.util.Properties$LineReader.readLine()I @ 62
Event: 19.382 Thread 0x00007fc6182ef000 Uncommon trap: reason=unstable_if action=reinterpret pc=0x00007fc6091cfd7c method=java.util.Properties$LineReader.readLine()I @ 206
Event: 19.397 Thread 0x00007fc6182ef000 Uncommon trap: reason=unstable_if action=reinterpret pc=0x00007fc6091cd728 method=java.util.Properties.loadConvert([CII[C)Ljava/lang/String; @ 57
Event: 19.840 Thread 0x00007fc6182ef000 Uncommon trap: reason=unstable_if action=reinterpret pc=0x00007fc60943246c method=java.lang.String.indexOf([CII[CIII)I @ 3

Internal exceptions (10 events):
Event: 17.466 Thread 0x00007fc6182ef000 Exception <a 'java/lang/ClassNotFoundException': ToolBarSeparator> (0x00000000d7b171e8) thrown at [/build/openjdk-8-bnv6fG/openjdk-8-8u151-b12/src/hotspot/src/share/vm/classfile/systemDictionary.cpp, line 210]
Event: 17.466 Thread 0x00007fc6182ef000 Exception <a 'java/lang/ClassNotFoundException': ToolTip> (0x00000000d7b17c50) thrown at [/build/openjdk-8-bnv6fG/openjdk-8-8u151-b12/src/hotspot/src/share/vm/classfile/systemDictionary.cpp, line 210]
Event: 17.466 Thread 0x00007fc6182ef000 Exception <a 'java/lang/ClassNotFoundException': Tree> (0x00000000d7b186b0) thrown at [/build/openjdk-8-bnv6fG/openjdk-8-8u151-b12/src/hotspot/src/share/vm/classfile/systemDictionary.cpp, line 210]
Event: 17.467 Thread 0x00007fc6182ef000 Exception <a 'java/lang/ClassNotFoundException': Tree> (0x00000000d7b19178) thrown at [/build/openjdk-8-bnv6fG/openjdk-8-8u151-b12/src/hotspot/src/share/vm/classfile/systemDictionary.cpp, line 210]
Event: 17.467 Thread 0x00007fc6182ef000 Exception <a 'java/lang/ClassNotFoundException': javax/swing/JTreeCell> (0x00000000d7b198c8) thrown at [/build/openjdk-8-bnv6fG/openjdk-8-8u151-b12/src/hotspot/src/share/vm/classfile/systemDictionary.cpp, line 210]
Event: 17.467 Thread 0x00007fc6182ef000 Exception <a 'java/lang/ClassNotFoundException': TreeCell> (0x00000000d7b1a120) thrown at [/build/openjdk-8-bnv6fG/openjdk-8-8u151-b12/src/hotspot/src/share/vm/classfile/systemDictionary.cpp, line 210]
Event: 17.467 Thread 0x00007fc6182ef000 Exception <a 'java/lang/ClassNotFoundException': RootPane> (0x00000000d7b1ad10) thrown at [/build/openjdk-8-bnv6fG/openjdk-8-8u151-b12/src/hotspot/src/share/vm/classfile/systemDictionary.cpp, line 210]
Event: 17.846 Thread 0x00007fc6182ef000 Exception <a 'java/lang/UnsupportedOperationException': > (0x00000000d7c72ce8) thrown at [/build/openjdk-8-bnv6fG/openjdk-8-8u151-b12/src/hotspot/src/share/vm/prims/jni.cpp, line 735]
Event: 20.115 Thread 0x00007fc6182ef000 Exception <a 'java/lang/NullPointerException'> (0x00000000d81d65e8) thrown at [/build/openjdk-8-bnv6fG/openjdk-8-8u151-b12/src/hotspot/src/share/vm/interpreter/linkResolver.cpp, line 1183]
Event: 20.116 Thread 0x00007fc6182ef000 Exception <a 'java/lang/reflect/InvocationTargetException'> (0x00000000d81db130) thrown at [/build/openjdk-8-bnv6fG/openjdk-8-8u151-b12/src/hotspot/src/share/vm/runtime/reflection.cpp, line 1092]

Events (10 events):
Event: 20.113 loading class com/mysql/jdbc/NetworkResources done
Event: 20.115 loading class com/mysql/jdbc/ProfilerEventHandlerFactory
Event: 20.115 loading class com/mysql/jdbc/ProfilerEventHandlerFactory done
Event: 60.261 Thread 0x00007fc618289000 Thread exited: 0x00007fc618289000
Event: 1713.373 loading class sun/awt/X11/XkbEvent
Event: 1713.373 loading class sun/awt/X11/XkbEvent done
Event: 1713.373 loading class sun/awt/X11/XkbAnyEvent
Event: 1713.374 loading class sun/awt/X11/XkbAnyEvent done
Event: 11000.040 Thread 0x00007fc5b4185000 DEOPT PACKING pc=0x00007fc60952c883 sp=0x00007fc5c14e7920
Event: 11000.040 Thread 0x00007fc5b4185000 DEOPT UNPACKING pc=0x00007fc609047373 sp=0x00007fc5c14e7700 mode 0


Dynamic libraries:
84600000-89900000 rw-p 00000000 00:00 0 
89900000-d6d00000 ---p 00000000 00:00 0 
d6d00000-d9600000 rw-p 00000000 00:00 0 
d9600000-100000000 ---p 00000000 00:00 0 
100000000-100220000 rw-p 00000000 00:00 0 
100220000-140000000 ---p 00000000 00:00 0 
55f6cf289000-55f6cf28a000 r-xp 00000000 08:07 1466914                    /usr/lib/jvm/java-8-openjdk-amd64/jre/bin/java
55f6cf489000-55f6cf48a000 r--p 00000000 08:07 1466914                    /usr/lib/jvm/java-8-openjdk-amd64/jre/bin/java
55f6cf48a000-55f6cf48b000 rw-p 00001000 08:07 1466914                    /usr/lib/jvm/java-8-openjdk-amd64/jre/bin/java
55f6d0373000-55f6d0394000 rw-p 00000000 00:00 0                          [heap]
7fc5a0000000-7fc5a0021000 rw-p 00000000 00:00 0 
7fc5a0021000-7fc5a4000000 ---p 00000000 00:00 0 
7fc5a8000000-7fc5a8021000 rw-p 00000000 00:00 0 
7fc5a8021000-7fc5ac000000 ---p 00000000 00:00 0 
7fc5acfff000-7fc5b0000000 rw-p 00000000 00:00 0 
7fc5b0000000-7fc5b0021000 rw-p 00000000 00:00 0 
7fc5b0021000-7fc5b4000000 ---p 00000000 00:00 0 
7fc5b4000000-7fc5b431d000 rw-p 00000000 00:00 0 
7fc5b431d000-7fc5b8000000 ---p 00000000 00:00 0 
7fc5b8000000-7fc5b8021000 rw-p 00000000 00:00 0 
7fc5b8021000-7fc5bc000000 ---p 00000000 00:00 0 
7fc5bc000000-7fc5bc021000 rw-p 00000000 00:00 0 
7fc5bc021000-7fc5c0000000 ---p 00000000 00:00 0 
7fc5c0f2c000-7fc5c102c000 rw-p 00000000 00:00 0 
7fc5c102c000-7fc5c112c000 ---p 00000000 00:00 0 
7fc5c112c000-7fc5c132c000 rw-p 00000000 00:00 0 
7fc5c132c000-7fc5c1337000 r--s 00000000 08:07 1589659                    /var/cache/fontconfig/945677eb7aeaf62f1d50efc3fb3ec7d8-le64.cache-6
7fc5c1337000-7fc5c133d000 r--s 00000000 08:07 1589628                    /var/cache/fontconfig/2cd17615ca594fa2959ae173292e504c-le64.cache-6
7fc5c133d000-7fc5c133e000 r--s 00000000 08:07 1589621                    /var/cache/fontconfig/0d8c3b2ac0904cb8a57a757ad11a4a08-le64.cache-6
7fc5c133e000-7fc5c1353000 r--s 00000000 08:07 1589617                    /var/cache/fontconfig/04aabc0a78ac019cf9454389977116d2-le64.cache-6
7fc5c1353000-7fc5c1354000 r--s 00000000 08:07 1589625                    /var/cache/fontconfig/1ac9eb803944fde146138c791f5cc56a-le64.cache-6
7fc5c1354000-7fc5c1358000 r--s 00000000 08:07 1589634                    /var/cache/fontconfig/385c0604a188198f04d133e54aba7fe7-le64.cache-6
7fc5c1358000-7fc5c1359000 r--s 00000000 08:07 1589678                    /var/cache/fontconfig/dc05db6664285cc2f12bf69c139ae4c3-le64.cache-6
7fc5c1359000-7fc5c135b000 r--s 00000000 08:07 1589622                    /var/cache/fontconfig/14a5e22175779b556eaa434240950366-le64.cache-6
7fc5c135b000-7fc5c135c000 r--s 00000000 08:07 1589651                    /var/cache/fontconfig/660208299946a285a940457d1287da33-le64.cache-6
7fc5c135c000-7fc5c135e000 r--s 00000000 08:07 1589642                    /var/cache/fontconfig/4f3e3037c9980c83b53a9351efadef62-le64.cache-6
7fc5c135e000-7fc5c1361000 r--s 00000000 08:07 1589655                    /var/cache/fontconfig/767a8244fc0220cfb567a839d0392e0b-le64.cache-6
7fc5c1361000-7fc5c1362000 r--s 00000000 08:07 1576417                    /var/cache/fontconfig/4794a0821666d79190d59a36cb4f44b5-le64.cache-6
7fc5c1362000-7fc5c1363000 r--s 00000000 08:07 1589619                    /var/cache/fontconfig/0bd3dc0958fa2205aaaa8ebb13e2872b-le64.cache-6
7fc5c1363000-7fc5c1369000 r--s 00000000 08:07 1589658                    /var/cache/fontconfig/8801497958630a81b71ace7c5f9b32a8-le64.cache-6
7fc5c1369000-7fc5c136c000 r--s 00000000 08:07 1589663                    /var/cache/fontconfig/a015930274ffcd967d2ca1b57da47cc7-le64.cache-6
7fc5c136c000-7fc5c136d000 r--s 00000000 08:07 1589667                    /var/cache/fontconfig/b872e6e592da6075ffa4ab0a1fcc0c75-le64.cache-6
7fc5c136d000-7fc5c136e000 r--s 00000000 08:07 1589683                    /var/cache/fontconfig/f6d4eedfaab2589bde49f7a3ff831d22-le64.cache-6
7fc5c136e000-7fc5c136f000 r--s 00000000 08:07 1589649                    /var/cache/fontconfig/589f83ef4c36d296ce6e1c846f468f08-le64.cache-6
7fc5c136f000-7fc5c1370000 r--s 00000000 08:07 1589669                    /var/cache/fontconfig/bab58bb527bb656aaa9f116d68a48d89-le64.cache-6
7fc5c1370000-7fc5c1376000 r--s 00000000 08:07 1589629                    /var/cache/fontconfig/3047814df9a2f067bd2d96a2b9c36e5a-le64.cache-6
7fc5c1376000-7fc5c137c000 r--s 00000000 08:07 1589666                    /var/cache/fontconfig/b47c4e1ecd0709278f4910c18777a504-le64.cache-6
7fc5c13e3000-7fc5c13e8000 r--s 0009a000 08:07 1466997                    /usr/lib/jvm/java-8-openjdk-amd64/jre/lib/jsse.jar
7fc5c13e8000-7fc5c13eb000 ---p 00000000 00:00 0 
7fc5c13eb000-7fc5c14e9000 rw-p 00000000 00:00 0 
7fc5c14e9000-7fc5c14ec000 ---p 00000000 00:00 0 
7fc5c14ec000-7fc5c17ea000 rw-p 00000000 00:00 0 
7fc5c17ea000-7fc5c17fb000 r-xp 00000000 08:07 1466953                    /usr/lib/jvm/java-8-openjdk-amd64/jre/lib/amd64/libnio.so
7fc5c17fb000-7fc5c19fb000 ---p 00011000 08:07 1466953                    /usr/lib/jvm/java-8-openjdk-amd64/jre/lib/amd64/libnio.so
7fc5c19fb000-7fc5c19fc000 r--p 00011000 08:07 1466953                    /usr/lib/jvm/java-8-openjdk-amd64/jre/lib/amd64/libnio.so
7fc5c19fc000-7fc5c19fd000 rw-p 00012000 08:07 1466953                    /usr/lib/jvm/java-8-openjdk-amd64/jre/lib/amd64/libnio.so
7fc5c19fd000-7fc5c1a14000 r-xp 00000000 08:07 1466952                    /usr/lib/jvm/java-8-openjdk-amd64/jre/lib/amd64/libnet.so
7fc5c1a14000-7fc5c1c13000 ---p 00017000 08:07 1466952                    /usr/lib/jvm/java-8-openjdk-amd64/jre/lib/amd64/libnet.so
7fc5c1c13000-7fc5c1c14000 r--p 00016000 08:07 1466952                    /usr/lib/jvm/java-8-openjdk-amd64/jre/lib/amd64/libnet.so
7fc5c1c14000-7fc5c1c15000 rw-p 00017000 08:07 1466952                    /usr/lib/jvm/java-8-openjdk-amd64/jre/lib/amd64/libnet.so
7fc5c1c15000-7fc5c1e15000 rw-p 00000000 00:00 0 
7fc5c1e15000-7fc5c1e18000 ---p 00000000 00:00 0 
7fc5c1e18000-7fc5c1f16000 rw-p 00000000 00:00 0 
7fc5c1f16000-7fc5c1f19000 ---p 00000000 00:00 0 
7fc5c1f19000-7fc5c2017000 rw-p 00000000 00:00 0 
7fc5c2017000-7fc5c201a000 ---p 00000000 00:00 0 
7fc5c201a000-7fc5c2818000 rw-p 00000000 00:00 0 
7fc5c2818000-7fc5c282c000 r-xp 00000000 08:07 793596                     /lib/x86_64-linux-gnu/libgpg-error.so.0.22.0
7fc5c282c000-7fc5c2a2b000 ---p 00014000 08:07 793596                     /lib/x86_64-linux-gnu/libgpg-error.so.0.22.0
7fc5c2a2b000-7fc5c2a2c000 r--p 00013000 08:07 793596                     /lib/x86_64-linux-gnu/libgpg-error.so.0.22.0
7fc5c2a2c000-7fc5c2a2d000 rw-p 00014000 08:07 793596                     /lib/x86_64-linux-gnu/libgpg-error.so.0.22.0
7fc5c2a2d000-7fc5c2a52000 r-xp 00000000 08:07 793703                     /lib/x86_64-linux-gnu/libselinux.so.1
7fc5c2a52000-7fc5c2c51000 ---p 00025000 08:07 793703                     /lib/x86_64-linux-gnu/libselinux.so.1
7fc5c2c51000-7fc5c2c52000 r--p 00024000 08:07 793703                     /lib/x86_64-linux-gnu/libselinux.so.1
7fc5c2c52000-7fc5c2c53000 rw-p 00025000 08:07 793703                     /lib/x86_64-linux-gnu/libselinux.so.1
7fc5c2c53000-7fc5c2c55000 rw-p 00000000 00:00 0 
7fc5c2c55000-7fc5c2c6c000 r-xp 00000000 08:07 1455825                    /usr/lib/x86_64-linux-gnu/liblz4.so.1.7.1
7fc5c2c6c000-7fc5c2e6b000 ---p 00017000 08:07 1455825                    /usr/lib/x86_64-linux-gnu/liblz4.so.1.7.1
7fc5c2e6b000-7fc5c2e6c000 r--p 00016000 08:07 1455825                    /usr/lib/x86_64-linux-gnu/liblz4.so.1.7.1
7fc5c2e6c000-7fc5c2e6d000 rw-p 00017000 08:07 1455825                    /usr/lib/x86_64-linux-gnu/liblz4.so.1.7.1
7fc5c2e6d000-7fc5c2e91000 r-xp 00000000 08:07 793615                     /lib/x86_64-linux-gnu/liblzma.so.5.2.2
7fc5c2e91000-7fc5c3091000 ---p 00024000 08:07 793615                     /lib/x86_64-linux-gnu/liblzma.so.5.2.2
7fc5c3091000-7fc5c3092000 r--p 00024000 08:07 793615                     /lib/x86_64-linux-gnu/liblzma.so.5.2.2
7fc5c3092000-7fc5c3093000 rw-p 00025000 08:07 793615                     /lib/x86_64-linux-gnu/liblzma.so.5.2.2
7fc5c3093000-7fc5c3199000 r-xp 00000000 08:07 793592                     /lib/x86_64-linux-gnu/libgcrypt.so.20.1.8
7fc5c3199000-7fc5c3398000 ---p 00106000 08:07 793592                     /lib/x86_64-linux-gnu/libgcrypt.so.20.1.8
7fc5c3398000-7fc5c339a000 r--p 00105000 08:07 793592                     /lib/x86_64-linux-gnu/libgcrypt.so.20.1.8
7fc5c339a000-7fc5c33a0000 rw-p 00107000 08:07 793592                     /lib/x86_64-linux-gnu/libgcrypt.so.20.1.8
7fc5c33a0000-7fc5c33a1000 rw-p 00000000 00:00 0 
7fc5c33a1000-7fc5c3422000 r-xp 00000000 08:07 793713                     /lib/x86_64-linux-gnu/libsystemd.so.0.19.0
7fc5c3422000-7fc5c3621000 ---p 00081000 08:07 793713                     /lib/x86_64-linux-gnu/libsystemd.so.0.19.0
7fc5c3621000-7fc5c3624000 r--p 00080000 08:07 793713                     /lib/x86_64-linux-gnu/libsystemd.so.0.19.0
7fc5c3624000-7fc5c3625000 rw-p 00083000 08:07 793713                     /lib/x86_64-linux-gnu/libsystemd.so.0.19.0
7fc5c3625000-7fc5c3626000 rw-p 00000000 00:00 0 
7fc5c3626000-7fc5c3696000 r-xp 00000000 08:07 793676                     /lib/x86_64-linux-gnu/libpcre.so.3.13.3
7fc5c3696000-7fc5c3896000 ---p 00070000 08:07 793676                     /lib/x86_64-linux-gnu/libpcre.so.3.13.3
7fc5c3896000-7fc5c3897000 r--p 00070000 08:07 793676                     /lib/x86_64-linux-gnu/libpcre.so.3.13.3
7fc5c3897000-7fc5c3898000 rw-p 00071000 08:07 793676                     /lib/x86_64-linux-gnu/libpcre.so.3.13.3
7fc5c3898000-7fc5c389f000 r-xp 00000000 08:07 1455433                    /usr/lib/x86_64-linux-gnu/libffi.so.6.0.4
7fc5c389f000-7fc5c3a9e000 ---p 00007000 08:07 1455433                    /usr/lib/x86_64-linux-gnu/libffi.so.6.0.4
7fc5c3a9e000-7fc5c3a9f000 r--p 00006000 08:07 1455433                    /usr/lib/x86_64-linux-gnu/libffi.so.6.0.4
7fc5c3a9f000-7fc5c3aa0000 rw-p 00007000 08:07 1455433                    /usr/lib/x86_64-linux-gnu/libffi.so.6.0.4
7fc5c3aa0000-7fc5c3aea000 r-xp 00000000 08:07 793568                     /lib/x86_64-linux-gnu/libdbus-1.so.3.14.13
7fc5c3aea000-7fc5c3cea000 ---p 0004a000 08:07 793568                     /lib/x86_64-linux-gnu/libdbus-1.so.3.14.13
7fc5c3cea000-7fc5c3ceb000 r--p 0004a000 08:07 793568                     /lib/x86_64-linux-gnu/libdbus-1.so.3.14.13
7fc5c3ceb000-7fc5c3cec000 rw-p 0004b000 08:07 793568                     /lib/x86_64-linux-gnu/libdbus-1.so.3.14.13
7fc5c3cec000-7fc5c3dfd000 r-xp 00000000 08:07 793594                     /lib/x86_64-linux-gnu/libglib-2.0.so.0.5400.1
7fc5c3dfd000-7fc5c3ffd000 ---p 00111000 08:07 793594                     /lib/x86_64-linux-gnu/libglib-2.0.so.0.5400.1
7fc5c3ffd000-7fc5c3ffe000 r--p 00111000 08:07 793594                     /lib/x86_64-linux-gnu/libglib-2.0.so.0.5400.1
7fc5c3ffe000-7fc5c3fff000 rw-p 00112000 08:07 793594                     /lib/x86_64-linux-gnu/libglib-2.0.so.0.5400.1
7fc5c3fff000-7fc5c4000000 rw-p 00000000 00:00 0 
7fc5c4000000-7fc5c4021000 rw-p 00000000 00:00 0 
7fc5c4021000-7fc5c8000000 ---p 00000000 00:00 0 
7fc5c8000000-7fc5c8021000 rw-p 00000000 00:00 0 
7fc5c8021000-7fc5cc000000 ---p 00000000 00:00 0 
7fc5cc000000-7fc5cc021000 rw-p 00000000 00:00 0 
7fc5cc021000-7fc5d0000000 ---p 00000000 00:00 0 
7fc5d0000000-7fc5d0021000 rw-p 00000000 00:00 0 
7fc5d0021000-7fc5d4000000 ---p 00000000 00:00 0 
7fc5d4000000-7fc5d4148000 rw-p 00000000 00:00 0 
7fc5d4148000-7fc5d8000000 ---p 00000000 00:00 0 
7fc5d8000000-7fc5d87e6000 rw-p 00000000 00:00 0 
7fc5d87e6000-7fc5dc000000 ---p 00000000 00:00 0 
7fc5dc000000-7fc5dc021000 rw-p 00000000 00:00 0 
7fc5dc021000-7fc5e0000000 ---p 00000000 00:00 0 
7fc5e0000000-7fc5e00fe000 rw-p 00000000 00:00 0 
7fc5e00fe000-7fc5e4000000 ---p 00000000 00:00 0 
7fc5e4000000-7fc5e4021000 rw-p 00000000 00:00 0 
7fc5e4021000-7fc5e8000000 ---p 00000000 00:00 0 
7fc5e8000000-7fc5e8021000 rw-p 00000000 00:00 0 
7fc5e8021000-7fc5ec000000 ---p 00000000 00:00 0 
7fc5ec000000-7fc5ec021000 rw-p 00000000 00:00 0 
7fc5ec021000-7fc5f0000000 ---p 00000000 00:00 0 
7fc5f0000000-7fc5f0001000 r--s 00000000 08:07 1589626                    /var/cache/fontconfig/2171a34dccabdb6bcbbc728186263178-le64.cache-6
7fc5f0001000-7fc5f0002000 r--s 00000000 08:07 1589670                    /var/cache/fontconfig/c5c45a61289222e0d30b1a26ef4effbe-le64.cache-6
7fc5f0002000-7fc5f0003000 r--s 00000000 08:07 1589665                    /var/cache/fontconfig/aec30016f93e1b46d1a973dce0d74068-le64.cache-6
7fc5f0003000-7fc5f0004000 r--s 00000000 08:07 1589635                    /var/cache/fontconfig/3f589640d34b7dc9042c8d453f7c8b9c-le64.cache-6
7fc5f0004000-7fc5f0030000 r-xp 00000000 08:07 1455191                    /usr/lib/x86_64-linux-gnu/libatspi.so.0.0.1
7fc5f0030000-7fc5f0230000 ---p 0002c000 08:07 1455191                    /usr/lib/x86_64-linux-gnu/libatspi.so.0.0.1
7fc5f0230000-7fc5f0233000 r--p 0002c000 08:07 1455191                    /usr/lib/x86_64-linux-gnu/libatspi.so.0.0.1
7fc5f0233000-7fc5f0234000 rw-p 0002f000 08:07 1455191                    /usr/lib/x86_64-linux-gnu/libatspi.so.0.0.1
7fc5f0234000-7fc5f0286000 r-xp 00000000 08:07 1455579                    /usr/lib/x86_64-linux-gnu/libgobject-2.0.so.0.5400.1
7fc5f0286000-7fc5f0486000 ---p 00052000 08:07 1455579                    /usr/lib/x86_64-linux-gnu/libgobject-2.0.so.0.5400.1
7fc5f0486000-7fc5f0487000 r--p 00052000 08:07 1455579                    /usr/lib/x86_64-linux-gnu/libgobject-2.0.so.0.5400.1
7fc5f0487000-7fc5f0488000 rw-p 00053000 08:07 1455579                    /usr/lib/x86_64-linux-gnu/libgobject-2.0.so.0.5400.1
7fc5f0488000-7fc5f04b5000 r-xp 00000000 08:07 1455187                    /usr/lib/x86_64-linux-gnu/libatk-bridge-2.0.so.0.0.0
7fc5f04b5000-7fc5f06b4000 ---p 0002d000 08:07 1455187                    /usr/lib/x86_64-linux-gnu/libatk-bridge-2.0.so.0.0.0
7fc5f06b4000-7fc5f06b5000 r--p 0002c000 08:07 1455187                    /usr/lib/x86_64-linux-gnu/libatk-bridge-2.0.so.0.0.0
7fc5f06b5000-7fc5f06b7000 rw-p 0002d000 08:07 1455187                    /usr/lib/x86_64-linux-gnu/libatk-bridge-2.0.so.0.0.0
7fc5f06b7000-7fc5f06da000 r-xp 00000000 08:07 1455185                    /usr/lib/x86_64-linux-gnu/libatk-1.0.so.0.22609.1
7fc5f06da000-7fc5f08d9000 ---p 00023000 08:07 1455185                    /usr/lib/x86_64-linux-gnu/libatk-1.0.so.0.22609.1
7fc5f08d9000-7fc5f08dc000 r--p 00022000 08:07 1455185                    /usr/lib/x86_64-linux-gnu/libatk-1.0.so.0.22609.1
7fc5f08dc000-7fc5f08dd000 rw-p 00025000 08:07 1455185                    /usr/lib/x86_64-linux-gnu/libatk-1.0.so.0.22609.1
7fc5f08dd000-7fc5f08f3000 r-xp 00000000 08:07 1596898                    /usr/lib/x86_64-linux-gnu/jni/libatk-wrapper.so.6.0.0
7fc5f08f3000-7fc5f0af2000 ---p 00016000 08:07 1596898                    /usr/lib/x86_64-linux-gnu/jni/libatk-wrapper.so.6.0.0
7fc5f0af2000-7fc5f0af3000 r--p 00015000 08:07 1596898                    /usr/lib/x86_64-linux-gnu/jni/libatk-wrapper.so.6.0.0
7fc5f0af3000-7fc5f0af4000 rw-p 00016000 08:07 1596898                    /usr/lib/x86_64-linux-gnu/jni/libatk-wrapper.so.6.0.0
7fc5f0af4000-7fc5f0af7000 ---p 00000000 00:00 0 
7fc5f0af7000-7fc5f0bf5000 rw-p 00000000 00:00 0 
7fc5f0bf5000-7fc5f0bfa000 r-xp 00000000 08:07 1455113                    /usr/lib/x86_64-linux-gnu/libXfixes.so.3.1.0
7fc5f0bfa000-7fc5f0df9000 ---p 00005000 08:07 1455113                    /usr/lib/x86_64-linux-gnu/libXfixes.so.3.1.0
7fc5f0df9000-7fc5f0dfa000 r--p 00004000 08:07 1455113                    /usr/lib/x86_64-linux-gnu/libXfixes.so.3.1.0
7fc5f0dfa000-7fc5f0dfb000 rw-p 00005000 08:07 1455113                    /usr/lib/x86_64-linux-gnu/libXfixes.so.3.1.0
7fc5f0dfb000-7fc5f0e04000 r-xp 00000000 08:07 1455105                    /usr/lib/x86_64-linux-gnu/libXcursor.so.1.0.2
7fc5f0e04000-7fc5f1003000 ---p 00009000 08:07 1455105                    /usr/lib/x86_64-linux-gnu/libXcursor.so.1.0.2
7fc5f1003000-7fc5f1004000 r--p 00008000 08:07 1455105                    /usr/lib/x86_64-linux-gnu/libXcursor.so.1.0.2
7fc5f1004000-7fc5f1005000 rw-p 00009000 08:07 1455105                    /usr/lib/x86_64-linux-gnu/libXcursor.so.1.0.2
7fc5f1005000-7fc5f1008000 ---p 00000000 00:00 0 
7fc5f1008000-7fc5f1106000 rw-p 00000000 00:00 0 
7fc5f1106000-7fc5f1137000 r-xp 00000000 08:07 1455984                    /usr/lib/x86_64-linux-gnu/libpng16.so.16.34.0
7fc5f1137000-7fc5f1336000 ---p 00031000 08:07 1455984                    /usr/lib/x86_64-linux-gnu/libpng16.so.16.34.0
7fc5f1336000-7fc5f1337000 r--p 00030000 08:07 1455984                    /usr/lib/x86_64-linux-gnu/libpng16.so.16.34.0
7fc5f1337000-7fc5f1338000 rw-p 00031000 08:07 1455984                    /usr/lib/x86_64-linux-gnu/libpng16.so.16.34.0
7fc5f1338000-7fc5f13e4000 r-xp 00000000 08:07 1446974                    /usr/lib/x86_64-linux-gnu/libfreetype.so.6.14.0
7fc5f13e4000-7fc5f15e3000 ---p 000ac000 08:07 1446974                    /usr/lib/x86_64-linux-gnu/libfreetype.so.6.14.0
7fc5f15e3000-7fc5f15ea000 r--p 000ab000 08:07 1446974                    /usr/lib/x86_64-linux-gnu/libfreetype.so.6.14.0
7fc5f15ea000-7fc5f15eb000 rw-p 000b2000 08:07 1446974                    /usr/lib/x86_64-linux-gnu/libfreetype.so.6.14.0
7fc5f15eb000-7fc5f163c000 r-xp 00000000 08:07 1466934                    /usr/lib/jvm/java-8-openjdk-amd64/jre/lib/amd64/libfontmanager.so
7fc5f163c000-7fc5f183c000 ---p 00051000 08:07 1466934                    /usr/lib/jvm/java-8-openjdk-amd64/jre/lib/amd64/libfontmanager.so
7fc5f183c000-7fc5f183e000 r--p 00051000 08:07 1466934                    /usr/lib/jvm/java-8-openjdk-amd64/jre/lib/amd64/libfontmanager.so
7fc5f183e000-7fc5f183f000 rw-p 00053000 08:07 1466934                    /usr/lib/jvm/java-8-openjdk-amd64/jre/lib/amd64/libfontmanager.so
7fc5f183f000-7fc5f1852000 r-xp 00000000 08:07 793548                     /lib/x86_64-linux-gnu/libbsd.so.0.8.6
7fc5f1852000-7fc5f1a51000 ---p 00013000 08:07 793548                     /lib/x86_64-linux-gnu/libbsd.so.0.8.6
7fc5f1a51000-7fc5f1a52000 r--p 00012000 08:07 793548                     /lib/x86_64-linux-gnu/libbsd.so.0.8.6
7fc5f1a52000-7fc5f1a53000 rw-p 00013000 08:07 793548                     /lib/x86_64-linux-gnu/libbsd.so.0.8.6
7fc5f1a53000-7fc5f1a54000 rw-p 00000000 00:00 0 
7fc5f1a54000-7fc5f1a59000 r-xp 00000000 08:07 1455109                    /usr/lib/x86_64-linux-gnu/libXdmcp.so.6.0.0
7fc5f1a59000-7fc5f1c58000 ---p 00005000 08:07 1455109                    /usr/lib/x86_64-linux-gnu/libXdmcp.so.6.0.0
7fc5f1c58000-7fc5f1c59000 r--p 00004000 08:07 1455109                    /usr/lib/x86_64-linux-gnu/libXdmcp.so.6.0.0
7fc5f1c59000-7fc5f1c5a000 rw-p 00005000 08:07 1455109                    /usr/lib/x86_64-linux-gnu/libXdmcp.so.6.0.0
7fc5f1c5a000-7fc5f1c5c000 r-xp 00000000 08:07 1455098                    /usr/lib/x86_64-linux-gnu/libXau.so.6.0.0
7fc5f1c5c000-7fc5f1e5c000 ---p 00002000 08:07 1455098                    /usr/lib/x86_64-linux-gnu/libXau.so.6.0.0
7fc5f1e5c000-7fc5f1e5d000 r--p 00002000 08:07 1455098                    /usr/lib/x86_64-linux-gnu/libXau.so.6.0.0
7fc5f1e5d000-7fc5f1e5e000 rw-p 00003000 08:07 1455098                    /usr/lib/x86_64-linux-gnu/libXau.so.6.0.0
7fc5f1e5e000-7fc5f1e84000 r-xp 00000000 08:07 1456345                    /usr/lib/x86_64-linux-gnu/libxcb.so.1.1.0
7fc5f1e84000-7fc5f2083000 ---p 00026000 08:07 1456345                    /usr/lib/x86_64-linux-gnu/libxcb.so.1.1.0
7fc5f2083000-7fc5f2084000 r--p 00025000 08:07 1456345                    /usr/lib/x86_64-linux-gnu/libxcb.so.1.1.0
7fc5f2084000-7fc5f2085000 rw-p 00026000 08:07 1456345                    /usr/lib/x86_64-linux-gnu/libxcb.so.1.1.0
7fc5f2085000-7fc5f2094000 r-xp 00000000 08:07 1455121                    /usr/lib/x86_64-linux-gnu/libXi.so.6.1.0
7fc5f2094000-7fc5f2293000 ---p 0000f000 08:07 1455121                    /usr/lib/x86_64-linux-gnu/libXi.so.6.1.0
7fc5f2293000-7fc5f2294000 r--p 0000e000 08:07 1455121                    /usr/lib/x86_64-linux-gnu/libXi.so.6.1.0
7fc5f2294000-7fc5f2295000 rw-p 0000f000 08:07 1455121                    /usr/lib/x86_64-linux-gnu/libXi.so.6.1.0
7fc5f2295000-7fc5f229a000 r-xp 00000000 08:07 1455139                    /usr/lib/x86_64-linux-gnu/libXtst.so.6.1.0
7fc5f229a000-7fc5f2499000 ---p 00005000 08:07 1455139                    /usr/lib/x86_64-linux-gnu/libXtst.so.6.1.0
7fc5f2499000-7fc5f249a000 r--p 00004000 08:07 1455139                    /usr/lib/x86_64-linux-gnu/libXtst.so.6.1.0
7fc5f249a000-7fc5f249b000 rw-p 00005000 08:07 1455139                    /usr/lib/x86_64-linux-gnu/libXtst.so.6.1.0
7fc5f249b000-7fc5f24a4000 r-xp 00000000 08:07 1455133                    /usr/lib/x86_64-linux-gnu/libXrender.so.1.3.0
7fc5f24a4000-7fc5f26a3000 ---p 00009000 08:07 1455133                    /usr/lib/x86_64-linux-gnu/libXrender.so.1.3.0
7fc5f26a3000-7fc5f26a4000 r--p 00008000 08:07 1455133                    /usr/lib/x86_64-linux-gnu/libXrender.so.1.3.0
7fc5f26a4000-7fc5f26a5000 rw-p 00009000 08:07 1455133                    /usr/lib/x86_64-linux-gnu/libXrender.so.1.3.0
7fc5f26a5000-7fc5f27d9000 r-xp 00000000 08:07 1455094                    /usr/lib/x86_64-linux-gnu/libX11.so.6.3.0
7fc5f27d9000-7fc5f29d9000 ---p 00134000 08:07 1455094                    /usr/lib/x86_64-linux-gnu/libX11.so.6.3.0
7fc5f29d9000-7fc5f29da000 r--p 00134000 08:07 1455094                    /usr/lib/x86_64-linux-gnu/libX11.so.6.3.0
7fc5f29da000-7fc5f29de000 rw-p 00135000 08:07 1455094                    /usr/lib/x86_64-linux-gnu/libX11.so.6.3.0
7fc5f29de000-7fc5f29ef000 r-xp 00000000 08:07 1455111                    /usr/lib/x86_64-linux-gnu/libXext.so.6.4.0
7fc5f29ef000-7fc5f2bee000 ---p 00011000 08:07 1455111                    /usr/lib/x86_64-linux-gnu/libXext.so.6.4.0
7fc5f2bee000-7fc5f2bef000 r--p 00010000 08:07 1455111                    /usr/lib/x86_64-linux-gnu/libXext.so.6.4.0
7fc5f2bef000-7fc5f2bf0000 rw-p 00011000 08:07 1455111                    /usr/lib/x86_64-linux-gnu/libXext.so.6.4.0
7fc5f2bf0000-7fc5f2c44000 r-xp 00000000 08:07 1466932                    /usr/lib/jvm/java-8-openjdk-amd64/jre/lib/amd64/libawt_xawt.so
7fc5f2c44000-7fc5f2e43000 ---p 00054000 08:07 1466932                    /usr/lib/jvm/java-8-openjdk-amd64/jre/lib/amd64/libawt_xawt.so
7fc5f2e43000-7fc5f2e44000 r--p 00053000 08:07 1466932                    /usr/lib/jvm/java-8-openjdk-amd64/jre/lib/amd64/libawt_xawt.so
7fc5f2e44000-7fc5f2e47000 rw-p 00054000 08:07 1466932                    /usr/lib/jvm/java-8-openjdk-amd64/jre/lib/amd64/libawt_xawt.so
7fc5f2e47000-7fc5f2e48000 rw-p 00000000 00:00 0 
7fc5f2e48000-7fc5f2ee8000 r-xp 00000000 08:07 1466930                    /usr/lib/jvm/java-8-openjdk-amd64/jre/lib/amd64/libawt.so
7fc5f2ee8000-7fc5f30e7000 ---p 000a0000 08:07 1466930                    /usr/lib/jvm/java-8-openjdk-amd64/jre/lib/amd64/libawt.so
7fc5f30e7000-7fc5f30e8000 r--p 0009f000 08:07 1466930                    /usr/lib/jvm/java-8-openjdk-amd64/jre/lib/amd64/libawt.so
7fc5f30e8000-7fc5f30f3000 rw-p 000a0000 08:07 1466930                    /usr/lib/jvm/java-8-openjdk-amd64/jre/lib/amd64/libawt.so
7fc5f30f3000-7fc5f3118000 rw-p 00000000 00:00 0 
7fc5f3118000-7fc5f3119000 ---p 00000000 00:00 0 
7fc5f3119000-7fc5f3219000 rw-p 00000000 00:00 0 
7fc5f3219000-7fc5f321c000 ---p 00000000 00:00 0 
7fc5f321c000-7fc5f331a000 rw-p 00000000 00:00 0 
7fc5f331a000-7fc5f331d000 ---p 00000000 00:00 0 
7fc5f331d000-7fc5f341b000 rw-p 00000000 00:00 0 
7fc5f341b000-7fc5f341e000 ---p 00000000 00:00 0 
7fc5f341e000-7fc5f351c000 rw-p 00000000 00:00 0 
7fc5f351c000-7fc5f351f000 ---p 00000000 00:00 0 
7fc5f351f000-7fc5f361d000 rw-p 00000000 00:00 0 
7fc5f361d000-7fc5f3620000 ---p 00000000 00:00 0 
7fc5f3620000-7fc5f371e000 rw-p 00000000 00:00 0 
7fc5f371e000-7fc5f39fa000 r--p 00000000 08:07 1445975                    /usr/lib/locale/locale-archive
7fc5f39fa000-7fc5f39fd000 ---p 00000000 00:00 0 
7fc5f39fd000-7fc5f3afb000 rw-p 00000000 00:00 0 
7fc5f3afb000-7fc5f3afe000 ---p 00000000 00:00 0 
7fc5f3afe000-7fc5f3bfc000 rw-p 00000000 00:00 0 
7fc5f3bfc000-7fc5f3bfd000 ---p 00000000 00:00 0 
7fc5f3bfd000-7fc5f4000000 rw-p 00000000 00:00 0 
7fc5f4000000-7fc5f4021000 rw-p 00000000 00:00 0 
7fc5f4021000-7fc5f8000000 ---p 00000000 00:00 0 
7fc5f8000000-7fc5f8001000 r--s 00000000 08:07 1589623                    /var/cache/fontconfig/16c2fda60d1b4b719f4b3d06fd951d25-le64.cache-6
7fc5f8001000-7fc5f8002000 r--s 00000000 08:07 1589664                    /var/cache/fontconfig/a48eab177a16e4f3713381162db2f3e9-le64.cache-6
7fc5f8002000-7fc5f8003000 r--s 00000000 08:07 1589645                    /var/cache/fontconfig/564b2e68ac9bc4e36a6f7f6d6125ec1c-le64.cache-6
7fc5f8003000-7fc5f8004000 r--s 00000000 08:07 1589646                    /var/cache/fontconfig/56cf4f4769d0f4abc89a4895d7bd3ae1-le64.cache-6
7fc5f8004000-7fc5f8005000 r--s 00000000 08:07 1589668                    /var/cache/fontconfig/b9d506c9ac06c20b433354fa67a72993-le64.cache-6
7fc5f8005000-7fc5f8018000 r--s 00000000 08:07 1589675                    /var/cache/fontconfig/d52a8644073d54c13679302ca1180695-le64.cache-6
7fc5f8018000-7fc5f8019000 r--s 00000000 08:07 1589632                    /var/cache/fontconfig/370e5b74bf5dafc30834de68e24a87a4-le64.cache-6
7fc5f8019000-7fc5f801a000 r--s 00000000 08:07 1589653                    /var/cache/fontconfig/6b2c5944714ca7831b25bed9e85cb5c8-le64.cache-6
7fc5f801a000-7fc5f801b000 r--s 00000000 08:07 1589674                    /var/cache/fontconfig/d5178ab6d91b49bf20a416737dcea9e8-le64.cache-6
7fc5f801b000-7fc5f801c000 r--s 00000000 08:07 1589644                    /var/cache/fontconfig/551ecf3b0e8b0bca0f25c0944f561853-le64.cache-6
7fc5f801c000-7fc5f801f000 r--s 00000000 08:07 1589682                    /var/cache/fontconfig/f259c2cffa685e28062317905db73c4a-le64.cache-6
7fc5f801f000-7fc5f8022000 r--s 00000000 08:07 1589652                    /var/cache/fontconfig/674d1711f2d1d2a09646eb0bdcadee49-le64.cache-6
7fc5f8022000-7fc5f802e000 r--s 00000000 08:07 1597056                    /var/cache/fontconfig/d589a48862398ed80a3d6066f4f56f4c-le64.cache-6
7fc5f802e000-7fc5fc000000 rw-p 00000000 00:00 0 
7fc5fc000000-7fc5fc021000 rw-p 00000000 00:00 0 
7fc5fc021000-7fc600000000 ---p 00000000 00:00 0 
7fc600000000-7fc600021000 rw-p 00000000 00:00 0 
7fc600021000-7fc604000000 ---p 00000000 00:00 0 
7fc604000000-7fc604021000 rw-p 00000000 00:00 0 
7fc604021000-7fc608000000 ---p 00000000 00:00 0 
7fc608000000-7fc608002000 r--s 00000000 08:07 1589643                    /var/cache/fontconfig/550f3886151c940c12a5ed35f6a00586-le64.cache-6
7fc608002000-7fc608003000 r--s 00000000 08:07 1589636                    /var/cache/fontconfig/3f7329c5293ffd510edef78f73874cfd-le64.cache-6
7fc608003000-7fc608004000 r--s 00000000 08:07 1589630                    /var/cache/fontconfig/30829fa25452a46451e813d634d7f916-le64.cache-6
7fc608004000-7fc608005000 r--s 00000000 08:07 1589620                    /var/cache/fontconfig/0c9eb80ebd1c36541ebe2852d3bb0c49-le64.cache-6
7fc608005000-7fc608006000 r--s 00000000 08:07 1589627                    /var/cache/fontconfig/22368d551a680bfe5a62c02760edf4ea-le64.cache-6
7fc608006000-7fc608007000 r--s 00000000 08:07 1589641                    /var/cache/fontconfig/4d9c95eba1cb85bbcf2878543262124a-le64.cache-6
7fc608007000-7fc608008000 r--s 00000000 08:07 1589657                    /var/cache/fontconfig/85e0a52ce643a7ba2ae53e5d6949cead-le64.cache-6
7fc608008000-7fc608016000 r--s 00000000 08:07 1589661                    /var/cache/fontconfig/9b89f8e3dae116d678bbf48e5f21f69b-le64.cache-6
7fc608016000-7fc608023000 r--s 00000000 08:07 1596747                    /var/cache/fontconfig/e13b20fdb08344e0e664864cc2ede53d-le64.cache-6
7fc608023000-7fc608027000 r--s 00000000 08:07 1580007                    /var/cache/fontconfig/7ef2298fde41cc6eeb7af42e48b7d293-le64.cache-6
7fc608027000-7fc60802a000 ---p 00000000 00:00 0 
7fc60802a000-7fc608060000 rw-p 00000000 00:00 0 
7fc608060000-7fc608073000 r--s 00346000 08:07 1467002                    /usr/lib/jvm/java-8-openjdk-amd64/jre/lib/resources.jar
7fc608073000-7fc60807b000 r--s 000c4000 08:07 933000                     /home/sbaba2220/netbeans-8.2/ide/modules/ext/mysql-connector-java-5.1.23-bin.jar
7fc60807b000-7fc608096000 r--s 00394000 08:07 1466974                    /usr/lib/jvm/java-8-openjdk-amd64/jre/lib/ext/cldrdata.jar
7fc608096000-7fc609000000 rw-p 00000000 00:00 0 
7fc609000000-7fc609540000 rwxp 00000000 00:00 0 
7fc609540000-7fc618000000 ---p 00000000 00:00 0 
7fc618000000-7fc618332000 rw-p 00000000 00:00 0 
7fc618332000-7fc61c000000 ---p 00000000 00:00 0 
7fc61c000000-7fc61c001000 r--s 00000000 08:07 1589638                    /var/cache/fontconfig/49f0de54bdd920fe4f0dfd4cbac43e6b-le64.cache-6
7fc61c001000-7fc61c01c000 r--s 001d6000 08:07 1466979                    /usr/lib/jvm/java-8-openjdk-amd64/jre/lib/ext/nashorn.jar
7fc61c01c000-7fc61c38e000 rw-p 00000000 00:00 0 
7fc61c38e000-7fc61c55d000 r--s 03c21000 08:07 1467003                    /usr/lib/jvm/java-8-openjdk-amd64/jre/lib/rt.jar
7fc61c55d000-7fc61c9b0000 rw-p 00000000 00:00 0 
7fc61c9b0000-7fc61c9b1000 ---p 00000000 00:00 0 
7fc61c9b1000-7fc61cab1000 rw-p 00000000 00:00 0 
7fc61cab1000-7fc61cab2000 ---p 00000000 00:00 0 
7fc61cab2000-7fc61cbb2000 rw-p 00000000 00:00 0 
7fc61cbb2000-7fc61cbb3000 ---p 00000000 00:00 0 
7fc61cbb3000-7fc61ccb3000 rw-p 00000000 00:00 0 
7fc61ccb3000-7fc61ccb4000 ---p 00000000 00:00 0 
7fc61ccb4000-7fc61cdde000 rw-p 00000000 00:00 0 
7fc61cdde000-7fc61d048000 ---p 00000000 00:00 0 
7fc61d048000-7fc61d072000 rw-p 00000000 00:00 0 
7fc61d072000-7fc61d2db000 ---p 00000000 00:00 0 
7fc61d2db000-7fc61d2f0000 rw-p 00000000 00:00 0 
7fc61d2f0000-7fc61d425000 ---p 00000000 00:00 0 
7fc61d425000-7fc61d43b000 rw-p 00000000 00:00 0 
7fc61d43b000-7fc61d7e6000 ---p 00000000 00:00 0 
7fc61d7e6000-7fc61d7ee000 r-xp 00000000 08:07 1466960                    /usr/lib/jvm/java-8-openjdk-amd64/jre/lib/amd64/libzip.so
7fc61d7ee000-7fc61d9ed000 ---p 00008000 08:07 1466960                    /usr/lib/jvm/java-8-openjdk-amd64/jre/lib/amd64/libzip.so
7fc61d9ed000-7fc61d9ee000 r--p 00007000 08:07 1466960                    /usr/lib/jvm/java-8-openjdk-amd64/jre/lib/amd64/libzip.so
7fc61d9ee000-7fc61d9ef000 rw-p 00008000 08:07 1466960                    /usr/lib/jvm/java-8-openjdk-amd64/jre/lib/amd64/libzip.so
7fc61d9ef000-7fc61d9fa000 r-xp 00000000 08:07 788061                     /lib/x86_64-linux-gnu/libnss_files-2.26.so
7fc61d9fa000-7fc61dbf9000 ---p 0000b000 08:07 788061                     /lib/x86_64-linux-gnu/libnss_files-2.26.so
7fc61dbf9000-7fc61dbfa000 r--p 0000a000 08:07 788061                     /lib/x86_64-linux-gnu/libnss_files-2.26.so
7fc61dbfa000-7fc61dbfb000 rw-p 0000b000 08:07 788061                     /lib/x86_64-linux-gnu/libnss_files-2.26.so
7fc61dbfb000-7fc61dc01000 rw-p 00000000 00:00 0 
7fc61dc01000-7fc61dc0c000 r-xp 00000000 08:07 788063                     /lib/x86_64-linux-gnu/libnss_nis-2.26.so
7fc61dc0c000-7fc61de0b000 ---p 0000b000 08:07 788063                     /lib/x86_64-linux-gnu/libnss_nis-2.26.so
7fc61de0b000-7fc61de0c000 r--p 0000a000 08:07 788063                     /lib/x86_64-linux-gnu/libnss_nis-2.26.so
7fc61de0c000-7fc61de0d000 rw-p 0000b000 08:07 788063                     /lib/x86_64-linux-gnu/libnss_nis-2.26.so
7fc61de0d000-7fc61de24000 r-xp 00000000 08:07 788058                     /lib/x86_64-linux-gnu/libnsl-2.26.so
7fc61de24000-7fc61e023000 ---p 00017000 08:07 788058                     /lib/x86_64-linux-gnu/libnsl-2.26.so
7fc61e023000-7fc61e024000 r--p 00016000 08:07 788058                     /lib/x86_64-linux-gnu/libnsl-2.26.so
7fc61e024000-7fc61e025000 rw-p 00017000 08:07 788058                     /lib/x86_64-linux-gnu/libnsl-2.26.so
7fc61e025000-7fc61e027000 rw-p 00000000 00:00 0 
7fc61e027000-7fc61e02f000 r-xp 00000000 08:07 788059                     /lib/x86_64-linux-gnu/libnss_compat-2.26.so
7fc61e02f000-7fc61e22e000 ---p 00008000 08:07 788059                     /lib/x86_64-linux-gnu/libnss_compat-2.26.so
7fc61e22e000-7fc61e22f000 r--p 00007000 08:07 788059                     /lib/x86_64-linux-gnu/libnss_compat-2.26.so
7fc61e22f000-7fc61e230000 rw-p 00008000 08:07 788059                     /lib/x86_64-linux-gnu/libnss_compat-2.26.so
7fc61e230000-7fc61e25d000 r-xp 00000000 08:07 1466941                    /usr/lib/jvm/java-8-openjdk-amd64/jre/lib/amd64/libjava.so
7fc61e25d000-7fc61e45d000 ---p 0002d000 08:07 1466941                    /usr/lib/jvm/java-8-openjdk-amd64/jre/lib/amd64/libjava.so
7fc61e45d000-7fc61e45e000 r--p 0002d000 08:07 1466941                    /usr/lib/jvm/java-8-openjdk-amd64/jre/lib/amd64/libjava.so
7fc61e45e000-7fc61e460000 rw-p 0002e000 08:07 1466941                    /usr/lib/jvm/java-8-openjdk-amd64/jre/lib/amd64/libjava.so
7fc61e460000-7fc61e470000 r-xp 00000000 08:07 1466959                    /usr/lib/jvm/java-8-openjdk-amd64/jre/lib/amd64/libverify.so
7fc61e470000-7fc61e66f000 ---p 00010000 08:07 1466959                    /usr/lib/jvm/java-8-openjdk-amd64/jre/lib/amd64/libverify.so
7fc61e66f000-7fc61e671000 r--p 0000f000 08:07 1466959                    /usr/lib/jvm/java-8-openjdk-amd64/jre/lib/amd64/libverify.so
7fc61e671000-7fc61e672000 rw-p 00011000 08:07 1466959                    /usr/lib/jvm/java-8-openjdk-amd64/jre/lib/amd64/libverify.so
7fc61e672000-7fc61e679000 r-xp 00000000 08:07 793105                     /lib/x86_64-linux-gnu/librt-2.26.so
7fc61e679000-7fc61e878000 ---p 00007000 08:07 793105                     /lib/x86_64-linux-gnu/librt-2.26.so
7fc61e878000-7fc61e879000 r--p 00006000 08:07 793105                     /lib/x86_64-linux-gnu/librt-2.26.so
7fc61e879000-7fc61e87a000 rw-p 00007000 08:07 793105                     /lib/x86_64-linux-gnu/librt-2.26.so
7fc61e87a000-7fc61e890000 r-xp 00000000 08:07 803803                     /lib/x86_64-linux-gnu/libgcc_s.so.1
7fc61e890000-7fc61ea8f000 ---p 00016000 08:07 803803                     /lib/x86_64-linux-gnu/libgcc_s.so.1
7fc61ea8f000-7fc61ea90000 r--p 00015000 08:07 803803                     /lib/x86_64-linux-gnu/libgcc_s.so.1
7fc61ea90000-7fc61ea91000 rw-p 00016000 08:07 803803                     /lib/x86_64-linux-gnu/libgcc_s.so.1
7fc61ea91000-7fc61ebe6000 r-xp 00000000 08:07 788055                     /lib/x86_64-linux-gnu/libm-2.26.so
7fc61ebe6000-7fc61ede5000 ---p 00155000 08:07 788055                     /lib/x86_64-linux-gnu/libm-2.26.so
7fc61ede5000-7fc61ede6000 r--p 00154000 08:07 788055                     /lib/x86_64-linux-gnu/libm-2.26.so
7fc61ede6000-7fc61ede7000 rw-p 00155000 08:07 788055                     /lib/x86_64-linux-gnu/libm-2.26.so
7fc61ede7000-7fc61ef5f000 r-xp 00000000 08:07 1448012                    /usr/lib/x86_64-linux-gnu/libstdc++.so.6.0.24
7fc61ef5f000-7fc61f15e000 ---p 00178000 08:07 1448012                    /usr/lib/x86_64-linux-gnu/libstdc++.so.6.0.24
7fc61f15e000-7fc61f168000 r--p 00177000 08:07 1448012                    /usr/lib/x86_64-linux-gnu/libstdc++.so.6.0.24
7fc61f168000-7fc61f16a000 rw-p 00181000 08:07 1448012                    /usr/lib/x86_64-linux-gnu/libstdc++.so.6.0.24
7fc61f16a000-7fc61f16d000 rw-p 00000000 00:00 0 
7fc61f16d000-7fc61fdf7000 r-xp 00000000 08:07 1466963                    /usr/lib/jvm/java-8-openjdk-amd64/jre/lib/amd64/server/libjvm.so
7fc61fdf7000-7fc61fff7000 ---p 00c8a000 08:07 1466963                    /usr/lib/jvm/java-8-openjdk-amd64/jre/lib/amd64/server/libjvm.so
7fc61fff7000-7fc62008a000 r--p 00c8a000 08:07 1466963                    /usr/lib/jvm/java-8-openjdk-amd64/jre/lib/amd64/server/libjvm.so
7fc62008a000-7fc6200b2000 rw-p 00d1d000 08:07 1466963                    /usr/lib/jvm/java-8-openjdk-amd64/jre/lib/amd64/server/libjvm.so
7fc6200b2000-7fc6200e3000 rw-p 00000000 00:00 0 
7fc6200e3000-7fc6200fd000 r-xp 00000000 08:07 788066                     /lib/x86_64-linux-gnu/libpthread-2.26.so
7fc6200fd000-7fc6202fc000 ---p 0001a000 08:07 788066                     /lib/x86_64-linux-gnu/libpthread-2.26.so
7fc6202fc000-7fc6202fd000 r--p 00019000 08:07 788066                     /lib/x86_64-linux-gnu/libpthread-2.26.so
7fc6202fd000-7fc6202fe000 rw-p 0001a000 08:07 788066                     /lib/x86_64-linux-gnu/libpthread-2.26.so
7fc6202fe000-7fc620302000 rw-p 00000000 00:00 0 
7fc620302000-7fc620305000 r-xp 00000000 08:07 788054                     /lib/x86_64-linux-gnu/libdl-2.26.so
7fc620305000-7fc620504000 ---p 00003000 08:07 788054                     /lib/x86_64-linux-gnu/libdl-2.26.so
7fc620504000-7fc620505000 r--p 00002000 08:07 788054                     /lib/x86_64-linux-gnu/libdl-2.26.so
7fc620505000-7fc620506000 rw-p 00003000 08:07 788054                     /lib/x86_64-linux-gnu/libdl-2.26.so
7fc620506000-7fc620522000 r-xp 00000000 08:07 793731                     /lib/x86_64-linux-gnu/libz.so.1.2.11
7fc620522000-7fc620721000 ---p 0001c000 08:07 793731                     /lib/x86_64-linux-gnu/libz.so.1.2.11
7fc620721000-7fc620722000 r--p 0001b000 08:07 793731                     /lib/x86_64-linux-gnu/libz.so.1.2.11
7fc620722000-7fc620723000 rw-p 0001c000 08:07 793731                     /lib/x86_64-linux-gnu/libz.so.1.2.11
7fc620723000-7fc6208f9000 r-xp 00000000 08:07 788051                     /lib/x86_64-linux-gnu/libc-2.26.so
7fc6208f9000-7fc620af9000 ---p 001d6000 08:07 788051                     /lib/x86_64-linux-gnu/libc-2.26.so
7fc620af9000-7fc620afd000 r--p 001d6000 08:07 788051                     /lib/x86_64-linux-gnu/libc-2.26.so
7fc620afd000-7fc620aff000 rw-p 001da000 08:07 788051                     /lib/x86_64-linux-gnu/libc-2.26.so
7fc620aff000-7fc620b03000 rw-p 00000000 00:00 0 
7fc620b03000-7fc620b11000 r-xp 00000000 08:07 1466927                    /usr/lib/jvm/java-8-openjdk-amd64/jre/lib/amd64/jli/libjli.so
7fc620b11000-7fc620d10000 ---p 0000e000 08:07 1466927                    /usr/lib/jvm/java-8-openjdk-amd64/jre/lib/amd64/jli/libjli.so
7fc620d10000-7fc620d11000 r--p 0000d000 08:07 1466927                    /usr/lib/jvm/java-8-openjdk-amd64/jre/lib/amd64/jli/libjli.so
7fc620d11000-7fc620d12000 rw-p 0000e000 08:07 1466927                    /usr/lib/jvm/java-8-openjdk-amd64/jre/lib/amd64/jli/libjli.so
7fc620d12000-7fc620d39000 r-xp 00000000 08:07 787974                     /lib/x86_64-linux-gnu/ld-2.26.so
7fc620d39000-7fc620d3a000 r--s 00000000 08:07 1589684                    /var/cache/fontconfig/f6e6e0a5c3d2f6ae0c0c2e0ecd42a997-le64.cache-6
7fc620d3a000-7fc620d3b000 r--s 00000000 08:07 1589639                    /var/cache/fontconfig/4b2eda6bb976bda485cb2176619421d5-le64.cache-6
7fc620d3b000-7fc620d40000 r--s 002f9000 08:07 1466964                    /usr/lib/jvm/java-8-openjdk-amd64/jre/lib/charsets.jar
7fc620d40000-7fc620d46000 r--s 0003a000 08:07 1466981                    /usr/lib/jvm/java-8-openjdk-amd64/jre/lib/ext/sunjce_provider.jar
7fc620d46000-7fc620d48000 r--s 00008000 08:07 1466980                    /usr/lib/jvm/java-8-openjdk-amd64/jre/lib/ext/sunec.jar
7fc620d48000-7fc620d4a000 r--s 00001000 08:07 1466975                    /usr/lib/jvm/java-8-openjdk-amd64/jre/lib/ext/dnsns.jar
7fc620d4a000-7fc620d4c000 r--s 00007000 08:07 1722770                    /usr/share/java/java-atk-wrapper.jar
7fc620d4c000-7fc620d50000 r--s 00037000 08:07 1466982                    /usr/lib/jvm/java-8-openjdk-amd64/jre/lib/ext/sunpkcs11.jar
7fc620d50000-7fc620d53000 r--s 0000f000 08:07 1466976                    /usr/lib/jvm/java-8-openjdk-amd64/jre/lib/ext/icedtea-sound.jar
7fc620d53000-7fc620e1e000 rw-p 00000000 00:00 0 
7fc620e1e000-7fc620e21000 ---p 00000000 00:00 0 
7fc620e21000-7fc620f21000 rw-p 00000000 00:00 0 
7fc620f21000-7fc620f22000 r--s 00010000 08:07 1466983                    /usr/lib/jvm/java-8-openjdk-amd64/jre/lib/ext/zipfs.jar
7fc620f22000-7fc620f23000 r--s 0000a000 08:07 1466977                    /usr/lib/jvm/java-8-openjdk-amd64/jre/lib/ext/jaccess.jar
7fc620f23000-7fc620f2d000 r--s 00116000 08:07 1466978                    /usr/lib/jvm/java-8-openjdk-amd64/jre/lib/ext/localedata.jar
7fc620f2d000-7fc620f35000 rw-s 00000000 08:07 285498                     /tmp/hsperfdata_sbaba2220/23240
7fc620f35000-7fc620f36000 rw-p 00000000 00:00 0 
7fc620f36000-7fc620f37000 r--p 00000000 00:00 0 
7fc620f37000-7fc620f39000 rw-p 00000000 00:00 0 
7fc620f39000-7fc620f3a000 r--p 00027000 08:07 787974                     /lib/x86_64-linux-gnu/ld-2.26.so
7fc620f3a000-7fc620f3b000 rw-p 00028000 08:07 787974                     /lib/x86_64-linux-gnu/ld-2.26.so
7fc620f3b000-7fc620f3c000 rw-p 00000000 00:00 0 
7ffce9cbb000-7ffce9cdc000 rw-p 00000000 00:00 0                          [stack]
7ffce9d6f000-7ffce9d72000 r--p 00000000 00:00 0                          [vvar]
7ffce9d72000-7ffce9d74000 r-xp 00000000 00:00 0                          [vdso]
ffffffffff600000-ffffffffff601000 r-xp 00000000 00:00 0                  [vsyscall]

VM Arguments:
jvm_args: -Dfile.encoding=UTF-8 
java_command: javaapplication1.JavaApplication1
java_class_path (initial): /home/sbaba2220/netbeans-8.2/ide/modules/ext/mysql-connector-java-5.1.23-bin.jar:/home/sbaba2220/NetBeansProjects/JavaApplication1/build/classes
Launcher Type: SUN_STANDARD

Environment Variables:
PATH=/usr/local/sbin:/usr/local/bin:/usr/sbin:/usr/bin:/sbin:/bin:/usr/games:/usr/local/games:/snap/bin
USERNAME=sbaba2220
LD_LIBRARY_PATH=/usr/lib/jvm/java-1.8.0-openjdk-amd64/jre/lib/amd64:/usr/lib/jvm/java-1.8.0-openjdk-amd64/jre/lib/i386:
SHELL=/bin/bash
DISPLAY=:0

Signal Handlers:
SIGSEGV: [libjvm.so+0xaa6ae0], sa_mask[0]=11111111011111111101111111111110, sa_flags=SA_RESTART|SA_SIGINFO
SIGBUS: [libjvm.so+0xaa6ae0], sa_mask[0]=11111111011111111101111111111110, sa_flags=SA_RESTART|SA_SIGINFO
SIGFPE: [libjvm.so+0x8ddf00], sa_mask[0]=11111111011111111101111111111110, sa_flags=SA_RESTART|SA_SIGINFO
SIGPIPE: [libjvm.so+0x8ddf00], sa_mask[0]=11111111011111111101111111111110, sa_flags=SA_RESTART|SA_SIGINFO
SIGXFSZ: [libjvm.so+0x8ddf00], sa_mask[0]=11111111011111111101111111111110, sa_flags=SA_RESTART|SA_SIGINFO
SIGILL: [libjvm.so+0x8ddf00], sa_mask[0]=11111111011111111101111111111110, sa_flags=SA_RESTART|SA_SIGINFO
SIGUSR1: SIG_DFL, sa_mask[0]=00000000000000000000000000000000, sa_flags=none
SIGUSR2: [libjvm.so+0x8dddb0], sa_mask[0]=00100000000000000000000000000000, sa_flags=SA_RESTART|SA_SIGINFO
SIGHUP: [libjvm.so+0x8de260], sa_mask[0]=11111111011111111101111111111110, sa_flags=SA_RESTART|SA_SIGINFO
SIGINT: SIG_IGN, sa_mask[0]=00000000000000000000000000000000, sa_flags=none
SIGTERM: [libjvm.so+0x8de260], sa_mask[0]=11111111011111111101111111111110, sa_flags=SA_RESTART|SA_SIGINFO
SIGQUIT: [libjvm.so+0x8de260], sa_mask[0]=11111111011111111101111111111110, sa_flags=SA_RESTART|SA_SIGINFO


---------------  S Y S T E M  ---------------

OS:DISTRIB_ID=Ubuntu
DISTRIB_RELEASE=17.10
DISTRIB_CODENAME=artful
DISTRIB_DESCRIPTION="Ubuntu 17.10"

uname:Linux 4.13.0-37-generic #42-Ubuntu SMP Wed Mar 7 14:13:23 UTC 2018 x86_64
libc:glibc 2.26 NPTL 2.26 
rlimit: STACK 8192k, CORE 0k, NPROC 31203, NOFILE 1048576, AS infinity
load average:80.79 39.97 15.96

/proc/meminfo:
MemTotal:        8098500 kB
MemFree:          744832 kB
MemAvailable:    3548292 kB
Buffers:          226856 kB
Cached:          2857824 kB
SwapCached:            0 kB
Active:          4708760 kB
Inactive:        2257548 kB
Active(anon):    3446244 kB
Inactive(anon):   610612 kB
Active(file):    1262516 kB
Inactive(file):  1646936 kB
Unevictable:          16 kB
Mlocked:              16 kB
SwapTotal:       1520880 kB
SwapFree:        1520880 kB
Dirty:                96 kB
Writeback:          4556 kB
AnonPages:       3881136 kB
Mapped:           514088 kB
Shmem:            603652 kB
Slab:             263644 kB
SReclaimable:     201896 kB
SUnreclaim:        61748 kB
KernelStack:       10144 kB
PageTables:        48960 kB
NFS_Unstable:          0 kB
Bounce:                0 kB
WritebackTmp:          0 kB
CommitLimit:     5570128 kB
Committed_AS:    9974920 kB
VmallocTotal:   34359738367 kB
VmallocUsed:           0 kB
VmallocChunk:          0 kB
HardwareCorrupted:     0 kB
AnonHugePages:      2048 kB
ShmemHugePages:        0 kB
ShmemPmdMapped:        0 kB
CmaTotal:              0 kB
CmaFree:               0 kB
HugePages_Total:       0
HugePages_Free:        0
HugePages_Rsvd:        0
HugePages_Surp:        0
Hugepagesize:       2048 kB
DirectMap4k:      164160 kB
DirectMap2M:     7106560 kB
DirectMap1G:     2097152 kB


CPU:total 4 (initial active 4) (2 cores per cpu, 2 threads per core) family 6 model 69 stepping 1, cmov, cx8, fxsr, mmx, sse, sse2, sse3, ssse3, sse4.1, sse4.2, popcnt, avx, avx2, aes, clmul, erms, lzcnt, ht, tsc, tscinvbit, bmi1, bmi2

/proc/cpuinfo:
processor	: 0
vendor_id	: GenuineIntel
cpu family	: 6
model		: 69
model name	: Intel(R) Core(TM) i5-4210U CPU @ 1.70GHz
stepping	: 1
microcode	: 0x17
cpu MHz		: 2394.396
cache size	: 3072 KB
physical id	: 0
siblings	: 4
core id		: 0
cpu cores	: 2
apicid		: 0
initial apicid	: 0
fpu		: yes
fpu_exception	: yes
cpuid level	: 13
wp		: yes
flags		: fpu vme de pse tsc msr pae mce cx8 apic sep mtrr pge mca cmov pat pse36 clflush dts acpi mmx fxsr sse sse2 ss ht tm pbe syscall nx pdpe1gb rdtscp lm constant_tsc arch_perfmon pebs bts rep_good nopl xtopology nonstop_tsc cpuid aperfmperf pni pclmulqdq dtes64 monitor ds_cpl vmx est tm2 ssse3 sdbg fma cx16 xtpr pdcm pcid sse4_1 sse4_2 movbe popcnt aes xsave avx f16c rdrand lahf_lm abm cpuid_fault epb invpcid_single pti retpoline tpr_shadow vnmi flexpriority ept vpid fsgsbase tsc_adjust bmi1 avx2 smep bmi2 erms invpcid xsaveopt dtherm ida arat pln pts
bugs		: cpu_meltdown spectre_v1 spectre_v2
bogomips	: 4788.79
clflush size	: 64
cache_alignment	: 64
address sizes	: 39 bits physical, 48 bits virtual
power management:

processor	: 1
vendor_id	: GenuineIntel
cpu family	: 6
model		: 69
model name	: Intel(R) Core(TM) i5-4210U CPU @ 1.70GHz
stepping	: 1
microcode	: 0x17
cpu MHz		: 2394.396
cache size	: 3072 KB
physical id	: 0
siblings	: 4
core id		: 0
cpu cores	: 2
apicid		: 1
initial apicid	: 1
fpu		: yes
fpu_exception	: yes
cpuid level	: 13
wp		: yes
flags		: fpu vme de pse tsc msr pae mce cx8 apic sep mtrr pge mca cmov pat pse36 clflush dts acpi mmx fxsr sse sse2 ss ht tm pbe syscall nx pdpe1gb rdtscp lm constant_tsc arch_perfmon pebs bts rep_good nopl xtopology nonstop_tsc cpuid aperfmperf pni pclmulqdq dtes64 monitor ds_cpl vmx est tm2 ssse3 sdbg fma cx16 xtpr pdcm pcid sse4_1 sse4_2 movbe popcnt aes xsave avx f16c rdrand lahf_lm abm cpuid_fault epb invpcid_single pti retpoline tpr_shadow vnmi flexpriority ept vpid fsgsbase tsc_adjust bmi1 avx2 smep bmi2 erms invpcid xsaveopt dtherm ida arat pln pts
bugs		: cpu_meltdown spectre_v1 spectre_v2
bogomips	: 4788.79
clflush size	: 64
cache_alignment	: 64
address sizes	: 39 bits physical, 48 bits virtual
power management:

processor	: 2
vendor_id	: GenuineIntel
cpu family	: 6
model		: 69
model name	: Intel(R) Core(TM) i5-4210U CPU @ 1.70GHz
stepping	: 1
microcode	: 0x17
cpu MHz		: 2394.396
cache size	: 3072 KB
physical id	: 0
siblings	: 4
core id		: 1
cpu cores	: 2
apicid		: 2
initial apicid	: 2
fpu		: yes
fpu_exception	: yes
cpuid level	: 13
wp		: yes
flags		: fpu vme de pse tsc msr pae mce cx8 apic sep mtrr pge mca cmov pat pse36 clflush dts acpi mmx fxsr sse sse2 ss ht tm pbe syscall nx pdpe1gb rdtscp lm constant_tsc arch_perfmon pebs bts rep_good nopl xtopology nonstop_tsc cpuid aperfmperf pni pclmulqdq dtes64 monitor ds_cpl vmx est tm2 ssse3 sdbg fma cx16 xtpr pdcm pcid sse4_1 sse4_2 movbe popcnt aes xsave avx f16c rdrand lahf_lm abm cpuid_fault epb invpcid_single pti retpoline tpr_shadow vnmi flexpriority ept vpid fsgsbase tsc_adjust bmi1 avx2 smep bmi2 erms invpcid xsaveopt dtherm ida arat pln pts
bugs		: cpu_meltdown spectre_v1 spectre_v2
bogomips	: 4788.79
clflush size	: 64
cache_alignment	: 64
address sizes	: 39 bits physical, 48 bits virtual
power management:

processor	: 3
vendor_id	: GenuineIntel
cpu family	: 6
model		: 69
model name	: Intel(R) Core(TM) i5-4210U CPU @ 1.70GHz
stepping	: 1
microcode	: 0x17
cpu MHz		: 2394.396
cache size	: 3072 KB
physical id	: 0
siblings	: 4
core id		: 1
cpu cores	: 2
apicid		: 3
initial apicid	: 3
fpu		: yes
fpu_exception	: yes
cpuid level	: 13
wp		: yes
flags		: fpu vme de pse tsc msr pae mce cx8 apic sep mtrr pge mca cmov pat pse36 clflush dts acpi mmx fxsr sse sse2 ss ht tm pbe syscall nx pdpe1gb rdtscp lm constant_tsc arch_perfmon pebs bts rep_good nopl xtopology nonstop_tsc cpuid aperfmperf pni pclmulqdq dtes64 monitor ds_cpl vmx est tm2 ssse3 sdbg fma cx16 xtpr pdcm pcid sse4_1 sse4_2 movbe popcnt aes xsave avx f16c rdrand lahf_lm abm cpuid_fault epb invpcid_single pti retpoline tpr_shadow vnmi flexpriority ept vpid fsgsbase tsc_adjust bmi1 avx2 smep bmi2 erms invpcid xsaveopt dtherm ida arat pln pts
bugs		: cpu_meltdown spectre_v1 spectre_v2
bogomips	: 4788.79
clflush size	: 64
cache_alignment	: 64
address sizes	: 39 bits physical, 48 bits virtual
power management:



Memory: 4k page, physical 8098500k(744832k free), swap 1520880k(1520880k free)

vm_info: OpenJDK 64-Bit Server VM (25.151-b12) for linux-amd64 JRE (1.8.0_151-8u151-b12-0ubuntu0.17.10.2-b12), built on Oct 23 2017 22:43:02 by "buildd" with gcc 7.2.0

time: Mon Mar 26 19:32:21 2018
elapsed time: 12983 seconds (0d 3h 36m 23s)

