#
# A fatal error has been detected by the Java Runtime Environment:
#
#  SIGSEGV (0xb) at pc=0x00007f43f10697ba, pid=3923, tid=0x00007f43dc2cb700
#
# JRE version: OpenJDK Runtime Environment (8.0_151-b12) (build 1.8.0_151-8u151-b12-0ubuntu0.17.10.2-b12)
# Java VM: OpenJDK 64-Bit Server VM (25.151-b12 mixed mode linux-amd64 compressed oops)
# Problematic frame:
# v  ~BufferBlob::jni_fast_GetLongField
#
# Failed to write core dump. Core dumps have been disabled. To enable core dumping, try "ulimit -c unlimited" before starting Java again
#
# If you would like to submit a bug report, please visit:
#   http://bugreport.java.com/bugreport/crash.jsp
# The crash happened outside the Java Virtual Machine in native code.
# See problematic frame for where to report the bug.
#

---------------  T H R E A D  ---------------

Current thread (0x00007f4400295800):  JavaThread "AWT-XAWT" daemon [_thread_in_native, id=3943, stack(0x00007f43dc1cb000,0x00007f43dc2cc000)]

siginfo: si_signo: 11 (SIGSEGV), si_code: 1 (SEGV_MAPERR), si_addr: 0x0000000000000000

Registers:
RAX=0x00007f44077a2f40, RBX=0x00007f44002959e0, RCX=0x0000000000000000, RDX=0x0000000000000042
RSP=0x00007f43dc2ca7d8, RBP=0x00007f43dc2ca800, RSI=0x0000000000000000, RDI=0x00007f44002959e0
R8 =0x000000008461b210, R9 =0x0000000000000000, R10=0x000000000000002e, R11=0x00007f43f14ea098
R12=0x00007f439c020c10, R13=0x0000000000000000, R14=0x00007f43de54aae0, R15=0x00007f4400295800
RIP=0x00007f43f10697ba, EFLAGS=0x0000000000010246, CSGSFS=0x002b000000000033, ERR=0x0000000000000004
  TRAPNO=0x000000000000000e

Top of Stack: (sp=0x00007f43dc2ca7d8)
0x00007f43dc2ca7d8:   00007f43de328b94 00007f43eca850c8
0x00007f43dc2ca7e8:   00007f439c020c10 00007f43dc2ca8b0
0x00007f43dc2ca7f8:   00007f43dc2ca880 0000000000000000
0x00007f43dc2ca808:   00007f43dddf6300 00007f43eca850c8
0x00007f43dc2ca818:   00007f43dc2ca840 0000000000000000
0x00007f43dc2ca828:   00007f43dddede23 00007f43dc2ca8b0
0x00007f43dc2ca838:   00007f43de320b3f 00007f43dc2ca890
0x00007f43dc2ca848:   00007f43f14ea136 0000000000000000
0x00007f43dc2ca858:   00007f43f11f6036 00007f43dc2ca8b0
0x00007f43dc2ca868:   00007f43f11632ac 0000000084783bc0
0x00007f43dc2ca878:   00000000d84f4a48 0000000084601e10
0x00007f43dc2ca888:   0000000084784110 00007f43dc2ca910
0x00007f43dc2ca898:   00007f43f10077d0 00007f43dc2ca910
0x00007f43dc2ca8a8:   00007f43f10077d0 0000000000000000
0x00007f43dc2ca8b8:   00007f43f1007b10 00007f43b0001110
0x00007f43dc2ca8c8:   0000000084783bc0 00007f43dc2ca8d0
0x00007f43dc2ca8d8:   00007f43ecb81fbc 00007f43dc2ca958
0x00007f43dc2ca8e8:   00007f43ecb8b428 0000000000000000
0x00007f43dc2ca8f8:   00007f43ecb820f8 00007f43dc2ca8b0
0x00007f43dc2ca908:   00007f43dc2ca950 00007f43dc2ca9a0
0x00007f43dc2ca918:   00007f43f1007ffd 0000000000000000
0x00007f43dc2ca928:   00000000d75ef5f8 0000000000000000
0x00007f43dc2ca938:   0000000000000000 0000000000000000
0x00007f43dc2ca948:   0000000084783bc0 0000000000000000
0x00007f43dc2ca958:   00000000846375b8 00007f43dc2ca960
0x00007f43dc2ca968:   00007f43ecb81dfd 00007f43dc2ca9b0
0x00007f43dc2ca978:   00007f43ecb8b428 0000000000000000
0x00007f43dc2ca988:   00007f43ecb81e08 00007f43dc2ca950
0x00007f43dc2ca998:   00007f43dc2ca9b0 00007f43dc2ca9f8
0x00007f43dc2ca9a8:   00007f43f1008042 00000000846375b8
0x00007f43dc2ca9b8:   00007f43dc2ca9b8 00007f43ec68099b
0x00007f43dc2ca9c8:   00007f43dc2caa08 00007f43ec708138 

Instructions: (pc=0x00007f43f10697ba)
0x00007f43f106979a:   00 00 00 00 00 00 44 8b 15 4d 62 76 16 4c 8b ce
0x00007f43f10697aa:   41 f6 c2 01 0f 85 2e 00 00 00 4d 33 ca 4d 33 ca
0x00007f43f10697ba:   4d 8b 09 4c 8b da 49 c1 eb 02 4b 8b 04 19 49 bb
0x00007f43f10697ca:   f4 f9 7c 07 44 7f 00 00 4c 33 d8 4c 33 d8 45 3b 

Register to memory mapping:

RAX=0x00007f44077a2f40: <offset 0xf2cf40> in /usr/lib/jvm/java-8-openjdk-amd64/jre/lib/amd64/server/libjvm.so at 0x00007f4406876000
RBX=0x00007f44002959e0 is an unknown value
RCX=0x0000000000000000 is an unknown value
RDX=0x0000000000000042 is an unknown value
RSP=0x00007f43dc2ca7d8 is pointing into the stack for thread: 0x00007f4400295800
RBP=0x00007f43dc2ca800 is pointing into the stack for thread: 0x00007f4400295800
RSI=0x0000000000000000 is an unknown value
RDI=0x00007f44002959e0 is an unknown value
R8 =0x000000008461b210 is an oop
sun.util.logging.PlatformLogger$Level 
 - klass: 'sun/util/logging/PlatformLogger$Level'
R9 =0x0000000000000000 is an unknown value
R10=0x000000000000002e is an unknown value
R11=0x00007f43f14ea098 is at entry_point+24 in (nmethod*)0x00007f43f14e9f10
R12=0x00007f439c020c10 is an unknown value
R13=0x0000000000000000 is an unknown value
R14=0x00007f43de54aae0: <offset 0x257ae0> in /usr/lib/jvm/java-8-openjdk-amd64/jre/lib/amd64/libawt_xawt.so at 0x00007f43de2f3000
R15=0x00007f4400295800 is a thread


Stack: [0x00007f43dc1cb000,0x00007f43dc2cc000],  sp=0x00007f43dc2ca7d8,  free space=1021k
Native frames: (J=compiled Java code, j=interpreted, Vv=VM code, C=native code)
v  ~BufferBlob::jni_fast_GetLongField
C  [libX11.so.6+0x64300]  _XimServerDestroy+0x70

Java frames: (J=compiled Java code, j=interpreted, Vv=VM code)
J 1433  sun.awt.X11.XlibWrapper.XFilterEvent(JJ)Z (0 bytes) @ 0x00007f43f14ea0c4 [0x00007f43f14ea080+0x44]
j  sun.awt.X11.XToolkit.run(Z)V+300
j  sun.awt.X11.XToolkit.run()V+5
j  java.lang.Thread.run()V+11
v  ~StubRoutines::call_stub

---------------  P R O C E S S  ---------------

Java Threads: ( => current thread )
  0x00007f439c3bb000 JavaThread "Abandoned connection cleanup thread" daemon [_thread_blocked, id=3949, stack(0x00007f43a80c6000,0x00007f43a81c7000)]
  0x00007f440000a800 JavaThread "DestroyJavaVM" [_thread_blocked, id=3928, stack(0x00007f4408527000,0x00007f4408628000)]
  0x00007f43a0003800 JavaThread "Thread-0" daemon [_thread_in_native, id=3946, stack(0x00007f43a9527000,0x00007f43a9d28000)]
  0x00007f440030f000 JavaThread "AWT-EventQueue-1" [_thread_blocked, id=3948, stack(0x00007f43a9426000,0x00007f43a9527000)]
  0x00007f440030e000 JavaThread "AWT-Shutdown" [_thread_blocked, id=3947, stack(0x00007f43dc091000,0x00007f43dc192000)]
=>0x00007f4400295800 JavaThread "AWT-XAWT" daemon [_thread_in_native, id=3943, stack(0x00007f43dc1cb000,0x00007f43dc2cc000)]
  0x00007f4400274800 JavaThread "Java2D Disposer" daemon [_thread_blocked, id=3942, stack(0x00007f43dc6dc000,0x00007f43dc7dd000)]
  0x00007f44000c1800 JavaThread "Service Thread" daemon [_thread_blocked, id=3940, stack(0x00007f43de9f0000,0x00007f43deaf1000)]
  0x00007f44000b2800 JavaThread "C1 CompilerThread2" daemon [_thread_blocked, id=3939, stack(0x00007f43deaf1000,0x00007f43debf2000)]
  0x00007f44000b0800 JavaThread "C2 CompilerThread1" daemon [_thread_blocked, id=3938, stack(0x00007f43debf2000,0x00007f43decf3000)]
  0x00007f44000ad800 JavaThread "C2 CompilerThread0" daemon [_thread_blocked, id=3937, stack(0x00007f43decf3000,0x00007f43dedf4000)]
  0x00007f44000ab800 JavaThread "Signal Dispatcher" daemon [_thread_in_vm, id=3936, stack(0x00007f43dedf4000,0x00007f43deef5000)]
  0x00007f4400084800 JavaThread "Finalizer" daemon [_thread_blocked, id=3935, stack(0x00007f43df1d1000,0x00007f43df2d2000)]
  0x00007f4400080000 JavaThread "Reference Handler" daemon [_thread_blocked, id=3934, stack(0x00007f43df2d2000,0x00007f43df3d3000)]

Other Threads:
  0x00007f4400078800 VMThread [stack: 0x00007f43df3d3000,0x00007f43df4d4000] [id=3933]
  0x00007f44000c4000 WatcherThread [stack: 0x00007f43de8ef000,0x00007f43de9f0000] [id=3941]

VM state:not at safepoint (normal execution)

VM Mutex/Monitor currently owned by a thread:  ([mutex/lock_event])
[0x00007f44000071d0] Threads_lock - owner thread: 0x00007f44000ab800

Heap:
 PSYoungGen      total 36864K, used 25398K [0x00000000d6d00000, 0x00000000db500000, 0x0000000100000000)
  eden space 31744K, 80% used [0x00000000d6d00000,0x00000000d85cd9f8,0x00000000d8c00000)
  from space 5120K, 0% used [0x00000000d9100000,0x00000000d9100000,0x00000000d9600000)
  to   space 5120K, 0% used [0x00000000d8c00000,0x00000000d8c00000,0x00000000d9100000)
 ParOldGen       total 45568K, used 4811K [0x0000000084600000, 0x0000000087280000, 0x00000000d6d00000)
  object space 45568K, 10% used [0x0000000084600000,0x0000000084ab2da0,0x0000000087280000)
 Metaspace       used 27312K, capacity 27560K, committed 27776K, reserved 1073152K
  class space    used 3333K, capacity 3420K, committed 3456K, reserved 1048576K

Card table byte_map: [0x00007f4404751000,0x00007f4404b2f000] byte_map_base: 0x00007f440432e000

Marking Bits: (ParMarkBitMap*) 0x00007f44077cf0e0
 Begin Bits: [0x00007f43ed230000, 0x00007f43ef118000)
 End Bits:   [0x00007f43ef118000, 0x00007f43f1000000)

Polling page: 0x00007f440863f000

CodeCache: size=245760Kb used=5075Kb max_used=5086Kb free=240684Kb
 bounds [0x00007f43f1000000, 0x00007f43f1500000, 0x00007f4400000000]
 total_blobs=2110 nmethods=1457 adapters=567
 compilation: enabled

Compilation events (10 events):
Event: 10158.079 Thread 0x00007f44000ad800 1453 % !   4       com.mysql.jdbc.AbandonedConnectionCleanupThread::run @ 11 (68 bytes)
Event: 10158.081 Thread 0x00007f44000ad800 nmethod 1453% 0x00007f43f14f6550 code [0x00007f43f14f66a0, 0x00007f43f14f67a8]
Event: 13886.058 Thread 0x00007f44000ad800 1454   !   4       java.util.Vector$Itr::next (63 bytes)
Event: 13886.060 Thread 0x00007f44000ad800 nmethod 1454 0x00007f43f14f4890 code [0x00007f43f14f49e0, 0x00007f43f14f4d38]
Event: 16712.812 Thread 0x00007f44000ad800 1455       4       java.util.Arrays::copyOf (46 bytes)
Event: 16712.816 Thread 0x00007f44000ad800 nmethod 1455 0x00007f43f14fa950 code [0x00007f43f14faac0, 0x00007f43f14fae58]
Event: 17793.838 Thread 0x00007f44000b0800 1456       4       java.lang.Thread::isInterrupted (6 bytes)
Event: 17793.838 Thread 0x00007f44000b0800 nmethod 1456 0x00007f43f14f1010 code [0x00007f43f14f1160, 0x00007f43f14f1208]
Event: 19645.651 Thread 0x00007f44000ad800 1457       4       java.lang.Long::hashCode (8 bytes)
Event: 19645.651 Thread 0x00007f44000ad800 nmethod 1457 0x00007f43f14fb190 code [0x00007f43f14fb2e0, 0x00007f43f14fb358]

GC Heap History (6 events):
Event: 4.342 GC heap before
{Heap before GC invocations=1 (full 0):
 PSYoungGen      total 36864K, used 31744K [0x00000000d6d00000, 0x00000000d9600000, 0x0000000100000000)
  eden space 31744K, 100% used [0x00000000d6d00000,0x00000000d8c00000,0x00000000d8c00000)
  from space 5120K, 0% used [0x00000000d9100000,0x00000000d9100000,0x00000000d9600000)
  to   space 5120K, 0% used [0x00000000d8c00000,0x00000000d8c00000,0x00000000d9100000)
 ParOldGen       total 84992K, used 0K [0x0000000084600000, 0x0000000089900000, 0x00000000d6d00000)
  object space 84992K, 0% used [0x0000000084600000,0x0000000084600000,0x0000000089900000)
 Metaspace       used 19367K, capacity 19706K, committed 19840K, reserved 1067008K
  class space    used 2253K, capacity 2358K, committed 2432K, reserved 1048576K
Event: 4.359 GC heap after
Heap after GC invocations=1 (full 0):
 PSYoungGen      total 36864K, used 5105K [0x00000000d6d00000, 0x00000000d9600000, 0x0000000100000000)
  eden space 31744K, 0% used [0x00000000d6d00000,0x00000000d6d00000,0x00000000d8c00000)
  from space 5120K, 99% used [0x00000000d8c00000,0x00000000d90fc7e8,0x00000000d9100000)
  to   space 5120K, 0% used [0x00000000d9100000,0x00000000d9100000,0x00000000d9600000)
 ParOldGen       total 84992K, used 1842K [0x0000000084600000, 0x0000000089900000, 0x00000000d6d00000)
  object space 84992K, 2% used [0x0000000084600000,0x00000000847cca18,0x0000000089900000)
 Metaspace       used 19367K, capacity 19706K, committed 19840K, reserved 1067008K
  class space    used 2253K, capacity 2358K, committed 2432K, reserved 1048576K
}
Event: 4.497 GC heap before
{Heap before GC invocations=2 (full 0):
 PSYoungGen      total 36864K, used 15942K [0x00000000d6d00000, 0x00000000d9600000, 0x0000000100000000)
  eden space 31744K, 34% used [0x00000000d6d00000,0x00000000d77953a0,0x00000000d8c00000)
  from space 5120K, 99% used [0x00000000d8c00000,0x00000000d90fc7e8,0x00000000d9100000)
  to   space 5120K, 0% used [0x00000000d9100000,0x00000000d9100000,0x00000000d9600000)
 ParOldGen       total 84992K, used 1842K [0x0000000084600000, 0x0000000089900000, 0x00000000d6d00000)
  object space 84992K, 2% used [0x0000000084600000,0x00000000847cca18,0x0000000089900000)
 Metaspace       used 20896K, capacity 21146K, committed 21296K, reserved 1069056K
  class space    used 2550K, capacity 2646K, committed 2688K, reserved 1048576K
Event: 4.506 GC heap after
Heap after GC invocations=2 (full 0):
 PSYoungGen      total 36864K, used 4909K [0x00000000d6d00000, 0x00000000db500000, 0x0000000100000000)
  eden space 31744K, 0% used [0x00000000d6d00000,0x00000000d6d00000,0x00000000d8c00000)
  from space 5120K, 95% used [0x00000000d9100000,0x00000000d95cb428,0x00000000d9600000)
  to   space 5120K, 0% used [0x00000000d8c00000,0x00000000d8c00000,0x00000000d9100000)
 ParOldGen       total 84992K, used 1850K [0x0000000084600000, 0x0000000089900000, 0x00000000d6d00000)
  object space 84992K, 2% used [0x0000000084600000,0x00000000847cea18,0x0000000089900000)
 Metaspace       used 20896K, capacity 21146K, committed 21296K, reserved 1069056K
  class space    used 2550K, capacity 2646K, committed 2688K, reserved 1048576K
}
Event: 4.506 GC heap before
{Heap before GC invocations=3 (full 1):
 PSYoungGen      total 36864K, used 4909K [0x00000000d6d00000, 0x00000000db500000, 0x0000000100000000)
  eden space 31744K, 0% used [0x00000000d6d00000,0x00000000d6d00000,0x00000000d8c00000)
  from space 5120K, 95% used [0x00000000d9100000,0x00000000d95cb428,0x00000000d9600000)
  to   space 5120K, 0% used [0x00000000d8c00000,0x00000000d8c00000,0x00000000d9100000)
 ParOldGen       total 84992K, used 1850K [0x0000000084600000, 0x0000000089900000, 0x00000000d6d00000)
  object space 84992K, 2% used [0x0000000084600000,0x00000000847cea18,0x0000000089900000)
 Metaspace       used 20896K, capacity 21146K, committed 21296K, reserved 1069056K
  class space    used 2550K, capacity 2646K, committed 2688K, reserved 1048576K
Event: 4.542 GC heap after
Heap after GC invocations=3 (full 1):
 PSYoungGen      total 36864K, used 0K [0x00000000d6d00000, 0x00000000db500000, 0x0000000100000000)
  eden space 31744K, 0% used [0x00000000d6d00000,0x00000000d6d00000,0x00000000d8c00000)
  from space 5120K, 0% used [0x00000000d9100000,0x00000000d9100000,0x00000000d9600000)
  to   space 5120K, 0% used [0x00000000d8c00000,0x00000000d8c00000,0x00000000d9100000)
 ParOldGen       total 45568K, used 4811K [0x0000000084600000, 0x0000000087280000, 0x00000000d6d00000)
  object space 45568K, 10% used [0x0000000084600000,0x0000000084ab2da0,0x0000000087280000)
 Metaspace       used 20896K, capacity 21146K, committed 21296K, reserved 1069056K
  class space    used 2550K, capacity 2646K, committed 2688K, reserved 1048576K
}

Deoptimization events (10 events):
Event: 4.671 Thread 0x00007f440030f000 Uncommon trap: reason=class_check action=maybe_recompile pc=0x00007f43f12fc374 method=java.util.regex.Pattern$Slice.match(Ljava/util/regex/Matcher;ILjava/lang/CharSequence;)Z @ 75
Event: 4.673 Thread 0x00007f440030f000 Uncommon trap: reason=class_check action=maybe_recompile pc=0x00007f43f12fc374 method=java.util.regex.Pattern$Slice.match(Ljava/util/regex/Matcher;ILjava/lang/CharSequence;)Z @ 75
Event: 4.673 Thread 0x00007f440030f000 Uncommon trap: reason=class_check action=maybe_recompile pc=0x00007f43f12fc374 method=java.util.regex.Pattern$Slice.match(Ljava/util/regex/Matcher;ILjava/lang/CharSequence;)Z @ 75
Event: 4.708 Thread 0x00007f440030f000 Uncommon trap: reason=unstable_if action=reinterpret pc=0x00007f43f134a720 method=sun.nio.cs.UTF_8$Decoder.decode([BII[C)I @ 30
Event: 4.712 Thread 0x00007f440030f000 Uncommon trap: reason=class_check action=maybe_recompile pc=0x00007f43f11dd278 method=java.util.Properties$LineReader.readLine()I @ 62
Event: 4.712 Thread 0x00007f440030f000 Uncommon trap: reason=unstable_if action=reinterpret pc=0x00007f43f11dcf7c method=java.util.Properties$LineReader.readLine()I @ 206
Event: 4.713 Thread 0x00007f440030f000 Uncommon trap: reason=unstable_if action=reinterpret pc=0x00007f43f11dc7a8 method=java.util.Properties.loadConvert([CII[C)Ljava/lang/String; @ 57
Event: 4.802 Thread 0x00007f440030f000 Uncommon trap: reason=unstable_if action=reinterpret pc=0x00007f43f14117a8 method=java.lang.CharacterDataLatin1.digit(II)I @ 82
Event: 4.804 Thread 0x00007f440030f000 Uncommon trap: reason=predicate action=maybe_recompile pc=0x00007f43f13c6a8c method=sun.net.www.ParseUtil.encodePath(Ljava/lang/String;Z)Ljava/lang/String; @ 36
Event: 4.931 Thread 0x00007f440030f000 Uncommon trap: reason=unstable_if action=reinterpret pc=0x00007f43f1411c5c method=java.lang.CharacterDataLatin1.digit(II)I @ 82

Internal exceptions (10 events):
Event: 3.881 Thread 0x00007f440030f000 Exception <a 'java/lang/ClassNotFoundException': ToolTip> (0x00000000d76fdd18) thrown at [/build/openjdk-8-bnv6fG/openjdk-8-8u151-b12/src/hotspot/src/share/vm/classfile/systemDictionary.cpp, line 210]
Event: 3.881 Thread 0x00007f440030f000 Exception <a 'java/lang/ClassNotFoundException': Tree> (0x00000000d76fe778) thrown at [/build/openjdk-8-bnv6fG/openjdk-8-8u151-b12/src/hotspot/src/share/vm/classfile/systemDictionary.cpp, line 210]
Event: 3.882 Thread 0x00007f440030f000 Exception <a 'java/lang/ClassNotFoundException': Tree> (0x00000000d76ff240) thrown at [/build/openjdk-8-bnv6fG/openjdk-8-8u151-b12/src/hotspot/src/share/vm/classfile/systemDictionary.cpp, line 210]
Event: 3.882 Thread 0x00007f440030f000 Exception <a 'java/lang/ClassNotFoundException': javax/swing/JTreeCell> (0x00000000d76ff990) thrown at [/build/openjdk-8-bnv6fG/openjdk-8-8u151-b12/src/hotspot/src/share/vm/classfile/systemDictionary.cpp, line 210]
Event: 3.882 Thread 0x00007f440030f000 Exception <a 'java/lang/ClassNotFoundException': TreeCell> (0x00000000d77001e8) thrown at [/build/openjdk-8-bnv6fG/openjdk-8-8u151-b12/src/hotspot/src/share/vm/classfile/systemDictionary.cpp, line 210]
Event: 3.882 Thread 0x00007f440030f000 Exception <a 'java/lang/ClassNotFoundException': RootPane> (0x00000000d7700dd8) thrown at [/build/openjdk-8-bnv6fG/openjdk-8-8u151-b12/src/hotspot/src/share/vm/classfile/systemDictionary.cpp, line 210]
Event: 4.183 Thread 0x00007f440030f000 Implicit null exception at 0x00007f43f1241f16 to 0x00007f43f12426f5
Event: 4.621 Thread 0x00007f440030f000 Exception <a 'java/lang/NoClassDefFoundError': javax/validation/Validation> (0x00000000d7240a68) thrown at [/build/openjdk-8-bnv6fG/openjdk-8-8u151-b12/src/hotspot/src/share/vm/classfile/systemDictionary.cpp, line 199]
Event: 4.667 Thread 0x00007f440030f000 Implicit null exception at 0x00007f43f13cec50 to 0x00007f43f13cef61
Event: 5.112 Thread 0x00007f440030f000 Exception <a 'javax/persistence/PersistenceException'> (0x00000000d83504a8) thrown at [/build/openjdk-8-bnv6fG/openjdk-8-8u151-b12/src/hotspot/src/share/vm/prims/jvm.cpp, line 1394]

Events (10 events):
Event: 5.111 loading class org/eclipse/persistence/internal/jpa/transaction/EntityTransactionImpl done
Event: 5.111 loading class javax/persistence/RollbackException
Event: 5.111 loading class javax/persistence/RollbackException done
Event: 5.112 loading class java/lang/Throwable$WrappedPrintStream
Event: 5.112 loading class java/lang/Throwable$WrappedPrintStream done
Event: 60.267 Thread 0x00007f44002a8800 Thread exited: 0x00007f44002a8800
Event: 10978.602 Thread 0x00007f439c3bb000 DEOPT PACKING pc=0x00007f43f14f9096 sp=0x00007f43a81c5920
Event: 10978.602 Thread 0x00007f439c3bb000 DEOPT UNPACKING pc=0x00007f43f1047373 sp=0x00007f43a81c5700 mode 0
Event: 19645.661 loading class sun/misc/Signal$1
Event: 19645.662 loading class sun/misc/Signal$1 done


Dynamic libraries:
84600000-87280000 rw-p 00000000 00:00 0 
87280000-d6d00000 ---p 00000000 00:00 0 
d6d00000-db500000 rw-p 00000000 00:00 0 
db500000-100000000 ---p 00000000 00:00 0 
100000000-100360000 rw-p 00000000 00:00 0 
100360000-140000000 ---p 00000000 00:00 0 
55dc3e52b000-55dc3e52c000 r-xp 00000000 08:07 1466914                    /usr/lib/jvm/java-8-openjdk-amd64/jre/bin/java
55dc3e72b000-55dc3e72c000 r--p 00000000 08:07 1466914                    /usr/lib/jvm/java-8-openjdk-amd64/jre/bin/java
55dc3e72c000-55dc3e72d000 rw-p 00001000 08:07 1466914                    /usr/lib/jvm/java-8-openjdk-amd64/jre/bin/java
55dc3fd42000-55dc3fd63000 rw-p 00000000 00:00 0                          [heap]
7f4390000000-7f4390021000 rw-p 00000000 00:00 0 
7f4390021000-7f4394000000 ---p 00000000 00:00 0 
7f4394afe000-7f4394dbf000 rw-p 00000000 00:00 0 
7f4394dbf000-7f4394dff000 ---p 00000000 00:00 0 
7f4394dff000-7f4394fff000 rw-p 00000000 00:00 0 
7f4394fff000-7f4398000000 rw-p 00000000 00:00 0 
7f4398000000-7f4398021000 rw-p 00000000 00:00 0 
7f4398021000-7f439c000000 ---p 00000000 00:00 0 
7f439c000000-7f439c59f000 rw-p 00000000 00:00 0 
7f439c59f000-7f43a0000000 ---p 00000000 00:00 0 
7f43a0000000-7f43a0021000 rw-p 00000000 00:00 0 
7f43a0021000-7f43a4000000 ---p 00000000 00:00 0 
7f43a4000000-7f43a4021000 rw-p 00000000 00:00 0 
7f43a4021000-7f43a8000000 ---p 00000000 00:00 0 
7f43a80c6000-7f43a80c9000 ---p 00000000 00:00 0 
7f43a80c9000-7f43a81c7000 rw-p 00000000 00:00 0 
7f43a81c7000-7f43a81ef000 r-xp 00000000 08:07 1466957                    /usr/lib/jvm/java-8-openjdk-amd64/jre/lib/amd64/libsunec.so
7f43a81ef000-7f43a83ee000 ---p 00028000 08:07 1466957                    /usr/lib/jvm/java-8-openjdk-amd64/jre/lib/amd64/libsunec.so
7f43a83ee000-7f43a83f2000 r--p 00027000 08:07 1466957                    /usr/lib/jvm/java-8-openjdk-amd64/jre/lib/amd64/libsunec.so
7f43a83f2000-7f43a83f3000 rw-p 0002b000 08:07 1466957                    /usr/lib/jvm/java-8-openjdk-amd64/jre/lib/amd64/libsunec.so
7f43a83f3000-7f43a83f8000 r--s 0009a000 08:07 1466997                    /usr/lib/jvm/java-8-openjdk-amd64/jre/lib/jsse.jar
7f43a83f8000-7f43a83fb000 r--s 00015000 08:07 1466995                    /usr/lib/jvm/java-8-openjdk-amd64/jre/lib/jce.jar
7f43a83fb000-7f43a85fb000 rw-p 00000000 00:00 0 
7f43a85fb000-7f43a87fb000 rw-p 00000000 00:00 0 
7f43a87fb000-7f43a89fb000 rw-p 00000000 00:00 0 
7f43a89fb000-7f43a8bfb000 rw-p 00000000 00:00 0 
7f43a8bfb000-7f43a8dfb000 rw-p 00000000 00:00 0 
7f43a8dfb000-7f43a8e0c000 r-xp 00000000 08:07 1466953                    /usr/lib/jvm/java-8-openjdk-amd64/jre/lib/amd64/libnio.so
7f43a8e0c000-7f43a900c000 ---p 00011000 08:07 1466953                    /usr/lib/jvm/java-8-openjdk-amd64/jre/lib/amd64/libnio.so
7f43a900c000-7f43a900d000 r--p 00011000 08:07 1466953                    /usr/lib/jvm/java-8-openjdk-amd64/jre/lib/amd64/libnio.so
7f43a900d000-7f43a900e000 rw-p 00012000 08:07 1466953                    /usr/lib/jvm/java-8-openjdk-amd64/jre/lib/amd64/libnio.so
7f43a900e000-7f43a9025000 r-xp 00000000 08:07 1466952                    /usr/lib/jvm/java-8-openjdk-amd64/jre/lib/amd64/libnet.so
7f43a9025000-7f43a9224000 ---p 00017000 08:07 1466952                    /usr/lib/jvm/java-8-openjdk-amd64/jre/lib/amd64/libnet.so
7f43a9224000-7f43a9225000 r--p 00016000 08:07 1466952                    /usr/lib/jvm/java-8-openjdk-amd64/jre/lib/amd64/libnet.so
7f43a9225000-7f43a9226000 rw-p 00017000 08:07 1466952                    /usr/lib/jvm/java-8-openjdk-amd64/jre/lib/amd64/libnet.so
7f43a9226000-7f43a9426000 rw-p 00000000 00:00 0 
7f43a9426000-7f43a9429000 ---p 00000000 00:00 0 
7f43a9429000-7f43a9527000 rw-p 00000000 00:00 0 
7f43a9527000-7f43a952a000 ---p 00000000 00:00 0 
7f43a952a000-7f43a9d28000 rw-p 00000000 00:00 0 
7f43a9d28000-7f43a9d3c000 r-xp 00000000 08:07 793596                     /lib/x86_64-linux-gnu/libgpg-error.so.0.22.0
7f43a9d3c000-7f43a9f3b000 ---p 00014000 08:07 793596                     /lib/x86_64-linux-gnu/libgpg-error.so.0.22.0
7f43a9f3b000-7f43a9f3c000 r--p 00013000 08:07 793596                     /lib/x86_64-linux-gnu/libgpg-error.so.0.22.0
7f43a9f3c000-7f43a9f3d000 rw-p 00014000 08:07 793596                     /lib/x86_64-linux-gnu/libgpg-error.so.0.22.0
7f43a9f3d000-7f43a9f62000 r-xp 00000000 08:07 793703                     /lib/x86_64-linux-gnu/libselinux.so.1
7f43a9f62000-7f43aa161000 ---p 00025000 08:07 793703                     /lib/x86_64-linux-gnu/libselinux.so.1
7f43aa161000-7f43aa162000 r--p 00024000 08:07 793703                     /lib/x86_64-linux-gnu/libselinux.so.1
7f43aa162000-7f43aa163000 rw-p 00025000 08:07 793703                     /lib/x86_64-linux-gnu/libselinux.so.1
7f43aa163000-7f43aa165000 rw-p 00000000 00:00 0 
7f43aa165000-7f43aa17c000 r-xp 00000000 08:07 1455825                    /usr/lib/x86_64-linux-gnu/liblz4.so.1.7.1
7f43aa17c000-7f43aa37b000 ---p 00017000 08:07 1455825                    /usr/lib/x86_64-linux-gnu/liblz4.so.1.7.1
7f43aa37b000-7f43aa37c000 r--p 00016000 08:07 1455825                    /usr/lib/x86_64-linux-gnu/liblz4.so.1.7.1
7f43aa37c000-7f43aa37d000 rw-p 00017000 08:07 1455825                    /usr/lib/x86_64-linux-gnu/liblz4.so.1.7.1
7f43aa37d000-7f43aa3a1000 r-xp 00000000 08:07 793615                     /lib/x86_64-linux-gnu/liblzma.so.5.2.2
7f43aa3a1000-7f43aa5a1000 ---p 00024000 08:07 793615                     /lib/x86_64-linux-gnu/liblzma.so.5.2.2
7f43aa5a1000-7f43aa5a2000 r--p 00024000 08:07 793615                     /lib/x86_64-linux-gnu/liblzma.so.5.2.2
7f43aa5a2000-7f43aa5a3000 rw-p 00025000 08:07 793615                     /lib/x86_64-linux-gnu/liblzma.so.5.2.2
7f43aa5a3000-7f43aa6a9000 r-xp 00000000 08:07 793592                     /lib/x86_64-linux-gnu/libgcrypt.so.20.1.8
7f43aa6a9000-7f43aa8a8000 ---p 00106000 08:07 793592                     /lib/x86_64-linux-gnu/libgcrypt.so.20.1.8
7f43aa8a8000-7f43aa8aa000 r--p 00105000 08:07 793592                     /lib/x86_64-linux-gnu/libgcrypt.so.20.1.8
7f43aa8aa000-7f43aa8b0000 rw-p 00107000 08:07 793592                     /lib/x86_64-linux-gnu/libgcrypt.so.20.1.8
7f43aa8b0000-7f43aa8b1000 rw-p 00000000 00:00 0 
7f43aa8b1000-7f43aa932000 r-xp 00000000 08:07 793713                     /lib/x86_64-linux-gnu/libsystemd.so.0.19.0
7f43aa932000-7f43aab31000 ---p 00081000 08:07 793713                     /lib/x86_64-linux-gnu/libsystemd.so.0.19.0
7f43aab31000-7f43aab34000 r--p 00080000 08:07 793713                     /lib/x86_64-linux-gnu/libsystemd.so.0.19.0
7f43aab34000-7f43aab35000 rw-p 00083000 08:07 793713                     /lib/x86_64-linux-gnu/libsystemd.so.0.19.0
7f43aab35000-7f43aab36000 rw-p 00000000 00:00 0 
7f43aab36000-7f43aaba6000 r-xp 00000000 08:07 793676                     /lib/x86_64-linux-gnu/libpcre.so.3.13.3
7f43aaba6000-7f43aada6000 ---p 00070000 08:07 793676                     /lib/x86_64-linux-gnu/libpcre.so.3.13.3
7f43aada6000-7f43aada7000 r--p 00070000 08:07 793676                     /lib/x86_64-linux-gnu/libpcre.so.3.13.3
7f43aada7000-7f43aada8000 rw-p 00071000 08:07 793676                     /lib/x86_64-linux-gnu/libpcre.so.3.13.3
7f43aada8000-7f43aadaf000 r-xp 00000000 08:07 1455433                    /usr/lib/x86_64-linux-gnu/libffi.so.6.0.4
7f43aadaf000-7f43aafae000 ---p 00007000 08:07 1455433                    /usr/lib/x86_64-linux-gnu/libffi.so.6.0.4
7f43aafae000-7f43aafaf000 r--p 00006000 08:07 1455433                    /usr/lib/x86_64-linux-gnu/libffi.so.6.0.4
7f43aafaf000-7f43aafb0000 rw-p 00007000 08:07 1455433                    /usr/lib/x86_64-linux-gnu/libffi.so.6.0.4
7f43aafb0000-7f43aaffa000 r-xp 00000000 08:07 793568                     /lib/x86_64-linux-gnu/libdbus-1.so.3.14.13
7f43aaffa000-7f43ab1fa000 ---p 0004a000 08:07 793568                     /lib/x86_64-linux-gnu/libdbus-1.so.3.14.13
7f43ab1fa000-7f43ab1fb000 r--p 0004a000 08:07 793568                     /lib/x86_64-linux-gnu/libdbus-1.so.3.14.13
7f43ab1fb000-7f43ab1fc000 rw-p 0004b000 08:07 793568                     /lib/x86_64-linux-gnu/libdbus-1.so.3.14.13
7f43ab1fc000-7f43ab228000 r-xp 00000000 08:07 1455191                    /usr/lib/x86_64-linux-gnu/libatspi.so.0.0.1
7f43ab228000-7f43ab428000 ---p 0002c000 08:07 1455191                    /usr/lib/x86_64-linux-gnu/libatspi.so.0.0.1
7f43ab428000-7f43ab42b000 r--p 0002c000 08:07 1455191                    /usr/lib/x86_64-linux-gnu/libatspi.so.0.0.1
7f43ab42b000-7f43ab42c000 rw-p 0002f000 08:07 1455191                    /usr/lib/x86_64-linux-gnu/libatspi.so.0.0.1
7f43ab42c000-7f43ab53d000 r-xp 00000000 08:07 793594                     /lib/x86_64-linux-gnu/libglib-2.0.so.0.5400.1
7f43ab53d000-7f43ab73d000 ---p 00111000 08:07 793594                     /lib/x86_64-linux-gnu/libglib-2.0.so.0.5400.1
7f43ab73d000-7f43ab73e000 r--p 00111000 08:07 793594                     /lib/x86_64-linux-gnu/libglib-2.0.so.0.5400.1
7f43ab73e000-7f43ab73f000 rw-p 00112000 08:07 793594                     /lib/x86_64-linux-gnu/libglib-2.0.so.0.5400.1
7f43ab73f000-7f43ab740000 rw-p 00000000 00:00 0 
7f43ab740000-7f43ab792000 r-xp 00000000 08:07 1455579                    /usr/lib/x86_64-linux-gnu/libgobject-2.0.so.0.5400.1
7f43ab792000-7f43ab992000 ---p 00052000 08:07 1455579                    /usr/lib/x86_64-linux-gnu/libgobject-2.0.so.0.5400.1
7f43ab992000-7f43ab993000 r--p 00052000 08:07 1455579                    /usr/lib/x86_64-linux-gnu/libgobject-2.0.so.0.5400.1
7f43ab993000-7f43ab994000 rw-p 00053000 08:07 1455579                    /usr/lib/x86_64-linux-gnu/libgobject-2.0.so.0.5400.1
7f43ab994000-7f43ab9c1000 r-xp 00000000 08:07 1455187                    /usr/lib/x86_64-linux-gnu/libatk-bridge-2.0.so.0.0.0
7f43ab9c1000-7f43abbc0000 ---p 0002d000 08:07 1455187                    /usr/lib/x86_64-linux-gnu/libatk-bridge-2.0.so.0.0.0
7f43abbc0000-7f43abbc1000 r--p 0002c000 08:07 1455187                    /usr/lib/x86_64-linux-gnu/libatk-bridge-2.0.so.0.0.0
7f43abbc1000-7f43abbc3000 rw-p 0002d000 08:07 1455187                    /usr/lib/x86_64-linux-gnu/libatk-bridge-2.0.so.0.0.0
7f43abbc3000-7f43abbe6000 r-xp 00000000 08:07 1455185                    /usr/lib/x86_64-linux-gnu/libatk-1.0.so.0.22609.1
7f43abbe6000-7f43abde5000 ---p 00023000 08:07 1455185                    /usr/lib/x86_64-linux-gnu/libatk-1.0.so.0.22609.1
7f43abde5000-7f43abde8000 r--p 00022000 08:07 1455185                    /usr/lib/x86_64-linux-gnu/libatk-1.0.so.0.22609.1
7f43abde8000-7f43abde9000 rw-p 00025000 08:07 1455185                    /usr/lib/x86_64-linux-gnu/libatk-1.0.so.0.22609.1
7f43abde9000-7f43abdff000 r-xp 00000000 08:07 1596898                    /usr/lib/x86_64-linux-gnu/jni/libatk-wrapper.so.6.0.0
7f43abdff000-7f43abffe000 ---p 00016000 08:07 1596898                    /usr/lib/x86_64-linux-gnu/jni/libatk-wrapper.so.6.0.0
7f43abffe000-7f43abfff000 r--p 00015000 08:07 1596898                    /usr/lib/x86_64-linux-gnu/jni/libatk-wrapper.so.6.0.0
7f43abfff000-7f43ac000000 rw-p 00016000 08:07 1596898                    /usr/lib/x86_64-linux-gnu/jni/libatk-wrapper.so.6.0.0
7f43ac000000-7f43ac021000 rw-p 00000000 00:00 0 
7f43ac021000-7f43b0000000 ---p 00000000 00:00 0 
7f43b0000000-7f43b0021000 rw-p 00000000 00:00 0 
7f43b0021000-7f43b4000000 ---p 00000000 00:00 0 
7f43b4000000-7f43b4021000 rw-p 00000000 00:00 0 
7f43b4021000-7f43b8000000 ---p 00000000 00:00 0 
7f43b8000000-7f43b8021000 rw-p 00000000 00:00 0 
7f43b8021000-7f43bc000000 ---p 00000000 00:00 0 
7f43bc000000-7f43bc138000 rw-p 00000000 00:00 0 
7f43bc138000-7f43c0000000 ---p 00000000 00:00 0 
7f43c0000000-7f43c0638000 rw-p 00000000 00:00 0 
7f43c0638000-7f43c4000000 ---p 00000000 00:00 0 
7f43c4000000-7f43c4021000 rw-p 00000000 00:00 0 
7f43c4021000-7f43c8000000 ---p 00000000 00:00 0 
7f43c8000000-7f43c8215000 rw-p 00000000 00:00 0 
7f43c8215000-7f43cc000000 ---p 00000000 00:00 0 
7f43cc000000-7f43cc021000 rw-p 00000000 00:00 0 
7f43cc021000-7f43d0000000 ---p 00000000 00:00 0 
7f43d0000000-7f43d0021000 rw-p 00000000 00:00 0 
7f43d0021000-7f43d4000000 ---p 00000000 00:00 0 
7f43d4000000-7f43d4021000 rw-p 00000000 00:00 0 
7f43d4021000-7f43d8000000 ---p 00000000 00:00 0 
7f43d8000000-7f43d8021000 rw-p 00000000 00:00 0 
7f43d8021000-7f43dc000000 ---p 00000000 00:00 0 
7f43dc002000-7f43dc00d000 r--s 00000000 08:07 1589659                    /var/cache/fontconfig/945677eb7aeaf62f1d50efc3fb3ec7d8-le64.cache-6
7f43dc00d000-7f43dc013000 r--s 00000000 08:07 1589628                    /var/cache/fontconfig/2cd17615ca594fa2959ae173292e504c-le64.cache-6
7f43dc013000-7f43dc014000 r--s 00000000 08:07 1589621                    /var/cache/fontconfig/0d8c3b2ac0904cb8a57a757ad11a4a08-le64.cache-6
7f43dc014000-7f43dc029000 r--s 00000000 08:07 1589617                    /var/cache/fontconfig/04aabc0a78ac019cf9454389977116d2-le64.cache-6
7f43dc029000-7f43dc02a000 r--s 00000000 08:07 1589625                    /var/cache/fontconfig/1ac9eb803944fde146138c791f5cc56a-le64.cache-6
7f43dc02a000-7f43dc02e000 r--s 00000000 08:07 1589634                    /var/cache/fontconfig/385c0604a188198f04d133e54aba7fe7-le64.cache-6
7f43dc02e000-7f43dc02f000 r--s 00000000 08:07 1589678                    /var/cache/fontconfig/dc05db6664285cc2f12bf69c139ae4c3-le64.cache-6
7f43dc02f000-7f43dc031000 r--s 00000000 08:07 1589622                    /var/cache/fontconfig/14a5e22175779b556eaa434240950366-le64.cache-6
7f43dc031000-7f43dc032000 r--s 00000000 08:07 1589651                    /var/cache/fontconfig/660208299946a285a940457d1287da33-le64.cache-6
7f43dc032000-7f43dc034000 r--s 00000000 08:07 1589642                    /var/cache/fontconfig/4f3e3037c9980c83b53a9351efadef62-le64.cache-6
7f43dc034000-7f43dc037000 r--s 00000000 08:07 1589655                    /var/cache/fontconfig/767a8244fc0220cfb567a839d0392e0b-le64.cache-6
7f43dc037000-7f43dc038000 r--s 00000000 08:07 1576417                    /var/cache/fontconfig/4794a0821666d79190d59a36cb4f44b5-le64.cache-6
7f43dc038000-7f43dc039000 r--s 00000000 08:07 1589619                    /var/cache/fontconfig/0bd3dc0958fa2205aaaa8ebb13e2872b-le64.cache-6
7f43dc039000-7f43dc03f000 r--s 00000000 08:07 1589658                    /var/cache/fontconfig/8801497958630a81b71ace7c5f9b32a8-le64.cache-6
7f43dc03f000-7f43dc042000 r--s 00000000 08:07 1589663                    /var/cache/fontconfig/a015930274ffcd967d2ca1b57da47cc7-le64.cache-6
7f43dc042000-7f43dc043000 r--s 00000000 08:07 1589667                    /var/cache/fontconfig/b872e6e592da6075ffa4ab0a1fcc0c75-le64.cache-6
7f43dc043000-7f43dc044000 r--s 00000000 08:07 1589683                    /var/cache/fontconfig/f6d4eedfaab2589bde49f7a3ff831d22-le64.cache-6
7f43dc044000-7f43dc045000 r--s 00000000 08:07 1589649                    /var/cache/fontconfig/589f83ef4c36d296ce6e1c846f468f08-le64.cache-6
7f43dc045000-7f43dc046000 r--s 00000000 08:07 1589669                    /var/cache/fontconfig/bab58bb527bb656aaa9f116d68a48d89-le64.cache-6
7f43dc046000-7f43dc047000 r--s 00000000 08:07 1589626                    /var/cache/fontconfig/2171a34dccabdb6bcbbc728186263178-le64.cache-6
7f43dc047000-7f43dc048000 r--s 00000000 08:07 1589670                    /var/cache/fontconfig/c5c45a61289222e0d30b1a26ef4effbe-le64.cache-6
7f43dc048000-7f43dc049000 r--s 00000000 08:07 1589665                    /var/cache/fontconfig/aec30016f93e1b46d1a973dce0d74068-le64.cache-6
7f43dc049000-7f43dc04a000 r--s 00000000 08:07 1589635                    /var/cache/fontconfig/3f589640d34b7dc9042c8d453f7c8b9c-le64.cache-6
7f43dc04a000-7f43dc04b000 r--s 00000000 08:07 1589623                    /var/cache/fontconfig/16c2fda60d1b4b719f4b3d06fd951d25-le64.cache-6
7f43dc04b000-7f43dc04c000 r--s 00000000 08:07 1589664                    /var/cache/fontconfig/a48eab177a16e4f3713381162db2f3e9-le64.cache-6
7f43dc04c000-7f43dc04d000 r--s 00000000 08:07 1589645                    /var/cache/fontconfig/564b2e68ac9bc4e36a6f7f6d6125ec1c-le64.cache-6
7f43dc04d000-7f43dc053000 r--s 00000000 08:07 1589629                    /var/cache/fontconfig/3047814df9a2f067bd2d96a2b9c36e5a-le64.cache-6
7f43dc053000-7f43dc054000 r--s 00000000 08:07 1589646                    /var/cache/fontconfig/56cf4f4769d0f4abc89a4895d7bd3ae1-le64.cache-6
7f43dc054000-7f43dc055000 r--s 00000000 08:07 1589668                    /var/cache/fontconfig/b9d506c9ac06c20b433354fa67a72993-le64.cache-6
7f43dc055000-7f43dc05b000 r--s 00000000 08:07 1589666                    /var/cache/fontconfig/b47c4e1ecd0709278f4910c18777a504-le64.cache-6
7f43dc05b000-7f43dc06e000 r--s 00000000 08:07 1589675                    /var/cache/fontconfig/d52a8644073d54c13679302ca1180695-le64.cache-6
7f43dc06e000-7f43dc06f000 r--s 00000000 08:07 1589632                    /var/cache/fontconfig/370e5b74bf5dafc30834de68e24a87a4-le64.cache-6
7f43dc06f000-7f43dc070000 r--s 00000000 08:07 1589653                    /var/cache/fontconfig/6b2c5944714ca7831b25bed9e85cb5c8-le64.cache-6
7f43dc070000-7f43dc071000 r--s 00000000 08:07 1589674                    /var/cache/fontconfig/d5178ab6d91b49bf20a416737dcea9e8-le64.cache-6
7f43dc071000-7f43dc072000 r--s 00000000 08:07 1589644                    /var/cache/fontconfig/551ecf3b0e8b0bca0f25c0944f561853-le64.cache-6
7f43dc072000-7f43dc075000 r--s 00000000 08:07 1589682                    /var/cache/fontconfig/f259c2cffa685e28062317905db73c4a-le64.cache-6
7f43dc075000-7f43dc077000 r--s 00000000 08:07 1589643                    /var/cache/fontconfig/550f3886151c940c12a5ed35f6a00586-le64.cache-6
7f43dc077000-7f43dc083000 r--s 00000000 08:07 1597056                    /var/cache/fontconfig/d589a48862398ed80a3d6066f4f56f4c-le64.cache-6
7f43dc083000-7f43dc091000 r--s 00000000 08:07 1589661                    /var/cache/fontconfig/9b89f8e3dae116d678bbf48e5f21f69b-le64.cache-6
7f43dc091000-7f43dc094000 ---p 00000000 00:00 0 
7f43dc094000-7f43dc192000 rw-p 00000000 00:00 0 
7f43dc192000-7f43dc195000 ---p 00000000 00:00 0 
7f43dc195000-7f43dc1cb000 rw-p 00000000 00:00 0 
7f43dc1cb000-7f43dc1ce000 ---p 00000000 00:00 0 
7f43dc1ce000-7f43dc2cc000 rw-p 00000000 00:00 0 
7f43dc2cc000-7f43dc2d1000 r-xp 00000000 08:07 1455113                    /usr/lib/x86_64-linux-gnu/libXfixes.so.3.1.0
7f43dc2d1000-7f43dc4d0000 ---p 00005000 08:07 1455113                    /usr/lib/x86_64-linux-gnu/libXfixes.so.3.1.0
7f43dc4d0000-7f43dc4d1000 r--p 00004000 08:07 1455113                    /usr/lib/x86_64-linux-gnu/libXfixes.so.3.1.0
7f43dc4d1000-7f43dc4d2000 rw-p 00005000 08:07 1455113                    /usr/lib/x86_64-linux-gnu/libXfixes.so.3.1.0
7f43dc4d2000-7f43dc4db000 r-xp 00000000 08:07 1455105                    /usr/lib/x86_64-linux-gnu/libXcursor.so.1.0.2
7f43dc4db000-7f43dc6da000 ---p 00009000 08:07 1455105                    /usr/lib/x86_64-linux-gnu/libXcursor.so.1.0.2
7f43dc6da000-7f43dc6db000 r--p 00008000 08:07 1455105                    /usr/lib/x86_64-linux-gnu/libXcursor.so.1.0.2
7f43dc6db000-7f43dc6dc000 rw-p 00009000 08:07 1455105                    /usr/lib/x86_64-linux-gnu/libXcursor.so.1.0.2
7f43dc6dc000-7f43dc6df000 ---p 00000000 00:00 0 
7f43dc6df000-7f43dc7dd000 rw-p 00000000 00:00 0 
7f43dc7dd000-7f43dc80e000 r-xp 00000000 08:07 1455984                    /usr/lib/x86_64-linux-gnu/libpng16.so.16.34.0
7f43dc80e000-7f43dca0d000 ---p 00031000 08:07 1455984                    /usr/lib/x86_64-linux-gnu/libpng16.so.16.34.0
7f43dca0d000-7f43dca0e000 r--p 00030000 08:07 1455984                    /usr/lib/x86_64-linux-gnu/libpng16.so.16.34.0
7f43dca0e000-7f43dca0f000 rw-p 00031000 08:07 1455984                    /usr/lib/x86_64-linux-gnu/libpng16.so.16.34.0
7f43dca0f000-7f43dcabb000 r-xp 00000000 08:07 1446974                    /usr/lib/x86_64-linux-gnu/libfreetype.so.6.14.0
7f43dcabb000-7f43dccba000 ---p 000ac000 08:07 1446974                    /usr/lib/x86_64-linux-gnu/libfreetype.so.6.14.0
7f43dccba000-7f43dccc1000 r--p 000ab000 08:07 1446974                    /usr/lib/x86_64-linux-gnu/libfreetype.so.6.14.0
7f43dccc1000-7f43dccc2000 rw-p 000b2000 08:07 1446974                    /usr/lib/x86_64-linux-gnu/libfreetype.so.6.14.0
7f43dccc2000-7f43dccc5000 r--s 00000000 08:07 1589652                    /var/cache/fontconfig/674d1711f2d1d2a09646eb0bdcadee49-le64.cache-6
7f43dccc5000-7f43dccc6000 r--s 00000000 08:07 1589636                    /var/cache/fontconfig/3f7329c5293ffd510edef78f73874cfd-le64.cache-6
7f43dccc6000-7f43dccc7000 r--s 00000000 08:07 1589630                    /var/cache/fontconfig/30829fa25452a46451e813d634d7f916-le64.cache-6
7f43dccc7000-7f43dccd4000 r--s 00000000 08:07 1596747                    /var/cache/fontconfig/e13b20fdb08344e0e664864cc2ede53d-le64.cache-6
7f43dccd4000-7f43dccd8000 r--s 00000000 08:07 1580007                    /var/cache/fontconfig/7ef2298fde41cc6eeb7af42e48b7d293-le64.cache-6
7f43dccd8000-7f43dcd29000 r-xp 00000000 08:07 1466934                    /usr/lib/jvm/java-8-openjdk-amd64/jre/lib/amd64/libfontmanager.so
7f43dcd29000-7f43dcf29000 ---p 00051000 08:07 1466934                    /usr/lib/jvm/java-8-openjdk-amd64/jre/lib/amd64/libfontmanager.so
7f43dcf29000-7f43dcf2b000 r--p 00051000 08:07 1466934                    /usr/lib/jvm/java-8-openjdk-amd64/jre/lib/amd64/libfontmanager.so
7f43dcf2b000-7f43dcf2c000 rw-p 00053000 08:07 1466934                    /usr/lib/jvm/java-8-openjdk-amd64/jre/lib/amd64/libfontmanager.so
7f43dcf2c000-7f43dcf3f000 r-xp 00000000 08:07 793548                     /lib/x86_64-linux-gnu/libbsd.so.0.8.6
7f43dcf3f000-7f43dd13e000 ---p 00013000 08:07 793548                     /lib/x86_64-linux-gnu/libbsd.so.0.8.6
7f43dd13e000-7f43dd13f000 r--p 00012000 08:07 793548                     /lib/x86_64-linux-gnu/libbsd.so.0.8.6
7f43dd13f000-7f43dd140000 rw-p 00013000 08:07 793548                     /lib/x86_64-linux-gnu/libbsd.so.0.8.6
7f43dd140000-7f43dd141000 rw-p 00000000 00:00 0 
7f43dd141000-7f43dd146000 r-xp 00000000 08:07 1455109                    /usr/lib/x86_64-linux-gnu/libXdmcp.so.6.0.0
7f43dd146000-7f43dd345000 ---p 00005000 08:07 1455109                    /usr/lib/x86_64-linux-gnu/libXdmcp.so.6.0.0
7f43dd345000-7f43dd346000 r--p 00004000 08:07 1455109                    /usr/lib/x86_64-linux-gnu/libXdmcp.so.6.0.0
7f43dd346000-7f43dd347000 rw-p 00005000 08:07 1455109                    /usr/lib/x86_64-linux-gnu/libXdmcp.so.6.0.0
7f43dd347000-7f43dd349000 r-xp 00000000 08:07 1455098                    /usr/lib/x86_64-linux-gnu/libXau.so.6.0.0
7f43dd349000-7f43dd549000 ---p 00002000 08:07 1455098                    /usr/lib/x86_64-linux-gnu/libXau.so.6.0.0
7f43dd549000-7f43dd54a000 r--p 00002000 08:07 1455098                    /usr/lib/x86_64-linux-gnu/libXau.so.6.0.0
7f43dd54a000-7f43dd54b000 rw-p 00003000 08:07 1455098                    /usr/lib/x86_64-linux-gnu/libXau.so.6.0.0
7f43dd54b000-7f43dd571000 r-xp 00000000 08:07 1456345                    /usr/lib/x86_64-linux-gnu/libxcb.so.1.1.0
7f43dd571000-7f43dd770000 ---p 00026000 08:07 1456345                    /usr/lib/x86_64-linux-gnu/libxcb.so.1.1.0
7f43dd770000-7f43dd771000 r--p 00025000 08:07 1456345                    /usr/lib/x86_64-linux-gnu/libxcb.so.1.1.0
7f43dd771000-7f43dd772000 rw-p 00026000 08:07 1456345                    /usr/lib/x86_64-linux-gnu/libxcb.so.1.1.0
7f43dd772000-7f43dd781000 r-xp 00000000 08:07 1455121                    /usr/lib/x86_64-linux-gnu/libXi.so.6.1.0
7f43dd781000-7f43dd980000 ---p 0000f000 08:07 1455121                    /usr/lib/x86_64-linux-gnu/libXi.so.6.1.0
7f43dd980000-7f43dd981000 r--p 0000e000 08:07 1455121                    /usr/lib/x86_64-linux-gnu/libXi.so.6.1.0
7f43dd981000-7f43dd982000 rw-p 0000f000 08:07 1455121                    /usr/lib/x86_64-linux-gnu/libXi.so.6.1.0
7f43dd982000-7f43dd987000 r-xp 00000000 08:07 1455139                    /usr/lib/x86_64-linux-gnu/libXtst.so.6.1.0
7f43dd987000-7f43ddb86000 ---p 00005000 08:07 1455139                    /usr/lib/x86_64-linux-gnu/libXtst.so.6.1.0
7f43ddb86000-7f43ddb87000 r--p 00004000 08:07 1455139                    /usr/lib/x86_64-linux-gnu/libXtst.so.6.1.0
7f43ddb87000-7f43ddb88000 rw-p 00005000 08:07 1455139                    /usr/lib/x86_64-linux-gnu/libXtst.so.6.1.0
7f43ddb88000-7f43ddb91000 r-xp 00000000 08:07 1455133                    /usr/lib/x86_64-linux-gnu/libXrender.so.1.3.0
7f43ddb91000-7f43ddd90000 ---p 00009000 08:07 1455133                    /usr/lib/x86_64-linux-gnu/libXrender.so.1.3.0
7f43ddd90000-7f43ddd91000 r--p 00008000 08:07 1455133                    /usr/lib/x86_64-linux-gnu/libXrender.so.1.3.0
7f43ddd91000-7f43ddd92000 rw-p 00009000 08:07 1455133                    /usr/lib/x86_64-linux-gnu/libXrender.so.1.3.0
7f43ddd92000-7f43ddec6000 r-xp 00000000 08:07 1455094                    /usr/lib/x86_64-linux-gnu/libX11.so.6.3.0
7f43ddec6000-7f43de0c6000 ---p 00134000 08:07 1455094                    /usr/lib/x86_64-linux-gnu/libX11.so.6.3.0
7f43de0c6000-7f43de0c7000 r--p 00134000 08:07 1455094                    /usr/lib/x86_64-linux-gnu/libX11.so.6.3.0
7f43de0c7000-7f43de0cb000 rw-p 00135000 08:07 1455094                    /usr/lib/x86_64-linux-gnu/libX11.so.6.3.0
7f43de0cb000-7f43de0dc000 r-xp 00000000 08:07 1455111                    /usr/lib/x86_64-linux-gnu/libXext.so.6.4.0
7f43de0dc000-7f43de2db000 ---p 00011000 08:07 1455111                    /usr/lib/x86_64-linux-gnu/libXext.so.6.4.0
7f43de2db000-7f43de2dc000 r--p 00010000 08:07 1455111                    /usr/lib/x86_64-linux-gnu/libXext.so.6.4.0
7f43de2dc000-7f43de2dd000 rw-p 00011000 08:07 1455111                    /usr/lib/x86_64-linux-gnu/libXext.so.6.4.0
7f43de2dd000-7f43de2de000 r--s 00000000 08:07 1589620                    /var/cache/fontconfig/0c9eb80ebd1c36541ebe2852d3bb0c49-le64.cache-6
7f43de2de000-7f43de2df000 r--s 00000000 08:07 1589627                    /var/cache/fontconfig/22368d551a680bfe5a62c02760edf4ea-le64.cache-6
7f43de2df000-7f43de2e0000 r--s 00000000 08:07 1589641                    /var/cache/fontconfig/4d9c95eba1cb85bbcf2878543262124a-le64.cache-6
7f43de2e0000-7f43de2f3000 r--s 00346000 08:07 1467002                    /usr/lib/jvm/java-8-openjdk-amd64/jre/lib/resources.jar
7f43de2f3000-7f43de347000 r-xp 00000000 08:07 1466932                    /usr/lib/jvm/java-8-openjdk-amd64/jre/lib/amd64/libawt_xawt.so
7f43de347000-7f43de546000 ---p 00054000 08:07 1466932                    /usr/lib/jvm/java-8-openjdk-amd64/jre/lib/amd64/libawt_xawt.so
7f43de546000-7f43de547000 r--p 00053000 08:07 1466932                    /usr/lib/jvm/java-8-openjdk-amd64/jre/lib/amd64/libawt_xawt.so
7f43de547000-7f43de54a000 rw-p 00054000 08:07 1466932                    /usr/lib/jvm/java-8-openjdk-amd64/jre/lib/amd64/libawt_xawt.so
7f43de54a000-7f43de54b000 rw-p 00000000 00:00 0 
7f43de54b000-7f43de5eb000 r-xp 00000000 08:07 1466930                    /usr/lib/jvm/java-8-openjdk-amd64/jre/lib/amd64/libawt.so
7f43de5eb000-7f43de7ea000 ---p 000a0000 08:07 1466930                    /usr/lib/jvm/java-8-openjdk-amd64/jre/lib/amd64/libawt.so
7f43de7ea000-7f43de7eb000 r--p 0009f000 08:07 1466930                    /usr/lib/jvm/java-8-openjdk-amd64/jre/lib/amd64/libawt.so
7f43de7eb000-7f43de7f6000 rw-p 000a0000 08:07 1466930                    /usr/lib/jvm/java-8-openjdk-amd64/jre/lib/amd64/libawt.so
7f43de7f6000-7f43de81b000 rw-p 00000000 00:00 0 
7f43de81b000-7f43de820000 r--s 002f9000 08:07 1466964                    /usr/lib/jvm/java-8-openjdk-amd64/jre/lib/charsets.jar
7f43de820000-7f43de83d000 r--s 00131000 08:07 284395                     /home/sbaba2220/netbeans-8.2/java/modules/ext/eclipselink/org.eclipse.persistence.jpa.jpql_2.5.2.v20140319-9ad6abd.jar
7f43de83d000-7f43de8b9000 r--s 0079b000 08:07 284957                     /home/sbaba2220/netbeans-8.2/java/modules/ext/eclipselink/eclipselink.jar
7f43de8b9000-7f43de8d4000 r--s 00394000 08:07 1466974                    /usr/lib/jvm/java-8-openjdk-amd64/jre/lib/ext/cldrdata.jar
7f43de8d4000-7f43de8ef000 r--s 001d6000 08:07 1466979                    /usr/lib/jvm/java-8-openjdk-amd64/jre/lib/ext/nashorn.jar
7f43de8ef000-7f43de8f0000 ---p 00000000 00:00 0 
7f43de8f0000-7f43de9f0000 rw-p 00000000 00:00 0 
7f43de9f0000-7f43de9f3000 ---p 00000000 00:00 0 
7f43de9f3000-7f43deaf1000 rw-p 00000000 00:00 0 
7f43deaf1000-7f43deaf4000 ---p 00000000 00:00 0 
7f43deaf4000-7f43debf2000 rw-p 00000000 00:00 0 
7f43debf2000-7f43debf5000 ---p 00000000 00:00 0 
7f43debf5000-7f43decf3000 rw-p 00000000 00:00 0 
7f43decf3000-7f43decf6000 ---p 00000000 00:00 0 
7f43decf6000-7f43dedf4000 rw-p 00000000 00:00 0 
7f43dedf4000-7f43dedf7000 ---p 00000000 00:00 0 
7f43dedf7000-7f43deef5000 rw-p 00000000 00:00 0 
7f43deef5000-7f43df1d1000 r--p 00000000 08:07 1445975                    /usr/lib/locale/locale-archive
7f43df1d1000-7f43df1d4000 ---p 00000000 00:00 0 
7f43df1d4000-7f43df2d2000 rw-p 00000000 00:00 0 
7f43df2d2000-7f43df2d5000 ---p 00000000 00:00 0 
7f43df2d5000-7f43df3d3000 rw-p 00000000 00:00 0 
7f43df3d3000-7f43df3d4000 ---p 00000000 00:00 0 
7f43df3d4000-7f43e0000000 rw-p 00000000 00:00 0 
7f43e0000000-7f43e0021000 rw-p 00000000 00:00 0 
7f43e0021000-7f43e4000000 ---p 00000000 00:00 0 
7f43e4000000-7f43e4021000 rw-p 00000000 00:00 0 
7f43e4021000-7f43e8000000 ---p 00000000 00:00 0 
7f43e8000000-7f43e8021000 rw-p 00000000 00:00 0 
7f43e8021000-7f43ec000000 ---p 00000000 00:00 0 
7f43ec000000-7f43ec001000 r--s 00000000 08:07 1589657                    /var/cache/fontconfig/85e0a52ce643a7ba2ae53e5d6949cead-le64.cache-6
7f43ec001000-7f43ec002000 r--s 00000000 08:07 1589638                    /var/cache/fontconfig/49f0de54bdd920fe4f0dfd4cbac43e6b-le64.cache-6
7f43ec002000-7f43ec009000 r--s 00094000 08:07 1861524                    /home/sbaba2220/netbeans-8.2/java/modules/ext/beansbinding-1.2.1.jar
7f43ec009000-7f43ec011000 r--s 000c4000 08:07 933000                     /home/sbaba2220/netbeans-8.2/ide/modules/ext/mysql-connector-java-5.1.23-bin.jar
7f43ec011000-7f43ec484000 rw-p 00000000 00:00 0 
7f43ec484000-7f43ec653000 r--s 03c21000 08:07 1467003                    /usr/lib/jvm/java-8-openjdk-amd64/jre/lib/rt.jar
7f43ec653000-7f43f1000000 rw-p 00000000 00:00 0 
7f43f1000000-7f43f1500000 rwxp 00000000 00:00 0 
7f43f1500000-7f4400000000 ---p 00000000 00:00 0 
7f4400000000-7f4400352000 rw-p 00000000 00:00 0 
7f4400352000-7f4404000000 ---p 00000000 00:00 0 
7f4404000000-7f4404001000 r--s 00000000 08:07 1589684                    /var/cache/fontconfig/f6e6e0a5c3d2f6ae0c0c2e0ecd42a997-le64.cache-6
7f4404001000-7f44040b9000 rw-p 00000000 00:00 0 
7f44040b9000-7f44040ba000 ---p 00000000 00:00 0 
7f44040ba000-7f44041ba000 rw-p 00000000 00:00 0 
7f44041ba000-7f44041bb000 ---p 00000000 00:00 0 
7f44041bb000-7f44042bb000 rw-p 00000000 00:00 0 
7f44042bb000-7f44042bc000 ---p 00000000 00:00 0 
7f44042bc000-7f44043bc000 rw-p 00000000 00:00 0 
7f44043bc000-7f44043bd000 ---p 00000000 00:00 0 
7f44043bd000-7f44044d4000 rw-p 00000000 00:00 0 
7f44044d4000-7f4404751000 ---p 00000000 00:00 0 
7f4404751000-7f4404768000 rw-p 00000000 00:00 0 
7f4404768000-7f44049e4000 ---p 00000000 00:00 0 
7f44049e4000-7f4404a09000 rw-p 00000000 00:00 0 
7f4404a09000-7f4404b2e000 ---p 00000000 00:00 0 
7f4404b2e000-7f4404b43000 rw-p 00000000 00:00 0 
7f4404b43000-7f4404eef000 ---p 00000000 00:00 0 
7f4404eef000-7f4404ef7000 r-xp 00000000 08:07 1466960                    /usr/lib/jvm/java-8-openjdk-amd64/jre/lib/amd64/libzip.so
7f4404ef7000-7f44050f6000 ---p 00008000 08:07 1466960                    /usr/lib/jvm/java-8-openjdk-amd64/jre/lib/amd64/libzip.so
7f44050f6000-7f44050f7000 r--p 00007000 08:07 1466960                    /usr/lib/jvm/java-8-openjdk-amd64/jre/lib/amd64/libzip.so
7f44050f7000-7f44050f8000 rw-p 00008000 08:07 1466960                    /usr/lib/jvm/java-8-openjdk-amd64/jre/lib/amd64/libzip.so
7f44050f8000-7f4405103000 r-xp 00000000 08:07 788061                     /lib/x86_64-linux-gnu/libnss_files-2.26.so
7f4405103000-7f4405302000 ---p 0000b000 08:07 788061                     /lib/x86_64-linux-gnu/libnss_files-2.26.so
7f4405302000-7f4405303000 r--p 0000a000 08:07 788061                     /lib/x86_64-linux-gnu/libnss_files-2.26.so
7f4405303000-7f4405304000 rw-p 0000b000 08:07 788061                     /lib/x86_64-linux-gnu/libnss_files-2.26.so
7f4405304000-7f440530a000 rw-p 00000000 00:00 0 
7f440530a000-7f4405315000 r-xp 00000000 08:07 788063                     /lib/x86_64-linux-gnu/libnss_nis-2.26.so
7f4405315000-7f4405514000 ---p 0000b000 08:07 788063                     /lib/x86_64-linux-gnu/libnss_nis-2.26.so
7f4405514000-7f4405515000 r--p 0000a000 08:07 788063                     /lib/x86_64-linux-gnu/libnss_nis-2.26.so
7f4405515000-7f4405516000 rw-p 0000b000 08:07 788063                     /lib/x86_64-linux-gnu/libnss_nis-2.26.so
7f4405516000-7f440552d000 r-xp 00000000 08:07 788058                     /lib/x86_64-linux-gnu/libnsl-2.26.so
7f440552d000-7f440572c000 ---p 00017000 08:07 788058                     /lib/x86_64-linux-gnu/libnsl-2.26.so
7f440572c000-7f440572d000 r--p 00016000 08:07 788058                     /lib/x86_64-linux-gnu/libnsl-2.26.so
7f440572d000-7f440572e000 rw-p 00017000 08:07 788058                     /lib/x86_64-linux-gnu/libnsl-2.26.so
7f440572e000-7f4405730000 rw-p 00000000 00:00 0 
7f4405730000-7f4405738000 r-xp 00000000 08:07 788059                     /lib/x86_64-linux-gnu/libnss_compat-2.26.so
7f4405738000-7f4405937000 ---p 00008000 08:07 788059                     /lib/x86_64-linux-gnu/libnss_compat-2.26.so
7f4405937000-7f4405938000 r--p 00007000 08:07 788059                     /lib/x86_64-linux-gnu/libnss_compat-2.26.so
7f4405938000-7f4405939000 rw-p 00008000 08:07 788059                     /lib/x86_64-linux-gnu/libnss_compat-2.26.so
7f4405939000-7f4405966000 r-xp 00000000 08:07 1466941                    /usr/lib/jvm/java-8-openjdk-amd64/jre/lib/amd64/libjava.so
7f4405966000-7f4405b66000 ---p 0002d000 08:07 1466941                    /usr/lib/jvm/java-8-openjdk-amd64/jre/lib/amd64/libjava.so
7f4405b66000-7f4405b67000 r--p 0002d000 08:07 1466941                    /usr/lib/jvm/java-8-openjdk-amd64/jre/lib/amd64/libjava.so
7f4405b67000-7f4405b69000 rw-p 0002e000 08:07 1466941                    /usr/lib/jvm/java-8-openjdk-amd64/jre/lib/amd64/libjava.so
7f4405b69000-7f4405b79000 r-xp 00000000 08:07 1466959                    /usr/lib/jvm/java-8-openjdk-amd64/jre/lib/amd64/libverify.so
7f4405b79000-7f4405d78000 ---p 00010000 08:07 1466959                    /usr/lib/jvm/java-8-openjdk-amd64/jre/lib/amd64/libverify.so
7f4405d78000-7f4405d7a000 r--p 0000f000 08:07 1466959                    /usr/lib/jvm/java-8-openjdk-amd64/jre/lib/amd64/libverify.so
7f4405d7a000-7f4405d7b000 rw-p 00011000 08:07 1466959                    /usr/lib/jvm/java-8-openjdk-amd64/jre/lib/amd64/libverify.so
7f4405d7b000-7f4405d82000 r-xp 00000000 08:07 793105                     /lib/x86_64-linux-gnu/librt-2.26.so
7f4405d82000-7f4405f81000 ---p 00007000 08:07 793105                     /lib/x86_64-linux-gnu/librt-2.26.so
7f4405f81000-7f4405f82000 r--p 00006000 08:07 793105                     /lib/x86_64-linux-gnu/librt-2.26.so
7f4405f82000-7f4405f83000 rw-p 00007000 08:07 793105                     /lib/x86_64-linux-gnu/librt-2.26.so
7f4405f83000-7f4405f99000 r-xp 00000000 08:07 803803                     /lib/x86_64-linux-gnu/libgcc_s.so.1
7f4405f99000-7f4406198000 ---p 00016000 08:07 803803                     /lib/x86_64-linux-gnu/libgcc_s.so.1
7f4406198000-7f4406199000 r--p 00015000 08:07 803803                     /lib/x86_64-linux-gnu/libgcc_s.so.1
7f4406199000-7f440619a000 rw-p 00016000 08:07 803803                     /lib/x86_64-linux-gnu/libgcc_s.so.1
7f440619a000-7f44062ef000 r-xp 00000000 08:07 788055                     /lib/x86_64-linux-gnu/libm-2.26.so
7f44062ef000-7f44064ee000 ---p 00155000 08:07 788055                     /lib/x86_64-linux-gnu/libm-2.26.so
7f44064ee000-7f44064ef000 r--p 00154000 08:07 788055                     /lib/x86_64-linux-gnu/libm-2.26.so
7f44064ef000-7f44064f0000 rw-p 00155000 08:07 788055                     /lib/x86_64-linux-gnu/libm-2.26.so
7f44064f0000-7f4406668000 r-xp 00000000 08:07 1448012                    /usr/lib/x86_64-linux-gnu/libstdc++.so.6.0.24
7f4406668000-7f4406867000 ---p 00178000 08:07 1448012                    /usr/lib/x86_64-linux-gnu/libstdc++.so.6.0.24
7f4406867000-7f4406871000 r--p 00177000 08:07 1448012                    /usr/lib/x86_64-linux-gnu/libstdc++.so.6.0.24
7f4406871000-7f4406873000 rw-p 00181000 08:07 1448012                    /usr/lib/x86_64-linux-gnu/libstdc++.so.6.0.24
7f4406873000-7f4406876000 rw-p 00000000 00:00 0 
7f4406876000-7f4407500000 r-xp 00000000 08:07 1466963                    /usr/lib/jvm/java-8-openjdk-amd64/jre/lib/amd64/server/libjvm.so
7f4407500000-7f4407700000 ---p 00c8a000 08:07 1466963                    /usr/lib/jvm/java-8-openjdk-amd64/jre/lib/amd64/server/libjvm.so
7f4407700000-7f4407793000 r--p 00c8a000 08:07 1466963                    /usr/lib/jvm/java-8-openjdk-amd64/jre/lib/amd64/server/libjvm.so
7f4407793000-7f44077bb000 rw-p 00d1d000 08:07 1466963                    /usr/lib/jvm/java-8-openjdk-amd64/jre/lib/amd64/server/libjvm.so
7f44077bb000-7f44077ec000 rw-p 00000000 00:00 0 
7f44077ec000-7f4407806000 r-xp 00000000 08:07 788066                     /lib/x86_64-linux-gnu/libpthread-2.26.so
7f4407806000-7f4407a05000 ---p 0001a000 08:07 788066                     /lib/x86_64-linux-gnu/libpthread-2.26.so
7f4407a05000-7f4407a06000 r--p 00019000 08:07 788066                     /lib/x86_64-linux-gnu/libpthread-2.26.so
7f4407a06000-7f4407a07000 rw-p 0001a000 08:07 788066                     /lib/x86_64-linux-gnu/libpthread-2.26.so
7f4407a07000-7f4407a0b000 rw-p 00000000 00:00 0 
7f4407a0b000-7f4407a0e000 r-xp 00000000 08:07 788054                     /lib/x86_64-linux-gnu/libdl-2.26.so
7f4407a0e000-7f4407c0d000 ---p 00003000 08:07 788054                     /lib/x86_64-linux-gnu/libdl-2.26.so
7f4407c0d000-7f4407c0e000 r--p 00002000 08:07 788054                     /lib/x86_64-linux-gnu/libdl-2.26.so
7f4407c0e000-7f4407c0f000 rw-p 00003000 08:07 788054                     /lib/x86_64-linux-gnu/libdl-2.26.so
7f4407c0f000-7f4407c2b000 r-xp 00000000 08:07 793731                     /lib/x86_64-linux-gnu/libz.so.1.2.11
7f4407c2b000-7f4407e2a000 ---p 0001c000 08:07 793731                     /lib/x86_64-linux-gnu/libz.so.1.2.11
7f4407e2a000-7f4407e2b000 r--p 0001b000 08:07 793731                     /lib/x86_64-linux-gnu/libz.so.1.2.11
7f4407e2b000-7f4407e2c000 rw-p 0001c000 08:07 793731                     /lib/x86_64-linux-gnu/libz.so.1.2.11
7f4407e2c000-7f4408002000 r-xp 00000000 08:07 788051                     /lib/x86_64-linux-gnu/libc-2.26.so
7f4408002000-7f4408202000 ---p 001d6000 08:07 788051                     /lib/x86_64-linux-gnu/libc-2.26.so
7f4408202000-7f4408206000 r--p 001d6000 08:07 788051                     /lib/x86_64-linux-gnu/libc-2.26.so
7f4408206000-7f4408208000 rw-p 001da000 08:07 788051                     /lib/x86_64-linux-gnu/libc-2.26.so
7f4408208000-7f440820c000 rw-p 00000000 00:00 0 
7f440820c000-7f440821a000 r-xp 00000000 08:07 1466927                    /usr/lib/jvm/java-8-openjdk-amd64/jre/lib/amd64/jli/libjli.so
7f440821a000-7f4408419000 ---p 0000e000 08:07 1466927                    /usr/lib/jvm/java-8-openjdk-amd64/jre/lib/amd64/jli/libjli.so
7f4408419000-7f440841a000 r--p 0000d000 08:07 1466927                    /usr/lib/jvm/java-8-openjdk-amd64/jre/lib/amd64/jli/libjli.so
7f440841a000-7f440841b000 rw-p 0000e000 08:07 1466927                    /usr/lib/jvm/java-8-openjdk-amd64/jre/lib/amd64/jli/libjli.so
7f440841b000-7f4408442000 r-xp 00000000 08:07 787974                     /lib/x86_64-linux-gnu/ld-2.26.so
7f4408442000-7f4408443000 r--s 00000000 08:07 1589639                    /var/cache/fontconfig/4b2eda6bb976bda485cb2176619421d5-le64.cache-6
7f4408443000-7f4408449000 r--s 00023000 08:07 284468                     /home/sbaba2220/netbeans-8.2/java/modules/ext/eclipselink/javax.persistence_2.1.0.v201304241213.jar
7f4408449000-7f440844f000 r--s 0003a000 08:07 1466981                    /usr/lib/jvm/java-8-openjdk-amd64/jre/lib/ext/sunjce_provider.jar
7f440844f000-7f4408451000 r--s 00008000 08:07 1466980                    /usr/lib/jvm/java-8-openjdk-amd64/jre/lib/ext/sunec.jar
7f4408451000-7f4408453000 r--s 00001000 08:07 1466975                    /usr/lib/jvm/java-8-openjdk-amd64/jre/lib/ext/dnsns.jar
7f4408453000-7f4408455000 r--s 00007000 08:07 1722770                    /usr/share/java/java-atk-wrapper.jar
7f4408455000-7f4408459000 r--s 00037000 08:07 1466982                    /usr/lib/jvm/java-8-openjdk-amd64/jre/lib/ext/sunpkcs11.jar
7f4408459000-7f440845c000 r--s 0000f000 08:07 1466976                    /usr/lib/jvm/java-8-openjdk-amd64/jre/lib/ext/icedtea-sound.jar
7f440845c000-7f4408527000 rw-p 00000000 00:00 0 
7f4408527000-7f440852a000 ---p 00000000 00:00 0 
7f440852a000-7f440862a000 rw-p 00000000 00:00 0 
7f440862a000-7f440862b000 r--s 00010000 08:07 1466983                    /usr/lib/jvm/java-8-openjdk-amd64/jre/lib/ext/zipfs.jar
7f440862b000-7f440862c000 r--s 0000a000 08:07 1466977                    /usr/lib/jvm/java-8-openjdk-amd64/jre/lib/ext/jaccess.jar
7f440862c000-7f4408636000 r--s 00116000 08:07 1466978                    /usr/lib/jvm/java-8-openjdk-amd64/jre/lib/ext/localedata.jar
7f4408636000-7f440863e000 rw-s 00000000 08:07 144316                     /tmp/hsperfdata_sbaba2220/3923
7f440863e000-7f440863f000 rw-p 00000000 00:00 0 
7f440863f000-7f4408640000 r--p 00000000 00:00 0 
7f4408640000-7f4408642000 rw-p 00000000 00:00 0 
7f4408642000-7f4408643000 r--p 00027000 08:07 787974                     /lib/x86_64-linux-gnu/ld-2.26.so
7f4408643000-7f4408644000 rw-p 00028000 08:07 787974                     /lib/x86_64-linux-gnu/ld-2.26.so
7f4408644000-7f4408645000 rw-p 00000000 00:00 0 
7ffe4ae2a000-7ffe4ae4b000 rw-p 00000000 00:00 0                          [stack]
7ffe4af42000-7ffe4af45000 r--p 00000000 00:00 0                          [vvar]
7ffe4af45000-7ffe4af47000 r-xp 00000000 00:00 0                          [vdso]
ffffffffff600000-ffffffffff601000 r-xp 00000000 00:00 0                  [vsyscall]

VM Arguments:
jvm_args: -Dfile.encoding=UTF-8 
java_command: javaapplication1.JavaApplication1
java_class_path (initial): /home/sbaba2220/netbeans-8.2/ide/modules/ext/mysql-connector-java-5.1.23-bin.jar:/home/sbaba2220/netbeans-8.2/java/modules/ext/eclipselink/eclipselink.jar:/home/sbaba2220/netbeans-8.2/java/modules/ext/eclipselink/javax.persistence_2.1.0.v201304241213.jar:/home/sbaba2220/netbeans-8.2/java/modules/ext/eclipselink/org.eclipse.persistence.jpa.jpql_2.5.2.v20140319-9ad6abd.jar:/home/sbaba2220/netbeans-8.2/java/modules/ext/beansbinding-1.2.1.jar:/home/sbaba2220/NetBeansProjects/JavaApplication1/build/classes
Launcher Type: SUN_STANDARD

Environment Variables:
PATH=/usr/local/sbin:/usr/local/bin:/usr/sbin:/usr/bin:/sbin:/bin:/usr/games:/usr/local/games:/snap/bin
USERNAME=sbaba2220
LD_LIBRARY_PATH=/usr/lib/jvm/java-1.8.0-openjdk-amd64/jre/lib/amd64:/usr/lib/jvm/java-1.8.0-openjdk-amd64/jre/lib/i386:
SHELL=/bin/bash
DISPLAY=:0

Signal Handlers:
SIGSEGV: [libjvm.so+0xaa6ae0], sa_mask[0]=11111111011111111101111111111110, sa_flags=SA_RESTART|SA_SIGINFO
SIGBUS: [libjvm.so+0xaa6ae0], sa_mask[0]=11111111011111111101111111111110, sa_flags=SA_RESTART|SA_SIGINFO
SIGFPE: [libjvm.so+0x8ddf00], sa_mask[0]=11111111011111111101111111111110, sa_flags=SA_RESTART|SA_SIGINFO
SIGPIPE: [libjvm.so+0x8ddf00], sa_mask[0]=11111111011111111101111111111110, sa_flags=SA_RESTART|SA_SIGINFO
SIGXFSZ: [libjvm.so+0x8ddf00], sa_mask[0]=11111111011111111101111111111110, sa_flags=SA_RESTART|SA_SIGINFO
SIGILL: [libjvm.so+0x8ddf00], sa_mask[0]=11111111011111111101111111111110, sa_flags=SA_RESTART|SA_SIGINFO
SIGUSR1: SIG_DFL, sa_mask[0]=00000000000000000000000000000000, sa_flags=none
SIGUSR2: [libjvm.so+0x8dddb0], sa_mask[0]=00100000000000000000000000000000, sa_flags=SA_RESTART|SA_SIGINFO
SIGHUP: [libjvm.so+0x8de260], sa_mask[0]=11111111011111111101111111111110, sa_flags=SA_RESTART|SA_SIGINFO
SIGINT: SIG_IGN, sa_mask[0]=00000000000000000000000000000000, sa_flags=none
SIGTERM: [libjvm.so+0x8de260], sa_mask[0]=11111111011111111101111111111110, sa_flags=SA_RESTART|SA_SIGINFO
SIGQUIT: [libjvm.so+0x8de260], sa_mask[0]=11111111011111111101111111111110, sa_flags=SA_RESTART|SA_SIGINFO


---------------  S Y S T E M  ---------------

OS:DISTRIB_ID=Ubuntu
DISTRIB_RELEASE=17.10
DISTRIB_CODENAME=artful
DISTRIB_DESCRIPTION="Ubuntu 17.10"

uname:Linux 4.13.0-37-generic #42-Ubuntu SMP Wed Mar 7 14:13:23 UTC 2018 x86_64
libc:glibc 2.26 NPTL 2.26 
rlimit: STACK 8192k, CORE 0k, NPROC 31203, NOFILE 1048576, AS infinity
load average:0.01 0.10 0.37

/proc/meminfo:
MemTotal:        8098500 kB
MemFree:         3997532 kB
MemAvailable:    5865500 kB
Buffers:          207152 kB
Cached:          2126916 kB
SwapCached:            0 kB
Active:          2284904 kB
Inactive:        1500108 kB
Active(anon):    1318980 kB
Inactive(anon):   449780 kB
Active(file):     965924 kB
Inactive(file):  1050328 kB
Unevictable:          32 kB
Mlocked:              32 kB
SwapTotal:       1520880 kB
SwapFree:        1520880 kB
Dirty:               124 kB
Writeback:             0 kB
AnonPages:       1445844 kB
Mapped:           420384 kB
Shmem:            460492 kB
Slab:             206972 kB
SReclaimable:     150260 kB
SUnreclaim:        56712 kB
KernelStack:        6940 kB
PageTables:        40760 kB
NFS_Unstable:          0 kB
Bounce:                0 kB
WritebackTmp:          0 kB
CommitLimit:     5570128 kB
Committed_AS:    6315080 kB
VmallocTotal:   34359738367 kB
VmallocUsed:           0 kB
VmallocChunk:          0 kB
HardwareCorrupted:     0 kB
AnonHugePages:      2048 kB
ShmemHugePages:        0 kB
ShmemPmdMapped:        0 kB
CmaTotal:              0 kB
CmaFree:               0 kB
HugePages_Total:       0
HugePages_Free:        0
HugePages_Rsvd:        0
HugePages_Surp:        0
Hugepagesize:       2048 kB
DirectMap4k:      155968 kB
DirectMap2M:     7114752 kB
DirectMap1G:     2097152 kB


CPU:total 4 (initial active 4) (2 cores per cpu, 2 threads per core) family 6 model 69 stepping 1, cmov, cx8, fxsr, mmx, sse, sse2, sse3, ssse3, sse4.1, sse4.2, popcnt, avx, avx2, aes, clmul, erms, lzcnt, ht, tsc, tscinvbit, bmi1, bmi2

/proc/cpuinfo:
processor	: 0
vendor_id	: GenuineIntel
cpu family	: 6
model		: 69
model name	: Intel(R) Core(TM) i5-4210U CPU @ 1.70GHz
stepping	: 1
microcode	: 0x17
cpu MHz		: 2394.440
cache size	: 3072 KB
physical id	: 0
siblings	: 4
core id		: 0
cpu cores	: 2
apicid		: 0
initial apicid	: 0
fpu		: yes
fpu_exception	: yes
cpuid level	: 13
wp		: yes
flags		: fpu vme de pse tsc msr pae mce cx8 apic sep mtrr pge mca cmov pat pse36 clflush dts acpi mmx fxsr sse sse2 ss ht tm pbe syscall nx pdpe1gb rdtscp lm constant_tsc arch_perfmon pebs bts rep_good nopl xtopology nonstop_tsc cpuid aperfmperf pni pclmulqdq dtes64 monitor ds_cpl vmx est tm2 ssse3 sdbg fma cx16 xtpr pdcm pcid sse4_1 sse4_2 movbe popcnt aes xsave avx f16c rdrand lahf_lm abm cpuid_fault epb invpcid_single pti retpoline tpr_shadow vnmi flexpriority ept vpid fsgsbase tsc_adjust bmi1 avx2 smep bmi2 erms invpcid xsaveopt dtherm ida arat pln pts
bugs		: cpu_meltdown spectre_v1 spectre_v2
bogomips	: 4788.88
clflush size	: 64
cache_alignment	: 64
address sizes	: 39 bits physical, 48 bits virtual
power management:

processor	: 1
vendor_id	: GenuineIntel
cpu family	: 6
model		: 69
model name	: Intel(R) Core(TM) i5-4210U CPU @ 1.70GHz
stepping	: 1
microcode	: 0x17
cpu MHz		: 2394.440
cache size	: 3072 KB
physical id	: 0
siblings	: 4
core id		: 0
cpu cores	: 2
apicid		: 1
initial apicid	: 1
fpu		: yes
fpu_exception	: yes
cpuid level	: 13
wp		: yes
flags		: fpu vme de pse tsc msr pae mce cx8 apic sep mtrr pge mca cmov pat pse36 clflush dts acpi mmx fxsr sse sse2 ss ht tm pbe syscall nx pdpe1gb rdtscp lm constant_tsc arch_perfmon pebs bts rep_good nopl xtopology nonstop_tsc cpuid aperfmperf pni pclmulqdq dtes64 monitor ds_cpl vmx est tm2 ssse3 sdbg fma cx16 xtpr pdcm pcid sse4_1 sse4_2 movbe popcnt aes xsave avx f16c rdrand lahf_lm abm cpuid_fault epb invpcid_single pti retpoline tpr_shadow vnmi flexpriority ept vpid fsgsbase tsc_adjust bmi1 avx2 smep bmi2 erms invpcid xsaveopt dtherm ida arat pln pts
bugs		: cpu_meltdown spectre_v1 spectre_v2
bogomips	: 4788.88
clflush size	: 64
cache_alignment	: 64
address sizes	: 39 bits physical, 48 bits virtual
power management:

processor	: 2
vendor_id	: GenuineIntel
cpu family	: 6
model		: 69
model name	: Intel(R) Core(TM) i5-4210U CPU @ 1.70GHz
stepping	: 1
microcode	: 0x17
cpu MHz		: 2394.440
cache size	: 3072 KB
physical id	: 0
siblings	: 4
core id		: 1
cpu cores	: 2
apicid		: 2
initial apicid	: 2
fpu		: yes
fpu_exception	: yes
cpuid level	: 13
wp		: yes
flags		: fpu vme de pse tsc msr pae mce cx8 apic sep mtrr pge mca cmov pat pse36 clflush dts acpi mmx fxsr sse sse2 ss ht tm pbe syscall nx pdpe1gb rdtscp lm constant_tsc arch_perfmon pebs bts rep_good nopl xtopology nonstop_tsc cpuid aperfmperf pni pclmulqdq dtes64 monitor ds_cpl vmx est tm2 ssse3 sdbg fma cx16 xtpr pdcm pcid sse4_1 sse4_2 movbe popcnt aes xsave avx f16c rdrand lahf_lm abm cpuid_fault epb invpcid_single pti retpoline tpr_shadow vnmi flexpriority ept vpid fsgsbase tsc_adjust bmi1 avx2 smep bmi2 erms invpcid xsaveopt dtherm ida arat pln pts
bugs		: cpu_meltdown spectre_v1 spectre_v2
bogomips	: 4788.88
clflush size	: 64
cache_alignment	: 64
address sizes	: 39 bits physical, 48 bits virtual
power management:

processor	: 3
vendor_id	: GenuineIntel
cpu family	: 6
model		: 69
model name	: Intel(R) Core(TM) i5-4210U CPU @ 1.70GHz
stepping	: 1
microcode	: 0x17
cpu MHz		: 2394.440
cache size	: 3072 KB
physical id	: 0
siblings	: 4
core id		: 1
cpu cores	: 2
apicid		: 3
initial apicid	: 3
fpu		: yes
fpu_exception	: yes
cpuid level	: 13
wp		: yes
flags		: fpu vme de pse tsc msr pae mce cx8 apic sep mtrr pge mca cmov pat pse36 clflush dts acpi mmx fxsr sse sse2 ss ht tm pbe syscall nx pdpe1gb rdtscp lm constant_tsc arch_perfmon pebs bts rep_good nopl xtopology nonstop_tsc cpuid aperfmperf pni pclmulqdq dtes64 monitor ds_cpl vmx est tm2 ssse3 sdbg fma cx16 xtpr pdcm pcid sse4_1 sse4_2 movbe popcnt aes xsave avx f16c rdrand lahf_lm abm cpuid_fault epb invpcid_single pti retpoline tpr_shadow vnmi flexpriority ept vpid fsgsbase tsc_adjust bmi1 avx2 smep bmi2 erms invpcid xsaveopt dtherm ida arat pln pts
bugs		: cpu_meltdown spectre_v1 spectre_v2
bogomips	: 4788.88
clflush size	: 64
cache_alignment	: 64
address sizes	: 39 bits physical, 48 bits virtual
power management:



Memory: 4k page, physical 8098500k(3999424k free), swap 1520880k(1520880k free)

vm_info: OpenJDK 64-Bit Server VM (25.151-b12) for linux-amd64 JRE (1.8.0_151-8u151-b12-0ubuntu0.17.10.2-b12), built on Oct 23 2017 22:43:02 by "buildd" with gcc 7.2.0

time: Fri Mar 30 13:51:08 2018
elapsed time: 19645 seconds (0d 5h 27m 25s)

